CRITICAL - 2023-07-26 06:04:44 --> Undefined variable $allsubcategorias
in APPPATH\Views\admin\inventario\categorias.php on line 372.
 1 APPPATH\Views\admin\inventario\categorias.php(372): CodeIgniter\Debug\Exceptions->errorHandler(2, 'Undefined variable $allsubcategorias', 'APPPATH\\Views\\admin\\inventario\\categorias.php', 372)
 2 SYSTEMPATH\View\View.php(213): include('APPPATH\\Views\\admin\\inventario\\categorias.php')
 3 SYSTEMPATH\View\View.php(216): CodeIgniter\View\View->CodeIgniter\View\{closure}()
 4 SYSTEMPATH\Common.php(1184): CodeIgniter\View\View->render('admin/inventario/categorias', [], true)
 5 APPPATH\Controllers\Admin.php(140): view('admin/inventario/categorias', [...])
 6 SYSTEMPATH\CodeIgniter.php(934): App\Controllers\Admin->categorias()
 7 SYSTEMPATH\CodeIgniter.php(499): CodeIgniter\CodeIgniter->runController(Object(App\Controllers\Admin))
 8 SYSTEMPATH\CodeIgniter.php(368): CodeIgniter\CodeIgniter->handleRequest(null, Object(Config\Cache), false)
 9 FCPATH\index.php(67): CodeIgniter\CodeIgniter->run()
CRITICAL - 2023-07-26 06:05:02 --> Undefined variable $allsubcategorias
in APPPATH\Views\admin\inventario\categorias.php on line 372.
 1 APPPATH\Views\admin\inventario\categorias.php(372): CodeIgniter\Debug\Exceptions->errorHandler(2, 'Undefined variable $allsubcategorias', 'APPPATH\\Views\\admin\\inventario\\categorias.php', 372)
 2 SYSTEMPATH\View\View.php(213): include('APPPATH\\Views\\admin\\inventario\\categorias.php')
 3 SYSTEMPATH\View\View.php(216): CodeIgniter\View\View->CodeIgniter\View\{closure}()
 4 SYSTEMPATH\Common.php(1184): CodeIgniter\View\View->render('admin/inventario/categorias', [], true)
 5 APPPATH\Controllers\Admin.php(140): view('admin/inventario/categorias', [...])
 6 SYSTEMPATH\CodeIgniter.php(934): App\Controllers\Admin->categorias()
 7 SYSTEMPATH\CodeIgniter.php(499): CodeIgniter\CodeIgniter->runController(Object(App\Controllers\Admin))
 8 SYSTEMPATH\CodeIgniter.php(368): CodeIgniter\CodeIgniter->handleRequest(null, Object(Config\Cache), false)
 9 FCPATH\index.php(67): CodeIgniter\CodeIgniter->run()
CRITICAL - 2023-07-26 06:05:03 --> Undefined variable $allsubcategorias
in APPPATH\Views\admin\inventario\categorias.php on line 372.
 1 APPPATH\Views\admin\inventario\categorias.php(372): CodeIgniter\Debug\Exceptions->errorHandler(2, 'Undefined variable $allsubcategorias', 'APPPATH\\Views\\admin\\inventario\\categorias.php', 372)
 2 SYSTEMPATH\View\View.php(213): include('APPPATH\\Views\\admin\\inventario\\categorias.php')
 3 SYSTEMPATH\View\View.php(216): CodeIgniter\View\View->CodeIgniter\View\{closure}()
 4 SYSTEMPATH\Common.php(1184): CodeIgniter\View\View->render('admin/inventario/categorias', [], true)
 5 APPPATH\Controllers\Admin.php(140): view('admin/inventario/categorias', [...])
 6 SYSTEMPATH\CodeIgniter.php(934): App\Controllers\Admin->categorias()
 7 SYSTEMPATH\CodeIgniter.php(499): CodeIgniter\CodeIgniter->runController(Object(App\Controllers\Admin))
 8 SYSTEMPATH\CodeIgniter.php(368): CodeIgniter\CodeIgniter->handleRequest(null, Object(Config\Cache), false)
 9 FCPATH\index.php(67): CodeIgniter\CodeIgniter->run()
CRITICAL - 2023-07-26 07:04:44 --> Undefined variable $allSubcategorias
in APPPATH\Views\admin\inventario\subCategorias.php on line 299.
 1 APPPATH\Views\admin\inventario\subCategorias.php(299): CodeIgniter\Debug\Exceptions->errorHandler(2, 'Undefined variable $allSubcategorias', 'APPPATH\\Views\\admin\\inventario\\subCategorias.php', 299)
 2 SYSTEMPATH\View\View.php(213): include('APPPATH\\Views\\admin\\inventario\\subCategorias.php')
 3 SYSTEMPATH\View\View.php(216): CodeIgniter\View\View->CodeIgniter\View\{closure}()
 4 SYSTEMPATH\Common.php(1184): CodeIgniter\View\View->render('admin/inventario/subCategorias', [], true)
 5 APPPATH\Controllers\Admin.php(154): view('admin/inventario/subCategorias', [...])
 6 SYSTEMPATH\CodeIgniter.php(934): App\Controllers\Admin->subcategorias()
 7 SYSTEMPATH\CodeIgniter.php(499): CodeIgniter\CodeIgniter->runController(Object(App\Controllers\Admin))
 8 SYSTEMPATH\CodeIgniter.php(368): CodeIgniter\CodeIgniter->handleRequest(null, Object(Config\Cache), false)
 9 FCPATH\index.php(67): CodeIgniter\CodeIgniter->run()
CRITICAL - 2023-07-26 07:05:12 --> Undefined variable $allSubcategorias
in APPPATH\Views\admin\inventario\subCategorias.php on line 299.
 1 APPPATH\Views\admin\inventario\subCategorias.php(299): CodeIgniter\Debug\Exceptions->errorHandler(2, 'Undefined variable $allSubcategorias', 'APPPATH\\Views\\admin\\inventario\\subCategorias.php', 299)
 2 SYSTEMPATH\View\View.php(213): include('APPPATH\\Views\\admin\\inventario\\subCategorias.php')
 3 SYSTEMPATH\View\View.php(216): CodeIgniter\View\View->CodeIgniter\View\{closure}()
 4 SYSTEMPATH\Common.php(1184): CodeIgniter\View\View->render('admin/inventario/subCategorias', [], true)
 5 APPPATH\Controllers\Admin.php(154): view('admin/inventario/subCategorias', [...])
 6 SYSTEMPATH\CodeIgniter.php(934): App\Controllers\Admin->subcategorias()
 7 SYSTEMPATH\CodeIgniter.php(499): CodeIgniter\CodeIgniter->runController(Object(App\Controllers\Admin))
 8 SYSTEMPATH\CodeIgniter.php(368): CodeIgniter\CodeIgniter->handleRequest(null, Object(Config\Cache), false)
 9 FCPATH\index.php(67): CodeIgniter\CodeIgniter->run()
CRITICAL - 2023-07-26 07:06:51 --> Undefined variable $allSubcategorias
in APPPATH\Views\admin\inventario\subCategorias.php on line 299.
 1 APPPATH\Views\admin\inventario\subCategorias.php(299): CodeIgniter\Debug\Exceptions->errorHandler(2, 'Undefined variable $allSubcategorias', 'APPPATH\\Views\\admin\\inventario\\subCategorias.php', 299)
 2 SYSTEMPATH\View\View.php(213): include('APPPATH\\Views\\admin\\inventario\\subCategorias.php')
 3 SYSTEMPATH\View\View.php(216): CodeIgniter\View\View->CodeIgniter\View\{closure}()
 4 SYSTEMPATH\Common.php(1184): CodeIgniter\View\View->render('admin/inventario/subCategorias', [], true)
 5 APPPATH\Controllers\Admin.php(154): view('admin/inventario/subCategorias', [...])
 6 SYSTEMPATH\CodeIgniter.php(934): App\Controllers\Admin->subcategorias()
 7 SYSTEMPATH\CodeIgniter.php(499): CodeIgniter\CodeIgniter->runController(Object(App\Controllers\Admin))
 8 SYSTEMPATH\CodeIgniter.php(368): CodeIgniter\CodeIgniter->handleRequest(null, Object(Config\Cache), false)
 9 FCPATH\index.php(67): CodeIgniter\CodeIgniter->run()
CRITICAL - 2023-07-26 07:14:30 --> Undefined variable $allSubcategorias
in APPPATH\Views\admin\inventario\subCategorias.php on line 299.
 1 APPPATH\Views\admin\inventario\subCategorias.php(299): CodeIgniter\Debug\Exceptions->errorHandler(2, 'Undefined variable $allSubcategorias', 'APPPATH\\Views\\admin\\inventario\\subCategorias.php', 299)
 2 SYSTEMPATH\View\View.php(213): include('APPPATH\\Views\\admin\\inventario\\subCategorias.php')
 3 SYSTEMPATH\View\View.php(216): CodeIgniter\View\View->CodeIgniter\View\{closure}()
 4 SYSTEMPATH\Common.php(1184): CodeIgniter\View\View->render('admin/inventario/subCategorias', [], true)
 5 APPPATH\Controllers\Admin.php(154): view('admin/inventario/subCategorias', [...])
 6 SYSTEMPATH\CodeIgniter.php(934): App\Controllers\Admin->subcategorias()
 7 SYSTEMPATH\CodeIgniter.php(499): CodeIgniter\CodeIgniter->runController(Object(App\Controllers\Admin))
 8 SYSTEMPATH\CodeIgniter.php(368): CodeIgniter\CodeIgniter->handleRequest(null, Object(Config\Cache), false)
 9 FCPATH\index.php(67): CodeIgniter\CodeIgniter->run()
CRITICAL - 2023-07-26 12:35:05 --> Undefined variable $allSubcategorias
in APPPATH\Views\admin\inventario\subCategorias.php on line 299.
 1 APPPATH\Views\admin\inventario\subCategorias.php(299): CodeIgniter\Debug\Exceptions->errorHandler(2, 'Undefined variable $allSubcategorias', 'APPPATH\\Views\\admin\\inventario\\subCategorias.php', 299)
 2 SYSTEMPATH\View\View.php(213): include('APPPATH\\Views\\admin\\inventario\\subCategorias.php')
 3 SYSTEMPATH\View\View.php(216): CodeIgniter\View\View->CodeIgniter\View\{closure}()
 4 SYSTEMPATH\Common.php(1184): CodeIgniter\View\View->render('admin/inventario/subCategorias', [], true)
 5 APPPATH\Controllers\Admin.php(154): view('admin/inventario/subCategorias', [...])
 6 SYSTEMPATH\CodeIgniter.php(934): App\Controllers\Admin->subcategorias()
 7 SYSTEMPATH\CodeIgniter.php(499): CodeIgniter\CodeIgniter->runController(Object(App\Controllers\Admin))
 8 SYSTEMPATH\CodeIgniter.php(368): CodeIgniter\CodeIgniter->handleRequest(null, Object(Config\Cache), false)
 9 FCPATH\index.php(67): CodeIgniter\CodeIgniter->run()
CRITICAL - 2023-07-26 20:19:40 --> syntax error, unexpected token "}"
in APPPATH\Controllers\Admin.php on line 482.
 1 SYSTEMPATH\Autoloader\Autoloader.php(289): CodeIgniter\Autoloader\Autoloader->includeFile('APPPATH\\Controllers\\Admin.php')
 2 SYSTEMPATH\Autoloader\Autoloader.php(267): CodeIgniter\Autoloader\Autoloader->loadInNamespace('App\\Controllers\\Admin')
 3 [internal function]: CodeIgniter\Autoloader\Autoloader->loadClass('App\\Controllers\\Admin')
 4 SYSTEMPATH\CodeIgniter.php(892): class_exists('\\App\\Controllers\\Admin', true)
 5 SYSTEMPATH\CodeIgniter.php(486): CodeIgniter\CodeIgniter->startController()
 6 SYSTEMPATH\CodeIgniter.php(368): CodeIgniter\CodeIgniter->handleRequest(null, Object(Config\Cache), false)
 7 FCPATH\index.php(67): CodeIgniter\CodeIgniter->run()
ERROR - 2023-07-26 20:31:26 --> mysqli_sql_exception: Cannot add or update a child row: a foreign key constraint fails (`acuaticos`.`subcategoria_categoria`, CONSTRAINT `fk_subcategoria_has_categoria_subcategoria1` FOREIGN KEY (`subcategoria_codigo`) REFERENCES `subcategoria` (`codigo`) ON DELETE CASCADE ON UPD) in C:\xamp\htdocs\acuaticostoscanini\system\Database\MySQLi\Connection.php:295
Stack trace:
#0 C:\xamp\htdocs\acuaticostoscanini\system\Database\MySQLi\Connection.php(295): mysqli->query('INSERT INTO `su...', 0)
#1 C:\xamp\htdocs\acuaticostoscanini\system\Database\BaseConnection.php(691): CodeIgniter\Database\MySQLi\Connection->execute('INSERT INTO `su...')
#2 C:\xamp\htdocs\acuaticostoscanini\system\Database\BaseConnection.php(605): CodeIgniter\Database\BaseConnection->simpleQuery('INSERT INTO `su...')
#3 C:\xamp\htdocs\acuaticostoscanini\system\Database\BaseBuilder.php(1801): CodeIgniter\Database\BaseConnection->query('INSERT INTO `su...', NULL, false)
#4 C:\xamp\htdocs\acuaticostoscanini\system\Database\BaseBuilder.php(2192): CodeIgniter\Database\BaseBuilder->batchExecute('_insertBatch', 100)
#5 C:\xamp\htdocs\acuaticostoscanini\app\Models\CategoriaModel.php(202): CodeIgniter\Database\BaseBuilder->insertBatch(Array)
#6 C:\xamp\htdocs\acuaticostoscanini\app\Controllers\Admin.php(481): App\Models\CategoriaModel->updateCategoria(Array, 'cat10')
#7 C:\xamp\htdocs\acuaticostoscanini\system\CodeIgniter.php(934): App\Controllers\Admin->updateCategoria()
#8 C:\xamp\htdocs\acuaticostoscanini\system\CodeIgniter.php(499): CodeIgniter\CodeIgniter->runController(Object(App\Controllers\Admin))
#9 C:\xamp\htdocs\acuaticostoscanini\system\CodeIgniter.php(368): CodeIgniter\CodeIgniter->handleRequest(NULL, Object(Config\Cache), false)
#10 C:\xamp\htdocs\acuaticostoscanini\index.php(67): CodeIgniter\CodeIgniter->run()
#11 {main}
CRITICAL - 2023-07-26 20:31:26 --> Cannot add or update a child row: a foreign key constraint fails (`acuaticos`.`subcategoria_categoria`, CONSTRAINT `fk_subcategoria_has_categoria_subcategoria1` FOREIGN KEY (`subcategoria_codigo`) REFERENCES `subcategoria` (`codigo`) ON DELETE CASCADE ON UPD)
in SYSTEMPATH\Database\BaseConnection.php on line 645.
 1 SYSTEMPATH\Database\BaseBuilder.php(1801): CodeIgniter\Database\BaseConnection->query('INSERT INTO `subcategoria_categoria` (`categoria_codigo`, `subcategoria_codigo`)
VALUES (\'cat101\',\'aa12\'), (\'cat101\',\'da3\')', null, false)
 2 SYSTEMPATH\Database\BaseBuilder.php(2192): CodeIgniter\Database\BaseBuilder->batchExecute('_insertBatch', 100)
 3 APPPATH\Models\CategoriaModel.php(202): CodeIgniter\Database\BaseBuilder->insertBatch([...])
 4 APPPATH\Controllers\Admin.php(481): App\Models\CategoriaModel->updateCategoria([...], 'cat10')
 5 SYSTEMPATH\CodeIgniter.php(934): App\Controllers\Admin->updateCategoria()
 6 SYSTEMPATH\CodeIgniter.php(499): CodeIgniter\CodeIgniter->runController(Object(App\Controllers\Admin))
 7 SYSTEMPATH\CodeIgniter.php(368): CodeIgniter\CodeIgniter->handleRequest(null, Object(Config\Cache), false)
 8 FCPATH\index.php(67): CodeIgniter\CodeIgniter->run()
ERROR - 2023-07-26 20:33:26 --> mysqli_sql_exception: Cannot add or update a child row: a foreign key constraint fails (`acuaticos`.`subcategoria_categoria`, CONSTRAINT `fk_subcategoria_has_categoria_subcategoria1` FOREIGN KEY (`subcategoria_codigo`) REFERENCES `subcategoria` (`codigo`) ON DELETE CASCADE ON UPD) in C:\xamp\htdocs\acuaticostoscanini\system\Database\MySQLi\Connection.php:295
Stack trace:
#0 C:\xamp\htdocs\acuaticostoscanini\system\Database\MySQLi\Connection.php(295): mysqli->query('INSERT INTO `su...', 0)
#1 C:\xamp\htdocs\acuaticostoscanini\system\Database\BaseConnection.php(691): CodeIgniter\Database\MySQLi\Connection->execute('INSERT INTO `su...')
#2 C:\xamp\htdocs\acuaticostoscanini\system\Database\BaseConnection.php(605): CodeIgniter\Database\BaseConnection->simpleQuery('INSERT INTO `su...')
#3 C:\xamp\htdocs\acuaticostoscanini\system\Database\BaseBuilder.php(1801): CodeIgniter\Database\BaseConnection->query('INSERT INTO `su...', NULL, false)
#4 C:\xamp\htdocs\acuaticostoscanini\system\Database\BaseBuilder.php(2192): CodeIgniter\Database\BaseBuilder->batchExecute('_insertBatch', 100)
#5 C:\xamp\htdocs\acuaticostoscanini\app\Models\CategoriaModel.php(202): CodeIgniter\Database\BaseBuilder->insertBatch(Array)
#6 C:\xamp\htdocs\acuaticostoscanini\app\Controllers\Admin.php(481): App\Models\CategoriaModel->updateCategoria(Array, 'cat101')
#7 C:\xamp\htdocs\acuaticostoscanini\system\CodeIgniter.php(934): App\Controllers\Admin->updateCategoria()
#8 C:\xamp\htdocs\acuaticostoscanini\system\CodeIgniter.php(499): CodeIgniter\CodeIgniter->runController(Object(App\Controllers\Admin))
#9 C:\xamp\htdocs\acuaticostoscanini\system\CodeIgniter.php(368): CodeIgniter\CodeIgniter->handleRequest(NULL, Object(Config\Cache), false)
#10 C:\xamp\htdocs\acuaticostoscanini\index.php(67): CodeIgniter\CodeIgniter->run()
#11 {main}
CRITICAL - 2023-07-26 20:33:26 --> Cannot add or update a child row: a foreign key constraint fails (`acuaticos`.`subcategoria_categoria`, CONSTRAINT `fk_subcategoria_has_categoria_subcategoria1` FOREIGN KEY (`subcategoria_codigo`) REFERENCES `subcategoria` (`codigo`) ON DELETE CASCADE ON UPD)
in SYSTEMPATH\Database\BaseConnection.php on line 645.
 1 SYSTEMPATH\Database\BaseBuilder.php(1801): CodeIgniter\Database\BaseConnection->query('INSERT INTO `subcategoria_categoria` (`categoria_codigo`, `subcategoria_codigo`)
VALUES (\'cat1011\',\'aa12\')', null, false)
 2 SYSTEMPATH\Database\BaseBuilder.php(2192): CodeIgniter\Database\BaseBuilder->batchExecute('_insertBatch', 100)
 3 APPPATH\Models\CategoriaModel.php(202): CodeIgniter\Database\BaseBuilder->insertBatch([...])
 4 APPPATH\Controllers\Admin.php(481): App\Models\CategoriaModel->updateCategoria([...], 'cat101')
 5 SYSTEMPATH\CodeIgniter.php(934): App\Controllers\Admin->updateCategoria()
 6 SYSTEMPATH\CodeIgniter.php(499): CodeIgniter\CodeIgniter->runController(Object(App\Controllers\Admin))
 7 SYSTEMPATH\CodeIgniter.php(368): CodeIgniter\CodeIgniter->handleRequest(null, Object(Config\Cache), false)
 8 FCPATH\index.php(67): CodeIgniter\CodeIgniter->run()
ERROR - 2023-07-26 20:35:48 --> mysqli_sql_exception: Cannot add or update a child row: a foreign key constraint fails (`acuaticos`.`subcategoria_categoria`, CONSTRAINT `fk_subcategoria_has_categoria_subcategoria1` FOREIGN KEY (`subcategoria_codigo`) REFERENCES `subcategoria` (`codigo`) ON DELETE CASCADE ON UPD) in C:\xamp\htdocs\acuaticostoscanini\system\Database\MySQLi\Connection.php:295
Stack trace:
#0 C:\xamp\htdocs\acuaticostoscanini\system\Database\MySQLi\Connection.php(295): mysqli->query('INSERT INTO `su...', 0)
#1 C:\xamp\htdocs\acuaticostoscanini\system\Database\BaseConnection.php(691): CodeIgniter\Database\MySQLi\Connection->execute('INSERT INTO `su...')
#2 C:\xamp\htdocs\acuaticostoscanini\system\Database\BaseConnection.php(605): CodeIgniter\Database\BaseConnection->simpleQuery('INSERT INTO `su...')
#3 C:\xamp\htdocs\acuaticostoscanini\system\Database\BaseBuilder.php(1801): CodeIgniter\Database\BaseConnection->query('INSERT INTO `su...', NULL, false)
#4 C:\xamp\htdocs\acuaticostoscanini\system\Database\BaseBuilder.php(2192): CodeIgniter\Database\BaseBuilder->batchExecute('_insertBatch', 100)
#5 C:\xamp\htdocs\acuaticostoscanini\app\Models\CategoriaModel.php(202): CodeIgniter\Database\BaseBuilder->insertBatch(Array)
#6 C:\xamp\htdocs\acuaticostoscanini\app\Controllers\Admin.php(481): App\Models\CategoriaModel->updateCategoria(Array, 'cat1011')
#7 C:\xamp\htdocs\acuaticostoscanini\system\CodeIgniter.php(934): App\Controllers\Admin->updateCategoria()
#8 C:\xamp\htdocs\acuaticostoscanini\system\CodeIgniter.php(499): CodeIgniter\CodeIgniter->runController(Object(App\Controllers\Admin))
#9 C:\xamp\htdocs\acuaticostoscanini\system\CodeIgniter.php(368): CodeIgniter\CodeIgniter->handleRequest(NULL, Object(Config\Cache), false)
#10 C:\xamp\htdocs\acuaticostoscanini\index.php(67): CodeIgniter\CodeIgniter->run()
#11 {main}
CRITICAL - 2023-07-26 20:35:48 --> Cannot add or update a child row: a foreign key constraint fails (`acuaticos`.`subcategoria_categoria`, CONSTRAINT `fk_subcategoria_has_categoria_subcategoria1` FOREIGN KEY (`subcategoria_codigo`) REFERENCES `subcategoria` (`codigo`) ON DELETE CASCADE ON UPD)
in SYSTEMPATH\Database\BaseConnection.php on line 645.
 1 SYSTEMPATH\Database\BaseBuilder.php(1801): CodeIgniter\Database\BaseConnection->query('INSERT INTO `subcategoria_categoria` (`categoria_codigo`, `subcategoria_codigo`)
VALUES (\'cat1011\',\'aa12\'), (\'cat1011\',\'dsd2\')', null, false)
 2 SYSTEMPATH\Database\BaseBuilder.php(2192): CodeIgniter\Database\BaseBuilder->batchExecute('_insertBatch', 100)
 3 APPPATH\Models\CategoriaModel.php(202): CodeIgniter\Database\BaseBuilder->insertBatch([...])
 4 APPPATH\Controllers\Admin.php(481): App\Models\CategoriaModel->updateCategoria([...], 'cat1011')
 5 SYSTEMPATH\CodeIgniter.php(934): App\Controllers\Admin->updateCategoria()
 6 SYSTEMPATH\CodeIgniter.php(499): CodeIgniter\CodeIgniter->runController(Object(App\Controllers\Admin))
 7 SYSTEMPATH\CodeIgniter.php(368): CodeIgniter\CodeIgniter->handleRequest(null, Object(Config\Cache), false)
 8 FCPATH\index.php(67): CodeIgniter\CodeIgniter->run()
ERROR - 2023-07-26 20:36:19 --> mysqli_sql_exception: Cannot add or update a child row: a foreign key constraint fails (`acuaticos`.`subcategoria_categoria`, CONSTRAINT `fk_subcategoria_has_categoria_subcategoria1` FOREIGN KEY (`subcategoria_codigo`) REFERENCES `subcategoria` (`codigo`) ON DELETE CASCADE ON UPD) in C:\xamp\htdocs\acuaticostoscanini\system\Database\MySQLi\Connection.php:295
Stack trace:
#0 C:\xamp\htdocs\acuaticostoscanini\system\Database\MySQLi\Connection.php(295): mysqli->query('INSERT INTO `su...', 0)
#1 C:\xamp\htdocs\acuaticostoscanini\system\Database\BaseConnection.php(691): CodeIgniter\Database\MySQLi\Connection->execute('INSERT INTO `su...')
#2 C:\xamp\htdocs\acuaticostoscanini\system\Database\BaseConnection.php(605): CodeIgniter\Database\BaseConnection->simpleQuery('INSERT INTO `su...')
#3 C:\xamp\htdocs\acuaticostoscanini\system\Database\BaseBuilder.php(1801): CodeIgniter\Database\BaseConnection->query('INSERT INTO `su...', NULL, false)
#4 C:\xamp\htdocs\acuaticostoscanini\system\Database\BaseBuilder.php(2192): CodeIgniter\Database\BaseBuilder->batchExecute('_insertBatch', 100)
#5 C:\xamp\htdocs\acuaticostoscanini\app\Models\CategoriaModel.php(202): CodeIgniter\Database\BaseBuilder->insertBatch(Array)
#6 C:\xamp\htdocs\acuaticostoscanini\app\Controllers\Admin.php(481): App\Models\CategoriaModel->updateCategoria(Array, 'cat10111')
#7 C:\xamp\htdocs\acuaticostoscanini\system\CodeIgniter.php(934): App\Controllers\Admin->updateCategoria()
#8 C:\xamp\htdocs\acuaticostoscanini\system\CodeIgniter.php(499): CodeIgniter\CodeIgniter->runController(Object(App\Controllers\Admin))
#9 C:\xamp\htdocs\acuaticostoscanini\system\CodeIgniter.php(368): CodeIgniter\CodeIgniter->handleRequest(NULL, Object(Config\Cache), false)
#10 C:\xamp\htdocs\acuaticostoscanini\index.php(67): CodeIgniter\CodeIgniter->run()
#11 {main}
CRITICAL - 2023-07-26 20:36:19 --> Cannot add or update a child row: a foreign key constraint fails (`acuaticos`.`subcategoria_categoria`, CONSTRAINT `fk_subcategoria_has_categoria_subcategoria1` FOREIGN KEY (`subcategoria_codigo`) REFERENCES `subcategoria` (`codigo`) ON DELETE CASCADE ON UPD)
in SYSTEMPATH\Database\BaseConnection.php on line 645.
 1 SYSTEMPATH\Database\BaseBuilder.php(1801): CodeIgniter\Database\BaseConnection->query('INSERT INTO `subcategoria_categoria` (`categoria_codigo`, `subcategoria_codigo`)
VALUES (\'cat10111\',\'fdss\'), (\'cat10111\',\'kjedscuiu2\')', null, false)
 2 SYSTEMPATH\Database\BaseBuilder.php(2192): CodeIgniter\Database\BaseBuilder->batchExecute('_insertBatch', 100)
 3 APPPATH\Models\CategoriaModel.php(202): CodeIgniter\Database\BaseBuilder->insertBatch([...])
 4 APPPATH\Controllers\Admin.php(481): App\Models\CategoriaModel->updateCategoria([...], 'cat10111')
 5 SYSTEMPATH\CodeIgniter.php(934): App\Controllers\Admin->updateCategoria()
 6 SYSTEMPATH\CodeIgniter.php(499): CodeIgniter\CodeIgniter->runController(Object(App\Controllers\Admin))
 7 SYSTEMPATH\CodeIgniter.php(368): CodeIgniter\CodeIgniter->handleRequest(null, Object(Config\Cache), false)
 8 FCPATH\index.php(67): CodeIgniter\CodeIgniter->run()
ERROR - 2023-07-26 20:36:24 --> mysqli_sql_exception: Cannot add or update a child row: a foreign key constraint fails (`acuaticos`.`subcategoria_categoria`, CONSTRAINT `fk_subcategoria_has_categoria_subcategoria1` FOREIGN KEY (`subcategoria_codigo`) REFERENCES `subcategoria` (`codigo`) ON DELETE CASCADE ON UPD) in C:\xamp\htdocs\acuaticostoscanini\system\Database\MySQLi\Connection.php:295
Stack trace:
#0 C:\xamp\htdocs\acuaticostoscanini\system\Database\MySQLi\Connection.php(295): mysqli->query('INSERT INTO `su...', 0)
#1 C:\xamp\htdocs\acuaticostoscanini\system\Database\BaseConnection.php(691): CodeIgniter\Database\MySQLi\Connection->execute('INSERT INTO `su...')
#2 C:\xamp\htdocs\acuaticostoscanini\system\Database\BaseConnection.php(605): CodeIgniter\Database\BaseConnection->simpleQuery('INSERT INTO `su...')
#3 C:\xamp\htdocs\acuaticostoscanini\system\Database\BaseBuilder.php(1801): CodeIgniter\Database\BaseConnection->query('INSERT INTO `su...', NULL, false)
#4 C:\xamp\htdocs\acuaticostoscanini\system\Database\BaseBuilder.php(2192): CodeIgniter\Database\BaseBuilder->batchExecute('_insertBatch', 100)
#5 C:\xamp\htdocs\acuaticostoscanini\app\Models\CategoriaModel.php(202): CodeIgniter\Database\BaseBuilder->insertBatch(Array)
#6 C:\xamp\htdocs\acuaticostoscanini\app\Controllers\Admin.php(481): App\Models\CategoriaModel->updateCategoria(Array, 'cat10111')
#7 C:\xamp\htdocs\acuaticostoscanini\system\CodeIgniter.php(934): App\Controllers\Admin->updateCategoria()
#8 C:\xamp\htdocs\acuaticostoscanini\system\CodeIgniter.php(499): CodeIgniter\CodeIgniter->runController(Object(App\Controllers\Admin))
#9 C:\xamp\htdocs\acuaticostoscanini\system\CodeIgniter.php(368): CodeIgniter\CodeIgniter->handleRequest(NULL, Object(Config\Cache), false)
#10 C:\xamp\htdocs\acuaticostoscanini\index.php(67): CodeIgniter\CodeIgniter->run()
#11 {main}
CRITICAL - 2023-07-26 20:36:24 --> Cannot add or update a child row: a foreign key constraint fails (`acuaticos`.`subcategoria_categoria`, CONSTRAINT `fk_subcategoria_has_categoria_subcategoria1` FOREIGN KEY (`subcategoria_codigo`) REFERENCES `subcategoria` (`codigo`) ON DELETE CASCADE ON UPD)
in SYSTEMPATH\Database\BaseConnection.php on line 645.
 1 SYSTEMPATH\Database\BaseBuilder.php(1801): CodeIgniter\Database\BaseConnection->query('INSERT INTO `subcategoria_categoria` (`categoria_codigo`, `subcategoria_codigo`)
VALUES (\'cat10111\',\'fdss\'), (\'cat10111\',\'kjedscuiu2\')', null, false)
 2 SYSTEMPATH\Database\BaseBuilder.php(2192): CodeIgniter\Database\BaseBuilder->batchExecute('_insertBatch', 100)
 3 APPPATH\Models\CategoriaModel.php(202): CodeIgniter\Database\BaseBuilder->insertBatch([...])
 4 APPPATH\Controllers\Admin.php(481): App\Models\CategoriaModel->updateCategoria([...], 'cat10111')
 5 SYSTEMPATH\CodeIgniter.php(934): App\Controllers\Admin->updateCategoria()
 6 SYSTEMPATH\CodeIgniter.php(499): CodeIgniter\CodeIgniter->runController(Object(App\Controllers\Admin))
 7 SYSTEMPATH\CodeIgniter.php(368): CodeIgniter\CodeIgniter->handleRequest(null, Object(Config\Cache), false)
 8 FCPATH\index.php(67): CodeIgniter\CodeIgniter->run()
ERROR - 2023-07-26 20:36:40 --> mysqli_sql_exception: Cannot add or update a child row: a foreign key constraint fails (`acuaticos`.`subcategoria_categoria`, CONSTRAINT `fk_subcategoria_has_categoria_subcategoria1` FOREIGN KEY (`subcategoria_codigo`) REFERENCES `subcategoria` (`codigo`) ON DELETE CASCADE ON UPD) in C:\xamp\htdocs\acuaticostoscanini\system\Database\MySQLi\Connection.php:295
Stack trace:
#0 C:\xamp\htdocs\acuaticostoscanini\system\Database\MySQLi\Connection.php(295): mysqli->query('INSERT INTO `su...', 0)
#1 C:\xamp\htdocs\acuaticostoscanini\system\Database\BaseConnection.php(691): CodeIgniter\Database\MySQLi\Connection->execute('INSERT INTO `su...')
#2 C:\xamp\htdocs\acuaticostoscanini\system\Database\BaseConnection.php(605): CodeIgniter\Database\BaseConnection->simpleQuery('INSERT INTO `su...')
#3 C:\xamp\htdocs\acuaticostoscanini\system\Database\BaseBuilder.php(1801): CodeIgniter\Database\BaseConnection->query('INSERT INTO `su...', NULL, false)
#4 C:\xamp\htdocs\acuaticostoscanini\system\Database\BaseBuilder.php(2192): CodeIgniter\Database\BaseBuilder->batchExecute('_insertBatch', 100)
#5 C:\xamp\htdocs\acuaticostoscanini\app\Models\CategoriaModel.php(202): CodeIgniter\Database\BaseBuilder->insertBatch(Array)
#6 C:\xamp\htdocs\acuaticostoscanini\app\Controllers\Admin.php(481): App\Models\CategoriaModel->updateCategoria(Array, 'cat101111')
#7 C:\xamp\htdocs\acuaticostoscanini\system\CodeIgniter.php(934): App\Controllers\Admin->updateCategoria()
#8 C:\xamp\htdocs\acuaticostoscanini\system\CodeIgniter.php(499): CodeIgniter\CodeIgniter->runController(Object(App\Controllers\Admin))
#9 C:\xamp\htdocs\acuaticostoscanini\system\CodeIgniter.php(368): CodeIgniter\CodeIgniter->handleRequest(NULL, Object(Config\Cache), false)
#10 C:\xamp\htdocs\acuaticostoscanini\index.php(67): CodeIgniter\CodeIgniter->run()
#11 {main}
CRITICAL - 2023-07-26 20:36:40 --> Cannot add or update a child row: a foreign key constraint fails (`acuaticos`.`subcategoria_categoria`, CONSTRAINT `fk_subcategoria_has_categoria_subcategoria1` FOREIGN KEY (`subcategoria_codigo`) REFERENCES `subcategoria` (`codigo`) ON DELETE CASCADE ON UPD)
in SYSTEMPATH\Database\BaseConnection.php on line 645.
 1 SYSTEMPATH\Database\BaseBuilder.php(1801): CodeIgniter\Database\BaseConnection->query('INSERT INTO `subcategoria_categoria` (`categoria_codigo`, `subcategoria_codigo`)
VALUES (\'cat1011112\',\'asd\')', null, false)
 2 SYSTEMPATH\Database\BaseBuilder.php(2192): CodeIgniter\Database\BaseBuilder->batchExecute('_insertBatch', 100)
 3 APPPATH\Models\CategoriaModel.php(202): CodeIgniter\Database\BaseBuilder->insertBatch([...])
 4 APPPATH\Controllers\Admin.php(481): App\Models\CategoriaModel->updateCategoria([...], 'cat101111')
 5 SYSTEMPATH\CodeIgniter.php(934): App\Controllers\Admin->updateCategoria()
 6 SYSTEMPATH\CodeIgniter.php(499): CodeIgniter\CodeIgniter->runController(Object(App\Controllers\Admin))
 7 SYSTEMPATH\CodeIgniter.php(368): CodeIgniter\CodeIgniter->handleRequest(null, Object(Config\Cache), false)
 8 FCPATH\index.php(67): CodeIgniter\CodeIgniter->run()
ERROR - 2023-07-26 20:40:40 --> mysqli_sql_exception: Cannot add or update a child row: a foreign key constraint fails (`acuaticos`.`subcategoria_categoria`, CONSTRAINT `fk_subcategoria_has_categoria_subcategoria1` FOREIGN KEY (`subcategoria_codigo`) REFERENCES `subcategoria` (`codigo`) ON DELETE CASCADE ON UPD) in C:\xamp\htdocs\acuaticostoscanini\system\Database\MySQLi\Connection.php:295
Stack trace:
#0 C:\xamp\htdocs\acuaticostoscanini\system\Database\MySQLi\Connection.php(295): mysqli->query('INSERT INTO `su...', 0)
#1 C:\xamp\htdocs\acuaticostoscanini\system\Database\BaseConnection.php(691): CodeIgniter\Database\MySQLi\Connection->execute('INSERT INTO `su...')
#2 C:\xamp\htdocs\acuaticostoscanini\system\Database\BaseConnection.php(605): CodeIgniter\Database\BaseConnection->simpleQuery('INSERT INTO `su...')
#3 C:\xamp\htdocs\acuaticostoscanini\system\Database\BaseBuilder.php(1801): CodeIgniter\Database\BaseConnection->query('INSERT INTO `su...', NULL, false)
#4 C:\xamp\htdocs\acuaticostoscanini\system\Database\BaseBuilder.php(2192): CodeIgniter\Database\BaseBuilder->batchExecute('_insertBatch', 100)
#5 C:\xamp\htdocs\acuaticostoscanini\app\Models\CategoriaModel.php(202): CodeIgniter\Database\BaseBuilder->insertBatch(Array)
#6 C:\xamp\htdocs\acuaticostoscanini\app\Controllers\Admin.php(481): App\Models\CategoriaModel->updateCategoria(Array, 'cat1011112')
#7 C:\xamp\htdocs\acuaticostoscanini\system\CodeIgniter.php(934): App\Controllers\Admin->updateCategoria()
#8 C:\xamp\htdocs\acuaticostoscanini\system\CodeIgniter.php(499): CodeIgniter\CodeIgniter->runController(Object(App\Controllers\Admin))
#9 C:\xamp\htdocs\acuaticostoscanini\system\CodeIgniter.php(368): CodeIgniter\CodeIgniter->handleRequest(NULL, Object(Config\Cache), false)
#10 C:\xamp\htdocs\acuaticostoscanini\index.php(67): CodeIgniter\CodeIgniter->run()
#11 {main}
CRITICAL - 2023-07-26 20:40:40 --> Cannot add or update a child row: a foreign key constraint fails (`acuaticos`.`subcategoria_categoria`, CONSTRAINT `fk_subcategoria_has_categoria_subcategoria1` FOREIGN KEY (`subcategoria_codigo`) REFERENCES `subcategoria` (`codigo`) ON DELETE CASCADE ON UPD)
in SYSTEMPATH\Database\BaseConnection.php on line 645.
 1 SYSTEMPATH\Database\BaseBuilder.php(1801): CodeIgniter\Database\BaseConnection->query('INSERT INTO `subcategoria_categoria` (`categoria_codigo`, `subcategoria_codigo`)
VALUES (\'cat1011112\',\'asd\'), (\'cat1011112\',\'dsd2\')', null, false)
 2 SYSTEMPATH\Database\BaseBuilder.php(2192): CodeIgniter\Database\BaseBuilder->batchExecute('_insertBatch', 100)
 3 APPPATH\Models\CategoriaModel.php(202): CodeIgniter\Database\BaseBuilder->insertBatch([...])
 4 APPPATH\Controllers\Admin.php(481): App\Models\CategoriaModel->updateCategoria([...], 'cat1011112')
 5 SYSTEMPATH\CodeIgniter.php(934): App\Controllers\Admin->updateCategoria()
 6 SYSTEMPATH\CodeIgniter.php(499): CodeIgniter\CodeIgniter->runController(Object(App\Controllers\Admin))
 7 SYSTEMPATH\CodeIgniter.php(368): CodeIgniter\CodeIgniter->handleRequest(null, Object(Config\Cache), false)
 8 FCPATH\index.php(67): CodeIgniter\CodeIgniter->run()
ERROR - 2023-07-26 20:40:43 --> mysqli_sql_exception: Cannot add or update a child row: a foreign key constraint fails (`acuaticos`.`subcategoria_categoria`, CONSTRAINT `fk_subcategoria_has_categoria_subcategoria1` FOREIGN KEY (`subcategoria_codigo`) REFERENCES `subcategoria` (`codigo`) ON DELETE CASCADE ON UPD) in C:\xamp\htdocs\acuaticostoscanini\system\Database\MySQLi\Connection.php:295
Stack trace:
#0 C:\xamp\htdocs\acuaticostoscanini\system\Database\MySQLi\Connection.php(295): mysqli->query('INSERT INTO `su...', 0)
#1 C:\xamp\htdocs\acuaticostoscanini\system\Database\BaseConnection.php(691): CodeIgniter\Database\MySQLi\Connection->execute('INSERT INTO `su...')
#2 C:\xamp\htdocs\acuaticostoscanini\system\Database\BaseConnection.php(605): CodeIgniter\Database\BaseConnection->simpleQuery('INSERT INTO `su...')
#3 C:\xamp\htdocs\acuaticostoscanini\system\Database\BaseBuilder.php(1801): CodeIgniter\Database\BaseConnection->query('INSERT INTO `su...', NULL, false)
#4 C:\xamp\htdocs\acuaticostoscanini\system\Database\BaseBuilder.php(2192): CodeIgniter\Database\BaseBuilder->batchExecute('_insertBatch', 100)
#5 C:\xamp\htdocs\acuaticostoscanini\app\Models\CategoriaModel.php(202): CodeIgniter\Database\BaseBuilder->insertBatch(Array)
#6 C:\xamp\htdocs\acuaticostoscanini\app\Controllers\Admin.php(481): App\Models\CategoriaModel->updateCategoria(Array, 'cat1011112')
#7 C:\xamp\htdocs\acuaticostoscanini\system\CodeIgniter.php(934): App\Controllers\Admin->updateCategoria()
#8 C:\xamp\htdocs\acuaticostoscanini\system\CodeIgniter.php(499): CodeIgniter\CodeIgniter->runController(Object(App\Controllers\Admin))
#9 C:\xamp\htdocs\acuaticostoscanini\system\CodeIgniter.php(368): CodeIgniter\CodeIgniter->handleRequest(NULL, Object(Config\Cache), false)
#10 C:\xamp\htdocs\acuaticostoscanini\index.php(67): CodeIgniter\CodeIgniter->run()
#11 {main}
CRITICAL - 2023-07-26 20:40:43 --> Cannot add or update a child row: a foreign key constraint fails (`acuaticos`.`subcategoria_categoria`, CONSTRAINT `fk_subcategoria_has_categoria_subcategoria1` FOREIGN KEY (`subcategoria_codigo`) REFERENCES `subcategoria` (`codigo`) ON DELETE CASCADE ON UPD)
in SYSTEMPATH\Database\BaseConnection.php on line 645.
 1 SYSTEMPATH\Database\BaseBuilder.php(1801): CodeIgniter\Database\BaseConnection->query('INSERT INTO `subcategoria_categoria` (`categoria_codigo`, `subcategoria_codigo`)
VALUES (\'cat1011112\',\'asd\'), (\'cat1011112\',\'dsd2\')', null, false)
 2 SYSTEMPATH\Database\BaseBuilder.php(2192): CodeIgniter\Database\BaseBuilder->batchExecute('_insertBatch', 100)
 3 APPPATH\Models\CategoriaModel.php(202): CodeIgniter\Database\BaseBuilder->insertBatch([...])
 4 APPPATH\Controllers\Admin.php(481): App\Models\CategoriaModel->updateCategoria([...], 'cat1011112')
 5 SYSTEMPATH\CodeIgniter.php(934): App\Controllers\Admin->updateCategoria()
 6 SYSTEMPATH\CodeIgniter.php(499): CodeIgniter\CodeIgniter->runController(Object(App\Controllers\Admin))
 7 SYSTEMPATH\CodeIgniter.php(368): CodeIgniter\CodeIgniter->handleRequest(null, Object(Config\Cache), false)
 8 FCPATH\index.php(67): CodeIgniter\CodeIgniter->run()
ERROR - 2023-07-26 20:43:18 --> mysqli_sql_exception: Cannot add or update a child row: a foreign key constraint fails (`acuaticos`.`subcategoria_categoria`, CONSTRAINT `fk_subcategoria_has_categoria_subcategoria1` FOREIGN KEY (`subcategoria_codigo`) REFERENCES `subcategoria` (`codigo`) ON DELETE CASCADE ON UPD) in C:\xamp\htdocs\acuaticostoscanini\system\Database\MySQLi\Connection.php:295
Stack trace:
#0 C:\xamp\htdocs\acuaticostoscanini\system\Database\MySQLi\Connection.php(295): mysqli->query('INSERT INTO `su...', 0)
#1 C:\xamp\htdocs\acuaticostoscanini\system\Database\BaseConnection.php(691): CodeIgniter\Database\MySQLi\Connection->execute('INSERT INTO `su...')
#2 C:\xamp\htdocs\acuaticostoscanini\system\Database\BaseConnection.php(605): CodeIgniter\Database\BaseConnection->simpleQuery('INSERT INTO `su...')
#3 C:\xamp\htdocs\acuaticostoscanini\system\Database\BaseBuilder.php(1801): CodeIgniter\Database\BaseConnection->query('INSERT INTO `su...', NULL, false)
#4 C:\xamp\htdocs\acuaticostoscanini\system\Database\BaseBuilder.php(2192): CodeIgniter\Database\BaseBuilder->batchExecute('_insertBatch', 100)
#5 C:\xamp\htdocs\acuaticostoscanini\app\Models\CategoriaModel.php(202): CodeIgniter\Database\BaseBuilder->insertBatch(Array)
#6 C:\xamp\htdocs\acuaticostoscanini\app\Controllers\Admin.php(481): App\Models\CategoriaModel->updateCategoria(Array, 'cat1011112')
#7 C:\xamp\htdocs\acuaticostoscanini\system\CodeIgniter.php(934): App\Controllers\Admin->updateCategoria()
#8 C:\xamp\htdocs\acuaticostoscanini\system\CodeIgniter.php(499): CodeIgniter\CodeIgniter->runController(Object(App\Controllers\Admin))
#9 C:\xamp\htdocs\acuaticostoscanini\system\CodeIgniter.php(368): CodeIgniter\CodeIgniter->handleRequest(NULL, Object(Config\Cache), false)
#10 C:\xamp\htdocs\acuaticostoscanini\index.php(67): CodeIgniter\CodeIgniter->run()
#11 {main}
CRITICAL - 2023-07-26 20:43:18 --> Cannot add or update a child row: a foreign key constraint fails (`acuaticos`.`subcategoria_categoria`, CONSTRAINT `fk_subcategoria_has_categoria_subcategoria1` FOREIGN KEY (`subcategoria_codigo`) REFERENCES `subcategoria` (`codigo`) ON DELETE CASCADE ON UPD)
in SYSTEMPATH\Database\BaseConnection.php on line 645.
 1 SYSTEMPATH\Database\BaseBuilder.php(1801): CodeIgniter\Database\BaseConnection->query('INSERT INTO `subcategoria_categoria` (`categoria_codigo`, `subcategoria_codigo`)
VALUES (\'cat1011112\',\'ZXCzdc\'), (\'cat1011112\',\'wee2\')', null, false)
 2 SYSTEMPATH\Database\BaseBuilder.php(2192): CodeIgniter\Database\BaseBuilder->batchExecute('_insertBatch', 100)
 3 APPPATH\Models\CategoriaModel.php(202): CodeIgniter\Database\BaseBuilder->insertBatch([...])
 4 APPPATH\Controllers\Admin.php(481): App\Models\CategoriaModel->updateCategoria([...], 'cat1011112')
 5 SYSTEMPATH\CodeIgniter.php(934): App\Controllers\Admin->updateCategoria()
 6 SYSTEMPATH\CodeIgniter.php(499): CodeIgniter\CodeIgniter->runController(Object(App\Controllers\Admin))
 7 SYSTEMPATH\CodeIgniter.php(368): CodeIgniter\CodeIgniter->handleRequest(null, Object(Config\Cache), false)
 8 FCPATH\index.php(67): CodeIgniter\CodeIgniter->run()
ERROR - 2023-07-26 20:43:20 --> mysqli_sql_exception: Cannot add or update a child row: a foreign key constraint fails (`acuaticos`.`subcategoria_categoria`, CONSTRAINT `fk_subcategoria_has_categoria_subcategoria1` FOREIGN KEY (`subcategoria_codigo`) REFERENCES `subcategoria` (`codigo`) ON DELETE CASCADE ON UPD) in C:\xamp\htdocs\acuaticostoscanini\system\Database\MySQLi\Connection.php:295
Stack trace:
#0 C:\xamp\htdocs\acuaticostoscanini\system\Database\MySQLi\Connection.php(295): mysqli->query('INSERT INTO `su...', 0)
#1 C:\xamp\htdocs\acuaticostoscanini\system\Database\BaseConnection.php(691): CodeIgniter\Database\MySQLi\Connection->execute('INSERT INTO `su...')
#2 C:\xamp\htdocs\acuaticostoscanini\system\Database\BaseConnection.php(605): CodeIgniter\Database\BaseConnection->simpleQuery('INSERT INTO `su...')
#3 C:\xamp\htdocs\acuaticostoscanini\system\Database\BaseBuilder.php(1801): CodeIgniter\Database\BaseConnection->query('INSERT INTO `su...', NULL, false)
#4 C:\xamp\htdocs\acuaticostoscanini\system\Database\BaseBuilder.php(2192): CodeIgniter\Database\BaseBuilder->batchExecute('_insertBatch', 100)
#5 C:\xamp\htdocs\acuaticostoscanini\app\Models\CategoriaModel.php(202): CodeIgniter\Database\BaseBuilder->insertBatch(Array)
#6 C:\xamp\htdocs\acuaticostoscanini\app\Controllers\Admin.php(481): App\Models\CategoriaModel->updateCategoria(Array, 'cat1011112')
#7 C:\xamp\htdocs\acuaticostoscanini\system\CodeIgniter.php(934): App\Controllers\Admin->updateCategoria()
#8 C:\xamp\htdocs\acuaticostoscanini\system\CodeIgniter.php(499): CodeIgniter\CodeIgniter->runController(Object(App\Controllers\Admin))
#9 C:\xamp\htdocs\acuaticostoscanini\system\CodeIgniter.php(368): CodeIgniter\CodeIgniter->handleRequest(NULL, Object(Config\Cache), false)
#10 C:\xamp\htdocs\acuaticostoscanini\index.php(67): CodeIgniter\CodeIgniter->run()
#11 {main}
CRITICAL - 2023-07-26 20:43:20 --> Cannot add or update a child row: a foreign key constraint fails (`acuaticos`.`subcategoria_categoria`, CONSTRAINT `fk_subcategoria_has_categoria_subcategoria1` FOREIGN KEY (`subcategoria_codigo`) REFERENCES `subcategoria` (`codigo`) ON DELETE CASCADE ON UPD)
in SYSTEMPATH\Database\BaseConnection.php on line 645.
 1 SYSTEMPATH\Database\BaseBuilder.php(1801): CodeIgniter\Database\BaseConnection->query('INSERT INTO `subcategoria_categoria` (`categoria_codigo`, `subcategoria_codigo`)
VALUES (\'cat1011112\',\'ZXCzdc\'), (\'cat1011112\',\'wee2\')', null, false)
 2 SYSTEMPATH\Database\BaseBuilder.php(2192): CodeIgniter\Database\BaseBuilder->batchExecute('_insertBatch', 100)
 3 APPPATH\Models\CategoriaModel.php(202): CodeIgniter\Database\BaseBuilder->insertBatch([...])
 4 APPPATH\Controllers\Admin.php(481): App\Models\CategoriaModel->updateCategoria([...], 'cat1011112')
 5 SYSTEMPATH\CodeIgniter.php(934): App\Controllers\Admin->updateCategoria()
 6 SYSTEMPATH\CodeIgniter.php(499): CodeIgniter\CodeIgniter->runController(Object(App\Controllers\Admin))
 7 SYSTEMPATH\CodeIgniter.php(368): CodeIgniter\CodeIgniter->handleRequest(null, Object(Config\Cache), false)
 8 FCPATH\index.php(67): CodeIgniter\CodeIgniter->run()
ERROR - 2023-07-26 20:46:51 --> mysqli_sql_exception: Cannot add or update a child row: a foreign key constraint fails (`acuaticos`.`subcategoria_categoria`, CONSTRAINT `fk_subcategoria_has_categoria_subcategoria1` FOREIGN KEY (`subcategoria_codigo`) REFERENCES `subcategoria` (`codigo`) ON DELETE CASCADE ON UPD) in C:\xamp\htdocs\acuaticostoscanini\system\Database\MySQLi\Connection.php:295
Stack trace:
#0 C:\xamp\htdocs\acuaticostoscanini\system\Database\MySQLi\Connection.php(295): mysqli->query('INSERT INTO `su...', 0)
#1 C:\xamp\htdocs\acuaticostoscanini\system\Database\BaseConnection.php(691): CodeIgniter\Database\MySQLi\Connection->execute('INSERT INTO `su...')
#2 C:\xamp\htdocs\acuaticostoscanini\system\Database\BaseConnection.php(605): CodeIgniter\Database\BaseConnection->simpleQuery('INSERT INTO `su...')
#3 C:\xamp\htdocs\acuaticostoscanini\system\Database\BaseBuilder.php(1801): CodeIgniter\Database\BaseConnection->query('INSERT INTO `su...', NULL, false)
#4 C:\xamp\htdocs\acuaticostoscanini\system\Database\BaseBuilder.php(2192): CodeIgniter\Database\BaseBuilder->batchExecute('_insertBatch', 100)
#5 C:\xamp\htdocs\acuaticostoscanini\app\Models\CategoriaModel.php(202): CodeIgniter\Database\BaseBuilder->insertBatch(Array)
#6 C:\xamp\htdocs\acuaticostoscanini\app\Controllers\Admin.php(481): App\Models\CategoriaModel->updateCategoria(Array, 'cat1011112')
#7 C:\xamp\htdocs\acuaticostoscanini\system\CodeIgniter.php(934): App\Controllers\Admin->updateCategoria()
#8 C:\xamp\htdocs\acuaticostoscanini\system\CodeIgniter.php(499): CodeIgniter\CodeIgniter->runController(Object(App\Controllers\Admin))
#9 C:\xamp\htdocs\acuaticostoscanini\system\CodeIgniter.php(368): CodeIgniter\CodeIgniter->handleRequest(NULL, Object(Config\Cache), false)
#10 C:\xamp\htdocs\acuaticostoscanini\index.php(67): CodeIgniter\CodeIgniter->run()
#11 {main}
CRITICAL - 2023-07-26 20:46:51 --> Cannot add or update a child row: a foreign key constraint fails (`acuaticos`.`subcategoria_categoria`, CONSTRAINT `fk_subcategoria_has_categoria_subcategoria1` FOREIGN KEY (`subcategoria_codigo`) REFERENCES `subcategoria` (`codigo`) ON DELETE CASCADE ON UPD)
in SYSTEMPATH\Database\BaseConnection.php on line 645.
 1 SYSTEMPATH\Database\BaseBuilder.php(1801): CodeIgniter\Database\BaseConnection->query('INSERT INTO `subcategoria_categoria` (`categoria_codigo`, `subcategoria_codigo`)
VALUES (\'cat1011112\',\'aa12\'), (\'cat1011112\',\'fdss\'), (\'cat1011112\',\'asd31d\')', null, false)
 2 SYSTEMPATH\Database\BaseBuilder.php(2192): CodeIgniter\Database\BaseBuilder->batchExecute('_insertBatch', 100)
 3 APPPATH\Models\CategoriaModel.php(202): CodeIgniter\Database\BaseBuilder->insertBatch([...])
 4 APPPATH\Controllers\Admin.php(481): App\Models\CategoriaModel->updateCategoria([...], 'cat1011112')
 5 SYSTEMPATH\CodeIgniter.php(934): App\Controllers\Admin->updateCategoria()
 6 SYSTEMPATH\CodeIgniter.php(499): CodeIgniter\CodeIgniter->runController(Object(App\Controllers\Admin))
 7 SYSTEMPATH\CodeIgniter.php(368): CodeIgniter\CodeIgniter->handleRequest(null, Object(Config\Cache), false)
 8 FCPATH\index.php(67): CodeIgniter\CodeIgniter->run()
ERROR - 2023-07-26 20:48:54 --> mysqli_sql_exception: Duplicate entry 'cat4' for key 'PRIMARY' in C:\xamp\htdocs\acuaticostoscanini\system\Database\MySQLi\Connection.php:295
Stack trace:
#0 C:\xamp\htdocs\acuaticostoscanini\system\Database\MySQLi\Connection.php(295): mysqli->query('UPDATE `categor...', 0)
#1 C:\xamp\htdocs\acuaticostoscanini\system\Database\BaseConnection.php(691): CodeIgniter\Database\MySQLi\Connection->execute('UPDATE `categor...')
#2 C:\xamp\htdocs\acuaticostoscanini\system\Database\BaseConnection.php(605): CodeIgniter\Database\BaseConnection->simpleQuery('UPDATE `categor...')
#3 C:\xamp\htdocs\acuaticostoscanini\system\Database\BaseBuilder.php(2476): CodeIgniter\Database\BaseConnection->query('UPDATE `categor...', Array, false)
#4 C:\xamp\htdocs\acuaticostoscanini\app\Models\CategoriaModel.php(182): CodeIgniter\Database\BaseBuilder->update(Array)
#5 C:\xamp\htdocs\acuaticostoscanini\app\Controllers\Admin.php(481): App\Models\CategoriaModel->updateCategoria(Array, 'cat1011')
#6 C:\xamp\htdocs\acuaticostoscanini\system\CodeIgniter.php(934): App\Controllers\Admin->updateCategoria()
#7 C:\xamp\htdocs\acuaticostoscanini\system\CodeIgniter.php(499): CodeIgniter\CodeIgniter->runController(Object(App\Controllers\Admin))
#8 C:\xamp\htdocs\acuaticostoscanini\system\CodeIgniter.php(368): CodeIgniter\CodeIgniter->handleRequest(NULL, Object(Config\Cache), false)
#9 C:\xamp\htdocs\acuaticostoscanini\index.php(67): CodeIgniter\CodeIgniter->run()
#10 {main}
CRITICAL - 2023-07-26 20:48:55 --> Duplicate entry 'cat4' for key 'PRIMARY'
in SYSTEMPATH\Database\BaseConnection.php on line 645.
 1 SYSTEMPATH\Database\BaseBuilder.php(2476): CodeIgniter\Database\BaseConnection->query('UPDATE `categoria` SET `codigo` = :codigo.1:, `nombre` = :nombre:
WHERE `codigo` = :codigo:', [...], false)
 2 APPPATH\Models\CategoriaModel.php(182): CodeIgniter\Database\BaseBuilder->update([...])
 3 APPPATH\Controllers\Admin.php(481): App\Models\CategoriaModel->updateCategoria([...], 'cat1011')
 4 SYSTEMPATH\CodeIgniter.php(934): App\Controllers\Admin->updateCategoria()
 5 SYSTEMPATH\CodeIgniter.php(499): CodeIgniter\CodeIgniter->runController(Object(App\Controllers\Admin))
 6 SYSTEMPATH\CodeIgniter.php(368): CodeIgniter\CodeIgniter->handleRequest(null, Object(Config\Cache), false)
 7 FCPATH\index.php(67): CodeIgniter\CodeIgniter->run()
CRITICAL - 2023-07-26 20:57:25 --> Undefined variable $allSubcategorias
in APPPATH\Views\admin\inventario\subCategorias.php on line 299.
 1 APPPATH\Views\admin\inventario\subCategorias.php(299): CodeIgniter\Debug\Exceptions->errorHandler(2, 'Undefined variable $allSubcategorias', 'APPPATH\\Views\\admin\\inventario\\subCategorias.php', 299)
 2 SYSTEMPATH\View\View.php(213): include('APPPATH\\Views\\admin\\inventario\\subCategorias.php')
 3 SYSTEMPATH\View\View.php(216): CodeIgniter\View\View->CodeIgniter\View\{closure}()
 4 SYSTEMPATH\Common.php(1184): CodeIgniter\View\View->render('admin/inventario/subCategorias', [], true)
 5 APPPATH\Controllers\Admin.php(154): view('admin/inventario/subCategorias', [...])
 6 SYSTEMPATH\CodeIgniter.php(934): App\Controllers\Admin->subcategorias()
 7 SYSTEMPATH\CodeIgniter.php(499): CodeIgniter\CodeIgniter->runController(Object(App\Controllers\Admin))
 8 SYSTEMPATH\CodeIgniter.php(368): CodeIgniter\CodeIgniter->handleRequest(null, Object(Config\Cache), false)
 9 FCPATH\index.php(67): CodeIgniter\CodeIgniter->run()
ERROR - 2023-07-26 21:01:46 --> mysqli_sql_exception: Cannot add or update a child row: a foreign key constraint fails (`acuaticos`.`subcategoria_categoria`, CONSTRAINT `fk_subcategoria_has_categoria_subcategoria1` FOREIGN KEY (`subcategoria_codigo`) REFERENCES `subcategoria` (`codigo`) ON DELETE CASCADE ON UPD) in C:\xamp\htdocs\acuaticostoscanini\system\Database\MySQLi\Connection.php:295
Stack trace:
#0 C:\xamp\htdocs\acuaticostoscanini\system\Database\MySQLi\Connection.php(295): mysqli->query('INSERT INTO `su...', 0)
#1 C:\xamp\htdocs\acuaticostoscanini\system\Database\BaseConnection.php(691): CodeIgniter\Database\MySQLi\Connection->execute('INSERT INTO `su...')
#2 C:\xamp\htdocs\acuaticostoscanini\system\Database\BaseConnection.php(605): CodeIgniter\Database\BaseConnection->simpleQuery('INSERT INTO `su...')
#3 C:\xamp\htdocs\acuaticostoscanini\system\Database\BaseBuilder.php(1801): CodeIgniter\Database\BaseConnection->query('INSERT INTO `su...', NULL, false)
#4 C:\xamp\htdocs\acuaticostoscanini\system\Database\BaseBuilder.php(2192): CodeIgniter\Database\BaseBuilder->batchExecute('_insertBatch', 100)
#5 C:\xamp\htdocs\acuaticostoscanini\app\Models\CategoriaModel.php(203): CodeIgniter\Database\BaseBuilder->insertBatch(Array)
#6 C:\xamp\htdocs\acuaticostoscanini\app\Controllers\Admin.php(479): App\Models\CategoriaModel->updateCategoria(Array, 'cat101')
#7 C:\xamp\htdocs\acuaticostoscanini\system\CodeIgniter.php(934): App\Controllers\Admin->updateCategoria()
#8 C:\xamp\htdocs\acuaticostoscanini\system\CodeIgniter.php(499): CodeIgniter\CodeIgniter->runController(Object(App\Controllers\Admin))
#9 C:\xamp\htdocs\acuaticostoscanini\system\CodeIgniter.php(368): CodeIgniter\CodeIgniter->handleRequest(NULL, Object(Config\Cache), false)
#10 C:\xamp\htdocs\acuaticostoscanini\index.php(67): CodeIgniter\CodeIgniter->run()
#11 {main}
CRITICAL - 2023-07-26 21:01:46 --> Cannot add or update a child row: a foreign key constraint fails (`acuaticos`.`subcategoria_categoria`, CONSTRAINT `fk_subcategoria_has_categoria_subcategoria1` FOREIGN KEY (`subcategoria_codigo`) REFERENCES `subcategoria` (`codigo`) ON DELETE CASCADE ON UPD)
in SYSTEMPATH\Database\BaseConnection.php on line 645.
 1 SYSTEMPATH\Database\BaseBuilder.php(1801): CodeIgniter\Database\BaseConnection->query('INSERT INTO `subcategoria_categoria` (`categoria_codigo`, `subcategoria_codigo`)
VALUES (\'cat101\',\'aa12\'), (\'cat101\',\'2asd\')', null, false)
 2 SYSTEMPATH\Database\BaseBuilder.php(2192): CodeIgniter\Database\BaseBuilder->batchExecute('_insertBatch', 100)
 3 APPPATH\Models\CategoriaModel.php(203): CodeIgniter\Database\BaseBuilder->insertBatch([...])
 4 APPPATH\Controllers\Admin.php(479): App\Models\CategoriaModel->updateCategoria([...], 'cat101')
 5 SYSTEMPATH\CodeIgniter.php(934): App\Controllers\Admin->updateCategoria()
 6 SYSTEMPATH\CodeIgniter.php(499): CodeIgniter\CodeIgniter->runController(Object(App\Controllers\Admin))
 7 SYSTEMPATH\CodeIgniter.php(368): CodeIgniter\CodeIgniter->handleRequest(null, Object(Config\Cache), false)
 8 FCPATH\index.php(67): CodeIgniter\CodeIgniter->run()
ERROR - 2023-07-26 21:09:58 --> mysqli_sql_exception: Duplicate entry '2asd-cat1013' for key 'uc_subcategoria_categoria' in C:\xamp\htdocs\acuaticostoscanini\system\Database\MySQLi\Connection.php:295
Stack trace:
#0 C:\xamp\htdocs\acuaticostoscanini\system\Database\MySQLi\Connection.php(295): mysqli->query('INSERT INTO `su...', 0)
#1 C:\xamp\htdocs\acuaticostoscanini\system\Database\BaseConnection.php(691): CodeIgniter\Database\MySQLi\Connection->execute('INSERT INTO `su...')
#2 C:\xamp\htdocs\acuaticostoscanini\system\Database\BaseConnection.php(605): CodeIgniter\Database\BaseConnection->simpleQuery('INSERT INTO `su...')
#3 C:\xamp\htdocs\acuaticostoscanini\system\Database\BaseBuilder.php(1801): CodeIgniter\Database\BaseConnection->query('INSERT INTO `su...', NULL, false)
#4 C:\xamp\htdocs\acuaticostoscanini\system\Database\BaseBuilder.php(2192): CodeIgniter\Database\BaseBuilder->batchExecute('_insertBatch', 100)
#5 C:\xamp\htdocs\acuaticostoscanini\app\Models\CategoriaModel.php(203): CodeIgniter\Database\BaseBuilder->insertBatch(Array)
#6 C:\xamp\htdocs\acuaticostoscanini\app\Controllers\Admin.php(480): App\Models\CategoriaModel->updateCategoria(Array, 'cat101')
#7 C:\xamp\htdocs\acuaticostoscanini\system\CodeIgniter.php(934): App\Controllers\Admin->updateCategoria()
#8 C:\xamp\htdocs\acuaticostoscanini\system\CodeIgniter.php(499): CodeIgniter\CodeIgniter->runController(Object(App\Controllers\Admin))
#9 C:\xamp\htdocs\acuaticostoscanini\system\CodeIgniter.php(368): CodeIgniter\CodeIgniter->handleRequest(NULL, Object(Config\Cache), false)
#10 C:\xamp\htdocs\acuaticostoscanini\index.php(67): CodeIgniter\CodeIgniter->run()
#11 {main}
CRITICAL - 2023-07-26 21:09:58 --> Duplicate entry '2asd-cat1013' for key 'uc_subcategoria_categoria'
in SYSTEMPATH\Database\BaseConnection.php on line 645.
 1 SYSTEMPATH\Database\BaseBuilder.php(1801): CodeIgniter\Database\BaseConnection->query('INSERT INTO `subcategoria_categoria` (`categoria_codigo`, `subcategoria_codigo`)
VALUES (\'cat1013\',\'2asd\'), (\'cat1013\',\'aaa1aaa\'), (\'cat1013\',\'dsd2\')', null, false)
 2 SYSTEMPATH\Database\BaseBuilder.php(2192): CodeIgniter\Database\BaseBuilder->batchExecute('_insertBatch', 100)
 3 APPPATH\Models\CategoriaModel.php(203): CodeIgniter\Database\BaseBuilder->insertBatch([...])
 4 APPPATH\Controllers\Admin.php(480): App\Models\CategoriaModel->updateCategoria([...], 'cat101')
 5 SYSTEMPATH\CodeIgniter.php(934): App\Controllers\Admin->updateCategoria()
 6 SYSTEMPATH\CodeIgniter.php(499): CodeIgniter\CodeIgniter->runController(Object(App\Controllers\Admin))
 7 SYSTEMPATH\CodeIgniter.php(368): CodeIgniter\CodeIgniter->handleRequest(null, Object(Config\Cache), false)
 8 FCPATH\index.php(67): CodeIgniter\CodeIgniter->run()
ERROR - 2023-07-26 21:11:15 --> mysqli_sql_exception: Duplicate entry 'PROD-06238' for key 'PRIMARY' in C:\xamp\htdocs\acuaticostoscanini\system\Database\MySQLi\Connection.php:295
Stack trace:
#0 C:\xamp\htdocs\acuaticostoscanini\system\Database\MySQLi\Connection.php(295): mysqli->query('INSERT INTO `su...', 0)
#1 C:\xamp\htdocs\acuaticostoscanini\system\Database\BaseConnection.php(691): CodeIgniter\Database\MySQLi\Connection->execute('INSERT INTO `su...')
#2 C:\xamp\htdocs\acuaticostoscanini\system\Database\BaseConnection.php(605): CodeIgniter\Database\BaseConnection->simpleQuery('INSERT INTO `su...')
#3 C:\xamp\htdocs\acuaticostoscanini\system\Database\BaseBuilder.php(2309): CodeIgniter\Database\BaseConnection->query('INSERT INTO `su...', Array, false)
#4 C:\xamp\htdocs\acuaticostoscanini\app\Models\CategoriaModel.php(135): CodeIgniter\Database\BaseBuilder->insert(Array)
#5 C:\xamp\htdocs\acuaticostoscanini\app\Controllers\Admin.php(304): App\Models\CategoriaModel->postSubCategoria(Array)
#6 C:\xamp\htdocs\acuaticostoscanini\system\CodeIgniter.php(934): App\Controllers\Admin->postSubCategoria()
#7 C:\xamp\htdocs\acuaticostoscanini\system\CodeIgniter.php(499): CodeIgniter\CodeIgniter->runController(Object(App\Controllers\Admin))
#8 C:\xamp\htdocs\acuaticostoscanini\system\CodeIgniter.php(368): CodeIgniter\CodeIgniter->handleRequest(NULL, Object(Config\Cache), false)
#9 C:\xamp\htdocs\acuaticostoscanini\index.php(67): CodeIgniter\CodeIgniter->run()
#10 {main}
CRITICAL - 2023-07-26 21:11:15 --> Duplicate entry 'PROD-06238' for key 'PRIMARY'
in SYSTEMPATH\Database\BaseConnection.php on line 645.
 1 SYSTEMPATH\Database\BaseBuilder.php(2309): CodeIgniter\Database\BaseConnection->query('INSERT INTO `subcategoria` (`codigo`, `nombre`) VALUES (:codigo:, :nombre:)', [...], false)
 2 APPPATH\Models\CategoriaModel.php(135): CodeIgniter\Database\BaseBuilder->insert([...])
 3 APPPATH\Controllers\Admin.php(304): App\Models\CategoriaModel->postSubCategoria([...])
 4 SYSTEMPATH\CodeIgniter.php(934): App\Controllers\Admin->postSubCategoria()
 5 SYSTEMPATH\CodeIgniter.php(499): CodeIgniter\CodeIgniter->runController(Object(App\Controllers\Admin))
 6 SYSTEMPATH\CodeIgniter.php(368): CodeIgniter\CodeIgniter->handleRequest(null, Object(Config\Cache), false)
 7 FCPATH\index.php(67): CodeIgniter\CodeIgniter->run()
CRITICAL - 2023-07-26 21:16:02 --> Undefined variable $allSubcategorias
in APPPATH\Views\admin\inventario\subCategorias.php on line 299.
 1 APPPATH\Views\admin\inventario\subCategorias.php(299): CodeIgniter\Debug\Exceptions->errorHandler(2, 'Undefined variable $allSubcategorias', 'APPPATH\\Views\\admin\\inventario\\subCategorias.php', 299)
 2 SYSTEMPATH\View\View.php(213): include('APPPATH\\Views\\admin\\inventario\\subCategorias.php')
 3 SYSTEMPATH\View\View.php(216): CodeIgniter\View\View->CodeIgniter\View\{closure}()
 4 SYSTEMPATH\Common.php(1184): CodeIgniter\View\View->render('admin/inventario/subCategorias', [], true)
 5 APPPATH\Controllers\Admin.php(154): view('admin/inventario/subCategorias', [...])
 6 SYSTEMPATH\CodeIgniter.php(934): App\Controllers\Admin->subcategorias()
 7 SYSTEMPATH\CodeIgniter.php(499): CodeIgniter\CodeIgniter->runController(Object(App\Controllers\Admin))
 8 SYSTEMPATH\CodeIgniter.php(368): CodeIgniter\CodeIgniter->handleRequest(null, Object(Config\Cache), false)
 9 FCPATH\index.php(67): CodeIgniter\CodeIgniter->run()
CRITICAL - 2023-07-26 21:16:15 --> Undefined variable $allSubcategorias
in APPPATH\Views\admin\inventario\subCategorias.php on line 299.
 1 APPPATH\Views\admin\inventario\subCategorias.php(299): CodeIgniter\Debug\Exceptions->errorHandler(2, 'Undefined variable $allSubcategorias', 'APPPATH\\Views\\admin\\inventario\\subCategorias.php', 299)
 2 SYSTEMPATH\View\View.php(213): include('APPPATH\\Views\\admin\\inventario\\subCategorias.php')
 3 SYSTEMPATH\View\View.php(216): CodeIgniter\View\View->CodeIgniter\View\{closure}()
 4 SYSTEMPATH\Common.php(1184): CodeIgniter\View\View->render('admin/inventario/subCategorias', [], true)
 5 APPPATH\Controllers\Admin.php(154): view('admin/inventario/subCategorias', [...])
 6 SYSTEMPATH\CodeIgniter.php(934): App\Controllers\Admin->subcategorias()
 7 SYSTEMPATH\CodeIgniter.php(499): CodeIgniter\CodeIgniter->runController(Object(App\Controllers\Admin))
 8 SYSTEMPATH\CodeIgniter.php(368): CodeIgniter\CodeIgniter->handleRequest(null, Object(Config\Cache), false)
 9 FCPATH\index.php(67): CodeIgniter\CodeIgniter->run()
ERROR - 2023-07-26 21:23:04 --> mysqli_sql_exception: Duplicate entry '2nuebi' for key 'PRIMARY' in C:\xamp\htdocs\acuaticostoscanini\system\Database\MySQLi\Connection.php:295
Stack trace:
#0 C:\xamp\htdocs\acuaticostoscanini\system\Database\MySQLi\Connection.php(295): mysqli->query('INSERT INTO `su...', 0)
#1 C:\xamp\htdocs\acuaticostoscanini\system\Database\BaseConnection.php(691): CodeIgniter\Database\MySQLi\Connection->execute('INSERT INTO `su...')
#2 C:\xamp\htdocs\acuaticostoscanini\system\Database\BaseConnection.php(605): CodeIgniter\Database\BaseConnection->simpleQuery('INSERT INTO `su...')
#3 C:\xamp\htdocs\acuaticostoscanini\system\Database\BaseBuilder.php(2309): CodeIgniter\Database\BaseConnection->query('INSERT INTO `su...', Array, false)
#4 C:\xamp\htdocs\acuaticostoscanini\app\Models\CategoriaModel.php(135): CodeIgniter\Database\BaseBuilder->insert(Array)
#5 C:\xamp\htdocs\acuaticostoscanini\app\Controllers\Admin.php(304): App\Models\CategoriaModel->postSubCategoria(Array)
#6 C:\xamp\htdocs\acuaticostoscanini\system\CodeIgniter.php(934): App\Controllers\Admin->postSubCategoria()
#7 C:\xamp\htdocs\acuaticostoscanini\system\CodeIgniter.php(499): CodeIgniter\CodeIgniter->runController(Object(App\Controllers\Admin))
#8 C:\xamp\htdocs\acuaticostoscanini\system\CodeIgniter.php(368): CodeIgniter\CodeIgniter->handleRequest(NULL, Object(Config\Cache), false)
#9 C:\xamp\htdocs\acuaticostoscanini\index.php(67): CodeIgniter\CodeIgniter->run()
#10 {main}
CRITICAL - 2023-07-26 21:23:04 --> Duplicate entry '2nuebi' for key 'PRIMARY'
in SYSTEMPATH\Database\BaseConnection.php on line 645.
 1 SYSTEMPATH\Database\BaseBuilder.php(2309): CodeIgniter\Database\BaseConnection->query('INSERT INTO `subcategoria` (`codigo`, `nombre`) VALUES (:codigo:, :nombre:)', [...], false)
 2 APPPATH\Models\CategoriaModel.php(135): CodeIgniter\Database\BaseBuilder->insert([...])
 3 APPPATH\Controllers\Admin.php(304): App\Models\CategoriaModel->postSubCategoria([...])
 4 SYSTEMPATH\CodeIgniter.php(934): App\Controllers\Admin->postSubCategoria()
 5 SYSTEMPATH\CodeIgniter.php(499): CodeIgniter\CodeIgniter->runController(Object(App\Controllers\Admin))
 6 SYSTEMPATH\CodeIgniter.php(368): CodeIgniter\CodeIgniter->handleRequest(null, Object(Config\Cache), false)
 7 FCPATH\index.php(67): CodeIgniter\CodeIgniter->run()
CRITICAL - 2023-07-26 21:29:44 --> Undefined variable $allSubcategorias
in APPPATH\Views\admin\inventario\subCategorias.php on line 299.
 1 APPPATH\Views\admin\inventario\subCategorias.php(299): CodeIgniter\Debug\Exceptions->errorHandler(2, 'Undefined variable $allSubcategorias', 'APPPATH\\Views\\admin\\inventario\\subCategorias.php', 299)
 2 SYSTEMPATH\View\View.php(213): include('APPPATH\\Views\\admin\\inventario\\subCategorias.php')
 3 SYSTEMPATH\View\View.php(216): CodeIgniter\View\View->CodeIgniter\View\{closure}()
 4 SYSTEMPATH\Common.php(1184): CodeIgniter\View\View->render('admin/inventario/subCategorias', [], true)
 5 APPPATH\Controllers\Admin.php(154): view('admin/inventario/subCategorias', [...])
 6 SYSTEMPATH\CodeIgniter.php(934): App\Controllers\Admin->subcategorias()
 7 SYSTEMPATH\CodeIgniter.php(499): CodeIgniter\CodeIgniter->runController(Object(App\Controllers\Admin))
 8 SYSTEMPATH\CodeIgniter.php(368): CodeIgniter\CodeIgniter->handleRequest(null, Object(Config\Cache), false)
 9 FCPATH\index.php(67): CodeIgniter\CodeIgniter->run()
ERROR - 2023-07-26 21:59:22 --> mysqli_sql_exception: Duplicate entry 'cat3' for key 'PRIMARY' in C:\xamp\htdocs\acuaticostoscanini\system\Database\MySQLi\Connection.php:295
Stack trace:
#0 C:\xamp\htdocs\acuaticostoscanini\system\Database\MySQLi\Connection.php(295): mysqli->query('UPDATE `categor...', 0)
#1 C:\xamp\htdocs\acuaticostoscanini\system\Database\BaseConnection.php(691): CodeIgniter\Database\MySQLi\Connection->execute('UPDATE `categor...')
#2 C:\xamp\htdocs\acuaticostoscanini\system\Database\BaseConnection.php(605): CodeIgniter\Database\BaseConnection->simpleQuery('UPDATE `categor...')
#3 C:\xamp\htdocs\acuaticostoscanini\system\Database\BaseBuilder.php(2476): CodeIgniter\Database\BaseConnection->query('UPDATE `categor...', Array, false)
#4 C:\xamp\htdocs\acuaticostoscanini\app\Models\CategoriaModel.php(184): CodeIgniter\Database\BaseBuilder->update(Array)
#5 C:\xamp\htdocs\acuaticostoscanini\app\Controllers\Admin.php(480): App\Models\CategoriaModel->updateCategoria(Array, 'cat10')
#6 C:\xamp\htdocs\acuaticostoscanini\system\CodeIgniter.php(934): App\Controllers\Admin->updateCategoria()
#7 C:\xamp\htdocs\acuaticostoscanini\system\CodeIgniter.php(499): CodeIgniter\CodeIgniter->runController(Object(App\Controllers\Admin))
#8 C:\xamp\htdocs\acuaticostoscanini\system\CodeIgniter.php(368): CodeIgniter\CodeIgniter->handleRequest(NULL, Object(Config\Cache), false)
#9 C:\xamp\htdocs\acuaticostoscanini\index.php(67): CodeIgniter\CodeIgniter->run()
#10 {main}
CRITICAL - 2023-07-26 21:59:22 --> Duplicate entry 'cat3' for key 'PRIMARY'
in SYSTEMPATH\Database\BaseConnection.php on line 645.
 1 SYSTEMPATH\Database\BaseBuilder.php(2476): CodeIgniter\Database\BaseConnection->query('UPDATE `categoria` SET `codigo` = :codigo.1:, `nombre` = :nombre:
WHERE `codigo` = :codigo:', [...], false)
 2 APPPATH\Models\CategoriaModel.php(184): CodeIgniter\Database\BaseBuilder->update([...])
 3 APPPATH\Controllers\Admin.php(480): App\Models\CategoriaModel->updateCategoria([...], 'cat10')
 4 SYSTEMPATH\CodeIgniter.php(934): App\Controllers\Admin->updateCategoria()
 5 SYSTEMPATH\CodeIgniter.php(499): CodeIgniter\CodeIgniter->runController(Object(App\Controllers\Admin))
 6 SYSTEMPATH\CodeIgniter.php(368): CodeIgniter\CodeIgniter->handleRequest(null, Object(Config\Cache), false)
 7 FCPATH\index.php(67): CodeIgniter\CodeIgniter->run()
ERROR - 2023-07-26 22:01:56 --> mysqli_sql_exception: Duplicate entry 'cat3' for key 'PRIMARY' in C:\xamp\htdocs\acuaticostoscanini\system\Database\MySQLi\Connection.php:295
Stack trace:
#0 C:\xamp\htdocs\acuaticostoscanini\system\Database\MySQLi\Connection.php(295): mysqli->query('UPDATE `categor...', 0)
#1 C:\xamp\htdocs\acuaticostoscanini\system\Database\BaseConnection.php(691): CodeIgniter\Database\MySQLi\Connection->execute('UPDATE `categor...')
#2 C:\xamp\htdocs\acuaticostoscanini\system\Database\BaseConnection.php(605): CodeIgniter\Database\BaseConnection->simpleQuery('UPDATE `categor...')
#3 C:\xamp\htdocs\acuaticostoscanini\system\Database\BaseBuilder.php(2476): CodeIgniter\Database\BaseConnection->query('UPDATE `categor...', Array, false)
#4 C:\xamp\htdocs\acuaticostoscanini\app\Models\CategoriaModel.php(184): CodeIgniter\Database\BaseBuilder->update(Array)
#5 C:\xamp\htdocs\acuaticostoscanini\app\Controllers\Admin.php(480): App\Models\CategoriaModel->updateCategoria(Array, 'cat10')
#6 C:\xamp\htdocs\acuaticostoscanini\system\CodeIgniter.php(934): App\Controllers\Admin->updateCategoria()
#7 C:\xamp\htdocs\acuaticostoscanini\system\CodeIgniter.php(499): CodeIgniter\CodeIgniter->runController(Object(App\Controllers\Admin))
#8 C:\xamp\htdocs\acuaticostoscanini\system\CodeIgniter.php(368): CodeIgniter\CodeIgniter->handleRequest(NULL, Object(Config\Cache), false)
#9 C:\xamp\htdocs\acuaticostoscanini\index.php(67): CodeIgniter\CodeIgniter->run()
#10 {main}
CRITICAL - 2023-07-26 22:01:56 --> Duplicate entry 'cat3' for key 'PRIMARY'
in SYSTEMPATH\Database\BaseConnection.php on line 645.
 1 SYSTEMPATH\Database\BaseBuilder.php(2476): CodeIgniter\Database\BaseConnection->query('UPDATE `categoria` SET `codigo` = :codigo.1:, `nombre` = :nombre:
WHERE `codigo` = :codigo:', [...], false)
 2 APPPATH\Models\CategoriaModel.php(184): CodeIgniter\Database\BaseBuilder->update([...])
 3 APPPATH\Controllers\Admin.php(480): App\Models\CategoriaModel->updateCategoria([...], 'cat10')
 4 SYSTEMPATH\CodeIgniter.php(934): App\Controllers\Admin->updateCategoria()
 5 SYSTEMPATH\CodeIgniter.php(499): CodeIgniter\CodeIgniter->runController(Object(App\Controllers\Admin))
 6 SYSTEMPATH\CodeIgniter.php(368): CodeIgniter\CodeIgniter->handleRequest(null, Object(Config\Cache), false)
 7 FCPATH\index.php(67): CodeIgniter\CodeIgniter->run()
CRITICAL - 2023-07-26 22:08:00 --> Undefined variable $allSubcategorias
in APPPATH\Views\admin\inventario\subCategorias.php on line 299.
 1 APPPATH\Views\admin\inventario\subCategorias.php(299): CodeIgniter\Debug\Exceptions->errorHandler(2, 'Undefined variable $allSubcategorias', 'APPPATH\\Views\\admin\\inventario\\subCategorias.php', 299)
 2 SYSTEMPATH\View\View.php(213): include('APPPATH\\Views\\admin\\inventario\\subCategorias.php')
 3 SYSTEMPATH\View\View.php(216): CodeIgniter\View\View->CodeIgniter\View\{closure}()
 4 SYSTEMPATH\Common.php(1184): CodeIgniter\View\View->render('admin/inventario/subCategorias', [], true)
 5 APPPATH\Controllers\Admin.php(154): view('admin/inventario/subCategorias', [...])
 6 SYSTEMPATH\CodeIgniter.php(934): App\Controllers\Admin->subcategorias()
 7 SYSTEMPATH\CodeIgniter.php(499): CodeIgniter\CodeIgniter->runController(Object(App\Controllers\Admin))
 8 SYSTEMPATH\CodeIgniter.php(368): CodeIgniter\CodeIgniter->handleRequest(null, Object(Config\Cache), false)
 9 FCPATH\index.php(67): CodeIgniter\CodeIgniter->run()
ERROR - 2023-07-26 23:25:13 --> mysqli_sql_exception: Cannot add or update a child row: a foreign key constraint fails (`acuaticos`.`subcategoria_categoria`, CONSTRAINT `fk_subcategoria_has_categoria_categoria1` FOREIGN KEY (`categoria_codigo`) REFERENCES `categoria` (`codigo`) ON DELETE CASCADE ON UPDATE CASCA) in C:\xamp\htdocs\acuaticostoscanini\system\Database\MySQLi\Connection.php:295
Stack trace:
#0 C:\xamp\htdocs\acuaticostoscanini\system\Database\MySQLi\Connection.php(295): mysqli->query('INSERT INTO `su...', 0)
#1 C:\xamp\htdocs\acuaticostoscanini\system\Database\BaseConnection.php(691): CodeIgniter\Database\MySQLi\Connection->execute('INSERT INTO `su...')
#2 C:\xamp\htdocs\acuaticostoscanini\system\Database\BaseConnection.php(605): CodeIgniter\Database\BaseConnection->simpleQuery('INSERT INTO `su...')
#3 C:\xamp\htdocs\acuaticostoscanini\system\Database\BaseBuilder.php(1801): CodeIgniter\Database\BaseConnection->query('INSERT INTO `su...', NULL, false)
#4 C:\xamp\htdocs\acuaticostoscanini\system\Database\BaseBuilder.php(2192): CodeIgniter\Database\BaseBuilder->batchExecute('_insertBatch', 100)
#5 C:\xamp\htdocs\acuaticostoscanini\app\Models\CategoriaModel.php(205): CodeIgniter\Database\BaseBuilder->insertBatch(Array)
#6 C:\xamp\htdocs\acuaticostoscanini\app\Controllers\Admin.php(480): App\Models\CategoriaModel->updateCategoria(Array, 'cat3g')
#7 C:\xamp\htdocs\acuaticostoscanini\system\CodeIgniter.php(934): App\Controllers\Admin->updateCategoria()
#8 C:\xamp\htdocs\acuaticostoscanini\system\CodeIgniter.php(499): CodeIgniter\CodeIgniter->runController(Object(App\Controllers\Admin))
#9 C:\xamp\htdocs\acuaticostoscanini\system\CodeIgniter.php(368): CodeIgniter\CodeIgniter->handleRequest(NULL, Object(Config\Cache), false)
#10 C:\xamp\htdocs\acuaticostoscanini\index.php(67): CodeIgniter\CodeIgniter->run()
#11 {main}
CRITICAL - 2023-07-26 23:25:13 --> Cannot add or update a child row: a foreign key constraint fails (`acuaticos`.`subcategoria_categoria`, CONSTRAINT `fk_subcategoria_has_categoria_categoria1` FOREIGN KEY (`categoria_codigo`) REFERENCES `categoria` (`codigo`) ON DELETE CASCADE ON UPDATE CASCA)
in SYSTEMPATH\Database\BaseConnection.php on line 645.
 1 SYSTEMPATH\Database\BaseBuilder.php(1801): CodeIgniter\Database\BaseConnection->query('INSERT INTO `subcategoria_categoria` (`categoria_codigo`, `subcategoria_codigo`)
VALUES (\'cat3g\',\'nuevita31\'), (\'cat3g\',\'sub1\'), (\'cat3g\',\'2nuebi\'), (\'cat3g\',\'aaa1aaa\')', null, false)
 2 SYSTEMPATH\Database\BaseBuilder.php(2192): CodeIgniter\Database\BaseBuilder->batchExecute('_insertBatch', 100)
 3 APPPATH\Models\CategoriaModel.php(205): CodeIgniter\Database\BaseBuilder->insertBatch([...])
 4 APPPATH\Controllers\Admin.php(480): App\Models\CategoriaModel->updateCategoria([...], 'cat3g')
 5 SYSTEMPATH\CodeIgniter.php(934): App\Controllers\Admin->updateCategoria()
 6 SYSTEMPATH\CodeIgniter.php(499): CodeIgniter\CodeIgniter->runController(Object(App\Controllers\Admin))
 7 SYSTEMPATH\CodeIgniter.php(368): CodeIgniter\CodeIgniter->handleRequest(null, Object(Config\Cache), false)
 8 FCPATH\index.php(67): CodeIgniter\CodeIgniter->run()
ERROR - 2023-07-26 23:40:26 --> mysqli_sql_exception: Duplicate entry 'cat43' for key 'PRIMARY' in C:\xamp\htdocs\acuaticostoscanini\system\Database\MySQLi\Connection.php:295
Stack trace:
#0 C:\xamp\htdocs\acuaticostoscanini\system\Database\MySQLi\Connection.php(295): mysqli->query('UPDATE `categor...', 0)
#1 C:\xamp\htdocs\acuaticostoscanini\system\Database\BaseConnection.php(691): CodeIgniter\Database\MySQLi\Connection->execute('UPDATE `categor...')
#2 C:\xamp\htdocs\acuaticostoscanini\system\Database\BaseConnection.php(605): CodeIgniter\Database\BaseConnection->simpleQuery('UPDATE `categor...')
#3 C:\xamp\htdocs\acuaticostoscanini\system\Database\BaseBuilder.php(2476): CodeIgniter\Database\BaseConnection->query('UPDATE `categor...', Array, false)
#4 C:\xamp\htdocs\acuaticostoscanini\app\Models\CategoriaModel.php(184): CodeIgniter\Database\BaseBuilder->update(Array)
#5 C:\xamp\htdocs\acuaticostoscanini\app\Controllers\Admin.php(483): App\Models\CategoriaModel->updateCategoria(Array, 'cat3as')
#6 C:\xamp\htdocs\acuaticostoscanini\system\CodeIgniter.php(934): App\Controllers\Admin->updateCategoria()
#7 C:\xamp\htdocs\acuaticostoscanini\system\CodeIgniter.php(499): CodeIgniter\CodeIgniter->runController(Object(App\Controllers\Admin))
#8 C:\xamp\htdocs\acuaticostoscanini\system\CodeIgniter.php(368): CodeIgniter\CodeIgniter->handleRequest(NULL, Object(Config\Cache), false)
#9 C:\xamp\htdocs\acuaticostoscanini\index.php(67): CodeIgniter\CodeIgniter->run()
#10 {main}
CRITICAL - 2023-07-26 23:40:26 --> Duplicate entry 'cat43' for key 'PRIMARY'
in SYSTEMPATH\Database\BaseConnection.php on line 645.
 1 SYSTEMPATH\Database\BaseBuilder.php(2476): CodeIgniter\Database\BaseConnection->query('UPDATE `categoria` SET `codigo` = :codigo.1:, `nombre` = :nombre:
WHERE `codigo` = :codigo:', [...], false)
 2 APPPATH\Models\CategoriaModel.php(184): CodeIgniter\Database\BaseBuilder->update([...])
 3 APPPATH\Controllers\Admin.php(483): App\Models\CategoriaModel->updateCategoria([...], 'cat3as')
 4 SYSTEMPATH\CodeIgniter.php(934): App\Controllers\Admin->updateCategoria()
 5 SYSTEMPATH\CodeIgniter.php(499): CodeIgniter\CodeIgniter->runController(Object(App\Controllers\Admin))
 6 SYSTEMPATH\CodeIgniter.php(368): CodeIgniter\CodeIgniter->handleRequest(null, Object(Config\Cache), false)
 7 FCPATH\index.php(67): CodeIgniter\CodeIgniter->run()
ERROR - 2023-07-26 23:43:09 --> mysqli_sql_exception: Duplicate entry 'cat4' for key 'PRIMARY' in C:\xamp\htdocs\acuaticostoscanini\system\Database\MySQLi\Connection.php:295
Stack trace:
#0 C:\xamp\htdocs\acuaticostoscanini\system\Database\MySQLi\Connection.php(295): mysqli->query('UPDATE `categor...', 0)
#1 C:\xamp\htdocs\acuaticostoscanini\system\Database\BaseConnection.php(691): CodeIgniter\Database\MySQLi\Connection->execute('UPDATE `categor...')
#2 C:\xamp\htdocs\acuaticostoscanini\system\Database\BaseConnection.php(605): CodeIgniter\Database\BaseConnection->simpleQuery('UPDATE `categor...')
#3 C:\xamp\htdocs\acuaticostoscanini\system\Database\BaseBuilder.php(2476): CodeIgniter\Database\BaseConnection->query('UPDATE `categor...', Array, false)
#4 C:\xamp\htdocs\acuaticostoscanini\app\Models\CategoriaModel.php(184): CodeIgniter\Database\BaseBuilder->update(Array)
#5 C:\xamp\htdocs\acuaticostoscanini\app\Controllers\Admin.php(483): App\Models\CategoriaModel->updateCategoria(Array, 'cat3as')
#6 C:\xamp\htdocs\acuaticostoscanini\system\CodeIgniter.php(934): App\Controllers\Admin->updateCategoria()
#7 C:\xamp\htdocs\acuaticostoscanini\system\CodeIgniter.php(499): CodeIgniter\CodeIgniter->runController(Object(App\Controllers\Admin))
#8 C:\xamp\htdocs\acuaticostoscanini\system\CodeIgniter.php(368): CodeIgniter\CodeIgniter->handleRequest(NULL, Object(Config\Cache), false)
#9 C:\xamp\htdocs\acuaticostoscanini\index.php(67): CodeIgniter\CodeIgniter->run()
#10 {main}
CRITICAL - 2023-07-26 23:43:09 --> Duplicate entry 'cat4' for key 'PRIMARY'
in SYSTEMPATH\Database\BaseConnection.php on line 645.
 1 SYSTEMPATH\Database\BaseBuilder.php(2476): CodeIgniter\Database\BaseConnection->query('UPDATE `categoria` SET `codigo` = :codigo.1:, `nombre` = :nombre:
WHERE `codigo` = :codigo:', [...], false)
 2 APPPATH\Models\CategoriaModel.php(184): CodeIgniter\Database\BaseBuilder->update([...])
 3 APPPATH\Controllers\Admin.php(483): App\Models\CategoriaModel->updateCategoria([...], 'cat3as')
 4 SYSTEMPATH\CodeIgniter.php(934): App\Controllers\Admin->updateCategoria()
 5 SYSTEMPATH\CodeIgniter.php(499): CodeIgniter\CodeIgniter->runController(Object(App\Controllers\Admin))
 6 SYSTEMPATH\CodeIgniter.php(368): CodeIgniter\CodeIgniter->handleRequest(null, Object(Config\Cache), false)
 7 FCPATH\index.php(67): CodeIgniter\CodeIgniter->run()
CRITICAL - 2023-07-26 23:59:16 --> Undefined variable $allSubcategorias
in APPPATH\Views\admin\inventario\subCategorias.php on line 326.
 1 APPPATH\Views\admin\inventario\subCategorias.php(326): CodeIgniter\Debug\Exceptions->errorHandler(2, 'Undefined variable $allSubcategorias', 'APPPATH\\Views\\admin\\inventario\\subCategorias.php', 326)
 2 SYSTEMPATH\View\View.php(213): include('APPPATH\\Views\\admin\\inventario\\subCategorias.php')
 3 SYSTEMPATH\View\View.php(216): CodeIgniter\View\View->CodeIgniter\View\{closure}()
 4 SYSTEMPATH\Common.php(1184): CodeIgniter\View\View->render('admin/inventario/subCategorias', [], true)
 5 APPPATH\Controllers\Admin.php(154): view('admin/inventario/subCategorias', [...])
 6 SYSTEMPATH\CodeIgniter.php(934): App\Controllers\Admin->subcategorias()
 7 SYSTEMPATH\CodeIgniter.php(499): CodeIgniter\CodeIgniter->runController(Object(App\Controllers\Admin))
 8 SYSTEMPATH\CodeIgniter.php(368): CodeIgniter\CodeIgniter->handleRequest(null, Object(Config\Cache), false)
 9 FCPATH\index.php(67): CodeIgniter\CodeIgniter->run()
CRITICAL - 2023-07-26 23:59:42 --> Undefined variable $allSubcategorias
in APPPATH\Views\admin\inventario\subCategorias.php on line 326.
 1 APPPATH\Views\admin\inventario\subCategorias.php(326): CodeIgniter\Debug\Exceptions->errorHandler(2, 'Undefined variable $allSubcategorias', 'APPPATH\\Views\\admin\\inventario\\subCategorias.php', 326)
 2 SYSTEMPATH\View\View.php(213): include('APPPATH\\Views\\admin\\inventario\\subCategorias.php')
 3 SYSTEMPATH\View\View.php(216): CodeIgniter\View\View->CodeIgniter\View\{closure}()
 4 SYSTEMPATH\Common.php(1184): CodeIgniter\View\View->render('admin/inventario/subCategorias', [], true)
 5 APPPATH\Controllers\Admin.php(154): view('admin/inventario/subCategorias', [...])
 6 SYSTEMPATH\CodeIgniter.php(934): App\Controllers\Admin->subcategorias()
 7 SYSTEMPATH\CodeIgniter.php(499): CodeIgniter\CodeIgniter->runController(Object(App\Controllers\Admin))
 8 SYSTEMPATH\CodeIgniter.php(368): CodeIgniter\CodeIgniter->handleRequest(null, Object(Config\Cache), false)
 9 FCPATH\index.php(67): CodeIgniter\CodeIgniter->run()
