ERROR - 2023-07-19 02:37:26 --> mysqli_sql_exception: Duplicate entry '' for key 'PRIMARY' in C:\xamp\htdocs\acuaticostoscanini\system\Database\MySQLi\Connection.php:295
Stack trace:
#0 C:\xamp\htdocs\acuaticostoscanini\system\Database\MySQLi\Connection.php(295): mysqli->query('INSERT INTO `pr...', 0)
#1 C:\xamp\htdocs\acuaticostoscanini\system\Database\BaseConnection.php(691): CodeIgniter\Database\MySQLi\Connection->execute('INSERT INTO `pr...')
#2 C:\xamp\htdocs\acuaticostoscanini\system\Database\BaseConnection.php(605): CodeIgniter\Database\BaseConnection->simpleQuery('INSERT INTO `pr...')
#3 C:\xamp\htdocs\acuaticostoscanini\system\Database\BaseBuilder.php(2309): CodeIgniter\Database\BaseConnection->query('INSERT INTO `pr...', Array, false)
#4 C:\xamp\htdocs\acuaticostoscanini\app\Models\ProductoModel.php(207): CodeIgniter\Database\BaseBuilder->insert(Array)
#5 C:\xamp\htdocs\acuaticostoscanini\app\Controllers\Admin.php(257): App\Models\ProductoModel->postProducto(Array)
#6 C:\xamp\htdocs\acuaticostoscanini\system\CodeIgniter.php(934): App\Controllers\Admin->postProducto()
#7 C:\xamp\htdocs\acuaticostoscanini\system\CodeIgniter.php(499): CodeIgniter\CodeIgniter->runController(Object(App\Controllers\Admin))
#8 C:\xamp\htdocs\acuaticostoscanini\system\CodeIgniter.php(368): CodeIgniter\CodeIgniter->handleRequest(NULL, Object(Config\Cache), false)
#9 C:\xamp\htdocs\acuaticostoscanini\index.php(67): CodeIgniter\CodeIgniter->run()
#10 {main}
CRITICAL - 2023-07-19 02:37:26 --> Duplicate entry '' for key 'PRIMARY'
in SYSTEMPATH\Database\BaseConnection.php on line 645.
 1 SYSTEMPATH\Database\BaseBuilder.php(2309): CodeIgniter\Database\BaseConnection->query('INSERT INTO `producto` (`codigo`, `nombre`, `cantidad`, `precio`, `costo`, `descripcion`, `especificaciones`) VALUES (:codigo:, :nombre:, :cantidad:, :precio:, :costo:, :descripcion:, :especificaciones:)', [...], false)
 2 APPPATH\Models\ProductoModel.php(207): CodeIgniter\Database\BaseBuilder->insert([...])
 3 APPPATH\Controllers\Admin.php(257): App\Models\ProductoModel->postProducto([...])
 4 SYSTEMPATH\CodeIgniter.php(934): App\Controllers\Admin->postProducto()
 5 SYSTEMPATH\CodeIgniter.php(499): CodeIgniter\CodeIgniter->runController(Object(App\Controllers\Admin))
 6 SYSTEMPATH\CodeIgniter.php(368): CodeIgniter\CodeIgniter->handleRequest(null, Object(Config\Cache), false)
 7 FCPATH\index.php(67): CodeIgniter\CodeIgniter->run()
