CRITICAL - 2023-04-01 12:20:12 --> Invalid argument supplied for foreach()
in APPPATH\Views\admin\inventario\productos.php on line 75.
 1 APPPATH\Views\admin\inventario\productos.php(75): CodeIgniter\Debug\Exceptions->errorHandler(2, 'Invalid argument supplied for foreach()', 'APPPATH\\Views\\admin\\inventario\\productos.php', 75, [])
 2 SYSTEMPATH\View\View.php(213): include('APPPATH\\Views\\admin\\inventario\\productos.php')
 3 SYSTEMPATH\View\View.php(216): CodeIgniter\View\View->CodeIgniter\View\{closure}()
 4 SYSTEMPATH\Common.php(1184): CodeIgniter\View\View->render('admin/inventario/productos', [], true)
 5 APPPATH\Controllers\Admin.php(63): view('admin/inventario/productos')
 6 SYSTEMPATH\CodeIgniter.php(934): App\Controllers\Admin->productos()
 7 SYSTEMPATH\CodeIgniter.php(499): CodeIgniter\CodeIgniter->runController(Object(App\Controllers\Admin))
 8 SYSTEMPATH\CodeIgniter.php(368): CodeIgniter\CodeIgniter->handleRequest(null, Object(Config\Cache), false)
 9 FCPATH\index.php(67): CodeIgniter\CodeIgniter->run()
CRITICAL - 2023-04-01 12:21:51 --> Invalid argument supplied for foreach()
in APPPATH\Views\admin\inventario\productos.php on line 75.
 1 APPPATH\Views\admin\inventario\productos.php(75): CodeIgniter\Debug\Exceptions->errorHandler(2, 'Invalid argument supplied for foreach()', 'APPPATH\\Views\\admin\\inventario\\productos.php', 75, [])
 2 SYSTEMPATH\View\View.php(213): include('APPPATH\\Views\\admin\\inventario\\productos.php')
 3 SYSTEMPATH\View\View.php(216): CodeIgniter\View\View->CodeIgniter\View\{closure}()
 4 SYSTEMPATH\Common.php(1184): CodeIgniter\View\View->render('admin/inventario/productos', [], true)
 5 APPPATH\Controllers\Admin.php(63): view('admin/inventario/productos')
 6 SYSTEMPATH\CodeIgniter.php(934): App\Controllers\Admin->productos()
 7 SYSTEMPATH\CodeIgniter.php(499): CodeIgniter\CodeIgniter->runController(Object(App\Controllers\Admin))
 8 SYSTEMPATH\CodeIgniter.php(368): CodeIgniter\CodeIgniter->handleRequest(null, Object(Config\Cache), false)
 9 FCPATH\index.php(67): CodeIgniter\CodeIgniter->run()
CRITICAL - 2023-04-01 12:21:55 --> Invalid argument supplied for foreach()
in APPPATH\Views\admin\inventario\productos.php on line 75.
 1 APPPATH\Views\admin\inventario\productos.php(75): CodeIgniter\Debug\Exceptions->errorHandler(2, 'Invalid argument supplied for foreach()', 'APPPATH\\Views\\admin\\inventario\\productos.php', 75, [])
 2 SYSTEMPATH\View\View.php(213): include('APPPATH\\Views\\admin\\inventario\\productos.php')
 3 SYSTEMPATH\View\View.php(216): CodeIgniter\View\View->CodeIgniter\View\{closure}()
 4 SYSTEMPATH\Common.php(1184): CodeIgniter\View\View->render('admin/inventario/productos', [], true)
 5 APPPATH\Controllers\Admin.php(63): view('admin/inventario/productos')
 6 SYSTEMPATH\CodeIgniter.php(934): App\Controllers\Admin->productos()
 7 SYSTEMPATH\CodeIgniter.php(499): CodeIgniter\CodeIgniter->runController(Object(App\Controllers\Admin))
 8 SYSTEMPATH\CodeIgniter.php(368): CodeIgniter\CodeIgniter->handleRequest(null, Object(Config\Cache), false)
 9 FCPATH\index.php(67): CodeIgniter\CodeIgniter->run()
