CRITICAL - 2023-06-07 02:22:05 --> Undefined variable $cat_subcat
in APPPATH\Views\ecomerce\index.php on line 8.
 1 APPPATH\Views\ecomerce\index.php(8): CodeIgniter\Debug\Exceptions->errorHandler(2, 'Undefined variable $cat_subcat', 'APPPATH\\Views\\ecomerce\\index.php', 8)
 2 SYSTEMPATH\View\View.php(213): include('APPPATH\\Views\\ecomerce\\index.php')
 3 SYSTEMPATH\View\View.php(216): CodeIgniter\View\View->CodeIgniter\View\{closure}()
 4 SYSTEMPATH\Common.php(1184): CodeIgniter\View\View->render('ecomerce/index', [], true)
 5 APPPATH\Controllers\Home.php(9): view('ecomerce/index')
 6 SYSTEMPATH\CodeIgniter.php(934): App\Controllers\Home->index()
 7 SYSTEMPATH\CodeIgniter.php(499): CodeIgniter\CodeIgniter->runController(Object(App\Controllers\Home))
 8 SYSTEMPATH\CodeIgniter.php(368): CodeIgniter\CodeIgniter->handleRequest(null, Object(Config\Cache), false)
 9 FCPATH\index.php(67): CodeIgniter\CodeIgniter->run()
ERROR - 2023-06-07 02:37:38 --> Error connecting to the database: mysqli_sql_exception: No se puede establecer una conexión ya que el equipo de destino denegó expresamente dicha conexión in C:\xamppp\htdocs\acuaticostoscanini\system\Database\MySQLi\Connection.php:174
Stack trace:
#0 C:\xamppp\htdocs\acuaticostoscanini\system\Database\MySQLi\Connection.php(174): mysqli->real_connect('localhost', 'root', '', 'acuaticos', 3306, '', 0)
#1 C:\xamppp\htdocs\acuaticostoscanini\system\Database\BaseConnection.php(391): CodeIgniter\Database\MySQLi\Connection->connect(false)
#2 C:\xamppp\htdocs\acuaticostoscanini\system\Database\BaseConnection.php(573): CodeIgniter\Database\BaseConnection->initialize()
#3 C:\xamppp\htdocs\acuaticostoscanini\system\Database\BaseBuilder.php(1616): CodeIgniter\Database\BaseConnection->query('SELECT `categor...', Array, false)
#4 C:\xamppp\htdocs\acuaticostoscanini\app\Models\SubcategoriaModel.php(32): CodeIgniter\Database\BaseBuilder->get()
#5 C:\xamppp\htdocs\acuaticostoscanini\app\Controllers\Ecomerce.php(119): App\Models\SubcategoriaModel->getCategorias_subcategorias()
#6 C:\xamppp\htdocs\acuaticostoscanini\app\Controllers\Ecomerce.php(19): App\Controllers\Ecomerce->obtenerCategoriasSubcategorias()
#7 C:\xamppp\htdocs\acuaticostoscanini\system\CodeIgniter.php(934): App\Controllers\Ecomerce->index()
#8 C:\xamppp\htdocs\acuaticostoscanini\system\CodeIgniter.php(499): CodeIgniter\CodeIgniter->runController(Object(App\Controllers\Ecomerce))
#9 C:\xamppp\htdocs\acuaticostoscanini\system\CodeIgniter.php(368): CodeIgniter\CodeIgniter->handleRequest(NULL, Object(Config\Cache), false)
#10 C:\xamppp\htdocs\acuaticostoscanini\index.php(67): CodeIgniter\CodeIgniter->run()
#11 {main}

Next CodeIgniter\Database\Exceptions\DatabaseException: No se puede establecer una conexión ya que el equipo de destino denegó expresamente dicha conexión in C:\xamppp\htdocs\acuaticostoscanini\system\Database\MySQLi\Connection.php:218
Stack trace:
#0 C:\xamppp\htdocs\acuaticostoscanini\system\Database\BaseConnection.php(391): CodeIgniter\Database\MySQLi\Connection->connect(false)
#1 C:\xamppp\htdocs\acuaticostoscanini\system\Database\BaseConnection.php(573): CodeIgniter\Database\BaseConnection->initialize()
#2 C:\xamppp\htdocs\acuaticostoscanini\system\Database\BaseBuilder.php(1616): CodeIgniter\Database\BaseConnection->query('SELECT `categor...', Array, false)
#3 C:\xamppp\htdocs\acuaticostoscanini\app\Models\SubcategoriaModel.php(32): CodeIgniter\Database\BaseBuilder->get()
#4 C:\xamppp\htdocs\acuaticostoscanini\app\Controllers\Ecomerce.php(119): App\Models\SubcategoriaModel->getCategorias_subcategorias()
#5 C:\xamppp\htdocs\acuaticostoscanini\app\Controllers\Ecomerce.php(19): App\Controllers\Ecomerce->obtenerCategoriasSubcategorias()
#6 C:\xamppp\htdocs\acuaticostoscanini\system\CodeIgniter.php(934): App\Controllers\Ecomerce->index()
#7 C:\xamppp\htdocs\acuaticostoscanini\system\CodeIgniter.php(499): CodeIgniter\CodeIgniter->runController(Object(App\Controllers\Ecomerce))
#8 C:\xamppp\htdocs\acuaticostoscanini\system\CodeIgniter.php(368): CodeIgniter\CodeIgniter->handleRequest(NULL, Object(Config\Cache), false)
#9 C:\xamppp\htdocs\acuaticostoscanini\index.php(67): CodeIgniter\CodeIgniter->run()
#10 {main}
CRITICAL - 2023-06-07 02:37:38 --> Unable to connect to the database.
Main connection [MySQLi]: No se puede establecer una conexión ya que el equipo de destino denegó expresamente dicha conexión
in SYSTEMPATH\Database\BaseConnection.php on line 427.
 1 SYSTEMPATH\Database\BaseConnection.php(573): CodeIgniter\Database\BaseConnection->initialize()
 2 SYSTEMPATH\Database\BaseBuilder.php(1616): CodeIgniter\Database\BaseConnection->query('SELECT `categoria`.`nombre` AS `categoria`, `categoria`.`codigo` AS `categoria_codigo`, `subcategoria`.`nombre` AS `subcategoria`, `subcategoria`.`codigo` AS `subcategoria_codigo`
FROM `subcategoria_categoria`
JOIN `categoria` ON `subcategoria_categoria`.`categoria_codigo` = `categoria`.`codigo`
JOIN `subcategoria` ON `subcategoria_categoria`.`subcategoria_codigo` = `subcategoria`.`codigo`', [], false)
 3 APPPATH\Models\SubcategoriaModel.php(32): CodeIgniter\Database\BaseBuilder->get()
 4 APPPATH\Controllers\Ecomerce.php(119): App\Models\SubcategoriaModel->getCategorias_subcategorias()
 5 APPPATH\Controllers\Ecomerce.php(19): App\Controllers\Ecomerce->obtenerCategoriasSubcategorias()
 6 SYSTEMPATH\CodeIgniter.php(934): App\Controllers\Ecomerce->index()
 7 SYSTEMPATH\CodeIgniter.php(499): CodeIgniter\CodeIgniter->runController(Object(App\Controllers\Ecomerce))
 8 SYSTEMPATH\CodeIgniter.php(368): CodeIgniter\CodeIgniter->handleRequest(null, Object(Config\Cache), false)
 9 FCPATH\index.php(67): CodeIgniter\CodeIgniter->run()
ERROR - 2023-06-07 02:37:47 --> Error connecting to the database: mysqli_sql_exception: No se puede establecer una conexión ya que el equipo de destino denegó expresamente dicha conexión in C:\xamppp\htdocs\acuaticostoscanini\system\Database\MySQLi\Connection.php:174
Stack trace:
#0 C:\xamppp\htdocs\acuaticostoscanini\system\Database\MySQLi\Connection.php(174): mysqli->real_connect('localhost', 'root', '', 'acuaticos', 3306, '', 0)
#1 C:\xamppp\htdocs\acuaticostoscanini\system\Database\BaseConnection.php(391): CodeIgniter\Database\MySQLi\Connection->connect(false)
#2 C:\xamppp\htdocs\acuaticostoscanini\system\Database\BaseConnection.php(573): CodeIgniter\Database\BaseConnection->initialize()
#3 C:\xamppp\htdocs\acuaticostoscanini\system\Database\BaseBuilder.php(1616): CodeIgniter\Database\BaseConnection->query('SELECT `categor...', Array, false)
#4 C:\xamppp\htdocs\acuaticostoscanini\app\Models\SubcategoriaModel.php(32): CodeIgniter\Database\BaseBuilder->get()
#5 C:\xamppp\htdocs\acuaticostoscanini\app\Controllers\Ecomerce.php(119): App\Models\SubcategoriaModel->getCategorias_subcategorias()
#6 C:\xamppp\htdocs\acuaticostoscanini\app\Controllers\Ecomerce.php(19): App\Controllers\Ecomerce->obtenerCategoriasSubcategorias()
#7 C:\xamppp\htdocs\acuaticostoscanini\system\CodeIgniter.php(934): App\Controllers\Ecomerce->index()
#8 C:\xamppp\htdocs\acuaticostoscanini\system\CodeIgniter.php(499): CodeIgniter\CodeIgniter->runController(Object(App\Controllers\Ecomerce))
#9 C:\xamppp\htdocs\acuaticostoscanini\system\CodeIgniter.php(368): CodeIgniter\CodeIgniter->handleRequest(NULL, Object(Config\Cache), false)
#10 C:\xamppp\htdocs\acuaticostoscanini\index.php(67): CodeIgniter\CodeIgniter->run()
#11 {main}

Next CodeIgniter\Database\Exceptions\DatabaseException: No se puede establecer una conexión ya que el equipo de destino denegó expresamente dicha conexión in C:\xamppp\htdocs\acuaticostoscanini\system\Database\MySQLi\Connection.php:218
Stack trace:
#0 C:\xamppp\htdocs\acuaticostoscanini\system\Database\BaseConnection.php(391): CodeIgniter\Database\MySQLi\Connection->connect(false)
#1 C:\xamppp\htdocs\acuaticostoscanini\system\Database\BaseConnection.php(573): CodeIgniter\Database\BaseConnection->initialize()
#2 C:\xamppp\htdocs\acuaticostoscanini\system\Database\BaseBuilder.php(1616): CodeIgniter\Database\BaseConnection->query('SELECT `categor...', Array, false)
#3 C:\xamppp\htdocs\acuaticostoscanini\app\Models\SubcategoriaModel.php(32): CodeIgniter\Database\BaseBuilder->get()
#4 C:\xamppp\htdocs\acuaticostoscanini\app\Controllers\Ecomerce.php(119): App\Models\SubcategoriaModel->getCategorias_subcategorias()
#5 C:\xamppp\htdocs\acuaticostoscanini\app\Controllers\Ecomerce.php(19): App\Controllers\Ecomerce->obtenerCategoriasSubcategorias()
#6 C:\xamppp\htdocs\acuaticostoscanini\system\CodeIgniter.php(934): App\Controllers\Ecomerce->index()
#7 C:\xamppp\htdocs\acuaticostoscanini\system\CodeIgniter.php(499): CodeIgniter\CodeIgniter->runController(Object(App\Controllers\Ecomerce))
#8 C:\xamppp\htdocs\acuaticostoscanini\system\CodeIgniter.php(368): CodeIgniter\CodeIgniter->handleRequest(NULL, Object(Config\Cache), false)
#9 C:\xamppp\htdocs\acuaticostoscanini\index.php(67): CodeIgniter\CodeIgniter->run()
#10 {main}
CRITICAL - 2023-06-07 02:37:47 --> Unable to connect to the database.
Main connection [MySQLi]: No se puede establecer una conexión ya que el equipo de destino denegó expresamente dicha conexión
in SYSTEMPATH\Database\BaseConnection.php on line 427.
 1 SYSTEMPATH\Database\BaseConnection.php(573): CodeIgniter\Database\BaseConnection->initialize()
 2 SYSTEMPATH\Database\BaseBuilder.php(1616): CodeIgniter\Database\BaseConnection->query('SELECT `categoria`.`nombre` AS `categoria`, `categoria`.`codigo` AS `categoria_codigo`, `subcategoria`.`nombre` AS `subcategoria`, `subcategoria`.`codigo` AS `subcategoria_codigo`
FROM `subcategoria_categoria`
JOIN `categoria` ON `subcategoria_categoria`.`categoria_codigo` = `categoria`.`codigo`
JOIN `subcategoria` ON `subcategoria_categoria`.`subcategoria_codigo` = `subcategoria`.`codigo`', [], false)
 3 APPPATH\Models\SubcategoriaModel.php(32): CodeIgniter\Database\BaseBuilder->get()
 4 APPPATH\Controllers\Ecomerce.php(119): App\Models\SubcategoriaModel->getCategorias_subcategorias()
 5 APPPATH\Controllers\Ecomerce.php(19): App\Controllers\Ecomerce->obtenerCategoriasSubcategorias()
 6 SYSTEMPATH\CodeIgniter.php(934): App\Controllers\Ecomerce->index()
 7 SYSTEMPATH\CodeIgniter.php(499): CodeIgniter\CodeIgniter->runController(Object(App\Controllers\Ecomerce))
 8 SYSTEMPATH\CodeIgniter.php(368): CodeIgniter\CodeIgniter->handleRequest(null, Object(Config\Cache), false)
 9 FCPATH\index.php(67): CodeIgniter\CodeIgniter->run()
ERROR - 2023-06-07 02:40:48 --> Error connecting to the database: mysqli_sql_exception: No se puede establecer una conexión ya que el equipo de destino denegó expresamente dicha conexión in C:\xamppp\htdocs\acuaticostoscanini\system\Database\MySQLi\Connection.php:174
Stack trace:
#0 C:\xamppp\htdocs\acuaticostoscanini\system\Database\MySQLi\Connection.php(174): mysqli->real_connect('localhost', 'root', '', 'acuaticos', 3306, '', 0)
#1 C:\xamppp\htdocs\acuaticostoscanini\system\Database\BaseConnection.php(391): CodeIgniter\Database\MySQLi\Connection->connect(false)
#2 C:\xamppp\htdocs\acuaticostoscanini\system\Database\BaseConnection.php(573): CodeIgniter\Database\BaseConnection->initialize()
#3 C:\xamppp\htdocs\acuaticostoscanini\system\Database\BaseBuilder.php(1616): CodeIgniter\Database\BaseConnection->query('SELECT `categor...', Array, false)
#4 C:\xamppp\htdocs\acuaticostoscanini\app\Models\SubcategoriaModel.php(32): CodeIgniter\Database\BaseBuilder->get()
#5 C:\xamppp\htdocs\acuaticostoscanini\app\Controllers\Ecomerce.php(119): App\Models\SubcategoriaModel->getCategorias_subcategorias()
#6 C:\xamppp\htdocs\acuaticostoscanini\app\Controllers\Ecomerce.php(19): App\Controllers\Ecomerce->obtenerCategoriasSubcategorias()
#7 C:\xamppp\htdocs\acuaticostoscanini\system\CodeIgniter.php(934): App\Controllers\Ecomerce->index()
#8 C:\xamppp\htdocs\acuaticostoscanini\system\CodeIgniter.php(499): CodeIgniter\CodeIgniter->runController(Object(App\Controllers\Ecomerce))
#9 C:\xamppp\htdocs\acuaticostoscanini\system\CodeIgniter.php(368): CodeIgniter\CodeIgniter->handleRequest(NULL, Object(Config\Cache), false)
#10 C:\xamppp\htdocs\acuaticostoscanini\index.php(67): CodeIgniter\CodeIgniter->run()
#11 {main}

Next CodeIgniter\Database\Exceptions\DatabaseException: No se puede establecer una conexión ya que el equipo de destino denegó expresamente dicha conexión in C:\xamppp\htdocs\acuaticostoscanini\system\Database\MySQLi\Connection.php:218
Stack trace:
#0 C:\xamppp\htdocs\acuaticostoscanini\system\Database\BaseConnection.php(391): CodeIgniter\Database\MySQLi\Connection->connect(false)
#1 C:\xamppp\htdocs\acuaticostoscanini\system\Database\BaseConnection.php(573): CodeIgniter\Database\BaseConnection->initialize()
#2 C:\xamppp\htdocs\acuaticostoscanini\system\Database\BaseBuilder.php(1616): CodeIgniter\Database\BaseConnection->query('SELECT `categor...', Array, false)
#3 C:\xamppp\htdocs\acuaticostoscanini\app\Models\SubcategoriaModel.php(32): CodeIgniter\Database\BaseBuilder->get()
#4 C:\xamppp\htdocs\acuaticostoscanini\app\Controllers\Ecomerce.php(119): App\Models\SubcategoriaModel->getCategorias_subcategorias()
#5 C:\xamppp\htdocs\acuaticostoscanini\app\Controllers\Ecomerce.php(19): App\Controllers\Ecomerce->obtenerCategoriasSubcategorias()
#6 C:\xamppp\htdocs\acuaticostoscanini\system\CodeIgniter.php(934): App\Controllers\Ecomerce->index()
#7 C:\xamppp\htdocs\acuaticostoscanini\system\CodeIgniter.php(499): CodeIgniter\CodeIgniter->runController(Object(App\Controllers\Ecomerce))
#8 C:\xamppp\htdocs\acuaticostoscanini\system\CodeIgniter.php(368): CodeIgniter\CodeIgniter->handleRequest(NULL, Object(Config\Cache), false)
#9 C:\xamppp\htdocs\acuaticostoscanini\index.php(67): CodeIgniter\CodeIgniter->run()
#10 {main}
CRITICAL - 2023-06-07 02:40:48 --> Unable to connect to the database.
Main connection [MySQLi]: No se puede establecer una conexión ya que el equipo de destino denegó expresamente dicha conexión
in SYSTEMPATH\Database\BaseConnection.php on line 427.
 1 SYSTEMPATH\Database\BaseConnection.php(573): CodeIgniter\Database\BaseConnection->initialize()
 2 SYSTEMPATH\Database\BaseBuilder.php(1616): CodeIgniter\Database\BaseConnection->query('SELECT `categoria`.`nombre` AS `categoria`, `categoria`.`codigo` AS `categoria_codigo`, `subcategoria`.`nombre` AS `subcategoria`, `subcategoria`.`codigo` AS `subcategoria_codigo`
FROM `subcategoria_categoria`
JOIN `categoria` ON `subcategoria_categoria`.`categoria_codigo` = `categoria`.`codigo`
JOIN `subcategoria` ON `subcategoria_categoria`.`subcategoria_codigo` = `subcategoria`.`codigo`', [], false)
 3 APPPATH\Models\SubcategoriaModel.php(32): CodeIgniter\Database\BaseBuilder->get()
 4 APPPATH\Controllers\Ecomerce.php(119): App\Models\SubcategoriaModel->getCategorias_subcategorias()
 5 APPPATH\Controllers\Ecomerce.php(19): App\Controllers\Ecomerce->obtenerCategoriasSubcategorias()
 6 SYSTEMPATH\CodeIgniter.php(934): App\Controllers\Ecomerce->index()
 7 SYSTEMPATH\CodeIgniter.php(499): CodeIgniter\CodeIgniter->runController(Object(App\Controllers\Ecomerce))
 8 SYSTEMPATH\CodeIgniter.php(368): CodeIgniter\CodeIgniter->handleRequest(null, Object(Config\Cache), false)
 9 FCPATH\index.php(67): CodeIgniter\CodeIgniter->run()
ERROR - 2023-06-07 02:40:56 --> Error connecting to the database: mysqli_sql_exception: No se puede establecer una conexión ya que el equipo de destino denegó expresamente dicha conexión in C:\xamppp\htdocs\acuaticostoscanini\system\Database\MySQLi\Connection.php:174
Stack trace:
#0 C:\xamppp\htdocs\acuaticostoscanini\system\Database\MySQLi\Connection.php(174): mysqli->real_connect('localhost', 'root', '', 'acuaticos', 3306, '', 0)
#1 C:\xamppp\htdocs\acuaticostoscanini\system\Database\BaseConnection.php(391): CodeIgniter\Database\MySQLi\Connection->connect(false)
#2 C:\xamppp\htdocs\acuaticostoscanini\system\Database\BaseConnection.php(573): CodeIgniter\Database\BaseConnection->initialize()
#3 C:\xamppp\htdocs\acuaticostoscanini\system\Database\BaseBuilder.php(1616): CodeIgniter\Database\BaseConnection->query('SELECT `categor...', Array, false)
#4 C:\xamppp\htdocs\acuaticostoscanini\app\Models\SubcategoriaModel.php(32): CodeIgniter\Database\BaseBuilder->get()
#5 C:\xamppp\htdocs\acuaticostoscanini\app\Controllers\Ecomerce.php(119): App\Models\SubcategoriaModel->getCategorias_subcategorias()
#6 C:\xamppp\htdocs\acuaticostoscanini\app\Controllers\Ecomerce.php(43): App\Controllers\Ecomerce->obtenerCategoriasSubcategorias()
#7 C:\xamppp\htdocs\acuaticostoscanini\system\CodeIgniter.php(934): App\Controllers\Ecomerce->productos()
#8 C:\xamppp\htdocs\acuaticostoscanini\system\CodeIgniter.php(499): CodeIgniter\CodeIgniter->runController(Object(App\Controllers\Ecomerce))
#9 C:\xamppp\htdocs\acuaticostoscanini\system\CodeIgniter.php(368): CodeIgniter\CodeIgniter->handleRequest(NULL, Object(Config\Cache), false)
#10 C:\xamppp\htdocs\acuaticostoscanini\index.php(67): CodeIgniter\CodeIgniter->run()
#11 {main}

Next CodeIgniter\Database\Exceptions\DatabaseException: No se puede establecer una conexión ya que el equipo de destino denegó expresamente dicha conexión in C:\xamppp\htdocs\acuaticostoscanini\system\Database\MySQLi\Connection.php:218
Stack trace:
#0 C:\xamppp\htdocs\acuaticostoscanini\system\Database\BaseConnection.php(391): CodeIgniter\Database\MySQLi\Connection->connect(false)
#1 C:\xamppp\htdocs\acuaticostoscanini\system\Database\BaseConnection.php(573): CodeIgniter\Database\BaseConnection->initialize()
#2 C:\xamppp\htdocs\acuaticostoscanini\system\Database\BaseBuilder.php(1616): CodeIgniter\Database\BaseConnection->query('SELECT `categor...', Array, false)
#3 C:\xamppp\htdocs\acuaticostoscanini\app\Models\SubcategoriaModel.php(32): CodeIgniter\Database\BaseBuilder->get()
#4 C:\xamppp\htdocs\acuaticostoscanini\app\Controllers\Ecomerce.php(119): App\Models\SubcategoriaModel->getCategorias_subcategorias()
#5 C:\xamppp\htdocs\acuaticostoscanini\app\Controllers\Ecomerce.php(43): App\Controllers\Ecomerce->obtenerCategoriasSubcategorias()
#6 C:\xamppp\htdocs\acuaticostoscanini\system\CodeIgniter.php(934): App\Controllers\Ecomerce->productos()
#7 C:\xamppp\htdocs\acuaticostoscanini\system\CodeIgniter.php(499): CodeIgniter\CodeIgniter->runController(Object(App\Controllers\Ecomerce))
#8 C:\xamppp\htdocs\acuaticostoscanini\system\CodeIgniter.php(368): CodeIgniter\CodeIgniter->handleRequest(NULL, Object(Config\Cache), false)
#9 C:\xamppp\htdocs\acuaticostoscanini\index.php(67): CodeIgniter\CodeIgniter->run()
#10 {main}
CRITICAL - 2023-06-07 02:40:56 --> Unable to connect to the database.
Main connection [MySQLi]: No se puede establecer una conexión ya que el equipo de destino denegó expresamente dicha conexión
in SYSTEMPATH\Database\BaseConnection.php on line 427.
 1 SYSTEMPATH\Database\BaseConnection.php(573): CodeIgniter\Database\BaseConnection->initialize()
 2 SYSTEMPATH\Database\BaseBuilder.php(1616): CodeIgniter\Database\BaseConnection->query('SELECT `categoria`.`nombre` AS `categoria`, `categoria`.`codigo` AS `categoria_codigo`, `subcategoria`.`nombre` AS `subcategoria`, `subcategoria`.`codigo` AS `subcategoria_codigo`
FROM `subcategoria_categoria`
JOIN `categoria` ON `subcategoria_categoria`.`categoria_codigo` = `categoria`.`codigo`
JOIN `subcategoria` ON `subcategoria_categoria`.`subcategoria_codigo` = `subcategoria`.`codigo`', [], false)
 3 APPPATH\Models\SubcategoriaModel.php(32): CodeIgniter\Database\BaseBuilder->get()
 4 APPPATH\Controllers\Ecomerce.php(119): App\Models\SubcategoriaModel->getCategorias_subcategorias()
 5 APPPATH\Controllers\Ecomerce.php(43): App\Controllers\Ecomerce->obtenerCategoriasSubcategorias()
 6 SYSTEMPATH\CodeIgniter.php(934): App\Controllers\Ecomerce->productos()
 7 SYSTEMPATH\CodeIgniter.php(499): CodeIgniter\CodeIgniter->runController(Object(App\Controllers\Ecomerce))
 8 SYSTEMPATH\CodeIgniter.php(368): CodeIgniter\CodeIgniter->handleRequest(null, Object(Config\Cache), false)
 9 FCPATH\index.php(67): CodeIgniter\CodeIgniter->run()
ERROR - 2023-06-07 02:41:13 --> Error connecting to the database: mysqli_sql_exception: No se puede establecer una conexión ya que el equipo de destino denegó expresamente dicha conexión in C:\xamppp\htdocs\acuaticostoscanini\system\Database\MySQLi\Connection.php:174
Stack trace:
#0 C:\xamppp\htdocs\acuaticostoscanini\system\Database\MySQLi\Connection.php(174): mysqli->real_connect('localhost', 'root', '', 'acuaticos', 3306, '', 0)
#1 C:\xamppp\htdocs\acuaticostoscanini\system\Database\BaseConnection.php(391): CodeIgniter\Database\MySQLi\Connection->connect(false)
#2 C:\xamppp\htdocs\acuaticostoscanini\system\Database\BaseConnection.php(573): CodeIgniter\Database\BaseConnection->initialize()
#3 C:\xamppp\htdocs\acuaticostoscanini\system\Database\BaseBuilder.php(1616): CodeIgniter\Database\BaseConnection->query('SELECT `categor...', Array, false)
#4 C:\xamppp\htdocs\acuaticostoscanini\app\Models\SubcategoriaModel.php(32): CodeIgniter\Database\BaseBuilder->get()
#5 C:\xamppp\htdocs\acuaticostoscanini\app\Controllers\Ecomerce.php(119): App\Models\SubcategoriaModel->getCategorias_subcategorias()
#6 C:\xamppp\htdocs\acuaticostoscanini\app\Controllers\Ecomerce.php(43): App\Controllers\Ecomerce->obtenerCategoriasSubcategorias()
#7 C:\xamppp\htdocs\acuaticostoscanini\system\CodeIgniter.php(934): App\Controllers\Ecomerce->productos()
#8 C:\xamppp\htdocs\acuaticostoscanini\system\CodeIgniter.php(499): CodeIgniter\CodeIgniter->runController(Object(App\Controllers\Ecomerce))
#9 C:\xamppp\htdocs\acuaticostoscanini\system\CodeIgniter.php(368): CodeIgniter\CodeIgniter->handleRequest(NULL, Object(Config\Cache), false)
#10 C:\xamppp\htdocs\acuaticostoscanini\index.php(67): CodeIgniter\CodeIgniter->run()
#11 {main}

Next CodeIgniter\Database\Exceptions\DatabaseException: No se puede establecer una conexión ya que el equipo de destino denegó expresamente dicha conexión in C:\xamppp\htdocs\acuaticostoscanini\system\Database\MySQLi\Connection.php:218
Stack trace:
#0 C:\xamppp\htdocs\acuaticostoscanini\system\Database\BaseConnection.php(391): CodeIgniter\Database\MySQLi\Connection->connect(false)
#1 C:\xamppp\htdocs\acuaticostoscanini\system\Database\BaseConnection.php(573): CodeIgniter\Database\BaseConnection->initialize()
#2 C:\xamppp\htdocs\acuaticostoscanini\system\Database\BaseBuilder.php(1616): CodeIgniter\Database\BaseConnection->query('SELECT `categor...', Array, false)
#3 C:\xamppp\htdocs\acuaticostoscanini\app\Models\SubcategoriaModel.php(32): CodeIgniter\Database\BaseBuilder->get()
#4 C:\xamppp\htdocs\acuaticostoscanini\app\Controllers\Ecomerce.php(119): App\Models\SubcategoriaModel->getCategorias_subcategorias()
#5 C:\xamppp\htdocs\acuaticostoscanini\app\Controllers\Ecomerce.php(43): App\Controllers\Ecomerce->obtenerCategoriasSubcategorias()
#6 C:\xamppp\htdocs\acuaticostoscanini\system\CodeIgniter.php(934): App\Controllers\Ecomerce->productos()
#7 C:\xamppp\htdocs\acuaticostoscanini\system\CodeIgniter.php(499): CodeIgniter\CodeIgniter->runController(Object(App\Controllers\Ecomerce))
#8 C:\xamppp\htdocs\acuaticostoscanini\system\CodeIgniter.php(368): CodeIgniter\CodeIgniter->handleRequest(NULL, Object(Config\Cache), false)
#9 C:\xamppp\htdocs\acuaticostoscanini\index.php(67): CodeIgniter\CodeIgniter->run()
#10 {main}
CRITICAL - 2023-06-07 02:41:13 --> Unable to connect to the database.
Main connection [MySQLi]: No se puede establecer una conexión ya que el equipo de destino denegó expresamente dicha conexión
in SYSTEMPATH\Database\BaseConnection.php on line 427.
 1 SYSTEMPATH\Database\BaseConnection.php(573): CodeIgniter\Database\BaseConnection->initialize()
 2 SYSTEMPATH\Database\BaseBuilder.php(1616): CodeIgniter\Database\BaseConnection->query('SELECT `categoria`.`nombre` AS `categoria`, `categoria`.`codigo` AS `categoria_codigo`, `subcategoria`.`nombre` AS `subcategoria`, `subcategoria`.`codigo` AS `subcategoria_codigo`
FROM `subcategoria_categoria`
JOIN `categoria` ON `subcategoria_categoria`.`categoria_codigo` = `categoria`.`codigo`
JOIN `subcategoria` ON `subcategoria_categoria`.`subcategoria_codigo` = `subcategoria`.`codigo`', [], false)
 3 APPPATH\Models\SubcategoriaModel.php(32): CodeIgniter\Database\BaseBuilder->get()
 4 APPPATH\Controllers\Ecomerce.php(119): App\Models\SubcategoriaModel->getCategorias_subcategorias()
 5 APPPATH\Controllers\Ecomerce.php(43): App\Controllers\Ecomerce->obtenerCategoriasSubcategorias()
 6 SYSTEMPATH\CodeIgniter.php(934): App\Controllers\Ecomerce->productos()
 7 SYSTEMPATH\CodeIgniter.php(499): CodeIgniter\CodeIgniter->runController(Object(App\Controllers\Ecomerce))
 8 SYSTEMPATH\CodeIgniter.php(368): CodeIgniter\CodeIgniter->handleRequest(null, Object(Config\Cache), false)
 9 FCPATH\index.php(67): CodeIgniter\CodeIgniter->run()
ERROR - 2023-06-07 02:41:16 --> Error connecting to the database: mysqli_sql_exception: No se puede establecer una conexión ya que el equipo de destino denegó expresamente dicha conexión in C:\xamppp\htdocs\acuaticostoscanini\system\Database\MySQLi\Connection.php:174
Stack trace:
#0 C:\xamppp\htdocs\acuaticostoscanini\system\Database\MySQLi\Connection.php(174): mysqli->real_connect('localhost', 'root', '', 'acuaticos', 3306, '', 0)
#1 C:\xamppp\htdocs\acuaticostoscanini\system\Database\BaseConnection.php(391): CodeIgniter\Database\MySQLi\Connection->connect(false)
#2 C:\xamppp\htdocs\acuaticostoscanini\system\Database\BaseConnection.php(573): CodeIgniter\Database\BaseConnection->initialize()
#3 C:\xamppp\htdocs\acuaticostoscanini\system\Database\BaseBuilder.php(1616): CodeIgniter\Database\BaseConnection->query('SELECT `categor...', Array, false)
#4 C:\xamppp\htdocs\acuaticostoscanini\app\Models\SubcategoriaModel.php(32): CodeIgniter\Database\BaseBuilder->get()
#5 C:\xamppp\htdocs\acuaticostoscanini\app\Controllers\Ecomerce.php(119): App\Models\SubcategoriaModel->getCategorias_subcategorias()
#6 C:\xamppp\htdocs\acuaticostoscanini\app\Controllers\Ecomerce.php(19): App\Controllers\Ecomerce->obtenerCategoriasSubcategorias()
#7 C:\xamppp\htdocs\acuaticostoscanini\system\CodeIgniter.php(934): App\Controllers\Ecomerce->index()
#8 C:\xamppp\htdocs\acuaticostoscanini\system\CodeIgniter.php(499): CodeIgniter\CodeIgniter->runController(Object(App\Controllers\Ecomerce))
#9 C:\xamppp\htdocs\acuaticostoscanini\system\CodeIgniter.php(368): CodeIgniter\CodeIgniter->handleRequest(NULL, Object(Config\Cache), false)
#10 C:\xamppp\htdocs\acuaticostoscanini\index.php(67): CodeIgniter\CodeIgniter->run()
#11 {main}

Next CodeIgniter\Database\Exceptions\DatabaseException: No se puede establecer una conexión ya que el equipo de destino denegó expresamente dicha conexión in C:\xamppp\htdocs\acuaticostoscanini\system\Database\MySQLi\Connection.php:218
Stack trace:
#0 C:\xamppp\htdocs\acuaticostoscanini\system\Database\BaseConnection.php(391): CodeIgniter\Database\MySQLi\Connection->connect(false)
#1 C:\xamppp\htdocs\acuaticostoscanini\system\Database\BaseConnection.php(573): CodeIgniter\Database\BaseConnection->initialize()
#2 C:\xamppp\htdocs\acuaticostoscanini\system\Database\BaseBuilder.php(1616): CodeIgniter\Database\BaseConnection->query('SELECT `categor...', Array, false)
#3 C:\xamppp\htdocs\acuaticostoscanini\app\Models\SubcategoriaModel.php(32): CodeIgniter\Database\BaseBuilder->get()
#4 C:\xamppp\htdocs\acuaticostoscanini\app\Controllers\Ecomerce.php(119): App\Models\SubcategoriaModel->getCategorias_subcategorias()
#5 C:\xamppp\htdocs\acuaticostoscanini\app\Controllers\Ecomerce.php(19): App\Controllers\Ecomerce->obtenerCategoriasSubcategorias()
#6 C:\xamppp\htdocs\acuaticostoscanini\system\CodeIgniter.php(934): App\Controllers\Ecomerce->index()
#7 C:\xamppp\htdocs\acuaticostoscanini\system\CodeIgniter.php(499): CodeIgniter\CodeIgniter->runController(Object(App\Controllers\Ecomerce))
#8 C:\xamppp\htdocs\acuaticostoscanini\system\CodeIgniter.php(368): CodeIgniter\CodeIgniter->handleRequest(NULL, Object(Config\Cache), false)
#9 C:\xamppp\htdocs\acuaticostoscanini\index.php(67): CodeIgniter\CodeIgniter->run()
#10 {main}
CRITICAL - 2023-06-07 02:41:16 --> Unable to connect to the database.
Main connection [MySQLi]: No se puede establecer una conexión ya que el equipo de destino denegó expresamente dicha conexión
in SYSTEMPATH\Database\BaseConnection.php on line 427.
 1 SYSTEMPATH\Database\BaseConnection.php(573): CodeIgniter\Database\BaseConnection->initialize()
 2 SYSTEMPATH\Database\BaseBuilder.php(1616): CodeIgniter\Database\BaseConnection->query('SELECT `categoria`.`nombre` AS `categoria`, `categoria`.`codigo` AS `categoria_codigo`, `subcategoria`.`nombre` AS `subcategoria`, `subcategoria`.`codigo` AS `subcategoria_codigo`
FROM `subcategoria_categoria`
JOIN `categoria` ON `subcategoria_categoria`.`categoria_codigo` = `categoria`.`codigo`
JOIN `subcategoria` ON `subcategoria_categoria`.`subcategoria_codigo` = `subcategoria`.`codigo`', [], false)
 3 APPPATH\Models\SubcategoriaModel.php(32): CodeIgniter\Database\BaseBuilder->get()
 4 APPPATH\Controllers\Ecomerce.php(119): App\Models\SubcategoriaModel->getCategorias_subcategorias()
 5 APPPATH\Controllers\Ecomerce.php(19): App\Controllers\Ecomerce->obtenerCategoriasSubcategorias()
 6 SYSTEMPATH\CodeIgniter.php(934): App\Controllers\Ecomerce->index()
 7 SYSTEMPATH\CodeIgniter.php(499): CodeIgniter\CodeIgniter->runController(Object(App\Controllers\Ecomerce))
 8 SYSTEMPATH\CodeIgniter.php(368): CodeIgniter\CodeIgniter->handleRequest(null, Object(Config\Cache), false)
 9 FCPATH\index.php(67): CodeIgniter\CodeIgniter->run()
ERROR - 2023-06-07 02:41:18 --> Error connecting to the database: mysqli_sql_exception: No se puede establecer una conexión ya que el equipo de destino denegó expresamente dicha conexión in C:\xamppp\htdocs\acuaticostoscanini\system\Database\MySQLi\Connection.php:174
Stack trace:
#0 C:\xamppp\htdocs\acuaticostoscanini\system\Database\MySQLi\Connection.php(174): mysqli->real_connect('localhost', 'root', '', 'acuaticos', 3306, '', 0)
#1 C:\xamppp\htdocs\acuaticostoscanini\system\Database\BaseConnection.php(391): CodeIgniter\Database\MySQLi\Connection->connect(false)
#2 C:\xamppp\htdocs\acuaticostoscanini\system\Database\BaseConnection.php(573): CodeIgniter\Database\BaseConnection->initialize()
#3 C:\xamppp\htdocs\acuaticostoscanini\system\Database\BaseBuilder.php(1616): CodeIgniter\Database\BaseConnection->query('SELECT `categor...', Array, false)
#4 C:\xamppp\htdocs\acuaticostoscanini\app\Models\SubcategoriaModel.php(32): CodeIgniter\Database\BaseBuilder->get()
#5 C:\xamppp\htdocs\acuaticostoscanini\app\Controllers\Ecomerce.php(119): App\Models\SubcategoriaModel->getCategorias_subcategorias()
#6 C:\xamppp\htdocs\acuaticostoscanini\app\Controllers\Ecomerce.php(19): App\Controllers\Ecomerce->obtenerCategoriasSubcategorias()
#7 C:\xamppp\htdocs\acuaticostoscanini\system\CodeIgniter.php(934): App\Controllers\Ecomerce->index()
#8 C:\xamppp\htdocs\acuaticostoscanini\system\CodeIgniter.php(499): CodeIgniter\CodeIgniter->runController(Object(App\Controllers\Ecomerce))
#9 C:\xamppp\htdocs\acuaticostoscanini\system\CodeIgniter.php(368): CodeIgniter\CodeIgniter->handleRequest(NULL, Object(Config\Cache), false)
#10 C:\xamppp\htdocs\acuaticostoscanini\index.php(67): CodeIgniter\CodeIgniter->run()
#11 {main}

Next CodeIgniter\Database\Exceptions\DatabaseException: No se puede establecer una conexión ya que el equipo de destino denegó expresamente dicha conexión in C:\xamppp\htdocs\acuaticostoscanini\system\Database\MySQLi\Connection.php:218
Stack trace:
#0 C:\xamppp\htdocs\acuaticostoscanini\system\Database\BaseConnection.php(391): CodeIgniter\Database\MySQLi\Connection->connect(false)
#1 C:\xamppp\htdocs\acuaticostoscanini\system\Database\BaseConnection.php(573): CodeIgniter\Database\BaseConnection->initialize()
#2 C:\xamppp\htdocs\acuaticostoscanini\system\Database\BaseBuilder.php(1616): CodeIgniter\Database\BaseConnection->query('SELECT `categor...', Array, false)
#3 C:\xamppp\htdocs\acuaticostoscanini\app\Models\SubcategoriaModel.php(32): CodeIgniter\Database\BaseBuilder->get()
#4 C:\xamppp\htdocs\acuaticostoscanini\app\Controllers\Ecomerce.php(119): App\Models\SubcategoriaModel->getCategorias_subcategorias()
#5 C:\xamppp\htdocs\acuaticostoscanini\app\Controllers\Ecomerce.php(19): App\Controllers\Ecomerce->obtenerCategoriasSubcategorias()
#6 C:\xamppp\htdocs\acuaticostoscanini\system\CodeIgniter.php(934): App\Controllers\Ecomerce->index()
#7 C:\xamppp\htdocs\acuaticostoscanini\system\CodeIgniter.php(499): CodeIgniter\CodeIgniter->runController(Object(App\Controllers\Ecomerce))
#8 C:\xamppp\htdocs\acuaticostoscanini\system\CodeIgniter.php(368): CodeIgniter\CodeIgniter->handleRequest(NULL, Object(Config\Cache), false)
#9 C:\xamppp\htdocs\acuaticostoscanini\index.php(67): CodeIgniter\CodeIgniter->run()
#10 {main}
CRITICAL - 2023-06-07 02:41:18 --> Unable to connect to the database.
Main connection [MySQLi]: No se puede establecer una conexión ya que el equipo de destino denegó expresamente dicha conexión
in SYSTEMPATH\Database\BaseConnection.php on line 427.
 1 SYSTEMPATH\Database\BaseConnection.php(573): CodeIgniter\Database\BaseConnection->initialize()
 2 SYSTEMPATH\Database\BaseBuilder.php(1616): CodeIgniter\Database\BaseConnection->query('SELECT `categoria`.`nombre` AS `categoria`, `categoria`.`codigo` AS `categoria_codigo`, `subcategoria`.`nombre` AS `subcategoria`, `subcategoria`.`codigo` AS `subcategoria_codigo`
FROM `subcategoria_categoria`
JOIN `categoria` ON `subcategoria_categoria`.`categoria_codigo` = `categoria`.`codigo`
JOIN `subcategoria` ON `subcategoria_categoria`.`subcategoria_codigo` = `subcategoria`.`codigo`', [], false)
 3 APPPATH\Models\SubcategoriaModel.php(32): CodeIgniter\Database\BaseBuilder->get()
 4 APPPATH\Controllers\Ecomerce.php(119): App\Models\SubcategoriaModel->getCategorias_subcategorias()
 5 APPPATH\Controllers\Ecomerce.php(19): App\Controllers\Ecomerce->obtenerCategoriasSubcategorias()
 6 SYSTEMPATH\CodeIgniter.php(934): App\Controllers\Ecomerce->index()
 7 SYSTEMPATH\CodeIgniter.php(499): CodeIgniter\CodeIgniter->runController(Object(App\Controllers\Ecomerce))
 8 SYSTEMPATH\CodeIgniter.php(368): CodeIgniter\CodeIgniter->handleRequest(null, Object(Config\Cache), false)
 9 FCPATH\index.php(67): CodeIgniter\CodeIgniter->run()
ERROR - 2023-06-07 02:41:18 --> Error connecting to the database: mysqli_sql_exception: No se puede establecer una conexión ya que el equipo de destino denegó expresamente dicha conexión in C:\xamppp\htdocs\acuaticostoscanini\system\Database\MySQLi\Connection.php:174
Stack trace:
#0 C:\xamppp\htdocs\acuaticostoscanini\system\Database\MySQLi\Connection.php(174): mysqli->real_connect('localhost', 'root', '', 'acuaticos', 3306, '', 0)
#1 C:\xamppp\htdocs\acuaticostoscanini\system\Database\BaseConnection.php(391): CodeIgniter\Database\MySQLi\Connection->connect(false)
#2 C:\xamppp\htdocs\acuaticostoscanini\system\Database\BaseConnection.php(573): CodeIgniter\Database\BaseConnection->initialize()
#3 C:\xamppp\htdocs\acuaticostoscanini\system\Database\BaseBuilder.php(1616): CodeIgniter\Database\BaseConnection->query('SELECT `categor...', Array, false)
#4 C:\xamppp\htdocs\acuaticostoscanini\app\Models\SubcategoriaModel.php(32): CodeIgniter\Database\BaseBuilder->get()
#5 C:\xamppp\htdocs\acuaticostoscanini\app\Controllers\Ecomerce.php(119): App\Models\SubcategoriaModel->getCategorias_subcategorias()
#6 C:\xamppp\htdocs\acuaticostoscanini\app\Controllers\Ecomerce.php(19): App\Controllers\Ecomerce->obtenerCategoriasSubcategorias()
#7 C:\xamppp\htdocs\acuaticostoscanini\system\CodeIgniter.php(934): App\Controllers\Ecomerce->index()
#8 C:\xamppp\htdocs\acuaticostoscanini\system\CodeIgniter.php(499): CodeIgniter\CodeIgniter->runController(Object(App\Controllers\Ecomerce))
#9 C:\xamppp\htdocs\acuaticostoscanini\system\CodeIgniter.php(368): CodeIgniter\CodeIgniter->handleRequest(NULL, Object(Config\Cache), false)
#10 C:\xamppp\htdocs\acuaticostoscanini\index.php(67): CodeIgniter\CodeIgniter->run()
#11 {main}

Next CodeIgniter\Database\Exceptions\DatabaseException: No se puede establecer una conexión ya que el equipo de destino denegó expresamente dicha conexión in C:\xamppp\htdocs\acuaticostoscanini\system\Database\MySQLi\Connection.php:218
Stack trace:
#0 C:\xamppp\htdocs\acuaticostoscanini\system\Database\BaseConnection.php(391): CodeIgniter\Database\MySQLi\Connection->connect(false)
#1 C:\xamppp\htdocs\acuaticostoscanini\system\Database\BaseConnection.php(573): CodeIgniter\Database\BaseConnection->initialize()
#2 C:\xamppp\htdocs\acuaticostoscanini\system\Database\BaseBuilder.php(1616): CodeIgniter\Database\BaseConnection->query('SELECT `categor...', Array, false)
#3 C:\xamppp\htdocs\acuaticostoscanini\app\Models\SubcategoriaModel.php(32): CodeIgniter\Database\BaseBuilder->get()
#4 C:\xamppp\htdocs\acuaticostoscanini\app\Controllers\Ecomerce.php(119): App\Models\SubcategoriaModel->getCategorias_subcategorias()
#5 C:\xamppp\htdocs\acuaticostoscanini\app\Controllers\Ecomerce.php(19): App\Controllers\Ecomerce->obtenerCategoriasSubcategorias()
#6 C:\xamppp\htdocs\acuaticostoscanini\system\CodeIgniter.php(934): App\Controllers\Ecomerce->index()
#7 C:\xamppp\htdocs\acuaticostoscanini\system\CodeIgniter.php(499): CodeIgniter\CodeIgniter->runController(Object(App\Controllers\Ecomerce))
#8 C:\xamppp\htdocs\acuaticostoscanini\system\CodeIgniter.php(368): CodeIgniter\CodeIgniter->handleRequest(NULL, Object(Config\Cache), false)
#9 C:\xamppp\htdocs\acuaticostoscanini\index.php(67): CodeIgniter\CodeIgniter->run()
#10 {main}
CRITICAL - 2023-06-07 02:41:18 --> Unable to connect to the database.
Main connection [MySQLi]: No se puede establecer una conexión ya que el equipo de destino denegó expresamente dicha conexión
in SYSTEMPATH\Database\BaseConnection.php on line 427.
 1 SYSTEMPATH\Database\BaseConnection.php(573): CodeIgniter\Database\BaseConnection->initialize()
 2 SYSTEMPATH\Database\BaseBuilder.php(1616): CodeIgniter\Database\BaseConnection->query('SELECT `categoria`.`nombre` AS `categoria`, `categoria`.`codigo` AS `categoria_codigo`, `subcategoria`.`nombre` AS `subcategoria`, `subcategoria`.`codigo` AS `subcategoria_codigo`
FROM `subcategoria_categoria`
JOIN `categoria` ON `subcategoria_categoria`.`categoria_codigo` = `categoria`.`codigo`
JOIN `subcategoria` ON `subcategoria_categoria`.`subcategoria_codigo` = `subcategoria`.`codigo`', [], false)
 3 APPPATH\Models\SubcategoriaModel.php(32): CodeIgniter\Database\BaseBuilder->get()
 4 APPPATH\Controllers\Ecomerce.php(119): App\Models\SubcategoriaModel->getCategorias_subcategorias()
 5 APPPATH\Controllers\Ecomerce.php(19): App\Controllers\Ecomerce->obtenerCategoriasSubcategorias()
 6 SYSTEMPATH\CodeIgniter.php(934): App\Controllers\Ecomerce->index()
 7 SYSTEMPATH\CodeIgniter.php(499): CodeIgniter\CodeIgniter->runController(Object(App\Controllers\Ecomerce))
 8 SYSTEMPATH\CodeIgniter.php(368): CodeIgniter\CodeIgniter->handleRequest(null, Object(Config\Cache), false)
 9 FCPATH\index.php(67): CodeIgniter\CodeIgniter->run()
ERROR - 2023-06-07 02:41:18 --> Error connecting to the database: mysqli_sql_exception: No se puede establecer una conexión ya que el equipo de destino denegó expresamente dicha conexión in C:\xamppp\htdocs\acuaticostoscanini\system\Database\MySQLi\Connection.php:174
Stack trace:
#0 C:\xamppp\htdocs\acuaticostoscanini\system\Database\MySQLi\Connection.php(174): mysqli->real_connect('localhost', 'root', '', 'acuaticos', 3306, '', 0)
#1 C:\xamppp\htdocs\acuaticostoscanini\system\Database\BaseConnection.php(391): CodeIgniter\Database\MySQLi\Connection->connect(false)
#2 C:\xamppp\htdocs\acuaticostoscanini\system\Database\BaseConnection.php(573): CodeIgniter\Database\BaseConnection->initialize()
#3 C:\xamppp\htdocs\acuaticostoscanini\system\Database\BaseBuilder.php(1616): CodeIgniter\Database\BaseConnection->query('SELECT `categor...', Array, false)
#4 C:\xamppp\htdocs\acuaticostoscanini\app\Models\SubcategoriaModel.php(32): CodeIgniter\Database\BaseBuilder->get()
#5 C:\xamppp\htdocs\acuaticostoscanini\app\Controllers\Ecomerce.php(119): App\Models\SubcategoriaModel->getCategorias_subcategorias()
#6 C:\xamppp\htdocs\acuaticostoscanini\app\Controllers\Ecomerce.php(19): App\Controllers\Ecomerce->obtenerCategoriasSubcategorias()
#7 C:\xamppp\htdocs\acuaticostoscanini\system\CodeIgniter.php(934): App\Controllers\Ecomerce->index()
#8 C:\xamppp\htdocs\acuaticostoscanini\system\CodeIgniter.php(499): CodeIgniter\CodeIgniter->runController(Object(App\Controllers\Ecomerce))
#9 C:\xamppp\htdocs\acuaticostoscanini\system\CodeIgniter.php(368): CodeIgniter\CodeIgniter->handleRequest(NULL, Object(Config\Cache), false)
#10 C:\xamppp\htdocs\acuaticostoscanini\index.php(67): CodeIgniter\CodeIgniter->run()
#11 {main}

Next CodeIgniter\Database\Exceptions\DatabaseException: No se puede establecer una conexión ya que el equipo de destino denegó expresamente dicha conexión in C:\xamppp\htdocs\acuaticostoscanini\system\Database\MySQLi\Connection.php:218
Stack trace:
#0 C:\xamppp\htdocs\acuaticostoscanini\system\Database\BaseConnection.php(391): CodeIgniter\Database\MySQLi\Connection->connect(false)
#1 C:\xamppp\htdocs\acuaticostoscanini\system\Database\BaseConnection.php(573): CodeIgniter\Database\BaseConnection->initialize()
#2 C:\xamppp\htdocs\acuaticostoscanini\system\Database\BaseBuilder.php(1616): CodeIgniter\Database\BaseConnection->query('SELECT `categor...', Array, false)
#3 C:\xamppp\htdocs\acuaticostoscanini\app\Models\SubcategoriaModel.php(32): CodeIgniter\Database\BaseBuilder->get()
#4 C:\xamppp\htdocs\acuaticostoscanini\app\Controllers\Ecomerce.php(119): App\Models\SubcategoriaModel->getCategorias_subcategorias()
#5 C:\xamppp\htdocs\acuaticostoscanini\app\Controllers\Ecomerce.php(19): App\Controllers\Ecomerce->obtenerCategoriasSubcategorias()
#6 C:\xamppp\htdocs\acuaticostoscanini\system\CodeIgniter.php(934): App\Controllers\Ecomerce->index()
#7 C:\xamppp\htdocs\acuaticostoscanini\system\CodeIgniter.php(499): CodeIgniter\CodeIgniter->runController(Object(App\Controllers\Ecomerce))
#8 C:\xamppp\htdocs\acuaticostoscanini\system\CodeIgniter.php(368): CodeIgniter\CodeIgniter->handleRequest(NULL, Object(Config\Cache), false)
#9 C:\xamppp\htdocs\acuaticostoscanini\index.php(67): CodeIgniter\CodeIgniter->run()
#10 {main}
CRITICAL - 2023-06-07 02:41:18 --> Unable to connect to the database.
Main connection [MySQLi]: No se puede establecer una conexión ya que el equipo de destino denegó expresamente dicha conexión
in SYSTEMPATH\Database\BaseConnection.php on line 427.
 1 SYSTEMPATH\Database\BaseConnection.php(573): CodeIgniter\Database\BaseConnection->initialize()
 2 SYSTEMPATH\Database\BaseBuilder.php(1616): CodeIgniter\Database\BaseConnection->query('SELECT `categoria`.`nombre` AS `categoria`, `categoria`.`codigo` AS `categoria_codigo`, `subcategoria`.`nombre` AS `subcategoria`, `subcategoria`.`codigo` AS `subcategoria_codigo`
FROM `subcategoria_categoria`
JOIN `categoria` ON `subcategoria_categoria`.`categoria_codigo` = `categoria`.`codigo`
JOIN `subcategoria` ON `subcategoria_categoria`.`subcategoria_codigo` = `subcategoria`.`codigo`', [], false)
 3 APPPATH\Models\SubcategoriaModel.php(32): CodeIgniter\Database\BaseBuilder->get()
 4 APPPATH\Controllers\Ecomerce.php(119): App\Models\SubcategoriaModel->getCategorias_subcategorias()
 5 APPPATH\Controllers\Ecomerce.php(19): App\Controllers\Ecomerce->obtenerCategoriasSubcategorias()
 6 SYSTEMPATH\CodeIgniter.php(934): App\Controllers\Ecomerce->index()
 7 SYSTEMPATH\CodeIgniter.php(499): CodeIgniter\CodeIgniter->runController(Object(App\Controllers\Ecomerce))
 8 SYSTEMPATH\CodeIgniter.php(368): CodeIgniter\CodeIgniter->handleRequest(null, Object(Config\Cache), false)
 9 FCPATH\index.php(67): CodeIgniter\CodeIgniter->run()
ERROR - 2023-06-07 02:42:20 --> Error connecting to the database: mysqli_sql_exception: No se puede establecer una conexión ya que el equipo de destino denegó expresamente dicha conexión in C:\xamppp\htdocs\acuaticostoscanini\system\Database\MySQLi\Connection.php:174
Stack trace:
#0 C:\xamppp\htdocs\acuaticostoscanini\system\Database\MySQLi\Connection.php(174): mysqli->real_connect('localhost', 'root', '', 'acuaticos', 3306, '', 0)
#1 C:\xamppp\htdocs\acuaticostoscanini\system\Database\BaseConnection.php(391): CodeIgniter\Database\MySQLi\Connection->connect(false)
#2 C:\xamppp\htdocs\acuaticostoscanini\system\Database\BaseConnection.php(573): CodeIgniter\Database\BaseConnection->initialize()
#3 C:\xamppp\htdocs\acuaticostoscanini\system\Database\BaseBuilder.php(1616): CodeIgniter\Database\BaseConnection->query('SELECT `categor...', Array, false)
#4 C:\xamppp\htdocs\acuaticostoscanini\app\Models\SubcategoriaModel.php(32): CodeIgniter\Database\BaseBuilder->get()
#5 C:\xamppp\htdocs\acuaticostoscanini\app\Controllers\Ecomerce.php(119): App\Models\SubcategoriaModel->getCategorias_subcategorias()
#6 C:\xamppp\htdocs\acuaticostoscanini\app\Controllers\Ecomerce.php(19): App\Controllers\Ecomerce->obtenerCategoriasSubcategorias()
#7 C:\xamppp\htdocs\acuaticostoscanini\system\CodeIgniter.php(934): App\Controllers\Ecomerce->index()
#8 C:\xamppp\htdocs\acuaticostoscanini\system\CodeIgniter.php(499): CodeIgniter\CodeIgniter->runController(Object(App\Controllers\Ecomerce))
#9 C:\xamppp\htdocs\acuaticostoscanini\system\CodeIgniter.php(368): CodeIgniter\CodeIgniter->handleRequest(NULL, Object(Config\Cache), false)
#10 C:\xamppp\htdocs\acuaticostoscanini\index.php(67): CodeIgniter\CodeIgniter->run()
#11 {main}

Next CodeIgniter\Database\Exceptions\DatabaseException: No se puede establecer una conexión ya que el equipo de destino denegó expresamente dicha conexión in C:\xamppp\htdocs\acuaticostoscanini\system\Database\MySQLi\Connection.php:218
Stack trace:
#0 C:\xamppp\htdocs\acuaticostoscanini\system\Database\BaseConnection.php(391): CodeIgniter\Database\MySQLi\Connection->connect(false)
#1 C:\xamppp\htdocs\acuaticostoscanini\system\Database\BaseConnection.php(573): CodeIgniter\Database\BaseConnection->initialize()
#2 C:\xamppp\htdocs\acuaticostoscanini\system\Database\BaseBuilder.php(1616): CodeIgniter\Database\BaseConnection->query('SELECT `categor...', Array, false)
#3 C:\xamppp\htdocs\acuaticostoscanini\app\Models\SubcategoriaModel.php(32): CodeIgniter\Database\BaseBuilder->get()
#4 C:\xamppp\htdocs\acuaticostoscanini\app\Controllers\Ecomerce.php(119): App\Models\SubcategoriaModel->getCategorias_subcategorias()
#5 C:\xamppp\htdocs\acuaticostoscanini\app\Controllers\Ecomerce.php(19): App\Controllers\Ecomerce->obtenerCategoriasSubcategorias()
#6 C:\xamppp\htdocs\acuaticostoscanini\system\CodeIgniter.php(934): App\Controllers\Ecomerce->index()
#7 C:\xamppp\htdocs\acuaticostoscanini\system\CodeIgniter.php(499): CodeIgniter\CodeIgniter->runController(Object(App\Controllers\Ecomerce))
#8 C:\xamppp\htdocs\acuaticostoscanini\system\CodeIgniter.php(368): CodeIgniter\CodeIgniter->handleRequest(NULL, Object(Config\Cache), false)
#9 C:\xamppp\htdocs\acuaticostoscanini\index.php(67): CodeIgniter\CodeIgniter->run()
#10 {main}
CRITICAL - 2023-06-07 02:42:20 --> Unable to connect to the database.
Main connection [MySQLi]: No se puede establecer una conexión ya que el equipo de destino denegó expresamente dicha conexión
in SYSTEMPATH\Database\BaseConnection.php on line 427.
 1 SYSTEMPATH\Database\BaseConnection.php(573): CodeIgniter\Database\BaseConnection->initialize()
 2 SYSTEMPATH\Database\BaseBuilder.php(1616): CodeIgniter\Database\BaseConnection->query('SELECT `categoria`.`nombre` AS `categoria`, `categoria`.`codigo` AS `categoria_codigo`, `subcategoria`.`nombre` AS `subcategoria`, `subcategoria`.`codigo` AS `subcategoria_codigo`
FROM `subcategoria_categoria`
JOIN `categoria` ON `subcategoria_categoria`.`categoria_codigo` = `categoria`.`codigo`
JOIN `subcategoria` ON `subcategoria_categoria`.`subcategoria_codigo` = `subcategoria`.`codigo`', [], false)
 3 APPPATH\Models\SubcategoriaModel.php(32): CodeIgniter\Database\BaseBuilder->get()
 4 APPPATH\Controllers\Ecomerce.php(119): App\Models\SubcategoriaModel->getCategorias_subcategorias()
 5 APPPATH\Controllers\Ecomerce.php(19): App\Controllers\Ecomerce->obtenerCategoriasSubcategorias()
 6 SYSTEMPATH\CodeIgniter.php(934): App\Controllers\Ecomerce->index()
 7 SYSTEMPATH\CodeIgniter.php(499): CodeIgniter\CodeIgniter->runController(Object(App\Controllers\Ecomerce))
 8 SYSTEMPATH\CodeIgniter.php(368): CodeIgniter\CodeIgniter->handleRequest(null, Object(Config\Cache), false)
 9 FCPATH\index.php(67): CodeIgniter\CodeIgniter->run()
CRITICAL - 2023-06-07 02:42:24 --> Undefined variable $cat_subcat
in APPPATH\Views\ecomerce\index.php on line 8.
 1 APPPATH\Views\ecomerce\index.php(8): CodeIgniter\Debug\Exceptions->errorHandler(2, 'Undefined variable $cat_subcat', 'APPPATH\\Views\\ecomerce\\index.php', 8)
 2 SYSTEMPATH\View\View.php(213): include('APPPATH\\Views\\ecomerce\\index.php')
 3 SYSTEMPATH\View\View.php(216): CodeIgniter\View\View->CodeIgniter\View\{closure}()
 4 SYSTEMPATH\Common.php(1184): CodeIgniter\View\View->render('ecomerce/index', [], true)
 5 APPPATH\Controllers\Ecomerce.php(23): view('ecomerce/index')
 6 SYSTEMPATH\CodeIgniter.php(934): App\Controllers\Ecomerce->index()
 7 SYSTEMPATH\CodeIgniter.php(499): CodeIgniter\CodeIgniter->runController(Object(App\Controllers\Ecomerce))
 8 SYSTEMPATH\CodeIgniter.php(368): CodeIgniter\CodeIgniter->handleRequest(null, Object(Config\Cache), false)
 9 FCPATH\index.php(67): CodeIgniter\CodeIgniter->run()
CRITICAL - 2023-06-07 02:42:25 --> Undefined variable $cat_subcat
in APPPATH\Views\ecomerce\index.php on line 8.
 1 APPPATH\Views\ecomerce\index.php(8): CodeIgniter\Debug\Exceptions->errorHandler(2, 'Undefined variable $cat_subcat', 'APPPATH\\Views\\ecomerce\\index.php', 8)
 2 SYSTEMPATH\View\View.php(213): include('APPPATH\\Views\\ecomerce\\index.php')
 3 SYSTEMPATH\View\View.php(216): CodeIgniter\View\View->CodeIgniter\View\{closure}()
 4 SYSTEMPATH\Common.php(1184): CodeIgniter\View\View->render('ecomerce/index', [], true)
 5 APPPATH\Controllers\Ecomerce.php(23): view('ecomerce/index')
 6 SYSTEMPATH\CodeIgniter.php(934): App\Controllers\Ecomerce->index()
 7 SYSTEMPATH\CodeIgniter.php(499): CodeIgniter\CodeIgniter->runController(Object(App\Controllers\Ecomerce))
 8 SYSTEMPATH\CodeIgniter.php(368): CodeIgniter\CodeIgniter->handleRequest(null, Object(Config\Cache), false)
 9 FCPATH\index.php(67): CodeIgniter\CodeIgniter->run()
CRITICAL - 2023-06-07 02:42:26 --> Undefined variable $cat_subcat
in APPPATH\Views\ecomerce\index.php on line 8.
 1 APPPATH\Views\ecomerce\index.php(8): CodeIgniter\Debug\Exceptions->errorHandler(2, 'Undefined variable $cat_subcat', 'APPPATH\\Views\\ecomerce\\index.php', 8)
 2 SYSTEMPATH\View\View.php(213): include('APPPATH\\Views\\ecomerce\\index.php')
 3 SYSTEMPATH\View\View.php(216): CodeIgniter\View\View->CodeIgniter\View\{closure}()
 4 SYSTEMPATH\Common.php(1184): CodeIgniter\View\View->render('ecomerce/index', [], true)
 5 APPPATH\Controllers\Ecomerce.php(23): view('ecomerce/index')
 6 SYSTEMPATH\CodeIgniter.php(934): App\Controllers\Ecomerce->index()
 7 SYSTEMPATH\CodeIgniter.php(499): CodeIgniter\CodeIgniter->runController(Object(App\Controllers\Ecomerce))
 8 SYSTEMPATH\CodeIgniter.php(368): CodeIgniter\CodeIgniter->handleRequest(null, Object(Config\Cache), false)
 9 FCPATH\index.php(67): CodeIgniter\CodeIgniter->run()
CRITICAL - 2023-06-07 02:42:26 --> Undefined variable $cat_subcat
in APPPATH\Views\ecomerce\index.php on line 8.
 1 APPPATH\Views\ecomerce\index.php(8): CodeIgniter\Debug\Exceptions->errorHandler(2, 'Undefined variable $cat_subcat', 'APPPATH\\Views\\ecomerce\\index.php', 8)
 2 SYSTEMPATH\View\View.php(213): include('APPPATH\\Views\\ecomerce\\index.php')
 3 SYSTEMPATH\View\View.php(216): CodeIgniter\View\View->CodeIgniter\View\{closure}()
 4 SYSTEMPATH\Common.php(1184): CodeIgniter\View\View->render('ecomerce/index', [], true)
 5 APPPATH\Controllers\Ecomerce.php(23): view('ecomerce/index')
 6 SYSTEMPATH\CodeIgniter.php(934): App\Controllers\Ecomerce->index()
 7 SYSTEMPATH\CodeIgniter.php(499): CodeIgniter\CodeIgniter->runController(Object(App\Controllers\Ecomerce))
 8 SYSTEMPATH\CodeIgniter.php(368): CodeIgniter\CodeIgniter->handleRequest(null, Object(Config\Cache), false)
 9 FCPATH\index.php(67): CodeIgniter\CodeIgniter->run()
ERROR - 2023-06-07 02:43:14 --> Error connecting to the database: mysqli_sql_exception: No se puede establecer una conexión ya que el equipo de destino denegó expresamente dicha conexión in C:\xamppp\htdocs\acuaticostoscanini\system\Database\MySQLi\Connection.php:174
Stack trace:
#0 C:\xamppp\htdocs\acuaticostoscanini\system\Database\MySQLi\Connection.php(174): mysqli->real_connect('localhost', 'root', '', 'acuaticos', 3306, '', 0)
#1 C:\xamppp\htdocs\acuaticostoscanini\system\Database\BaseConnection.php(391): CodeIgniter\Database\MySQLi\Connection->connect(false)
#2 C:\xamppp\htdocs\acuaticostoscanini\system\Database\BaseConnection.php(573): CodeIgniter\Database\BaseConnection->initialize()
#3 C:\xamppp\htdocs\acuaticostoscanini\system\Database\BaseBuilder.php(1616): CodeIgniter\Database\BaseConnection->query('SELECT `categor...', Array, false)
#4 C:\xamppp\htdocs\acuaticostoscanini\app\Models\SubcategoriaModel.php(32): CodeIgniter\Database\BaseBuilder->get()
#5 C:\xamppp\htdocs\acuaticostoscanini\app\Controllers\Ecomerce.php(119): App\Models\SubcategoriaModel->getCategorias_subcategorias()
#6 C:\xamppp\htdocs\acuaticostoscanini\app\Controllers\Ecomerce.php(19): App\Controllers\Ecomerce->obtenerCategoriasSubcategorias()
#7 C:\xamppp\htdocs\acuaticostoscanini\system\CodeIgniter.php(934): App\Controllers\Ecomerce->index()
#8 C:\xamppp\htdocs\acuaticostoscanini\system\CodeIgniter.php(499): CodeIgniter\CodeIgniter->runController(Object(App\Controllers\Ecomerce))
#9 C:\xamppp\htdocs\acuaticostoscanini\system\CodeIgniter.php(368): CodeIgniter\CodeIgniter->handleRequest(NULL, Object(Config\Cache), false)
#10 C:\xamppp\htdocs\acuaticostoscanini\index.php(67): CodeIgniter\CodeIgniter->run()
#11 {main}

Next CodeIgniter\Database\Exceptions\DatabaseException: No se puede establecer una conexión ya que el equipo de destino denegó expresamente dicha conexión in C:\xamppp\htdocs\acuaticostoscanini\system\Database\MySQLi\Connection.php:218
Stack trace:
#0 C:\xamppp\htdocs\acuaticostoscanini\system\Database\BaseConnection.php(391): CodeIgniter\Database\MySQLi\Connection->connect(false)
#1 C:\xamppp\htdocs\acuaticostoscanini\system\Database\BaseConnection.php(573): CodeIgniter\Database\BaseConnection->initialize()
#2 C:\xamppp\htdocs\acuaticostoscanini\system\Database\BaseBuilder.php(1616): CodeIgniter\Database\BaseConnection->query('SELECT `categor...', Array, false)
#3 C:\xamppp\htdocs\acuaticostoscanini\app\Models\SubcategoriaModel.php(32): CodeIgniter\Database\BaseBuilder->get()
#4 C:\xamppp\htdocs\acuaticostoscanini\app\Controllers\Ecomerce.php(119): App\Models\SubcategoriaModel->getCategorias_subcategorias()
#5 C:\xamppp\htdocs\acuaticostoscanini\app\Controllers\Ecomerce.php(19): App\Controllers\Ecomerce->obtenerCategoriasSubcategorias()
#6 C:\xamppp\htdocs\acuaticostoscanini\system\CodeIgniter.php(934): App\Controllers\Ecomerce->index()
#7 C:\xamppp\htdocs\acuaticostoscanini\system\CodeIgniter.php(499): CodeIgniter\CodeIgniter->runController(Object(App\Controllers\Ecomerce))
#8 C:\xamppp\htdocs\acuaticostoscanini\system\CodeIgniter.php(368): CodeIgniter\CodeIgniter->handleRequest(NULL, Object(Config\Cache), false)
#9 C:\xamppp\htdocs\acuaticostoscanini\index.php(67): CodeIgniter\CodeIgniter->run()
#10 {main}
CRITICAL - 2023-06-07 02:43:14 --> Unable to connect to the database.
Main connection [MySQLi]: No se puede establecer una conexión ya que el equipo de destino denegó expresamente dicha conexión
in SYSTEMPATH\Database\BaseConnection.php on line 427.
 1 SYSTEMPATH\Database\BaseConnection.php(573): CodeIgniter\Database\BaseConnection->initialize()
 2 SYSTEMPATH\Database\BaseBuilder.php(1616): CodeIgniter\Database\BaseConnection->query('SELECT `categoria`.`nombre` AS `categoria`, `categoria`.`codigo` AS `categoria_codigo`, `subcategoria`.`nombre` AS `subcategoria`, `subcategoria`.`codigo` AS `subcategoria_codigo`
FROM `subcategoria_categoria`
JOIN `categoria` ON `subcategoria_categoria`.`categoria_codigo` = `categoria`.`codigo`
JOIN `subcategoria` ON `subcategoria_categoria`.`subcategoria_codigo` = `subcategoria`.`codigo`', [], false)
 3 APPPATH\Models\SubcategoriaModel.php(32): CodeIgniter\Database\BaseBuilder->get()
 4 APPPATH\Controllers\Ecomerce.php(119): App\Models\SubcategoriaModel->getCategorias_subcategorias()
 5 APPPATH\Controllers\Ecomerce.php(19): App\Controllers\Ecomerce->obtenerCategoriasSubcategorias()
 6 SYSTEMPATH\CodeIgniter.php(934): App\Controllers\Ecomerce->index()
 7 SYSTEMPATH\CodeIgniter.php(499): CodeIgniter\CodeIgniter->runController(Object(App\Controllers\Ecomerce))
 8 SYSTEMPATH\CodeIgniter.php(368): CodeIgniter\CodeIgniter->handleRequest(null, Object(Config\Cache), false)
 9 FCPATH\index.php(67): CodeIgniter\CodeIgniter->run()
CRITICAL - 2023-06-07 02:49:15 --> Undefined variable $cat_subcat
in APPPATH\Views\ecomerce\index.php on line 8.
 1 APPPATH\Views\ecomerce\index.php(8): CodeIgniter\Debug\Exceptions->errorHandler(2, 'Undefined variable $cat_subcat', 'APPPATH\\Views\\ecomerce\\index.php', 8)
 2 SYSTEMPATH\View\View.php(213): include('APPPATH\\Views\\ecomerce\\index.php')
 3 SYSTEMPATH\View\View.php(216): CodeIgniter\View\View->CodeIgniter\View\{closure}()
 4 SYSTEMPATH\Common.php(1184): CodeIgniter\View\View->render('ecomerce/index', [], true)
 5 APPPATH\Controllers\Ecomerce.php(23): view('ecomerce/index')
 6 SYSTEMPATH\CodeIgniter.php(934): App\Controllers\Ecomerce->index()
 7 SYSTEMPATH\CodeIgniter.php(499): CodeIgniter\CodeIgniter->runController(Object(App\Controllers\Ecomerce))
 8 SYSTEMPATH\CodeIgniter.php(368): CodeIgniter\CodeIgniter->handleRequest(null, Object(Config\Cache), false)
 9 FCPATH\index.php(67): CodeIgniter\CodeIgniter->run()
CRITICAL - 2023-06-07 02:50:26 --> Undefined variable $cat_subcat
in APPPATH\Views\ecomerce\index.php on line 8.
 1 APPPATH\Views\ecomerce\index.php(8): CodeIgniter\Debug\Exceptions->errorHandler(2, 'Undefined variable $cat_subcat', 'APPPATH\\Views\\ecomerce\\index.php', 8)
 2 SYSTEMPATH\View\View.php(213): include('APPPATH\\Views\\ecomerce\\index.php')
 3 SYSTEMPATH\View\View.php(216): CodeIgniter\View\View->CodeIgniter\View\{closure}()
 4 SYSTEMPATH\Common.php(1184): CodeIgniter\View\View->render('ecomerce/index', [], true)
 5 APPPATH\Controllers\Ecomerce.php(23): view('ecomerce/index')
 6 SYSTEMPATH\CodeIgniter.php(934): App\Controllers\Ecomerce->index()
 7 SYSTEMPATH\CodeIgniter.php(499): CodeIgniter\CodeIgniter->runController(Object(App\Controllers\Ecomerce))
 8 SYSTEMPATH\CodeIgniter.php(368): CodeIgniter\CodeIgniter->handleRequest(null, Object(Config\Cache), false)
 9 FCPATH\index.php(67): CodeIgniter\CodeIgniter->run()
CRITICAL - 2023-06-07 02:52:13 --> Undefined variable $cat_subcat
in APPPATH\Views\ecomerce\index.php on line 8.
 1 APPPATH\Views\ecomerce\index.php(8): CodeIgniter\Debug\Exceptions->errorHandler(2, 'Undefined variable $cat_subcat', 'APPPATH\\Views\\ecomerce\\index.php', 8)
 2 SYSTEMPATH\View\View.php(213): include('APPPATH\\Views\\ecomerce\\index.php')
 3 SYSTEMPATH\View\View.php(216): CodeIgniter\View\View->CodeIgniter\View\{closure}()
 4 SYSTEMPATH\Common.php(1184): CodeIgniter\View\View->render('ecomerce/index', [], true)
 5 APPPATH\Controllers\Ecomerce.php(23): view('ecomerce/index')
 6 SYSTEMPATH\CodeIgniter.php(934): App\Controllers\Ecomerce->index()
 7 SYSTEMPATH\CodeIgniter.php(499): CodeIgniter\CodeIgniter->runController(Object(App\Controllers\Ecomerce))
 8 SYSTEMPATH\CodeIgniter.php(368): CodeIgniter\CodeIgniter->handleRequest(null, Object(Config\Cache), false)
 9 FCPATH\index.php(67): CodeIgniter\CodeIgniter->run()
CRITICAL - 2023-06-07 02:52:38 --> Trying to access array offset on value of type null
in APPPATH\Controllers\Ecomerce.php on line 81.
 1 APPPATH\Controllers\Ecomerce.php(81): CodeIgniter\Debug\Exceptions->errorHandler(2, 'Trying to access array offset on value of type null', 'APPPATH\\Controllers\\Ecomerce.php', 81)
 2 SYSTEMPATH\CodeIgniter.php(934): App\Controllers\Ecomerce->mostrarProducto('PROD-06230')
 3 SYSTEMPATH\CodeIgniter.php(499): CodeIgniter\CodeIgniter->runController(Object(App\Controllers\Ecomerce))
 4 SYSTEMPATH\CodeIgniter.php(368): CodeIgniter\CodeIgniter->handleRequest(null, Object(Config\Cache), false)
 5 FCPATH\index.php(67): CodeIgniter\CodeIgniter->run()
CRITICAL - 2023-06-07 02:56:00 --> Maximum execution time of 120 seconds exceeded
in SYSTEMPATH\Debug\Exceptions.php on line 165.
 1 [internal function]: CodeIgniter\Debug\Exceptions->shutdownHandler()
