CRITICAL - 2023-03-30 00:10:08 --> Call to undefined method App\Models\ProductoModel::getProductosConCategoria
in SYSTEMPATH\Model.php on line 842.
 1 APPPATH\Controllers\Ecomerce.php(50): CodeIgniter\Model->__call('getProductosConCategoria', [...])
 2 SYSTEMPATH\CodeIgniter.php(934): App\Controllers\Ecomerce->productos()
 3 SYSTEMPATH\CodeIgniter.php(499): CodeIgniter\CodeIgniter->runController(Object(App\Controllers\Ecomerce))
 4 SYSTEMPATH\CodeIgniter.php(368): CodeIgniter\CodeIgniter->handleRequest(null, Object(Config\Cache), false)
 5 FCPATH\index.php(67): CodeIgniter\CodeIgniter->run()
CRITICAL - 2023-03-30 00:10:21 --> Call to undefined method App\Models\ProductoModel::getProductosConCategoria
in SYSTEMPATH\Model.php on line 842.
 1 APPPATH\Controllers\Ecomerce.php(50): CodeIgniter\Model->__call('getProductosConCategoria', [...])
 2 SYSTEMPATH\CodeIgniter.php(934): App\Controllers\Ecomerce->productos()
 3 SYSTEMPATH\CodeIgniter.php(499): CodeIgniter\CodeIgniter->runController(Object(App\Controllers\Ecomerce))
 4 SYSTEMPATH\CodeIgniter.php(368): CodeIgniter\CodeIgniter->handleRequest(null, Object(Config\Cache), false)
 5 FCPATH\index.php(67): CodeIgniter\CodeIgniter->run()
ERROR - 2023-03-30 00:18:28 --> mysqli_sql_exception: You have an error in your SQL syntax; check the manual that corresponds to your MariaDB server version for the right syntax to use near '*
FROM `producto`
JOIN `producto_categoria` ON `producto`.`codigo` = `product...' at line 1 in C:\xampp\htdocs\acuaticostoscanini\system\Database\MySQLi\Connection.php:295
Stack trace:
#0 C:\xampp\htdocs\acuaticostoscanini\system\Database\MySQLi\Connection.php(295): mysqli->query('SELECT *, *\nFRO...', 0)
#1 C:\xampp\htdocs\acuaticostoscanini\system\Database\BaseConnection.php(691): CodeIgniter\Database\MySQLi\Connection->execute('SELECT *, *\nFRO...')
#2 C:\xampp\htdocs\acuaticostoscanini\system\Database\BaseConnection.php(605): CodeIgniter\Database\BaseConnection->simpleQuery('SELECT *, *\nFRO...')
#3 C:\xampp\htdocs\acuaticostoscanini\system\Database\BaseBuilder.php(1616): CodeIgniter\Database\BaseConnection->query('SELECT *, *\nFRO...', Array, false)
#4 C:\xampp\htdocs\acuaticostoscanini\system\Model.php(241): CodeIgniter\Database\BaseBuilder->get()
#5 C:\xampp\htdocs\acuaticostoscanini\system\BaseModel.php(618): CodeIgniter\Model->doFindAll(15, 0)
#6 C:\xampp\htdocs\acuaticostoscanini\system\BaseModel.php(1192): CodeIgniter\BaseModel->findAll(15, 0)
#7 C:\xampp\htdocs\acuaticostoscanini\app\Controllers\Ecomerce.php(66): CodeIgniter\BaseModel->paginate(15)
#8 C:\xampp\htdocs\acuaticostoscanini\system\CodeIgniter.php(934): App\Controllers\Ecomerce->productos()
#9 C:\xampp\htdocs\acuaticostoscanini\system\CodeIgniter.php(499): CodeIgniter\CodeIgniter->runController(Object(App\Controllers\Ecomerce))
#10 C:\xampp\htdocs\acuaticostoscanini\system\CodeIgniter.php(368): CodeIgniter\CodeIgniter->handleRequest(NULL, Object(Config\Cache), false)
#11 C:\xampp\htdocs\acuaticostoscanini\index.php(67): CodeIgniter\CodeIgniter->run()
#12 {main}
CRITICAL - 2023-03-30 00:18:28 --> You have an error in your SQL syntax; check the manual that corresponds to your MariaDB server version for the right syntax to use near '*
FROM `producto`
JOIN `producto_categoria` ON `producto`.`codigo` = `product...' at line 1
in SYSTEMPATH\Database\BaseConnection.php on line 645.
 1 SYSTEMPATH\Database\BaseBuilder.php(1616): CodeIgniter\Database\BaseConnection->query('SELECT *, *
FROM `producto`
JOIN `producto_categoria` ON `producto`.`codigo` = `producto_categoria`.`producto_codigo`
WHERE `producto_categoria`.`subcategoria_codigo` = :producto_categoria.subcategoria_codigo:
 LIMIT 15', [...], false)
 2 SYSTEMPATH\Model.php(241): CodeIgniter\Database\BaseBuilder->get()
 3 SYSTEMPATH\BaseModel.php(618): CodeIgniter\Model->doFindAll(15, 0)
 4 SYSTEMPATH\BaseModel.php(1192): CodeIgniter\BaseModel->findAll(15, 0)
 5 APPPATH\Controllers\Ecomerce.php(66): CodeIgniter\BaseModel->paginate(15)
 6 SYSTEMPATH\CodeIgniter.php(934): App\Controllers\Ecomerce->productos()
 7 SYSTEMPATH\CodeIgniter.php(499): CodeIgniter\CodeIgniter->runController(Object(App\Controllers\Ecomerce))
 8 SYSTEMPATH\CodeIgniter.php(368): CodeIgniter\CodeIgniter->handleRequest(null, Object(Config\Cache), false)
 9 FCPATH\index.php(67): CodeIgniter\CodeIgniter->run()
ERROR - 2023-03-30 00:23:41 --> mysqli_sql_exception: You have an error in your SQL syntax; check the manual that corresponds to your MariaDB server version for the right syntax to use near '*
FROM `producto`
JOIN `producto_categoria` ON `producto`.`codigo` = `product...' at line 1 in C:\xampp\htdocs\acuaticostoscanini\system\Database\MySQLi\Connection.php:295
Stack trace:
#0 C:\xampp\htdocs\acuaticostoscanini\system\Database\MySQLi\Connection.php(295): mysqli->query('SELECT *, *\nFRO...', 0)
#1 C:\xampp\htdocs\acuaticostoscanini\system\Database\BaseConnection.php(691): CodeIgniter\Database\MySQLi\Connection->execute('SELECT *, *\nFRO...')
#2 C:\xampp\htdocs\acuaticostoscanini\system\Database\BaseConnection.php(605): CodeIgniter\Database\BaseConnection->simpleQuery('SELECT *, *\nFRO...')
#3 C:\xampp\htdocs\acuaticostoscanini\system\Database\BaseBuilder.php(1616): CodeIgniter\Database\BaseConnection->query('SELECT *, *\nFRO...', Array, false)
#4 C:\xampp\htdocs\acuaticostoscanini\system\Model.php(241): CodeIgniter\Database\BaseBuilder->get()
#5 C:\xampp\htdocs\acuaticostoscanini\system\BaseModel.php(618): CodeIgniter\Model->doFindAll(15, 0)
#6 C:\xampp\htdocs\acuaticostoscanini\system\BaseModel.php(1192): CodeIgniter\BaseModel->findAll(15, 0)
#7 C:\xampp\htdocs\acuaticostoscanini\app\Controllers\Ecomerce.php(67): CodeIgniter\BaseModel->paginate(15)
#8 C:\xampp\htdocs\acuaticostoscanini\system\CodeIgniter.php(934): App\Controllers\Ecomerce->productos()
#9 C:\xampp\htdocs\acuaticostoscanini\system\CodeIgniter.php(499): CodeIgniter\CodeIgniter->runController(Object(App\Controllers\Ecomerce))
#10 C:\xampp\htdocs\acuaticostoscanini\system\CodeIgniter.php(368): CodeIgniter\CodeIgniter->handleRequest(NULL, Object(Config\Cache), false)
#11 C:\xampp\htdocs\acuaticostoscanini\index.php(67): CodeIgniter\CodeIgniter->run()
#12 {main}
CRITICAL - 2023-03-30 00:23:41 --> You have an error in your SQL syntax; check the manual that corresponds to your MariaDB server version for the right syntax to use near '*
FROM `producto`
JOIN `producto_categoria` ON `producto`.`codigo` = `product...' at line 1
in SYSTEMPATH\Database\BaseConnection.php on line 645.
 1 SYSTEMPATH\Database\BaseBuilder.php(1616): CodeIgniter\Database\BaseConnection->query('SELECT *, *
FROM `producto`
JOIN `producto_categoria` ON `producto`.`codigo` = `producto_categoria`.`producto_codigo`
WHERE `producto_categoria`.`subcategoria_codigo` = :producto_categoria.subcategoria_codigo:
 LIMIT 15', [...], false)
 2 SYSTEMPATH\Model.php(241): CodeIgniter\Database\BaseBuilder->get()
 3 SYSTEMPATH\BaseModel.php(618): CodeIgniter\Model->doFindAll(15, 0)
 4 SYSTEMPATH\BaseModel.php(1192): CodeIgniter\BaseModel->findAll(15, 0)
 5 APPPATH\Controllers\Ecomerce.php(67): CodeIgniter\BaseModel->paginate(15)
 6 SYSTEMPATH\CodeIgniter.php(934): App\Controllers\Ecomerce->productos()
 7 SYSTEMPATH\CodeIgniter.php(499): CodeIgniter\CodeIgniter->runController(Object(App\Controllers\Ecomerce))
 8 SYSTEMPATH\CodeIgniter.php(368): CodeIgniter\CodeIgniter->handleRequest(null, Object(Config\Cache), false)
 9 FCPATH\index.php(67): CodeIgniter\CodeIgniter->run()
CRITICAL - 2023-03-30 00:30:30 --> Call to undefined function App\Controllers\obtenerProductosFiltro()
in APPPATH\Controllers\Ecomerce.php on line 41.
 1 SYSTEMPATH\CodeIgniter.php(934): App\Controllers\Ecomerce->productos()
 2 SYSTEMPATH\CodeIgniter.php(499): CodeIgniter\CodeIgniter->runController(Object(App\Controllers\Ecomerce))
 3 SYSTEMPATH\CodeIgniter.php(368): CodeIgniter\CodeIgniter->handleRequest(null, Object(Config\Cache), false)
 4 FCPATH\index.php(67): CodeIgniter\CodeIgniter->run()
CRITICAL - 2023-03-30 00:30:59 --> Call to undefined function App\Controllers\obtenerProductosFiltro()
in APPPATH\Controllers\Ecomerce.php on line 41.
 1 SYSTEMPATH\CodeIgniter.php(934): App\Controllers\Ecomerce->productos()
 2 SYSTEMPATH\CodeIgniter.php(499): CodeIgniter\CodeIgniter->runController(Object(App\Controllers\Ecomerce))
 3 SYSTEMPATH\CodeIgniter.php(368): CodeIgniter\CodeIgniter->handleRequest(null, Object(Config\Cache), false)
 4 FCPATH\index.php(67): CodeIgniter\CodeIgniter->run()
ERROR - 2023-03-30 00:35:57 --> mysqli_sql_exception: Unknown column 'producto.categoria' in 'on clause' in C:\xampp\htdocs\acuaticostoscanini\system\Database\MySQLi\Connection.php:295
Stack trace:
#0 C:\xampp\htdocs\acuaticostoscanini\system\Database\MySQLi\Connection.php(295): mysqli->query('SELECT `product...', 0)
#1 C:\xampp\htdocs\acuaticostoscanini\system\Database\BaseConnection.php(691): CodeIgniter\Database\MySQLi\Connection->execute('SELECT `product...')
#2 C:\xampp\htdocs\acuaticostoscanini\system\Database\BaseConnection.php(605): CodeIgniter\Database\BaseConnection->simpleQuery('SELECT `product...')
#3 C:\xampp\htdocs\acuaticostoscanini\system\Database\BaseBuilder.php(1616): CodeIgniter\Database\BaseConnection->query('SELECT `product...', Array, false)
#4 C:\xampp\htdocs\acuaticostoscanini\system\Model.php(268): CodeIgniter\Database\BaseBuilder->get()
#5 C:\xampp\htdocs\acuaticostoscanini\system\BaseModel.php(656): CodeIgniter\Model->doFirst()
#6 C:\xampp\htdocs\acuaticostoscanini\app\Models\ProductoModel.php(51): CodeIgniter\BaseModel->first()
#7 C:\xampp\htdocs\acuaticostoscanini\app\Controllers\Ecomerce.php(74): App\Models\ProductoModel->getProductByCode('PROD-28277')
#8 C:\xampp\htdocs\acuaticostoscanini\system\CodeIgniter.php(934): App\Controllers\Ecomerce->mostrarProducto('PROD-28277')
#9 C:\xampp\htdocs\acuaticostoscanini\system\CodeIgniter.php(499): CodeIgniter\CodeIgniter->runController(Object(App\Controllers\Ecomerce))
#10 C:\xampp\htdocs\acuaticostoscanini\system\CodeIgniter.php(368): CodeIgniter\CodeIgniter->handleRequest(NULL, Object(Config\Cache), false)
#11 C:\xampp\htdocs\acuaticostoscanini\index.php(67): CodeIgniter\CodeIgniter->run()
#12 {main}
CRITICAL - 2023-03-30 00:35:57 --> Unknown column 'producto.categoria' in 'on clause'
in SYSTEMPATH\Database\BaseConnection.php on line 645.
 1 SYSTEMPATH\Database\BaseBuilder.php(1616): CodeIgniter\Database\BaseConnection->query('SELECT `producto`.*, `categoria`.`nombre` as `nombre_categoria`
FROM `producto`
JOIN `categoria` ON `producto`.`categoria` = `categoria`.`id_categoria`
WHERE `producto`.`codigo` = :producto.codigo:
 LIMIT 1', [...], false)
 2 SYSTEMPATH\Model.php(268): CodeIgniter\Database\BaseBuilder->get()
 3 SYSTEMPATH\BaseModel.php(656): CodeIgniter\Model->doFirst()
 4 APPPATH\Models\ProductoModel.php(51): CodeIgniter\BaseModel->first()
 5 APPPATH\Controllers\Ecomerce.php(74): App\Models\ProductoModel->getProductByCode('PROD-28277')
 6 SYSTEMPATH\CodeIgniter.php(934): App\Controllers\Ecomerce->mostrarProducto('PROD-28277')
 7 SYSTEMPATH\CodeIgniter.php(499): CodeIgniter\CodeIgniter->runController(Object(App\Controllers\Ecomerce))
 8 SYSTEMPATH\CodeIgniter.php(368): CodeIgniter\CodeIgniter->handleRequest(null, Object(Config\Cache), false)
 9 FCPATH\index.php(67): CodeIgniter\CodeIgniter->run()
ERROR - 2023-03-30 00:36:32 --> mysqli_sql_exception: Unknown column 'producto.categoria' in 'on clause' in C:\xampp\htdocs\acuaticostoscanini\system\Database\MySQLi\Connection.php:295
Stack trace:
#0 C:\xampp\htdocs\acuaticostoscanini\system\Database\MySQLi\Connection.php(295): mysqli->query('SELECT `product...', 0)
#1 C:\xampp\htdocs\acuaticostoscanini\system\Database\BaseConnection.php(691): CodeIgniter\Database\MySQLi\Connection->execute('SELECT `product...')
#2 C:\xampp\htdocs\acuaticostoscanini\system\Database\BaseConnection.php(605): CodeIgniter\Database\BaseConnection->simpleQuery('SELECT `product...')
#3 C:\xampp\htdocs\acuaticostoscanini\system\Database\BaseBuilder.php(1616): CodeIgniter\Database\BaseConnection->query('SELECT `product...', Array, false)
#4 C:\xampp\htdocs\acuaticostoscanini\system\Model.php(268): CodeIgniter\Database\BaseBuilder->get()
#5 C:\xampp\htdocs\acuaticostoscanini\system\BaseModel.php(656): CodeIgniter\Model->doFirst()
#6 C:\xampp\htdocs\acuaticostoscanini\app\Models\ProductoModel.php(51): CodeIgniter\BaseModel->first()
#7 C:\xampp\htdocs\acuaticostoscanini\app\Controllers\Ecomerce.php(74): App\Models\ProductoModel->getProductByCode('PROD-28277')
#8 C:\xampp\htdocs\acuaticostoscanini\system\CodeIgniter.php(934): App\Controllers\Ecomerce->mostrarProducto('PROD-28277')
#9 C:\xampp\htdocs\acuaticostoscanini\system\CodeIgniter.php(499): CodeIgniter\CodeIgniter->runController(Object(App\Controllers\Ecomerce))
#10 C:\xampp\htdocs\acuaticostoscanini\system\CodeIgniter.php(368): CodeIgniter\CodeIgniter->handleRequest(NULL, Object(Config\Cache), false)
#11 C:\xampp\htdocs\acuaticostoscanini\index.php(67): CodeIgniter\CodeIgniter->run()
#12 {main}
CRITICAL - 2023-03-30 00:36:32 --> Unknown column 'producto.categoria' in 'on clause'
in SYSTEMPATH\Database\BaseConnection.php on line 645.
 1 SYSTEMPATH\Database\BaseBuilder.php(1616): CodeIgniter\Database\BaseConnection->query('SELECT `producto`.*, `categoria`.`nombre` as `nombre_categoria`
FROM `producto`
JOIN `categoria` ON `producto`.`categoria` = `categoria`.`id_categoria`
WHERE `producto`.`codigo` = :producto.codigo:
 LIMIT 1', [...], false)
 2 SYSTEMPATH\Model.php(268): CodeIgniter\Database\BaseBuilder->get()
 3 SYSTEMPATH\BaseModel.php(656): CodeIgniter\Model->doFirst()
 4 APPPATH\Models\ProductoModel.php(51): CodeIgniter\BaseModel->first()
 5 APPPATH\Controllers\Ecomerce.php(74): App\Models\ProductoModel->getProductByCode('PROD-28277')
 6 SYSTEMPATH\CodeIgniter.php(934): App\Controllers\Ecomerce->mostrarProducto('PROD-28277')
 7 SYSTEMPATH\CodeIgniter.php(499): CodeIgniter\CodeIgniter->runController(Object(App\Controllers\Ecomerce))
 8 SYSTEMPATH\CodeIgniter.php(368): CodeIgniter\CodeIgniter->handleRequest(null, Object(Config\Cache), false)
 9 FCPATH\index.php(67): CodeIgniter\CodeIgniter->run()
ERROR - 2023-03-30 03:39:38 --> mysqli_sql_exception: Unknown column 'id_imagen_portada' in 'field list' in C:\xampp\htdocs\acuaticostoscanini\system\Database\MySQLi\Connection.php:295
Stack trace:
#0 C:\xampp\htdocs\acuaticostoscanini\system\Database\MySQLi\Connection.php(295): mysqli->query('INSERT INTO `pr...', 0)
#1 C:\xampp\htdocs\acuaticostoscanini\system\Database\BaseConnection.php(691): CodeIgniter\Database\MySQLi\Connection->execute('INSERT INTO `pr...')
#2 C:\xampp\htdocs\acuaticostoscanini\system\Database\BaseConnection.php(605): CodeIgniter\Database\BaseConnection->simpleQuery('INSERT INTO `pr...')
#3 C:\xampp\htdocs\acuaticostoscanini\system\Database\BaseBuilder.php(1801): CodeIgniter\Database\BaseConnection->query('INSERT INTO `pr...', NULL, false)
#4 C:\xampp\htdocs\acuaticostoscanini\system\Database\BaseBuilder.php(2192): CodeIgniter\Database\BaseBuilder->batchExecute('_insertBatch', 100)
#5 C:\xampp\htdocs\acuaticostoscanini\app\Database\Seeds\ProductoSeeder.php(44): CodeIgniter\Database\BaseBuilder->insertBatch(Array)
#6 C:\xampp\htdocs\acuaticostoscanini\system\Database\Seeder.php(146): App\Database\Seeds\ProductoSeeder->run()
#7 C:\xampp\htdocs\acuaticostoscanini\system\Commands\Database\Seed.php(77): CodeIgniter\Database\Seeder->call('App\\Database\\Se...')
#8 C:\xampp\htdocs\acuaticostoscanini\system\CLI\Commands.php(65): CodeIgniter\Commands\Database\Seed->run(Array)
#9 C:\xampp\htdocs\acuaticostoscanini\system\CLI\Console.php(37): CodeIgniter\CLI\Commands->run('db:seed', Array)
#10 C:\xampp\htdocs\acuaticostoscanini\spark(97): CodeIgniter\CLI\Console->run()
#11 {main}
ERROR - 2023-03-30 03:40:16 --> mysqli_sql_exception: Unknown column 'id_imagen_portada' in 'field list' in C:\xampp\htdocs\acuaticostoscanini\system\Database\MySQLi\Connection.php:295
Stack trace:
#0 C:\xampp\htdocs\acuaticostoscanini\system\Database\MySQLi\Connection.php(295): mysqli->query('INSERT INTO `pr...', 0)
#1 C:\xampp\htdocs\acuaticostoscanini\system\Database\BaseConnection.php(691): CodeIgniter\Database\MySQLi\Connection->execute('INSERT INTO `pr...')
#2 C:\xampp\htdocs\acuaticostoscanini\system\Database\BaseConnection.php(605): CodeIgniter\Database\BaseConnection->simpleQuery('INSERT INTO `pr...')
#3 C:\xampp\htdocs\acuaticostoscanini\system\Database\BaseBuilder.php(1801): CodeIgniter\Database\BaseConnection->query('INSERT INTO `pr...', NULL, false)
#4 C:\xampp\htdocs\acuaticostoscanini\system\Database\BaseBuilder.php(2192): CodeIgniter\Database\BaseBuilder->batchExecute('_insertBatch', 100)
#5 C:\xampp\htdocs\acuaticostoscanini\app\Database\Seeds\ProductoSeeder.php(44): CodeIgniter\Database\BaseBuilder->insertBatch(Array)
#6 C:\xampp\htdocs\acuaticostoscanini\system\Database\Seeder.php(146): App\Database\Seeds\ProductoSeeder->run()
#7 C:\xampp\htdocs\acuaticostoscanini\system\Commands\Database\Seed.php(77): CodeIgniter\Database\Seeder->call('App\\Database\\Se...')
#8 C:\xampp\htdocs\acuaticostoscanini\system\CLI\Commands.php(65): CodeIgniter\Commands\Database\Seed->run(Array)
#9 C:\xampp\htdocs\acuaticostoscanini\system\CLI\Console.php(37): CodeIgniter\CLI\Commands->run('db:seed', Array)
#10 C:\xampp\htdocs\acuaticostoscanini\spark(97): CodeIgniter\CLI\Console->run()
#11 {main}
ERROR - 2023-03-30 03:45:09 --> mysqli_sql_exception: Unknown column 'producto.id' in 'on clause' in C:\xampp\htdocs\acuaticostoscanini\system\Database\MySQLi\Connection.php:295
Stack trace:
#0 C:\xampp\htdocs\acuaticostoscanini\system\Database\MySQLi\Connection.php(295): mysqli->query('UPDATE `product...', 0)
#1 C:\xampp\htdocs\acuaticostoscanini\system\Database\BaseConnection.php(691): CodeIgniter\Database\MySQLi\Connection->execute('UPDATE `product...')
#2 C:\xampp\htdocs\acuaticostoscanini\system\Database\BaseConnection.php(605): CodeIgniter\Database\BaseConnection->simpleQuery('UPDATE `product...')
#3 C:\xampp\htdocs\acuaticostoscanini\system\Database\BaseBuilder.php(1801): CodeIgniter\Database\BaseConnection->query('UPDATE `product...', NULL, false)
#4 C:\xampp\htdocs\acuaticostoscanini\system\Database\BaseBuilder.php(2562): CodeIgniter\Database\BaseBuilder->batchExecute('_updateBatch', 100)
#5 C:\xampp\htdocs\acuaticostoscanini\app\Database\Seeds\PortadaProductoSeeder.php(34): CodeIgniter\Database\BaseBuilder->updateBatch(Array, 'id')
#6 C:\xampp\htdocs\acuaticostoscanini\system\Database\Seeder.php(146): App\Database\Seeds\PortadaProductoSeeder->run()
#7 C:\xampp\htdocs\acuaticostoscanini\system\Commands\Database\Seed.php(77): CodeIgniter\Database\Seeder->call('App\\Database\\Se...')
#8 C:\xampp\htdocs\acuaticostoscanini\system\CLI\Commands.php(65): CodeIgniter\Commands\Database\Seed->run(Array)
#9 C:\xampp\htdocs\acuaticostoscanini\system\CLI\Console.php(37): CodeIgniter\CLI\Commands->run('db:seed', Array)
#10 C:\xampp\htdocs\acuaticostoscanini\spark(97): CodeIgniter\CLI\Console->run()
#11 {main}
ERROR - 2023-03-30 03:45:39 --> mysqli_sql_exception: Unknown column 'producto.id' in 'on clause' in C:\xampp\htdocs\acuaticostoscanini\system\Database\MySQLi\Connection.php:295
Stack trace:
#0 C:\xampp\htdocs\acuaticostoscanini\system\Database\MySQLi\Connection.php(295): mysqli->query('UPDATE `product...', 0)
#1 C:\xampp\htdocs\acuaticostoscanini\system\Database\BaseConnection.php(691): CodeIgniter\Database\MySQLi\Connection->execute('UPDATE `product...')
#2 C:\xampp\htdocs\acuaticostoscanini\system\Database\BaseConnection.php(605): CodeIgniter\Database\BaseConnection->simpleQuery('UPDATE `product...')
#3 C:\xampp\htdocs\acuaticostoscanini\system\Database\BaseBuilder.php(1801): CodeIgniter\Database\BaseConnection->query('UPDATE `product...', NULL, false)
#4 C:\xampp\htdocs\acuaticostoscanini\system\Database\BaseBuilder.php(2562): CodeIgniter\Database\BaseBuilder->batchExecute('_updateBatch', 100)
#5 C:\xampp\htdocs\acuaticostoscanini\app\Database\Seeds\PortadaProductoSeeder.php(34): CodeIgniter\Database\BaseBuilder->updateBatch(Array, 'id')
#6 C:\xampp\htdocs\acuaticostoscanini\system\Database\Seeder.php(146): App\Database\Seeds\PortadaProductoSeeder->run()
#7 C:\xampp\htdocs\acuaticostoscanini\system\Commands\Database\Seed.php(77): CodeIgniter\Database\Seeder->call('App\\Database\\Se...')
#8 C:\xampp\htdocs\acuaticostoscanini\system\CLI\Commands.php(65): CodeIgniter\Commands\Database\Seed->run(Array)
#9 C:\xampp\htdocs\acuaticostoscanini\system\CLI\Console.php(37): CodeIgniter\CLI\Commands->run('db:seed', Array)
#10 C:\xampp\htdocs\acuaticostoscanini\spark(97): CodeIgniter\CLI\Console->run()
#11 {main}
ERROR - 2023-03-30 03:52:23 --> mysqli_sql_exception: Unknown column 'producto.id' in 'on clause' in C:\xampp\htdocs\acuaticostoscanini\system\Database\MySQLi\Connection.php:295
Stack trace:
#0 C:\xampp\htdocs\acuaticostoscanini\system\Database\MySQLi\Connection.php(295): mysqli->query('SELECT producto...', 0)
#1 C:\xampp\htdocs\acuaticostoscanini\system\Database\BaseConnection.php(691): CodeIgniter\Database\MySQLi\Connection->execute('SELECT producto...')
#2 C:\xampp\htdocs\acuaticostoscanini\system\Database\BaseConnection.php(605): CodeIgniter\Database\BaseConnection->simpleQuery('SELECT producto...')
#3 C:\xampp\htdocs\acuaticostoscanini\app\Database\Seeds\PortadaProductoSeeder.php(12): CodeIgniter\Database\BaseConnection->query('SELECT producto...')
#4 C:\xampp\htdocs\acuaticostoscanini\system\Database\Seeder.php(146): App\Database\Seeds\PortadaProductoSeeder->run()
#5 C:\xampp\htdocs\acuaticostoscanini\system\Commands\Database\Seed.php(77): CodeIgniter\Database\Seeder->call('App\\Database\\Se...')
#6 C:\xampp\htdocs\acuaticostoscanini\system\CLI\Commands.php(65): CodeIgniter\Commands\Database\Seed->run(Array)
#7 C:\xampp\htdocs\acuaticostoscanini\system\CLI\Console.php(37): CodeIgniter\CLI\Commands->run('db:seed', Array)
#8 C:\xampp\htdocs\acuaticostoscanini\spark(97): CodeIgniter\CLI\Console->run()
#9 {main}
CRITICAL - 2023-03-30 04:12:49 --> Call to a member function paginate() on array
in APPPATH\Controllers\Ecomerce.php on line 52.
 1 SYSTEMPATH\CodeIgniter.php(934): App\Controllers\Ecomerce->productos()
 2 SYSTEMPATH\CodeIgniter.php(499): CodeIgniter\CodeIgniter->runController(Object(App\Controllers\Ecomerce))
 3 SYSTEMPATH\CodeIgniter.php(368): CodeIgniter\CodeIgniter->handleRequest(null, Object(Config\Cache), false)
 4 FCPATH\index.php(67): CodeIgniter\CodeIgniter->run()
ERROR - 2023-03-30 04:20:17 --> mysqli_sql_exception: Unknown column 'producto*' in 'field list' in C:\xampp\htdocs\acuaticostoscanini\system\Database\MySQLi\Connection.php:295
Stack trace:
#0 C:\xampp\htdocs\acuaticostoscanini\system\Database\MySQLi\Connection.php(295): mysqli->query('SELECT `product...', 0)
#1 C:\xampp\htdocs\acuaticostoscanini\system\Database\BaseConnection.php(691): CodeIgniter\Database\MySQLi\Connection->execute('SELECT `product...')
#2 C:\xampp\htdocs\acuaticostoscanini\system\Database\BaseConnection.php(605): CodeIgniter\Database\BaseConnection->simpleQuery('SELECT `product...')
#3 C:\xampp\htdocs\acuaticostoscanini\system\Database\BaseBuilder.php(1616): CodeIgniter\Database\BaseConnection->query('SELECT `product...', Array, false)
#4 C:\xampp\htdocs\acuaticostoscanini\system\Model.php(241): CodeIgniter\Database\BaseBuilder->get()
#5 C:\xampp\htdocs\acuaticostoscanini\system\BaseModel.php(618): CodeIgniter\Model->doFindAll(15, 0)
#6 C:\xampp\htdocs\acuaticostoscanini\system\BaseModel.php(1192): CodeIgniter\BaseModel->findAll(15, 0)
#7 C:\xampp\htdocs\acuaticostoscanini\app\Controllers\Ecomerce.php(52): CodeIgniter\BaseModel->paginate(15)
#8 C:\xampp\htdocs\acuaticostoscanini\system\CodeIgniter.php(934): App\Controllers\Ecomerce->productos()
#9 C:\xampp\htdocs\acuaticostoscanini\system\CodeIgniter.php(499): CodeIgniter\CodeIgniter->runController(Object(App\Controllers\Ecomerce))
#10 C:\xampp\htdocs\acuaticostoscanini\system\CodeIgniter.php(368): CodeIgniter\CodeIgniter->handleRequest(NULL, Object(Config\Cache), false)
#11 C:\xampp\htdocs\acuaticostoscanini\index.php(67): CodeIgniter\CodeIgniter->run()
#12 {main}
CRITICAL - 2023-03-30 04:20:17 --> Unknown column 'producto*' in 'field list'
in SYSTEMPATH\Database\BaseConnection.php on line 645.
 1 SYSTEMPATH\Database\BaseBuilder.php(1616): CodeIgniter\Database\BaseConnection->query('SELECT `producto*`
FROM `producto`
JOIN `producto_categoria` ON `producto`.`codigo` = `producto_categoria`.`producto_codigo`
JOIN `subcategoria_categoria` ON `producto_categoria`.`subcategoria_codigo` = `subcategoria_categoria`.`subcategoria_codigo`
JOIN `imagen` ON `imagen`.`id` = `producto`.`portada`
WHERE `subcategoria_categoria`.`categoria_codigo` = :subcategoria_categoria.categoria_codigo:
 LIMIT 15', [...], false)
 2 SYSTEMPATH\Model.php(241): CodeIgniter\Database\BaseBuilder->get()
 3 SYSTEMPATH\BaseModel.php(618): CodeIgniter\Model->doFindAll(15, 0)
 4 SYSTEMPATH\BaseModel.php(1192): CodeIgniter\BaseModel->findAll(15, 0)
 5 APPPATH\Controllers\Ecomerce.php(52): CodeIgniter\BaseModel->paginate(15)
 6 SYSTEMPATH\CodeIgniter.php(934): App\Controllers\Ecomerce->productos()
 7 SYSTEMPATH\CodeIgniter.php(499): CodeIgniter\CodeIgniter->runController(Object(App\Controllers\Ecomerce))
 8 SYSTEMPATH\CodeIgniter.php(368): CodeIgniter\CodeIgniter->handleRequest(null, Object(Config\Cache), false)
 9 FCPATH\index.php(67): CodeIgniter\CodeIgniter->run()
ERROR - 2023-03-30 04:20:59 --> mysqli_sql_exception: Unknown column 'producto*' in 'field list' in C:\xampp\htdocs\acuaticostoscanini\system\Database\MySQLi\Connection.php:295
Stack trace:
#0 C:\xampp\htdocs\acuaticostoscanini\system\Database\MySQLi\Connection.php(295): mysqli->query('SELECT `product...', 0)
#1 C:\xampp\htdocs\acuaticostoscanini\system\Database\BaseConnection.php(691): CodeIgniter\Database\MySQLi\Connection->execute('SELECT `product...')
#2 C:\xampp\htdocs\acuaticostoscanini\system\Database\BaseConnection.php(605): CodeIgniter\Database\BaseConnection->simpleQuery('SELECT `product...')
#3 C:\xampp\htdocs\acuaticostoscanini\system\Database\BaseBuilder.php(1616): CodeIgniter\Database\BaseConnection->query('SELECT `product...', Array, false)
#4 C:\xampp\htdocs\acuaticostoscanini\system\Model.php(241): CodeIgniter\Database\BaseBuilder->get()
#5 C:\xampp\htdocs\acuaticostoscanini\system\BaseModel.php(618): CodeIgniter\Model->doFindAll(15, 0)
#6 C:\xampp\htdocs\acuaticostoscanini\system\BaseModel.php(1192): CodeIgniter\BaseModel->findAll(15, 0)
#7 C:\xampp\htdocs\acuaticostoscanini\app\Controllers\Ecomerce.php(52): CodeIgniter\BaseModel->paginate(15)
#8 C:\xampp\htdocs\acuaticostoscanini\system\CodeIgniter.php(934): App\Controllers\Ecomerce->productos()
#9 C:\xampp\htdocs\acuaticostoscanini\system\CodeIgniter.php(499): CodeIgniter\CodeIgniter->runController(Object(App\Controllers\Ecomerce))
#10 C:\xampp\htdocs\acuaticostoscanini\system\CodeIgniter.php(368): CodeIgniter\CodeIgniter->handleRequest(NULL, Object(Config\Cache), false)
#11 C:\xampp\htdocs\acuaticostoscanini\index.php(67): CodeIgniter\CodeIgniter->run()
#12 {main}
CRITICAL - 2023-03-30 04:20:59 --> Unknown column 'producto*' in 'field list'
in SYSTEMPATH\Database\BaseConnection.php on line 645.
 1 SYSTEMPATH\Database\BaseBuilder.php(1616): CodeIgniter\Database\BaseConnection->query('SELECT `producto*`, `imagen`.`path`
FROM `producto`
JOIN `producto_categoria` ON `producto`.`codigo` = `producto_categoria`.`producto_codigo`
JOIN `subcategoria_categoria` ON `producto_categoria`.`subcategoria_codigo` = `subcategoria_categoria`.`subcategoria_codigo`
JOIN `imagen` ON `imagen`.`id` = `producto`.`portada`
WHERE `subcategoria_categoria`.`categoria_codigo` = :subcategoria_categoria.categoria_codigo:
 LIMIT 15', [...], false)
 2 SYSTEMPATH\Model.php(241): CodeIgniter\Database\BaseBuilder->get()
 3 SYSTEMPATH\BaseModel.php(618): CodeIgniter\Model->doFindAll(15, 0)
 4 SYSTEMPATH\BaseModel.php(1192): CodeIgniter\BaseModel->findAll(15, 0)
 5 APPPATH\Controllers\Ecomerce.php(52): CodeIgniter\BaseModel->paginate(15)
 6 SYSTEMPATH\CodeIgniter.php(934): App\Controllers\Ecomerce->productos()
 7 SYSTEMPATH\CodeIgniter.php(499): CodeIgniter\CodeIgniter->runController(Object(App\Controllers\Ecomerce))
 8 SYSTEMPATH\CodeIgniter.php(368): CodeIgniter\CodeIgniter->handleRequest(null, Object(Config\Cache), false)
 9 FCPATH\index.php(67): CodeIgniter\CodeIgniter->run()
ERROR - 2023-03-30 04:29:14 --> mysqli_sql_exception: Unknown column 'producto*' in 'field list' in C:\xampp\htdocs\acuaticostoscanini\system\Database\MySQLi\Connection.php:295
Stack trace:
#0 C:\xampp\htdocs\acuaticostoscanini\system\Database\MySQLi\Connection.php(295): mysqli->query('SELECT `product...', 0)
#1 C:\xampp\htdocs\acuaticostoscanini\system\Database\BaseConnection.php(691): CodeIgniter\Database\MySQLi\Connection->execute('SELECT `product...')
#2 C:\xampp\htdocs\acuaticostoscanini\system\Database\BaseConnection.php(605): CodeIgniter\Database\BaseConnection->simpleQuery('SELECT `product...')
#3 C:\xampp\htdocs\acuaticostoscanini\system\Database\BaseBuilder.php(1616): CodeIgniter\Database\BaseConnection->query('SELECT `product...', Array, false)
#4 C:\xampp\htdocs\acuaticostoscanini\system\Model.php(241): CodeIgniter\Database\BaseBuilder->get()
#5 C:\xampp\htdocs\acuaticostoscanini\system\BaseModel.php(618): CodeIgniter\Model->doFindAll(15, 0)
#6 C:\xampp\htdocs\acuaticostoscanini\system\BaseModel.php(1192): CodeIgniter\BaseModel->findAll(15, 0)
#7 C:\xampp\htdocs\acuaticostoscanini\app\Controllers\Ecomerce.php(52): CodeIgniter\BaseModel->paginate(15)
#8 C:\xampp\htdocs\acuaticostoscanini\system\CodeIgniter.php(934): App\Controllers\Ecomerce->productos()
#9 C:\xampp\htdocs\acuaticostoscanini\system\CodeIgniter.php(499): CodeIgniter\CodeIgniter->runController(Object(App\Controllers\Ecomerce))
#10 C:\xampp\htdocs\acuaticostoscanini\system\CodeIgniter.php(368): CodeIgniter\CodeIgniter->handleRequest(NULL, Object(Config\Cache), false)
#11 C:\xampp\htdocs\acuaticostoscanini\index.php(67): CodeIgniter\CodeIgniter->run()
#12 {main}
CRITICAL - 2023-03-30 04:29:14 --> Unknown column 'producto*' in 'field list'
in SYSTEMPATH\Database\BaseConnection.php on line 645.
 1 SYSTEMPATH\Database\BaseBuilder.php(1616): CodeIgniter\Database\BaseConnection->query('SELECT `producto*`, `imagen`.`path`
FROM `producto`
JOIN `producto_categoria` ON `producto`.`codigo` = `producto_categoria`.`producto_codigo`
JOIN `subcategoria_categoria` ON `producto_categoria`.`subcategoria_codigo` = `subcategoria_categoria`.`subcategoria_codigo`
JOIN `imagen` ON `imagen`.`id` = `producto`.`portada`
WHERE `subcategoria_categoria`.`categoria_codigo` = :subcategoria_categoria.categoria_codigo:
 LIMIT 15', [...], false)
 2 SYSTEMPATH\Model.php(241): CodeIgniter\Database\BaseBuilder->get()
 3 SYSTEMPATH\BaseModel.php(618): CodeIgniter\Model->doFindAll(15, 0)
 4 SYSTEMPATH\BaseModel.php(1192): CodeIgniter\BaseModel->findAll(15, 0)
 5 APPPATH\Controllers\Ecomerce.php(52): CodeIgniter\BaseModel->paginate(15)
 6 SYSTEMPATH\CodeIgniter.php(934): App\Controllers\Ecomerce->productos()
 7 SYSTEMPATH\CodeIgniter.php(499): CodeIgniter\CodeIgniter->runController(Object(App\Controllers\Ecomerce))
 8 SYSTEMPATH\CodeIgniter.php(368): CodeIgniter\CodeIgniter->handleRequest(null, Object(Config\Cache), false)
 9 FCPATH\index.php(67): CodeIgniter\CodeIgniter->run()
CRITICAL - 2023-03-30 04:55:09 --> Cannot use object of type CodeIgniter\Database\MySQLi\Builder as array
in APPPATH\Controllers\Ecomerce.php on line 75.
 1 SYSTEMPATH\CodeIgniter.php(934): App\Controllers\Ecomerce->mostrarProducto('PROD-01660')
 2 SYSTEMPATH\CodeIgniter.php(499): CodeIgniter\CodeIgniter->runController(Object(App\Controllers\Ecomerce))
 3 SYSTEMPATH\CodeIgniter.php(368): CodeIgniter\CodeIgniter->handleRequest(null, Object(Config\Cache), false)
 4 FCPATH\index.php(67): CodeIgniter\CodeIgniter->run()
ERROR - 2023-03-30 05:06:08 --> mysqli_sql_exception: Unknown column 'imagen.producto' in 'where clause' in C:\xampp\htdocs\acuaticostoscanini\system\Database\MySQLi\Connection.php:295
Stack trace:
#0 C:\xampp\htdocs\acuaticostoscanini\system\Database\MySQLi\Connection.php(295): mysqli->query('SELECT *\nFROM `...', 0)
#1 C:\xampp\htdocs\acuaticostoscanini\system\Database\BaseConnection.php(691): CodeIgniter\Database\MySQLi\Connection->execute('SELECT *\nFROM `...')
#2 C:\xampp\htdocs\acuaticostoscanini\system\Database\BaseConnection.php(605): CodeIgniter\Database\BaseConnection->simpleQuery('SELECT *\nFROM `...')
#3 C:\xampp\htdocs\acuaticostoscanini\system\Database\BaseBuilder.php(1616): CodeIgniter\Database\BaseConnection->query('SELECT *\nFROM `...', Array, false)
#4 C:\xampp\htdocs\acuaticostoscanini\system\Model.php(840): CodeIgniter\Database\BaseBuilder->get()
#5 C:\xampp\htdocs\acuaticostoscanini\app\Models\ProductoModel.php(55): CodeIgniter\Model->__call('get', Array)
#6 C:\xampp\htdocs\acuaticostoscanini\app\Controllers\Ecomerce.php(76): App\Models\ProductoModel->getImagenesByProductByCode('PROD-01660')
#7 C:\xampp\htdocs\acuaticostoscanini\system\CodeIgniter.php(934): App\Controllers\Ecomerce->mostrarProducto('PROD-01660')
#8 C:\xampp\htdocs\acuaticostoscanini\system\CodeIgniter.php(499): CodeIgniter\CodeIgniter->runController(Object(App\Controllers\Ecomerce))
#9 C:\xampp\htdocs\acuaticostoscanini\system\CodeIgniter.php(368): CodeIgniter\CodeIgniter->handleRequest(NULL, Object(Config\Cache), false)
#10 C:\xampp\htdocs\acuaticostoscanini\index.php(67): CodeIgniter\CodeIgniter->run()
#11 {main}
CRITICAL - 2023-03-30 05:06:08 --> Unknown column 'imagen.producto' in 'where clause'
in SYSTEMPATH\Database\BaseConnection.php on line 645.
 1 SYSTEMPATH\Database\BaseBuilder.php(1616): CodeIgniter\Database\BaseConnection->query('SELECT *
FROM `producto`
WHERE `imagen`.`producto` = :imagen.producto:', [...], false)
 2 SYSTEMPATH\Model.php(840): CodeIgniter\Database\BaseBuilder->get()
 3 APPPATH\Models\ProductoModel.php(55): CodeIgniter\Model->__call('get', [])
 4 APPPATH\Controllers\Ecomerce.php(76): App\Models\ProductoModel->getImagenesByProductByCode('PROD-01660')
 5 SYSTEMPATH\CodeIgniter.php(934): App\Controllers\Ecomerce->mostrarProducto('PROD-01660')
 6 SYSTEMPATH\CodeIgniter.php(499): CodeIgniter\CodeIgniter->runController(Object(App\Controllers\Ecomerce))
 7 SYSTEMPATH\CodeIgniter.php(368): CodeIgniter\CodeIgniter->handleRequest(null, Object(Config\Cache), false)
 8 FCPATH\index.php(67): CodeIgniter\CodeIgniter->run()
CRITICAL - 2023-03-30 05:20:02 --> syntax error, unexpected '->' (T_OBJECT_OPERATOR)
in APPPATH\Models\ProductoModel.php on line 53.
 1 SYSTEMPATH\Autoloader\Autoloader.php(289): CodeIgniter\Autoloader\Autoloader->includeFile('APPPATH\\Models\\ProductoModel.php')
 2 SYSTEMPATH\Autoloader\Autoloader.php(267): CodeIgniter\Autoloader\Autoloader->loadInNamespace('App\\Models\\ProductoModel')
 3 [internal function]: CodeIgniter\Autoloader\Autoloader->loadClass('App\\Models\\ProductoModel')
 4 APPPATH\Controllers\Ecomerce.php(72): spl_autoload_call('App\\Models\\ProductoModel')
 5 SYSTEMPATH\CodeIgniter.php(934): App\Controllers\Ecomerce->mostrarProducto('PROD-01605')
 6 SYSTEMPATH\CodeIgniter.php(499): CodeIgniter\CodeIgniter->runController(Object(App\Controllers\Ecomerce))
 7 SYSTEMPATH\CodeIgniter.php(368): CodeIgniter\CodeIgniter->handleRequest(null, Object(Config\Cache), false)
 8 FCPATH\index.php(67): CodeIgniter\CodeIgniter->run()
CRITICAL - 2023-03-30 05:33:40 --> Cannot use object of type CodeIgniter\Database\MySQLi\Result as array
in APPPATH\Controllers\Ecomerce.php on line 75.
 1 SYSTEMPATH\CodeIgniter.php(934): App\Controllers\Ecomerce->mostrarProducto('PROD-01605')
 2 SYSTEMPATH\CodeIgniter.php(499): CodeIgniter\CodeIgniter->runController(Object(App\Controllers\Ecomerce))
 3 SYSTEMPATH\CodeIgniter.php(368): CodeIgniter\CodeIgniter->handleRequest(null, Object(Config\Cache), false)
 4 FCPATH\index.php(67): CodeIgniter\CodeIgniter->run()
CRITICAL - 2023-03-30 05:35:42 --> Cannot use object of type CodeIgniter\Database\MySQLi\Result as array
in APPPATH\Controllers\Ecomerce.php on line 75.
 1 SYSTEMPATH\CodeIgniter.php(934): App\Controllers\Ecomerce->mostrarProducto('PROD-83836')
 2 SYSTEMPATH\CodeIgniter.php(499): CodeIgniter\CodeIgniter->runController(Object(App\Controllers\Ecomerce))
 3 SYSTEMPATH\CodeIgniter.php(368): CodeIgniter\CodeIgniter->handleRequest(null, Object(Config\Cache), false)
 4 FCPATH\index.php(67): CodeIgniter\CodeIgniter->run()
CRITICAL - 2023-03-30 05:43:20 --> Cannot use object of type CodeIgniter\Database\MySQLi\Result as array
in APPPATH\Controllers\Ecomerce.php on line 75.
 1 SYSTEMPATH\CodeIgniter.php(934): App\Controllers\Ecomerce->mostrarProducto('PROD-83836')
 2 SYSTEMPATH\CodeIgniter.php(499): CodeIgniter\CodeIgniter->runController(Object(App\Controllers\Ecomerce))
 3 SYSTEMPATH\CodeIgniter.php(368): CodeIgniter\CodeIgniter->handleRequest(null, Object(Config\Cache), false)
 4 FCPATH\index.php(67): CodeIgniter\CodeIgniter->run()
CRITICAL - 2023-03-30 05:49:14 --> Cannot use object of type stdClass as array
in APPPATH\Controllers\Ecomerce.php on line 75.
 1 SYSTEMPATH\CodeIgniter.php(934): App\Controllers\Ecomerce->mostrarProducto('PROD-41252')
 2 SYSTEMPATH\CodeIgniter.php(499): CodeIgniter\CodeIgniter->runController(Object(App\Controllers\Ecomerce))
 3 SYSTEMPATH\CodeIgniter.php(368): CodeIgniter\CodeIgniter->handleRequest(null, Object(Config\Cache), false)
 4 FCPATH\index.php(67): CodeIgniter\CodeIgniter->run()
CRITICAL - 2023-03-30 05:49:18 --> Cannot use object of type stdClass as array
in APPPATH\Controllers\Ecomerce.php on line 75.
 1 SYSTEMPATH\CodeIgniter.php(934): App\Controllers\Ecomerce->mostrarProducto('PROD-41252')
 2 SYSTEMPATH\CodeIgniter.php(499): CodeIgniter\CodeIgniter->runController(Object(App\Controllers\Ecomerce))
 3 SYSTEMPATH\CodeIgniter.php(368): CodeIgniter\CodeIgniter->handleRequest(null, Object(Config\Cache), false)
 4 FCPATH\index.php(67): CodeIgniter\CodeIgniter->run()
CRITICAL - 2023-03-30 05:49:19 --> Cannot use object of type stdClass as array
in APPPATH\Controllers\Ecomerce.php on line 75.
 1 SYSTEMPATH\CodeIgniter.php(934): App\Controllers\Ecomerce->mostrarProducto('PROD-41252')
 2 SYSTEMPATH\CodeIgniter.php(499): CodeIgniter\CodeIgniter->runController(Object(App\Controllers\Ecomerce))
 3 SYSTEMPATH\CodeIgniter.php(368): CodeIgniter\CodeIgniter->handleRequest(null, Object(Config\Cache), false)
 4 FCPATH\index.php(67): CodeIgniter\CodeIgniter->run()
CRITICAL - 2023-03-30 05:49:19 --> Cannot use object of type stdClass as array
in APPPATH\Controllers\Ecomerce.php on line 75.
 1 SYSTEMPATH\CodeIgniter.php(934): App\Controllers\Ecomerce->mostrarProducto('PROD-41252')
 2 SYSTEMPATH\CodeIgniter.php(499): CodeIgniter\CodeIgniter->runController(Object(App\Controllers\Ecomerce))
 3 SYSTEMPATH\CodeIgniter.php(368): CodeIgniter\CodeIgniter->handleRequest(null, Object(Config\Cache), false)
 4 FCPATH\index.php(67): CodeIgniter\CodeIgniter->run()
CRITICAL - 2023-03-30 05:49:19 --> Cannot use object of type stdClass as array
in APPPATH\Controllers\Ecomerce.php on line 75.
 1 SYSTEMPATH\CodeIgniter.php(934): App\Controllers\Ecomerce->mostrarProducto('PROD-41252')
 2 SYSTEMPATH\CodeIgniter.php(499): CodeIgniter\CodeIgniter->runController(Object(App\Controllers\Ecomerce))
 3 SYSTEMPATH\CodeIgniter.php(368): CodeIgniter\CodeIgniter->handleRequest(null, Object(Config\Cache), false)
 4 FCPATH\index.php(67): CodeIgniter\CodeIgniter->run()
CRITICAL - 2023-03-30 05:50:02 --> Cannot use object of type stdClass as array
in APPPATH\Controllers\Ecomerce.php on line 75.
 1 SYSTEMPATH\CodeIgniter.php(934): App\Controllers\Ecomerce->mostrarProducto('PROD-41252')
 2 SYSTEMPATH\CodeIgniter.php(499): CodeIgniter\CodeIgniter->runController(Object(App\Controllers\Ecomerce))
 3 SYSTEMPATH\CodeIgniter.php(368): CodeIgniter\CodeIgniter->handleRequest(null, Object(Config\Cache), false)
 4 FCPATH\index.php(67): CodeIgniter\CodeIgniter->run()
CRITICAL - 2023-03-30 05:50:10 --> Cannot use object of type stdClass as array
in APPPATH\Controllers\Ecomerce.php on line 75.
 1 SYSTEMPATH\CodeIgniter.php(934): App\Controllers\Ecomerce->mostrarProducto('PROD-98244')
 2 SYSTEMPATH\CodeIgniter.php(499): CodeIgniter\CodeIgniter->runController(Object(App\Controllers\Ecomerce))
 3 SYSTEMPATH\CodeIgniter.php(368): CodeIgniter\CodeIgniter->handleRequest(null, Object(Config\Cache), false)
 4 FCPATH\index.php(67): CodeIgniter\CodeIgniter->run()
CRITICAL - 2023-03-30 05:51:44 --> Cannot use object of type stdClass as array
in APPPATH\Controllers\Ecomerce.php on line 75.
 1 SYSTEMPATH\CodeIgniter.php(934): App\Controllers\Ecomerce->mostrarProducto('PROD-98244')
 2 SYSTEMPATH\CodeIgniter.php(499): CodeIgniter\CodeIgniter->runController(Object(App\Controllers\Ecomerce))
 3 SYSTEMPATH\CodeIgniter.php(368): CodeIgniter\CodeIgniter->handleRequest(null, Object(Config\Cache), false)
 4 FCPATH\index.php(67): CodeIgniter\CodeIgniter->run()
CRITICAL - 2023-03-30 05:53:07 --> Cannot use object of type stdClass as array
in APPPATH\Controllers\Ecomerce.php on line 75.
 1 SYSTEMPATH\CodeIgniter.php(934): App\Controllers\Ecomerce->mostrarProducto('PROD-98244')
 2 SYSTEMPATH\CodeIgniter.php(499): CodeIgniter\CodeIgniter->runController(Object(App\Controllers\Ecomerce))
 3 SYSTEMPATH\CodeIgniter.php(368): CodeIgniter\CodeIgniter->handleRequest(null, Object(Config\Cache), false)
 4 FCPATH\index.php(67): CodeIgniter\CodeIgniter->run()
CRITICAL - 2023-03-30 05:53:24 --> Cannot use object of type stdClass as array
in APPPATH\Controllers\Ecomerce.php on line 75.
 1 SYSTEMPATH\CodeIgniter.php(934): App\Controllers\Ecomerce->mostrarProducto('PROD-33212')
 2 SYSTEMPATH\CodeIgniter.php(499): CodeIgniter\CodeIgniter->runController(Object(App\Controllers\Ecomerce))
 3 SYSTEMPATH\CodeIgniter.php(368): CodeIgniter\CodeIgniter->handleRequest(null, Object(Config\Cache), false)
 4 FCPATH\index.php(67): CodeIgniter\CodeIgniter->run()
CRITICAL - 2023-03-30 05:53:41 --> Cannot use object of type CodeIgniter\Database\MySQLi\Result as array
in APPPATH\Controllers\Ecomerce.php on line 75.
 1 SYSTEMPATH\CodeIgniter.php(934): App\Controllers\Ecomerce->mostrarProducto('PROD-33212')
 2 SYSTEMPATH\CodeIgniter.php(499): CodeIgniter\CodeIgniter->runController(Object(App\Controllers\Ecomerce))
 3 SYSTEMPATH\CodeIgniter.php(368): CodeIgniter\CodeIgniter->handleRequest(null, Object(Config\Cache), false)
 4 FCPATH\index.php(67): CodeIgniter\CodeIgniter->run()
CRITICAL - 2023-03-30 05:53:56 --> Cannot use object of type CodeIgniter\Database\MySQLi\Result as array
in APPPATH\Controllers\Ecomerce.php on line 75.
 1 SYSTEMPATH\CodeIgniter.php(934): App\Controllers\Ecomerce->mostrarProducto('PROD-33212')
 2 SYSTEMPATH\CodeIgniter.php(499): CodeIgniter\CodeIgniter->runController(Object(App\Controllers\Ecomerce))
 3 SYSTEMPATH\CodeIgniter.php(368): CodeIgniter\CodeIgniter->handleRequest(null, Object(Config\Cache), false)
 4 FCPATH\index.php(67): CodeIgniter\CodeIgniter->run()
ERROR - 2023-03-30 06:02:48 --> mysqli_sql_exception: Illegal parameter data types varchar and row for operation '=' in C:\xampp\htdocs\acuaticostoscanini\system\Database\MySQLi\Connection.php:295
Stack trace:
#0 C:\xampp\htdocs\acuaticostoscanini\system\Database\MySQLi\Connection.php(295): mysqli->query('SELECT *\nFROM `...', 0)
#1 C:\xampp\htdocs\acuaticostoscanini\system\Database\BaseConnection.php(691): CodeIgniter\Database\MySQLi\Connection->execute('SELECT *\nFROM `...')
#2 C:\xampp\htdocs\acuaticostoscanini\system\Database\BaseConnection.php(605): CodeIgniter\Database\BaseConnection->simpleQuery('SELECT *\nFROM `...')
#3 C:\xampp\htdocs\acuaticostoscanini\system\Database\BaseBuilder.php(1616): CodeIgniter\Database\BaseConnection->query('SELECT *\nFROM `...', Array, false)
#4 C:\xampp\htdocs\acuaticostoscanini\app\Models\ProductoModel.php(38): CodeIgniter\Database\BaseBuilder->get()
#5 C:\xampp\htdocs\acuaticostoscanini\app\Controllers\Ecomerce.php(76): App\Models\ProductoModel->getProductosPorCategoria(Array)
#6 C:\xampp\htdocs\acuaticostoscanini\system\CodeIgniter.php(934): App\Controllers\Ecomerce->mostrarProducto('PROD-89191')
#7 C:\xampp\htdocs\acuaticostoscanini\system\CodeIgniter.php(499): CodeIgniter\CodeIgniter->runController(Object(App\Controllers\Ecomerce))
#8 C:\xampp\htdocs\acuaticostoscanini\system\CodeIgniter.php(368): CodeIgniter\CodeIgniter->handleRequest(NULL, Object(Config\Cache), false)
#9 C:\xampp\htdocs\acuaticostoscanini\index.php(67): CodeIgniter\CodeIgniter->run()
#10 {main}
CRITICAL - 2023-03-30 06:02:48 --> Illegal parameter data types varchar and row for operation '='
in SYSTEMPATH\Database\BaseConnection.php on line 645.
 1 SYSTEMPATH\Database\BaseBuilder.php(1616): CodeIgniter\Database\BaseConnection->query('SELECT *
FROM `producto`
JOIN `producto_categoria` ON `producto`.`codigo` = `producto_categoria`.`producto_codigo`
WHERE `producto_categoria`.`subcategoria_codigo` = :producto_categoria.subcategoria_codigo:', [...], false)
 2 APPPATH\Models\ProductoModel.php(38): CodeIgniter\Database\BaseBuilder->get()
 3 APPPATH\Controllers\Ecomerce.php(76): App\Models\ProductoModel->getProductosPorCategoria([...])
 4 SYSTEMPATH\CodeIgniter.php(934): App\Controllers\Ecomerce->mostrarProducto('PROD-89191')
 5 SYSTEMPATH\CodeIgniter.php(499): CodeIgniter\CodeIgniter->runController(Object(App\Controllers\Ecomerce))
 6 SYSTEMPATH\CodeIgniter.php(368): CodeIgniter\CodeIgniter->handleRequest(null, Object(Config\Cache), false)
 7 FCPATH\index.php(67): CodeIgniter\CodeIgniter->run()
ERROR - 2023-03-30 06:03:15 --> mysqli_sql_exception: Illegal parameter data types varchar and row for operation '=' in C:\xampp\htdocs\acuaticostoscanini\system\Database\MySQLi\Connection.php:295
Stack trace:
#0 C:\xampp\htdocs\acuaticostoscanini\system\Database\MySQLi\Connection.php(295): mysqli->query('SELECT *\nFROM `...', 0)
#1 C:\xampp\htdocs\acuaticostoscanini\system\Database\BaseConnection.php(691): CodeIgniter\Database\MySQLi\Connection->execute('SELECT *\nFROM `...')
#2 C:\xampp\htdocs\acuaticostoscanini\system\Database\BaseConnection.php(605): CodeIgniter\Database\BaseConnection->simpleQuery('SELECT *\nFROM `...')
#3 C:\xampp\htdocs\acuaticostoscanini\system\Database\BaseBuilder.php(1616): CodeIgniter\Database\BaseConnection->query('SELECT *\nFROM `...', Array, false)
#4 C:\xampp\htdocs\acuaticostoscanini\app\Models\ProductoModel.php(38): CodeIgniter\Database\BaseBuilder->get()
#5 C:\xampp\htdocs\acuaticostoscanini\app\Controllers\Ecomerce.php(76): App\Models\ProductoModel->getProductosPorCategoria(Array)
#6 C:\xampp\htdocs\acuaticostoscanini\system\CodeIgniter.php(934): App\Controllers\Ecomerce->mostrarProducto('PROD-89191')
#7 C:\xampp\htdocs\acuaticostoscanini\system\CodeIgniter.php(499): CodeIgniter\CodeIgniter->runController(Object(App\Controllers\Ecomerce))
#8 C:\xampp\htdocs\acuaticostoscanini\system\CodeIgniter.php(368): CodeIgniter\CodeIgniter->handleRequest(NULL, Object(Config\Cache), false)
#9 C:\xampp\htdocs\acuaticostoscanini\index.php(67): CodeIgniter\CodeIgniter->run()
#10 {main}
CRITICAL - 2023-03-30 06:03:15 --> Illegal parameter data types varchar and row for operation '='
in SYSTEMPATH\Database\BaseConnection.php on line 645.
 1 SYSTEMPATH\Database\BaseBuilder.php(1616): CodeIgniter\Database\BaseConnection->query('SELECT *
FROM `producto`
JOIN `producto_categoria` ON `producto`.`codigo` = `producto_categoria`.`producto_codigo`
WHERE `producto_categoria`.`subcategoria_codigo` = :producto_categoria.subcategoria_codigo:', [...], false)
 2 APPPATH\Models\ProductoModel.php(38): CodeIgniter\Database\BaseBuilder->get()
 3 APPPATH\Controllers\Ecomerce.php(76): App\Models\ProductoModel->getProductosPorCategoria([...])
 4 SYSTEMPATH\CodeIgniter.php(934): App\Controllers\Ecomerce->mostrarProducto('PROD-89191')
 5 SYSTEMPATH\CodeIgniter.php(499): CodeIgniter\CodeIgniter->runController(Object(App\Controllers\Ecomerce))
 6 SYSTEMPATH\CodeIgniter.php(368): CodeIgniter\CodeIgniter->handleRequest(null, Object(Config\Cache), false)
 7 FCPATH\index.php(67): CodeIgniter\CodeIgniter->run()
ERROR - 2023-03-30 06:03:24 --> mysqli_sql_exception: Illegal parameter data types varchar and row for operation '=' in C:\xampp\htdocs\acuaticostoscanini\system\Database\MySQLi\Connection.php:295
Stack trace:
#0 C:\xampp\htdocs\acuaticostoscanini\system\Database\MySQLi\Connection.php(295): mysqli->query('SELECT *\nFROM `...', 0)
#1 C:\xampp\htdocs\acuaticostoscanini\system\Database\BaseConnection.php(691): CodeIgniter\Database\MySQLi\Connection->execute('SELECT *\nFROM `...')
#2 C:\xampp\htdocs\acuaticostoscanini\system\Database\BaseConnection.php(605): CodeIgniter\Database\BaseConnection->simpleQuery('SELECT *\nFROM `...')
#3 C:\xampp\htdocs\acuaticostoscanini\system\Database\BaseBuilder.php(1616): CodeIgniter\Database\BaseConnection->query('SELECT *\nFROM `...', Array, false)
#4 C:\xampp\htdocs\acuaticostoscanini\app\Models\ProductoModel.php(38): CodeIgniter\Database\BaseBuilder->get()
#5 C:\xampp\htdocs\acuaticostoscanini\app\Controllers\Ecomerce.php(76): App\Models\ProductoModel->getProductosPorCategoria(Array)
#6 C:\xampp\htdocs\acuaticostoscanini\system\CodeIgniter.php(934): App\Controllers\Ecomerce->mostrarProducto('PROD-89191')
#7 C:\xampp\htdocs\acuaticostoscanini\system\CodeIgniter.php(499): CodeIgniter\CodeIgniter->runController(Object(App\Controllers\Ecomerce))
#8 C:\xampp\htdocs\acuaticostoscanini\system\CodeIgniter.php(368): CodeIgniter\CodeIgniter->handleRequest(NULL, Object(Config\Cache), false)
#9 C:\xampp\htdocs\acuaticostoscanini\index.php(67): CodeIgniter\CodeIgniter->run()
#10 {main}
CRITICAL - 2023-03-30 06:03:24 --> Illegal parameter data types varchar and row for operation '='
in SYSTEMPATH\Database\BaseConnection.php on line 645.
 1 SYSTEMPATH\Database\BaseBuilder.php(1616): CodeIgniter\Database\BaseConnection->query('SELECT *
FROM `producto`
JOIN `producto_categoria` ON `producto`.`codigo` = `producto_categoria`.`producto_codigo`
WHERE `producto_categoria`.`subcategoria_codigo` = :producto_categoria.subcategoria_codigo:', [...], false)
 2 APPPATH\Models\ProductoModel.php(38): CodeIgniter\Database\BaseBuilder->get()
 3 APPPATH\Controllers\Ecomerce.php(76): App\Models\ProductoModel->getProductosPorCategoria([...])
 4 SYSTEMPATH\CodeIgniter.php(934): App\Controllers\Ecomerce->mostrarProducto('PROD-89191')
 5 SYSTEMPATH\CodeIgniter.php(499): CodeIgniter\CodeIgniter->runController(Object(App\Controllers\Ecomerce))
 6 SYSTEMPATH\CodeIgniter.php(368): CodeIgniter\CodeIgniter->handleRequest(null, Object(Config\Cache), false)
 7 FCPATH\index.php(67): CodeIgniter\CodeIgniter->run()
CRITICAL - 2023-03-30 06:07:54 --> json_decode() expects parameter 1 to be string, array given
in APPPATH\Views\ecomerce\producto.php on line 28.
 1 [internal function]: CodeIgniter\Debug\Exceptions->errorHandler(2, 'json_decode() expects parameter 1 to be string, array given', 'APPPATH\\Views\\ecomerce\\producto.php', 28, [...])
 2 APPPATH\Views\ecomerce\producto.php(28): json_decode([...])
 3 SYSTEMPATH\View\View.php(213): include('APPPATH\\Views\\ecomerce\\producto.php')
 4 SYSTEMPATH\View\View.php(216): CodeIgniter\View\View->CodeIgniter\View\{closure}()
 5 SYSTEMPATH\Common.php(1184): CodeIgniter\View\View->render('ecomerce/producto', [], true)
 6 APPPATH\Controllers\Ecomerce.php(86): view('ecomerce/producto', [...])
 7 SYSTEMPATH\CodeIgniter.php(934): App\Controllers\Ecomerce->mostrarProducto('PROD-89191')
 8 SYSTEMPATH\CodeIgniter.php(499): CodeIgniter\CodeIgniter->runController(Object(App\Controllers\Ecomerce))
 9 SYSTEMPATH\CodeIgniter.php(368): CodeIgniter\CodeIgniter->handleRequest(null, Object(Config\Cache), false)
10 FCPATH\index.php(67): CodeIgniter\CodeIgniter->run()
ERROR - 2023-03-30 20:04:09 --> mysqli_sql_exception: Unknown column 'producto_categoria.subcategoria_codigo' in 'where clause' in C:\xampp\htdocs\acuaticostoscanini\system\Database\MySQLi\Connection.php:295
Stack trace:
#0 C:\xampp\htdocs\acuaticostoscanini\system\Database\MySQLi\Connection.php(295): mysqli->query('SELECT *\nFROM `...', 0)
#1 C:\xampp\htdocs\acuaticostoscanini\system\Database\BaseConnection.php(691): CodeIgniter\Database\MySQLi\Connection->execute('SELECT *\nFROM `...')
#2 C:\xampp\htdocs\acuaticostoscanini\system\Database\BaseConnection.php(605): CodeIgniter\Database\BaseConnection->simpleQuery('SELECT *\nFROM `...')
#3 C:\xampp\htdocs\acuaticostoscanini\system\Database\BaseBuilder.php(1616): CodeIgniter\Database\BaseConnection->query('SELECT *\nFROM `...', Array, false)
#4 C:\xampp\htdocs\acuaticostoscanini\app\Models\ProductoModel.php(38): CodeIgniter\Database\BaseBuilder->get()
#5 C:\xampp\htdocs\acuaticostoscanini\app\Controllers\Ecomerce.php(76): App\Models\ProductoModel->getProductosPorCategoria(NULL)
#6 C:\xampp\htdocs\acuaticostoscanini\system\CodeIgniter.php(934): App\Controllers\Ecomerce->mostrarProducto('PROD-05798')
#7 C:\xampp\htdocs\acuaticostoscanini\system\CodeIgniter.php(499): CodeIgniter\CodeIgniter->runController(Object(App\Controllers\Ecomerce))
#8 C:\xampp\htdocs\acuaticostoscanini\system\CodeIgniter.php(368): CodeIgniter\CodeIgniter->handleRequest(NULL, Object(Config\Cache), false)
#9 C:\xampp\htdocs\acuaticostoscanini\index.php(67): CodeIgniter\CodeIgniter->run()
#10 {main}
CRITICAL - 2023-03-30 20:04:09 --> Unknown column 'producto_categoria.subcategoria_codigo' in 'where clause'
in SYSTEMPATH\Database\BaseConnection.php on line 645.
 1 SYSTEMPATH\Database\BaseBuilder.php(1616): CodeIgniter\Database\BaseConnection->query('SELECT *
FROM `producto`
JOIN `subcategoria_categoria` ON `producto`.`codigo` = `subcategoria_categoria`.`producto_codigo`
WHERE `producto_categoria`.`subcategoria_codigo` IS NULL', [], false)
 2 APPPATH\Models\ProductoModel.php(38): CodeIgniter\Database\BaseBuilder->get()
 3 APPPATH\Controllers\Ecomerce.php(76): App\Models\ProductoModel->getProductosPorCategoria(null)
 4 SYSTEMPATH\CodeIgniter.php(934): App\Controllers\Ecomerce->mostrarProducto('PROD-05798')
 5 SYSTEMPATH\CodeIgniter.php(499): CodeIgniter\CodeIgniter->runController(Object(App\Controllers\Ecomerce))
 6 SYSTEMPATH\CodeIgniter.php(368): CodeIgniter\CodeIgniter->handleRequest(null, Object(Config\Cache), false)
 7 FCPATH\index.php(67): CodeIgniter\CodeIgniter->run()
CRITICAL - 2023-03-30 20:14:04 --> Cannot use object of type CodeIgniter\Database\MySQLi\Result as array
in APPPATH\Controllers\Ecomerce.php on line 76.
 1 SYSTEMPATH\CodeIgniter.php(934): App\Controllers\Ecomerce->mostrarProducto('PROD-05798')
 2 SYSTEMPATH\CodeIgniter.php(499): CodeIgniter\CodeIgniter->runController(Object(App\Controllers\Ecomerce))
 3 SYSTEMPATH\CodeIgniter.php(368): CodeIgniter\CodeIgniter->handleRequest(null, Object(Config\Cache), false)
 4 FCPATH\index.php(67): CodeIgniter\CodeIgniter->run()
CRITICAL - 2023-03-30 20:14:31 --> Cannot use object of type CodeIgniter\Database\MySQLi\Result as array
in APPPATH\Controllers\Ecomerce.php on line 76.
 1 SYSTEMPATH\CodeIgniter.php(934): App\Controllers\Ecomerce->mostrarProducto('PROD-05798')
 2 SYSTEMPATH\CodeIgniter.php(499): CodeIgniter\CodeIgniter->runController(Object(App\Controllers\Ecomerce))
 3 SYSTEMPATH\CodeIgniter.php(368): CodeIgniter\CodeIgniter->handleRequest(null, Object(Config\Cache), false)
 4 FCPATH\index.php(67): CodeIgniter\CodeIgniter->run()
CRITICAL - 2023-03-30 20:15:10 --> Cannot use object of type CodeIgniter\Database\MySQLi\Result as array
in APPPATH\Controllers\Ecomerce.php on line 76.
 1 SYSTEMPATH\CodeIgniter.php(934): App\Controllers\Ecomerce->mostrarProducto('PROD-05798')
 2 SYSTEMPATH\CodeIgniter.php(499): CodeIgniter\CodeIgniter->runController(Object(App\Controllers\Ecomerce))
 3 SYSTEMPATH\CodeIgniter.php(368): CodeIgniter\CodeIgniter->handleRequest(null, Object(Config\Cache), false)
 4 FCPATH\index.php(67): CodeIgniter\CodeIgniter->run()
ERROR - 2023-03-30 20:18:59 --> mysqli_sql_exception: Unknown column 'producto_categoria' in 'where clause' in C:\xampp\htdocs\acuaticostoscanini\system\Database\MySQLi\Connection.php:295
Stack trace:
#0 C:\xampp\htdocs\acuaticostoscanini\system\Database\MySQLi\Connection.php(295): mysqli->query('SELECT `categor...', 0)
#1 C:\xampp\htdocs\acuaticostoscanini\system\Database\BaseConnection.php(691): CodeIgniter\Database\MySQLi\Connection->execute('SELECT `categor...')
#2 C:\xampp\htdocs\acuaticostoscanini\system\Database\BaseConnection.php(605): CodeIgniter\Database\BaseConnection->simpleQuery('SELECT `categor...')
#3 C:\xampp\htdocs\acuaticostoscanini\system\Database\BaseBuilder.php(1616): CodeIgniter\Database\BaseConnection->query('SELECT `categor...', Array, false)
#4 C:\xampp\htdocs\acuaticostoscanini\app\Models\ProductoModel.php(77): CodeIgniter\Database\BaseBuilder->get()
#5 C:\xampp\htdocs\acuaticostoscanini\app\Controllers\Ecomerce.php(75): App\Models\ProductoModel->getCategoriesByProducto('PROD-05798')
#6 C:\xampp\htdocs\acuaticostoscanini\system\CodeIgniter.php(934): App\Controllers\Ecomerce->mostrarProducto('PROD-05798')
#7 C:\xampp\htdocs\acuaticostoscanini\system\CodeIgniter.php(499): CodeIgniter\CodeIgniter->runController(Object(App\Controllers\Ecomerce))
#8 C:\xampp\htdocs\acuaticostoscanini\system\CodeIgniter.php(368): CodeIgniter\CodeIgniter->handleRequest(NULL, Object(Config\Cache), false)
#9 C:\xampp\htdocs\acuaticostoscanini\index.php(67): CodeIgniter\CodeIgniter->run()
#10 {main}
CRITICAL - 2023-03-30 20:18:59 --> Unknown column 'producto_categoria' in 'where clause'
in SYSTEMPATH\Database\BaseConnection.php on line 645.
 1 SYSTEMPATH\Database\BaseBuilder.php(1616): CodeIgniter\Database\BaseConnection->query('SELECT `categoria`.`nombre` AS `categoria`, `categoria`.`codigo` AS `categoria_codigo`, `subcategoria`.`nombre` AS `subcategoria`, `subcategoria`.`codigo` AS `subcategoria_codigo`
FROM `subcategoria_categoria`
JOIN `categoria` ON `subcategoria_categoria`.`categoria_codigo` = `categoria`.`codigo`
JOIN `subcategoria` ON `subcategoria_categoria`.`subcategoria_codigo` = `subcategoria`.`codigo`
WHERE `producto_categoria` = :producto_categoria:', [...], false)
 2 APPPATH\Models\ProductoModel.php(77): CodeIgniter\Database\BaseBuilder->get()
 3 APPPATH\Controllers\Ecomerce.php(75): App\Models\ProductoModel->getCategoriesByProducto('PROD-05798')
 4 SYSTEMPATH\CodeIgniter.php(934): App\Controllers\Ecomerce->mostrarProducto('PROD-05798')
 5 SYSTEMPATH\CodeIgniter.php(499): CodeIgniter\CodeIgniter->runController(Object(App\Controllers\Ecomerce))
 6 SYSTEMPATH\CodeIgniter.php(368): CodeIgniter\CodeIgniter->handleRequest(null, Object(Config\Cache), false)
 7 FCPATH\index.php(67): CodeIgniter\CodeIgniter->run()
ERROR - 2023-03-30 20:19:13 --> mysqli_sql_exception: Unknown column 'producto_categoria' in 'where clause' in C:\xampp\htdocs\acuaticostoscanini\system\Database\MySQLi\Connection.php:295
Stack trace:
#0 C:\xampp\htdocs\acuaticostoscanini\system\Database\MySQLi\Connection.php(295): mysqli->query('SELECT `categor...', 0)
#1 C:\xampp\htdocs\acuaticostoscanini\system\Database\BaseConnection.php(691): CodeIgniter\Database\MySQLi\Connection->execute('SELECT `categor...')
#2 C:\xampp\htdocs\acuaticostoscanini\system\Database\BaseConnection.php(605): CodeIgniter\Database\BaseConnection->simpleQuery('SELECT `categor...')
#3 C:\xampp\htdocs\acuaticostoscanini\system\Database\BaseBuilder.php(1616): CodeIgniter\Database\BaseConnection->query('SELECT `categor...', Array, false)
#4 C:\xampp\htdocs\acuaticostoscanini\app\Models\ProductoModel.php(77): CodeIgniter\Database\BaseBuilder->get()
#5 C:\xampp\htdocs\acuaticostoscanini\app\Controllers\Ecomerce.php(75): App\Models\ProductoModel->getCategoriesByProducto('PROD-05798')
#6 C:\xampp\htdocs\acuaticostoscanini\system\CodeIgniter.php(934): App\Controllers\Ecomerce->mostrarProducto('PROD-05798')
#7 C:\xampp\htdocs\acuaticostoscanini\system\CodeIgniter.php(499): CodeIgniter\CodeIgniter->runController(Object(App\Controllers\Ecomerce))
#8 C:\xampp\htdocs\acuaticostoscanini\system\CodeIgniter.php(368): CodeIgniter\CodeIgniter->handleRequest(NULL, Object(Config\Cache), false)
#9 C:\xampp\htdocs\acuaticostoscanini\index.php(67): CodeIgniter\CodeIgniter->run()
#10 {main}
CRITICAL - 2023-03-30 20:19:13 --> Unknown column 'producto_categoria' in 'where clause'
in SYSTEMPATH\Database\BaseConnection.php on line 645.
 1 SYSTEMPATH\Database\BaseBuilder.php(1616): CodeIgniter\Database\BaseConnection->query('SELECT `categoria`.`nombre` AS `categoria`, `categoria`.`codigo` AS `categoria_codigo`, `subcategoria`.`nombre` AS `subcategoria`, `subcategoria`.`codigo` AS `subcategoria_codigo`
FROM `subcategoria_categoria`
JOIN `categoria` ON `subcategoria_categoria`.`categoria_codigo` = `categoria`.`codigo`
JOIN `subcategoria` ON `subcategoria_categoria`.`subcategoria_codigo` = `subcategoria`.`codigo`
WHERE `producto_categoria` = :producto_categoria:', [...], false)
 2 APPPATH\Models\ProductoModel.php(77): CodeIgniter\Database\BaseBuilder->get()
 3 APPPATH\Controllers\Ecomerce.php(75): App\Models\ProductoModel->getCategoriesByProducto('PROD-05798')
 4 SYSTEMPATH\CodeIgniter.php(934): App\Controllers\Ecomerce->mostrarProducto('PROD-05798')
 5 SYSTEMPATH\CodeIgniter.php(499): CodeIgniter\CodeIgniter->runController(Object(App\Controllers\Ecomerce))
 6 SYSTEMPATH\CodeIgniter.php(368): CodeIgniter\CodeIgniter->handleRequest(null, Object(Config\Cache), false)
 7 FCPATH\index.php(67): CodeIgniter\CodeIgniter->run()
ERROR - 2023-03-30 20:21:22 --> mysqli_sql_exception: Unknown column 'producto_categoria.producto_codigo' in 'where clause' in C:\xampp\htdocs\acuaticostoscanini\system\Database\MySQLi\Connection.php:295
Stack trace:
#0 C:\xampp\htdocs\acuaticostoscanini\system\Database\MySQLi\Connection.php(295): mysqli->query('SELECT `categor...', 0)
#1 C:\xampp\htdocs\acuaticostoscanini\system\Database\BaseConnection.php(691): CodeIgniter\Database\MySQLi\Connection->execute('SELECT `categor...')
#2 C:\xampp\htdocs\acuaticostoscanini\system\Database\BaseConnection.php(605): CodeIgniter\Database\BaseConnection->simpleQuery('SELECT `categor...')
#3 C:\xampp\htdocs\acuaticostoscanini\system\Database\BaseBuilder.php(1616): CodeIgniter\Database\BaseConnection->query('SELECT `categor...', Array, false)
#4 C:\xampp\htdocs\acuaticostoscanini\app\Models\ProductoModel.php(77): CodeIgniter\Database\BaseBuilder->get()
#5 C:\xampp\htdocs\acuaticostoscanini\app\Controllers\Ecomerce.php(75): App\Models\ProductoModel->getCategoriesByProducto('PROD-05798')
#6 C:\xampp\htdocs\acuaticostoscanini\system\CodeIgniter.php(934): App\Controllers\Ecomerce->mostrarProducto('PROD-05798')
#7 C:\xampp\htdocs\acuaticostoscanini\system\CodeIgniter.php(499): CodeIgniter\CodeIgniter->runController(Object(App\Controllers\Ecomerce))
#8 C:\xampp\htdocs\acuaticostoscanini\system\CodeIgniter.php(368): CodeIgniter\CodeIgniter->handleRequest(NULL, Object(Config\Cache), false)
#9 C:\xampp\htdocs\acuaticostoscanini\index.php(67): CodeIgniter\CodeIgniter->run()
#10 {main}
CRITICAL - 2023-03-30 20:21:22 --> Unknown column 'producto_categoria.producto_codigo' in 'where clause'
in SYSTEMPATH\Database\BaseConnection.php on line 645.
 1 SYSTEMPATH\Database\BaseBuilder.php(1616): CodeIgniter\Database\BaseConnection->query('SELECT `categoria`.`nombre` AS `categoria`, `categoria`.`codigo` AS `categoria_codigo`
FROM `subcategoria_categoria`
JOIN `categoria` ON `subcategoria_categoria`.`categoria_codigo` = `categoria`.`codigo`
JOIN `subcategoria` ON `subcategoria_categoria`.`subcategoria_codigo` = `subcategoria`.`codigo`
WHERE `producto_categoria`.`producto_codigo` = :producto_categoria.producto_codigo:', [...], false)
 2 APPPATH\Models\ProductoModel.php(77): CodeIgniter\Database\BaseBuilder->get()
 3 APPPATH\Controllers\Ecomerce.php(75): App\Models\ProductoModel->getCategoriesByProducto('PROD-05798')
 4 SYSTEMPATH\CodeIgniter.php(934): App\Controllers\Ecomerce->mostrarProducto('PROD-05798')
 5 SYSTEMPATH\CodeIgniter.php(499): CodeIgniter\CodeIgniter->runController(Object(App\Controllers\Ecomerce))
 6 SYSTEMPATH\CodeIgniter.php(368): CodeIgniter\CodeIgniter->handleRequest(null, Object(Config\Cache), false)
 7 FCPATH\index.php(67): CodeIgniter\CodeIgniter->run()
CRITICAL - 2023-03-30 20:27:06 --> Cannot use object of type CodeIgniter\Database\MySQLi\Builder as array
in APPPATH\Controllers\Ecomerce.php on line 76.
 1 SYSTEMPATH\CodeIgniter.php(934): App\Controllers\Ecomerce->mostrarProducto('PROD-05798')
 2 SYSTEMPATH\CodeIgniter.php(499): CodeIgniter\CodeIgniter->runController(Object(App\Controllers\Ecomerce))
 3 SYSTEMPATH\CodeIgniter.php(368): CodeIgniter\CodeIgniter->handleRequest(null, Object(Config\Cache), false)
 4 FCPATH\index.php(67): CodeIgniter\CodeIgniter->run()
ERROR - 2023-03-30 20:28:02 --> mysqli_sql_exception: Unknown column 'producto_categoria.producto_codigo' in 'where clause' in C:\xampp\htdocs\acuaticostoscanini\system\Database\MySQLi\Connection.php:295
Stack trace:
#0 C:\xampp\htdocs\acuaticostoscanini\system\Database\MySQLi\Connection.php(295): mysqli->query('SELECT `categor...', 0)
#1 C:\xampp\htdocs\acuaticostoscanini\system\Database\BaseConnection.php(691): CodeIgniter\Database\MySQLi\Connection->execute('SELECT `categor...')
#2 C:\xampp\htdocs\acuaticostoscanini\system\Database\BaseConnection.php(605): CodeIgniter\Database\BaseConnection->simpleQuery('SELECT `categor...')
#3 C:\xampp\htdocs\acuaticostoscanini\system\Database\BaseBuilder.php(1616): CodeIgniter\Database\BaseConnection->query('SELECT `categor...', Array, false)
#4 C:\xampp\htdocs\acuaticostoscanini\app\Models\ProductoModel.php(77): CodeIgniter\Database\BaseBuilder->get()
#5 C:\xampp\htdocs\acuaticostoscanini\app\Controllers\Ecomerce.php(75): App\Models\ProductoModel->getCategoriesByProducto('PROD-05798')
#6 C:\xampp\htdocs\acuaticostoscanini\system\CodeIgniter.php(934): App\Controllers\Ecomerce->mostrarProducto('PROD-05798')
#7 C:\xampp\htdocs\acuaticostoscanini\system\CodeIgniter.php(499): CodeIgniter\CodeIgniter->runController(Object(App\Controllers\Ecomerce))
#8 C:\xampp\htdocs\acuaticostoscanini\system\CodeIgniter.php(368): CodeIgniter\CodeIgniter->handleRequest(NULL, Object(Config\Cache), false)
#9 C:\xampp\htdocs\acuaticostoscanini\index.php(67): CodeIgniter\CodeIgniter->run()
#10 {main}
CRITICAL - 2023-03-30 20:28:02 --> Unknown column 'producto_categoria.producto_codigo' in 'where clause'
in SYSTEMPATH\Database\BaseConnection.php on line 645.
 1 SYSTEMPATH\Database\BaseBuilder.php(1616): CodeIgniter\Database\BaseConnection->query('SELECT `categoria`.`nombre`, `categoria`.`codigo`
FROM `subcategoria_categoria`
JOIN `categoria` ON `subcategoria_categoria`.`categoria_codigo` = `categoria`.`codigo`
JOIN `subcategoria` ON `subcategoria_categoria`.`subcategoria_codigo` = `subcategoria`.`codigo`
WHERE `producto_categoria`.`producto_codigo` = :producto_categoria.producto_codigo:', [...], false)
 2 APPPATH\Models\ProductoModel.php(77): CodeIgniter\Database\BaseBuilder->get()
 3 APPPATH\Controllers\Ecomerce.php(75): App\Models\ProductoModel->getCategoriesByProducto('PROD-05798')
 4 SYSTEMPATH\CodeIgniter.php(934): App\Controllers\Ecomerce->mostrarProducto('PROD-05798')
 5 SYSTEMPATH\CodeIgniter.php(499): CodeIgniter\CodeIgniter->runController(Object(App\Controllers\Ecomerce))
 6 SYSTEMPATH\CodeIgniter.php(368): CodeIgniter\CodeIgniter->handleRequest(null, Object(Config\Cache), false)
 7 FCPATH\index.php(67): CodeIgniter\CodeIgniter->run()
ERROR - 2023-03-30 20:34:45 --> mysqli_sql_exception: You have an error in your SQL syntax; check the manual that corresponds to your MariaDB server version for the right syntax to use near '..`subcategoria_codigo`
WHERE `categoria`.`codigo` = 'cat1'' at line 4 in C:\xampp\htdocs\acuaticostoscanini\system\Database\MySQLi\Connection.php:295
Stack trace:
#0 C:\xampp\htdocs\acuaticostoscanini\system\Database\MySQLi\Connection.php(295): mysqli->query('SELECT `categor...', 0)
#1 C:\xampp\htdocs\acuaticostoscanini\system\Database\BaseConnection.php(691): CodeIgniter\Database\MySQLi\Connection->execute('SELECT `categor...')
#2 C:\xampp\htdocs\acuaticostoscanini\system\Database\BaseConnection.php(605): CodeIgniter\Database\BaseConnection->simpleQuery('SELECT `categor...')
#3 C:\xampp\htdocs\acuaticostoscanini\system\Database\BaseBuilder.php(1616): CodeIgniter\Database\BaseConnection->query('SELECT `categor...', Array, false)
#4 C:\xampp\htdocs\acuaticostoscanini\app\Models\ProductoModel.php(87): CodeIgniter\Database\BaseBuilder->get()
#5 C:\xampp\htdocs\acuaticostoscanini\app\Controllers\Ecomerce.php(75): App\Models\ProductoModel->getCategoriesByProducto('PROD-05798')
#6 C:\xampp\htdocs\acuaticostoscanini\system\CodeIgniter.php(934): App\Controllers\Ecomerce->mostrarProducto('PROD-05798')
#7 C:\xampp\htdocs\acuaticostoscanini\system\CodeIgniter.php(499): CodeIgniter\CodeIgniter->runController(Object(App\Controllers\Ecomerce))
#8 C:\xampp\htdocs\acuaticostoscanini\system\CodeIgniter.php(368): CodeIgniter\CodeIgniter->handleRequest(NULL, Object(Config\Cache), false)
#9 C:\xampp\htdocs\acuaticostoscanini\index.php(67): CodeIgniter\CodeIgniter->run()
#10 {main}
CRITICAL - 2023-03-30 20:34:45 --> You have an error in your SQL syntax; check the manual that corresponds to your MariaDB server version for the right syntax to use near '..`subcategoria_codigo`
WHERE `categoria`.`codigo` = 'cat1'' at line 4
in SYSTEMPATH\Database\BaseConnection.php on line 645.
 1 SYSTEMPATH\Database\BaseBuilder.php(1616): CodeIgniter\Database\BaseConnection->query('SELECT `categoria`.`codigo`
FROM `categoria`
JOIN `subcategoria_categoria` ON `subcategoria_categoria`.`categoria_codigo` = `categoria`.`codigo`
JOIN `producto_categoria` ON `producto_categoria`.`subcategoria_codigo`=`subcategoria_categoria`..`subcategoria_codigo`
WHERE `categoria`.`codigo` = :categoria.codigo:', [...], false)
 2 APPPATH\Models\ProductoModel.php(87): CodeIgniter\Database\BaseBuilder->get()
 3 APPPATH\Controllers\Ecomerce.php(75): App\Models\ProductoModel->getCategoriesByProducto('PROD-05798')
 4 SYSTEMPATH\CodeIgniter.php(934): App\Controllers\Ecomerce->mostrarProducto('PROD-05798')
 5 SYSTEMPATH\CodeIgniter.php(499): CodeIgniter\CodeIgniter->runController(Object(App\Controllers\Ecomerce))
 6 SYSTEMPATH\CodeIgniter.php(368): CodeIgniter\CodeIgniter->handleRequest(null, Object(Config\Cache), false)
 7 FCPATH\index.php(67): CodeIgniter\CodeIgniter->run()
CRITICAL - 2023-03-30 20:47:09 --> Cannot use object of type CodeIgniter\Database\MySQLi\Result as array
in APPPATH\Controllers\Ecomerce.php on line 76.
 1 SYSTEMPATH\CodeIgniter.php(934): App\Controllers\Ecomerce->mostrarProducto('PROD-41252')
 2 SYSTEMPATH\CodeIgniter.php(499): CodeIgniter\CodeIgniter->runController(Object(App\Controllers\Ecomerce))
 3 SYSTEMPATH\CodeIgniter.php(368): CodeIgniter\CodeIgniter->handleRequest(null, Object(Config\Cache), false)
 4 FCPATH\index.php(67): CodeIgniter\CodeIgniter->run()
CRITICAL - 2023-03-30 20:56:07 --> count(): Parameter must be an array or an object that implements Countable
in APPPATH\Controllers\Ecomerce.php on line 76.
 1 [internal function]: CodeIgniter\Debug\Exceptions->errorHandler(2, 'count(): Parameter must be an array or an object that implements Countable', 'APPPATH\\Controllers\\Ecomerce.php', 76, [...])
 2 APPPATH\Controllers\Ecomerce.php(76): count(null)
 3 SYSTEMPATH\CodeIgniter.php(934): App\Controllers\Ecomerce->mostrarProducto('PROD-07483')
 4 SYSTEMPATH\CodeIgniter.php(499): CodeIgniter\CodeIgniter->runController(Object(App\Controllers\Ecomerce))
 5 SYSTEMPATH\CodeIgniter.php(368): CodeIgniter\CodeIgniter->handleRequest(null, Object(Config\Cache), false)
 6 FCPATH\index.php(67): CodeIgniter\CodeIgniter->run()
CRITICAL - 2023-03-30 20:56:20 --> count(): Parameter must be an array or an object that implements Countable
in APPPATH\Controllers\Ecomerce.php on line 76.
 1 [internal function]: CodeIgniter\Debug\Exceptions->errorHandler(2, 'count(): Parameter must be an array or an object that implements Countable', 'APPPATH\\Controllers\\Ecomerce.php', 76, [...])
 2 APPPATH\Controllers\Ecomerce.php(76): count(null)
 3 SYSTEMPATH\CodeIgniter.php(934): App\Controllers\Ecomerce->mostrarProducto('PROD-07483')
 4 SYSTEMPATH\CodeIgniter.php(499): CodeIgniter\CodeIgniter->runController(Object(App\Controllers\Ecomerce))
 5 SYSTEMPATH\CodeIgniter.php(368): CodeIgniter\CodeIgniter->handleRequest(null, Object(Config\Cache), false)
 6 FCPATH\index.php(67): CodeIgniter\CodeIgniter->run()
CRITICAL - 2023-03-30 20:56:25 --> count(): Parameter must be an array or an object that implements Countable
in APPPATH\Controllers\Ecomerce.php on line 76.
 1 [internal function]: CodeIgniter\Debug\Exceptions->errorHandler(2, 'count(): Parameter must be an array or an object that implements Countable', 'APPPATH\\Controllers\\Ecomerce.php', 76, [...])
 2 APPPATH\Controllers\Ecomerce.php(76): count(null)
 3 SYSTEMPATH\CodeIgniter.php(934): App\Controllers\Ecomerce->mostrarProducto('PROD-05798')
 4 SYSTEMPATH\CodeIgniter.php(499): CodeIgniter\CodeIgniter->runController(Object(App\Controllers\Ecomerce))
 5 SYSTEMPATH\CodeIgniter.php(368): CodeIgniter\CodeIgniter->handleRequest(null, Object(Config\Cache), false)
 6 FCPATH\index.php(67): CodeIgniter\CodeIgniter->run()
CRITICAL - 2023-03-30 20:58:38 --> sizeof(): Parameter must be an array or an object that implements Countable
in APPPATH\Controllers\Ecomerce.php on line 78.
 1 [internal function]: CodeIgniter\Debug\Exceptions->errorHandler(2, 'sizeof(): Parameter must be an array or an object that implements Countable', 'APPPATH\\Controllers\\Ecomerce.php', 78, [...])
 2 APPPATH\Controllers\Ecomerce.php(78): sizeof(null)
 3 SYSTEMPATH\CodeIgniter.php(934): App\Controllers\Ecomerce->mostrarProducto('PROD-05798')
 4 SYSTEMPATH\CodeIgniter.php(499): CodeIgniter\CodeIgniter->runController(Object(App\Controllers\Ecomerce))
 5 SYSTEMPATH\CodeIgniter.php(368): CodeIgniter\CodeIgniter->handleRequest(null, Object(Config\Cache), false)
 6 FCPATH\index.php(67): CodeIgniter\CodeIgniter->run()
CRITICAL - 2023-03-30 20:59:39 --> count(): Parameter must be an array or an object that implements Countable
in APPPATH\Controllers\Ecomerce.php on line 78.
 1 [internal function]: CodeIgniter\Debug\Exceptions->errorHandler(2, 'count(): Parameter must be an array or an object that implements Countable', 'APPPATH\\Controllers\\Ecomerce.php', 78, [...])
 2 APPPATH\Controllers\Ecomerce.php(78): count(null)
 3 SYSTEMPATH\CodeIgniter.php(934): App\Controllers\Ecomerce->mostrarProducto('PROD-05798')
 4 SYSTEMPATH\CodeIgniter.php(499): CodeIgniter\CodeIgniter->runController(Object(App\Controllers\Ecomerce))
 5 SYSTEMPATH\CodeIgniter.php(368): CodeIgniter\CodeIgniter->handleRequest(null, Object(Config\Cache), false)
 6 FCPATH\index.php(67): CodeIgniter\CodeIgniter->run()
