CRITICAL - 2023-03-03 02:52:26 --> Invalid file: "ecomerce/template/nav.php"
in SYSTEMPATH\Exceptions\FrameworkException.php on line 33.
 1 SYSTEMPATH\View\View.php(201): CodeIgniter\Exceptions\FrameworkException::forInvalidFile('ecomerce/template/nav.php')
 2 SYSTEMPATH\View\View.php(431): CodeIgniter\View\View->render('ecomerce/template/nav', null, true)
 3 APPPATH\Views\ecomerce\layouts\layout.php(19): CodeIgniter\View\View->include('ecomerce/template/nav')
 4 SYSTEMPATH\View\View.php(213): include('APPPATH\\Views\\ecomerce\\layouts\\layout.php')
 5 SYSTEMPATH\View\View.php(216): CodeIgniter\View\View->CodeIgniter\View\{closure}()
 6 SYSTEMPATH\View\View.php(229): CodeIgniter\View\View->render('ecomerce/layouts/layout', [], true)
 7 SYSTEMPATH\Common.php(1184): CodeIgniter\View\View->render('ecomerce/index', [], true)
 8 APPPATH\Controllers\Ecomerce.php(9): view('ecomerce/index')
 9 SYSTEMPATH\CodeIgniter.php(934): App\Controllers\Ecomerce->index()
10 SYSTEMPATH\CodeIgniter.php(499): CodeIgniter\CodeIgniter->runController(Object(App\Controllers\Ecomerce))
11 SYSTEMPATH\CodeIgniter.php(368): CodeIgniter\CodeIgniter->handleRequest(null, Object(Config\Cache), false)
12 FCPATH\index.php(67): CodeIgniter\CodeIgniter->run()
CRITICAL - 2023-03-03 02:57:16 --> Invalid file: "ecomerce/template/nav.php"
in SYSTEMPATH\Exceptions\FrameworkException.php on line 33.
 1 SYSTEMPATH\View\View.php(201): CodeIgniter\Exceptions\FrameworkException::forInvalidFile('ecomerce/template/nav.php')
 2 SYSTEMPATH\View\View.php(431): CodeIgniter\View\View->render('ecomerce/template/nav', null, true)
 3 APPPATH\Views\ecomerce\layouts\layout.php(19): CodeIgniter\View\View->include('ecomerce/template/nav')
 4 SYSTEMPATH\View\View.php(213): include('APPPATH\\Views\\ecomerce\\layouts\\layout.php')
 5 SYSTEMPATH\View\View.php(216): CodeIgniter\View\View->CodeIgniter\View\{closure}()
 6 SYSTEMPATH\View\View.php(229): CodeIgniter\View\View->render('ecomerce/layouts/layout', [], true)
 7 SYSTEMPATH\Common.php(1184): CodeIgniter\View\View->render('ecomerce/index', [], true)
 8 APPPATH\Controllers\Ecomerce.php(9): view('ecomerce/index')
 9 SYSTEMPATH\CodeIgniter.php(934): App\Controllers\Ecomerce->index()
10 SYSTEMPATH\CodeIgniter.php(499): CodeIgniter\CodeIgniter->runController(Object(App\Controllers\Ecomerce))
11 SYSTEMPATH\CodeIgniter.php(368): CodeIgniter\CodeIgniter->handleRequest(null, Object(Config\Cache), false)
12 FCPATH\index.php(67): CodeIgniter\CodeIgniter->run()
CRITICAL - 2023-03-03 03:04:05 --> Invalid file: "ecomerce/template/nav.php"
in SYSTEMPATH\Exceptions\FrameworkException.php on line 33.
 1 SYSTEMPATH\View\View.php(201): CodeIgniter\Exceptions\FrameworkException::forInvalidFile('ecomerce/template/nav.php')
 2 SYSTEMPATH\View\View.php(431): CodeIgniter\View\View->render('ecomerce/template/nav', null, true)
 3 APPPATH\Views\ecomerce\layouts\layout.php(19): CodeIgniter\View\View->include('ecomerce/template/nav')
 4 SYSTEMPATH\View\View.php(213): include('APPPATH\\Views\\ecomerce\\layouts\\layout.php')
 5 SYSTEMPATH\View\View.php(216): CodeIgniter\View\View->CodeIgniter\View\{closure}()
 6 SYSTEMPATH\View\View.php(229): CodeIgniter\View\View->render('ecomerce/layouts/layout', [], true)
 7 SYSTEMPATH\Common.php(1184): CodeIgniter\View\View->render('ecomerce/index', [], true)
 8 APPPATH\Controllers\Ecomerce.php(9): view('ecomerce/index')
 9 SYSTEMPATH\CodeIgniter.php(934): App\Controllers\Ecomerce->index()
10 SYSTEMPATH\CodeIgniter.php(499): CodeIgniter\CodeIgniter->runController(Object(App\Controllers\Ecomerce))
11 SYSTEMPATH\CodeIgniter.php(368): CodeIgniter\CodeIgniter->handleRequest(null, Object(Config\Cache), false)
12 FCPATH\index.php(67): CodeIgniter\CodeIgniter->run()
CRITICAL - 2023-03-03 03:05:40 --> Invalid file: "ecomerce/template/nav.php"
in SYSTEMPATH\Exceptions\FrameworkException.php on line 33.
 1 SYSTEMPATH\View\View.php(201): CodeIgniter\Exceptions\FrameworkException::forInvalidFile('ecomerce/template/nav.php')
 2 SYSTEMPATH\View\View.php(431): CodeIgniter\View\View->render('ecomerce/template/nav', null, true)
 3 APPPATH\Views\ecomerce\layouts\layout.php(19): CodeIgniter\View\View->include('ecomerce/template/nav')
 4 SYSTEMPATH\View\View.php(213): include('APPPATH\\Views\\ecomerce\\layouts\\layout.php')
 5 SYSTEMPATH\View\View.php(216): CodeIgniter\View\View->CodeIgniter\View\{closure}()
 6 SYSTEMPATH\View\View.php(229): CodeIgniter\View\View->render('ecomerce/layouts/layout', [], true)
 7 SYSTEMPATH\Common.php(1184): CodeIgniter\View\View->render('ecomerce/index', [], true)
 8 APPPATH\Controllers\Ecomerce.php(9): view('ecomerce/index')
 9 SYSTEMPATH\CodeIgniter.php(934): App\Controllers\Ecomerce->index()
10 SYSTEMPATH\CodeIgniter.php(499): CodeIgniter\CodeIgniter->runController(Object(App\Controllers\Ecomerce))
11 SYSTEMPATH\CodeIgniter.php(368): CodeIgniter\CodeIgniter->handleRequest(null, Object(Config\Cache), false)
12 FCPATH\index.php(67): CodeIgniter\CodeIgniter->run()
CRITICAL - 2023-03-03 03:05:41 --> Invalid file: "ecomerce/template/nav.php"
in SYSTEMPATH\Exceptions\FrameworkException.php on line 33.
 1 SYSTEMPATH\View\View.php(201): CodeIgniter\Exceptions\FrameworkException::forInvalidFile('ecomerce/template/nav.php')
 2 SYSTEMPATH\View\View.php(431): CodeIgniter\View\View->render('ecomerce/template/nav', null, true)
 3 APPPATH\Views\ecomerce\layouts\layout.php(19): CodeIgniter\View\View->include('ecomerce/template/nav')
 4 SYSTEMPATH\View\View.php(213): include('APPPATH\\Views\\ecomerce\\layouts\\layout.php')
 5 SYSTEMPATH\View\View.php(216): CodeIgniter\View\View->CodeIgniter\View\{closure}()
 6 SYSTEMPATH\View\View.php(229): CodeIgniter\View\View->render('ecomerce/layouts/layout', [], true)
 7 SYSTEMPATH\Common.php(1184): CodeIgniter\View\View->render('ecomerce/index', [], true)
 8 APPPATH\Controllers\Ecomerce.php(9): view('ecomerce/index')
 9 SYSTEMPATH\CodeIgniter.php(934): App\Controllers\Ecomerce->index()
10 SYSTEMPATH\CodeIgniter.php(499): CodeIgniter\CodeIgniter->runController(Object(App\Controllers\Ecomerce))
11 SYSTEMPATH\CodeIgniter.php(368): CodeIgniter\CodeIgniter->handleRequest(null, Object(Config\Cache), false)
12 FCPATH\index.php(67): CodeIgniter\CodeIgniter->run()
CRITICAL - 2023-03-03 03:05:59 --> Invalid file: "ecomerce/template/nav.php"
in SYSTEMPATH\Exceptions\FrameworkException.php on line 33.
 1 SYSTEMPATH\View\View.php(201): CodeIgniter\Exceptions\FrameworkException::forInvalidFile('ecomerce/template/nav.php')
 2 SYSTEMPATH\View\View.php(431): CodeIgniter\View\View->render('ecomerce/template/nav', null, true)
 3 APPPATH\Views\ecomerce\layouts\layout.php(19): CodeIgniter\View\View->include('ecomerce/template/nav')
 4 SYSTEMPATH\View\View.php(213): include('APPPATH\\Views\\ecomerce\\layouts\\layout.php')
 5 SYSTEMPATH\View\View.php(216): CodeIgniter\View\View->CodeIgniter\View\{closure}()
 6 SYSTEMPATH\View\View.php(229): CodeIgniter\View\View->render('ecomerce/layouts/layout', [], true)
 7 SYSTEMPATH\Common.php(1184): CodeIgniter\View\View->render('ecomerce/index', [], true)
 8 APPPATH\Controllers\Ecomerce.php(9): view('ecomerce/index')
 9 SYSTEMPATH\CodeIgniter.php(934): App\Controllers\Ecomerce->index()
10 SYSTEMPATH\CodeIgniter.php(499): CodeIgniter\CodeIgniter->runController(Object(App\Controllers\Ecomerce))
11 SYSTEMPATH\CodeIgniter.php(368): CodeIgniter\CodeIgniter->handleRequest(null, Object(Config\Cache), false)
12 FCPATH\index.php(67): CodeIgniter\CodeIgniter->run()
CRITICAL - 2023-03-03 03:06:52 --> Invalid file: "ecomerce/template/nav.php"
in SYSTEMPATH\Exceptions\FrameworkException.php on line 33.
 1 SYSTEMPATH\View\View.php(201): CodeIgniter\Exceptions\FrameworkException::forInvalidFile('ecomerce/template/nav.php')
 2 SYSTEMPATH\View\View.php(431): CodeIgniter\View\View->render('ecomerce/template/nav', null, true)
 3 APPPATH\Views\ecomerce\layouts\layout.php(19): CodeIgniter\View\View->include('ecomerce/template/nav')
 4 SYSTEMPATH\View\View.php(213): include('APPPATH\\Views\\ecomerce\\layouts\\layout.php')
 5 SYSTEMPATH\View\View.php(216): CodeIgniter\View\View->CodeIgniter\View\{closure}()
 6 SYSTEMPATH\View\View.php(229): CodeIgniter\View\View->render('ecomerce/layouts/layout', [], true)
 7 SYSTEMPATH\Common.php(1184): CodeIgniter\View\View->render('ecomerce/index', [], true)
 8 APPPATH\Controllers\Ecomerce.php(9): view('ecomerce/index')
 9 SYSTEMPATH\CodeIgniter.php(934): App\Controllers\Ecomerce->index()
10 SYSTEMPATH\CodeIgniter.php(499): CodeIgniter\CodeIgniter->runController(Object(App\Controllers\Ecomerce))
11 SYSTEMPATH\CodeIgniter.php(368): CodeIgniter\CodeIgniter->handleRequest(null, Object(Config\Cache), false)
12 FCPATH\index.php(67): CodeIgniter\CodeIgniter->run()
CRITICAL - 2023-03-03 03:07:07 --> Invalid file: "ecomerce/template/nav.php"
in SYSTEMPATH\Exceptions\FrameworkException.php on line 33.
 1 SYSTEMPATH\View\View.php(201): CodeIgniter\Exceptions\FrameworkException::forInvalidFile('ecomerce/template/nav.php')
 2 SYSTEMPATH\View\View.php(431): CodeIgniter\View\View->render('ecomerce/template/nav', null, true)
 3 APPPATH\Views\ecomerce\layouts\layout.php(19): CodeIgniter\View\View->include('ecomerce/template/nav')
 4 SYSTEMPATH\View\View.php(213): include('APPPATH\\Views\\ecomerce\\layouts\\layout.php')
 5 SYSTEMPATH\View\View.php(216): CodeIgniter\View\View->CodeIgniter\View\{closure}()
 6 SYSTEMPATH\View\View.php(229): CodeIgniter\View\View->render('ecomerce/layouts/layout', [], true)
 7 SYSTEMPATH\Common.php(1184): CodeIgniter\View\View->render('ecomerce/index', [], true)
 8 APPPATH\Controllers\Ecomerce.php(9): view('ecomerce/index')
 9 SYSTEMPATH\CodeIgniter.php(934): App\Controllers\Ecomerce->index()
10 SYSTEMPATH\CodeIgniter.php(499): CodeIgniter\CodeIgniter->runController(Object(App\Controllers\Ecomerce))
11 SYSTEMPATH\CodeIgniter.php(368): CodeIgniter\CodeIgniter->handleRequest(null, Object(Config\Cache), false)
12 FCPATH\index.php(67): CodeIgniter\CodeIgniter->run()
CRITICAL - 2023-03-03 03:07:28 --> Invalid file: "ecomerce/template/nav.php"
in SYSTEMPATH\Exceptions\FrameworkException.php on line 33.
 1 SYSTEMPATH\View\View.php(201): CodeIgniter\Exceptions\FrameworkException::forInvalidFile('ecomerce/template/nav.php')
 2 SYSTEMPATH\View\View.php(431): CodeIgniter\View\View->render('ecomerce/template/nav', null, true)
 3 APPPATH\Views\ecomerce\layouts\layout.php(16): CodeIgniter\View\View->include('ecomerce/template/nav')
 4 SYSTEMPATH\View\View.php(213): include('APPPATH\\Views\\ecomerce\\layouts\\layout.php')
 5 SYSTEMPATH\View\View.php(216): CodeIgniter\View\View->CodeIgniter\View\{closure}()
 6 SYSTEMPATH\View\View.php(229): CodeIgniter\View\View->render('ecomerce/layouts/layout', [], true)
 7 SYSTEMPATH\Common.php(1184): CodeIgniter\View\View->render('ecomerce/index', [], true)
 8 APPPATH\Controllers\Ecomerce.php(9): view('ecomerce/index')
 9 SYSTEMPATH\CodeIgniter.php(934): App\Controllers\Ecomerce->index()
10 SYSTEMPATH\CodeIgniter.php(499): CodeIgniter\CodeIgniter->runController(Object(App\Controllers\Ecomerce))
11 SYSTEMPATH\CodeIgniter.php(368): CodeIgniter\CodeIgniter->handleRequest(null, Object(Config\Cache), false)
12 FCPATH\index.php(67): CodeIgniter\CodeIgniter->run()
CRITICAL - 2023-03-03 03:09:41 --> Invalid file: "ecomerce/template/nav.php"
in SYSTEMPATH\Exceptions\FrameworkException.php on line 33.
 1 SYSTEMPATH\View\View.php(201): CodeIgniter\Exceptions\FrameworkException::forInvalidFile('ecomerce/template/nav.php')
 2 SYSTEMPATH\View\View.php(431): CodeIgniter\View\View->render('ecomerce/template/nav', null, true)
 3 APPPATH\Views\ecomerce\layouts\layout.php(19): CodeIgniter\View\View->include('ecomerce/template/nav')
 4 SYSTEMPATH\View\View.php(213): include('APPPATH\\Views\\ecomerce\\layouts\\layout.php')
 5 SYSTEMPATH\View\View.php(216): CodeIgniter\View\View->CodeIgniter\View\{closure}()
 6 SYSTEMPATH\View\View.php(229): CodeIgniter\View\View->render('ecomerce/layouts/layout', [], true)
 7 SYSTEMPATH\Common.php(1184): CodeIgniter\View\View->render('ecomerce/index', [], true)
 8 APPPATH\Controllers\Ecomerce.php(9): view('ecomerce/index')
 9 SYSTEMPATH\CodeIgniter.php(934): App\Controllers\Ecomerce->index()
10 SYSTEMPATH\CodeIgniter.php(499): CodeIgniter\CodeIgniter->runController(Object(App\Controllers\Ecomerce))
11 SYSTEMPATH\CodeIgniter.php(368): CodeIgniter\CodeIgniter->handleRequest(null, Object(Config\Cache), false)
12 FCPATH\index.php(67): CodeIgniter\CodeIgniter->run()
CRITICAL - 2023-03-03 03:12:17 --> Invalid file: "layouts/layout.php"
in SYSTEMPATH\Exceptions\FrameworkException.php on line 33.
 1 SYSTEMPATH\View\View.php(201): CodeIgniter\Exceptions\FrameworkException::forInvalidFile('layouts/layout.php')
 2 SYSTEMPATH\View\View.php(229): CodeIgniter\View\View->render('layouts/layout', [], true)
 3 SYSTEMPATH\Common.php(1184): CodeIgniter\View\View->render('ecomerce/index', [], true)
 4 APPPATH\Controllers\Ecomerce.php(9): view('ecomerce/index')
 5 SYSTEMPATH\CodeIgniter.php(934): App\Controllers\Ecomerce->index()
 6 SYSTEMPATH\CodeIgniter.php(499): CodeIgniter\CodeIgniter->runController(Object(App\Controllers\Ecomerce))
 7 SYSTEMPATH\CodeIgniter.php(368): CodeIgniter\CodeIgniter->handleRequest(null, Object(Config\Cache), false)
 8 FCPATH\index.php(67): CodeIgniter\CodeIgniter->run()
CRITICAL - 2023-03-03 03:12:32 --> Invalid file: "ecomerce/template/nav.php"
in SYSTEMPATH\Exceptions\FrameworkException.php on line 33.
 1 SYSTEMPATH\View\View.php(201): CodeIgniter\Exceptions\FrameworkException::forInvalidFile('ecomerce/template/nav.php')
 2 SYSTEMPATH\View\View.php(431): CodeIgniter\View\View->render('ecomerce/template/nav', null, true)
 3 APPPATH\Views\ecomerce\layouts\layout.php(19): CodeIgniter\View\View->include('ecomerce/template/nav')
 4 SYSTEMPATH\View\View.php(213): include('APPPATH\\Views\\ecomerce\\layouts\\layout.php')
 5 SYSTEMPATH\View\View.php(216): CodeIgniter\View\View->CodeIgniter\View\{closure}()
 6 SYSTEMPATH\View\View.php(229): CodeIgniter\View\View->render('./ecomerce/layouts/layout', [], true)
 7 SYSTEMPATH\Common.php(1184): CodeIgniter\View\View->render('ecomerce/index', [], true)
 8 APPPATH\Controllers\Ecomerce.php(9): view('ecomerce/index')
 9 SYSTEMPATH\CodeIgniter.php(934): App\Controllers\Ecomerce->index()
10 SYSTEMPATH\CodeIgniter.php(499): CodeIgniter\CodeIgniter->runController(Object(App\Controllers\Ecomerce))
11 SYSTEMPATH\CodeIgniter.php(368): CodeIgniter\CodeIgniter->handleRequest(null, Object(Config\Cache), false)
12 FCPATH\index.php(67): CodeIgniter\CodeIgniter->run()
CRITICAL - 2023-03-03 03:13:08 --> Invalid file: "ecomerce/template/nav.php"
in SYSTEMPATH\Exceptions\FrameworkException.php on line 33.
 1 SYSTEMPATH\View\View.php(201): CodeIgniter\Exceptions\FrameworkException::forInvalidFile('ecomerce/template/nav.php')
 2 SYSTEMPATH\View\View.php(431): CodeIgniter\View\View->render('ecomerce/template/nav', null, true)
 3 APPPATH\Views\ecomerce\layouts\layout.php(19): CodeIgniter\View\View->include('ecomerce/template/nav')
 4 SYSTEMPATH\View\View.php(213): include('APPPATH\\Views\\ecomerce\\layouts\\layout.php')
 5 SYSTEMPATH\View\View.php(216): CodeIgniter\View\View->CodeIgniter\View\{closure}()
 6 SYSTEMPATH\View\View.php(229): CodeIgniter\View\View->render('/ecomerce/layouts/layout', [], true)
 7 SYSTEMPATH\Common.php(1184): CodeIgniter\View\View->render('ecomerce/index', [], true)
 8 APPPATH\Controllers\Ecomerce.php(9): view('ecomerce/index')
 9 SYSTEMPATH\CodeIgniter.php(934): App\Controllers\Ecomerce->index()
10 SYSTEMPATH\CodeIgniter.php(499): CodeIgniter\CodeIgniter->runController(Object(App\Controllers\Ecomerce))
11 SYSTEMPATH\CodeIgniter.php(368): CodeIgniter\CodeIgniter->handleRequest(null, Object(Config\Cache), false)
12 FCPATH\index.php(67): CodeIgniter\CodeIgniter->run()
CRITICAL - 2023-03-03 03:13:13 --> Invalid file: "ecomerce/template/nav.php"
in SYSTEMPATH\Exceptions\FrameworkException.php on line 33.
 1 SYSTEMPATH\View\View.php(201): CodeIgniter\Exceptions\FrameworkException::forInvalidFile('ecomerce/template/nav.php')
 2 SYSTEMPATH\View\View.php(431): CodeIgniter\View\View->render('ecomerce/template/nav', null, true)
 3 APPPATH\Views\ecomerce\layouts\layout.php(19): CodeIgniter\View\View->include('ecomerce/template/nav')
 4 SYSTEMPATH\View\View.php(213): include('APPPATH\\Views\\ecomerce\\layouts\\layout.php')
 5 SYSTEMPATH\View\View.php(216): CodeIgniter\View\View->CodeIgniter\View\{closure}()
 6 SYSTEMPATH\View\View.php(229): CodeIgniter\View\View->render('ecomerce/layouts/layout', [], true)
 7 SYSTEMPATH\Common.php(1184): CodeIgniter\View\View->render('ecomerce/index', [], true)
 8 APPPATH\Controllers\Ecomerce.php(9): view('ecomerce/index')
 9 SYSTEMPATH\CodeIgniter.php(934): App\Controllers\Ecomerce->index()
10 SYSTEMPATH\CodeIgniter.php(499): CodeIgniter\CodeIgniter->runController(Object(App\Controllers\Ecomerce))
11 SYSTEMPATH\CodeIgniter.php(368): CodeIgniter\CodeIgniter->handleRequest(null, Object(Config\Cache), false)
12 FCPATH\index.php(67): CodeIgniter\CodeIgniter->run()
CRITICAL - 2023-03-03 03:15:57 --> Invalid file: "ecomerce/template/nav.php"
in SYSTEMPATH\Exceptions\FrameworkException.php on line 33.
 1 SYSTEMPATH\View\View.php(201): CodeIgniter\Exceptions\FrameworkException::forInvalidFile('ecomerce/template/nav.php')
 2 SYSTEMPATH\View\View.php(431): CodeIgniter\View\View->render('ecomerce/template/nav', null, true)
 3 APPPATH\Views\layouts\layout.php(19): CodeIgniter\View\View->include('ecomerce/template/nav')
 4 SYSTEMPATH\View\View.php(213): include('APPPATH\\Views\\layouts\\layout.php')
 5 SYSTEMPATH\View\View.php(216): CodeIgniter\View\View->CodeIgniter\View\{closure}()
 6 SYSTEMPATH\View\View.php(229): CodeIgniter\View\View->render('layouts/layout', [], true)
 7 SYSTEMPATH\Common.php(1184): CodeIgniter\View\View->render('ecomerce/index', [], true)
 8 APPPATH\Controllers\Ecomerce.php(9): view('ecomerce/index')
 9 SYSTEMPATH\CodeIgniter.php(934): App\Controllers\Ecomerce->index()
10 SYSTEMPATH\CodeIgniter.php(499): CodeIgniter\CodeIgniter->runController(Object(App\Controllers\Ecomerce))
11 SYSTEMPATH\CodeIgniter.php(368): CodeIgniter\CodeIgniter->handleRequest(null, Object(Config\Cache), false)
12 FCPATH\index.php(67): CodeIgniter\CodeIgniter->run()
CRITICAL - 2023-03-03 03:16:03 --> Invalid file: "ecomerce/template/nav.php"
in SYSTEMPATH\Exceptions\FrameworkException.php on line 33.
 1 SYSTEMPATH\View\View.php(201): CodeIgniter\Exceptions\FrameworkException::forInvalidFile('ecomerce/template/nav.php')
 2 SYSTEMPATH\View\View.php(431): CodeIgniter\View\View->render('ecomerce/template/nav', null, true)
 3 APPPATH\Views\layouts\layout.php(19): CodeIgniter\View\View->include('ecomerce/template/nav')
 4 SYSTEMPATH\View\View.php(213): include('APPPATH\\Views\\layouts\\layout.php')
 5 SYSTEMPATH\View\View.php(216): CodeIgniter\View\View->CodeIgniter\View\{closure}()
 6 SYSTEMPATH\View\View.php(229): CodeIgniter\View\View->render('layouts/layout', [], true)
 7 SYSTEMPATH\Common.php(1184): CodeIgniter\View\View->render('ecomerce/index', [], true)
 8 APPPATH\Controllers\Ecomerce.php(9): view('ecomerce/index')
 9 SYSTEMPATH\CodeIgniter.php(934): App\Controllers\Ecomerce->index()
10 SYSTEMPATH\CodeIgniter.php(499): CodeIgniter\CodeIgniter->runController(Object(App\Controllers\Ecomerce))
11 SYSTEMPATH\CodeIgniter.php(368): CodeIgniter\CodeIgniter->handleRequest(null, Object(Config\Cache), false)
12 FCPATH\index.php(67): CodeIgniter\CodeIgniter->run()
CRITICAL - 2023-03-03 03:16:50 --> Invalid file: "ecomerce/template/nav.php"
in SYSTEMPATH\Exceptions\FrameworkException.php on line 33.
 1 SYSTEMPATH\View\View.php(201): CodeIgniter\Exceptions\FrameworkException::forInvalidFile('ecomerce/template/nav.php')
 2 SYSTEMPATH\View\View.php(431): CodeIgniter\View\View->render('ecomerce/template/nav', null, true)
 3 APPPATH\Views\layouts\layout.php(19): CodeIgniter\View\View->include('ecomerce/template/nav')
 4 SYSTEMPATH\View\View.php(213): include('APPPATH\\Views\\layouts\\layout.php')
 5 SYSTEMPATH\View\View.php(216): CodeIgniter\View\View->CodeIgniter\View\{closure}()
 6 SYSTEMPATH\View\View.php(229): CodeIgniter\View\View->render('layouts/layout', [], true)
 7 SYSTEMPATH\Common.php(1184): CodeIgniter\View\View->render('ecomerce/index', [], true)
 8 APPPATH\Controllers\Ecomerce.php(9): view('ecomerce/index')
 9 SYSTEMPATH\CodeIgniter.php(934): App\Controllers\Ecomerce->index()
10 SYSTEMPATH\CodeIgniter.php(499): CodeIgniter\CodeIgniter->runController(Object(App\Controllers\Ecomerce))
11 SYSTEMPATH\CodeIgniter.php(368): CodeIgniter\CodeIgniter->handleRequest(null, Object(Config\Cache), false)
12 FCPATH\index.php(67): CodeIgniter\CodeIgniter->run()
CRITICAL - 2023-03-03 03:17:31 --> Invalid file: "layouts/layout.php"
in SYSTEMPATH\Exceptions\FrameworkException.php on line 33.
 1 SYSTEMPATH\View\View.php(201): CodeIgniter\Exceptions\FrameworkException::forInvalidFile('layouts/layout.php')
 2 SYSTEMPATH\View\View.php(229): CodeIgniter\View\View->render('layouts/layout', [], true)
 3 SYSTEMPATH\Common.php(1184): CodeIgniter\View\View->render('ecomerce/index', [], true)
 4 APPPATH\Controllers\Ecomerce.php(9): view('ecomerce/index')
 5 SYSTEMPATH\CodeIgniter.php(934): App\Controllers\Ecomerce->index()
 6 SYSTEMPATH\CodeIgniter.php(499): CodeIgniter\CodeIgniter->runController(Object(App\Controllers\Ecomerce))
 7 SYSTEMPATH\CodeIgniter.php(368): CodeIgniter\CodeIgniter->handleRequest(null, Object(Config\Cache), false)
 8 FCPATH\index.php(67): CodeIgniter\CodeIgniter->run()
CRITICAL - 2023-03-03 03:18:56 --> Invalid file: "ecomerce/template/nav.php"
in SYSTEMPATH\Exceptions\FrameworkException.php on line 33.
 1 SYSTEMPATH\View\View.php(201): CodeIgniter\Exceptions\FrameworkException::forInvalidFile('ecomerce/template/nav.php')
 2 SYSTEMPATH\View\View.php(431): CodeIgniter\View\View->render('ecomerce/template/nav', null, true)
 3 APPPATH\Views\ecomerce\layouts\layout.php(15): CodeIgniter\View\View->include('ecomerce/template/nav')
 4 SYSTEMPATH\View\View.php(213): include('APPPATH\\Views\\ecomerce\\layouts\\layout.php')
 5 SYSTEMPATH\View\View.php(216): CodeIgniter\View\View->CodeIgniter\View\{closure}()
 6 SYSTEMPATH\View\View.php(229): CodeIgniter\View\View->render('ecomerce/layouts/layout', [], true)
 7 SYSTEMPATH\Common.php(1184): CodeIgniter\View\View->render('ecomerce/index', [], true)
 8 APPPATH\Controllers\Ecomerce.php(9): view('ecomerce/index')
 9 SYSTEMPATH\CodeIgniter.php(934): App\Controllers\Ecomerce->index()
10 SYSTEMPATH\CodeIgniter.php(499): CodeIgniter\CodeIgniter->runController(Object(App\Controllers\Ecomerce))
11 SYSTEMPATH\CodeIgniter.php(368): CodeIgniter\CodeIgniter->handleRequest(null, Object(Config\Cache), false)
12 FCPATH\index.php(67): CodeIgniter\CodeIgniter->run()
CRITICAL - 2023-03-03 03:19:14 --> Invalid file: "ecomerce/template/nav.php"
in SYSTEMPATH\Exceptions\FrameworkException.php on line 33.
 1 SYSTEMPATH\View\View.php(201): CodeIgniter\Exceptions\FrameworkException::forInvalidFile('ecomerce/template/nav.php')
 2 SYSTEMPATH\View\View.php(431): CodeIgniter\View\View->render('ecomerce/template/nav', null, true)
 3 APPPATH\Views\ecomerce\layouts\layout.php(15): CodeIgniter\View\View->include('ecomerce/template/nav')
 4 SYSTEMPATH\View\View.php(213): include('APPPATH\\Views\\ecomerce\\layouts\\layout.php')
 5 SYSTEMPATH\View\View.php(216): CodeIgniter\View\View->CodeIgniter\View\{closure}()
 6 SYSTEMPATH\View\View.php(229): CodeIgniter\View\View->render('ecomerce/layouts/layout', [], true)
 7 SYSTEMPATH\Common.php(1184): CodeIgniter\View\View->render('ecomerce/index', [], true)
 8 APPPATH\Controllers\Ecomerce.php(9): view('ecomerce/index')
 9 SYSTEMPATH\CodeIgniter.php(934): App\Controllers\Ecomerce->index()
10 SYSTEMPATH\CodeIgniter.php(499): CodeIgniter\CodeIgniter->runController(Object(App\Controllers\Ecomerce))
11 SYSTEMPATH\CodeIgniter.php(368): CodeIgniter\CodeIgniter->handleRequest(null, Object(Config\Cache), false)
12 FCPATH\index.php(67): CodeIgniter\CodeIgniter->run()
CRITICAL - 2023-03-03 03:19:22 --> Invalid file: "ecomerce/template/nav.php"
in SYSTEMPATH\Exceptions\FrameworkException.php on line 33.
 1 SYSTEMPATH\View\View.php(201): CodeIgniter\Exceptions\FrameworkException::forInvalidFile('ecomerce/template/nav.php')
 2 SYSTEMPATH\View\View.php(431): CodeIgniter\View\View->render('ecomerce/template/nav', null, true)
 3 APPPATH\Views\ecomerce\layouts\layout.php(1): CodeIgniter\View\View->include('ecomerce/template/nav')
 4 SYSTEMPATH\View\View.php(213): include('APPPATH\\Views\\ecomerce\\layouts\\layout.php')
 5 SYSTEMPATH\View\View.php(216): CodeIgniter\View\View->CodeIgniter\View\{closure}()
 6 SYSTEMPATH\View\View.php(229): CodeIgniter\View\View->render('ecomerce/layouts/layout', [], true)
 7 SYSTEMPATH\Common.php(1184): CodeIgniter\View\View->render('ecomerce/index', [], true)
 8 APPPATH\Controllers\Ecomerce.php(9): view('ecomerce/index')
 9 SYSTEMPATH\CodeIgniter.php(934): App\Controllers\Ecomerce->index()
10 SYSTEMPATH\CodeIgniter.php(499): CodeIgniter\CodeIgniter->runController(Object(App\Controllers\Ecomerce))
11 SYSTEMPATH\CodeIgniter.php(368): CodeIgniter\CodeIgniter->handleRequest(null, Object(Config\Cache), false)
12 FCPATH\index.php(67): CodeIgniter\CodeIgniter->run()
