CRITICAL - 2023-03-31 03:35:47 --> Invalid argument supplied for foreach()
in APPPATH\Views\ecomerce\index.php on line 8.
 1 APPPATH\Views\ecomerce\index.php(8): CodeIgniter\Debug\Exceptions->errorHandler(2, 'Invalid argument supplied for foreach()', 'APPPATH\\Views\\ecomerce\\index.php', 8, [])
 2 SYSTEMPATH\View\View.php(213): include('APPPATH\\Views\\ecomerce\\index.php')
 3 SYSTEMPATH\View\View.php(216): CodeIgniter\View\View->CodeIgniter\View\{closure}()
 4 SYSTEMPATH\Common.php(1184): CodeIgniter\View\View->render('ecomerce/index', [], true)
 5 APPPATH\Controllers\Ecomerce.php(20): view('ecomerce/index')
 6 SYSTEMPATH\CodeIgniter.php(934): App\Controllers\Ecomerce->index()
 7 SYSTEMPATH\CodeIgniter.php(499): CodeIgniter\CodeIgniter->runController(Object(App\Controllers\Ecomerce))
 8 SYSTEMPATH\CodeIgniter.php(368): CodeIgniter\CodeIgniter->handleRequest(null, Object(Config\Cache), false)
 9 FCPATH\index.php(67): CodeIgniter\CodeIgniter->run()
CRITICAL - 2023-03-31 03:36:48 --> Invalid argument supplied for foreach()
in APPPATH\Views\ecomerce\index.php on line 8.
 1 APPPATH\Views\ecomerce\index.php(8): CodeIgniter\Debug\Exceptions->errorHandler(2, 'Invalid argument supplied for foreach()', 'APPPATH\\Views\\ecomerce\\index.php', 8, [])
 2 SYSTEMPATH\View\View.php(213): include('APPPATH\\Views\\ecomerce\\index.php')
 3 SYSTEMPATH\View\View.php(216): CodeIgniter\View\View->CodeIgniter\View\{closure}()
 4 SYSTEMPATH\Common.php(1184): CodeIgniter\View\View->render('ecomerce/index', [], true)
 5 APPPATH\Controllers\Ecomerce.php(20): view('ecomerce/index')
 6 SYSTEMPATH\CodeIgniter.php(934): App\Controllers\Ecomerce->index()
 7 SYSTEMPATH\CodeIgniter.php(499): CodeIgniter\CodeIgniter->runController(Object(App\Controllers\Ecomerce))
 8 SYSTEMPATH\CodeIgniter.php(368): CodeIgniter\CodeIgniter->handleRequest(null, Object(Config\Cache), false)
 9 FCPATH\index.php(67): CodeIgniter\CodeIgniter->run()
CRITICAL - 2023-03-31 03:37:15 --> Invalid argument supplied for foreach()
in APPPATH\Views\ecomerce\index.php on line 8.
 1 APPPATH\Views\ecomerce\index.php(8): CodeIgniter\Debug\Exceptions->errorHandler(2, 'Invalid argument supplied for foreach()', 'APPPATH\\Views\\ecomerce\\index.php', 8, [...])
 2 SYSTEMPATH\View\View.php(213): include('APPPATH\\Views\\ecomerce\\index.php')
 3 SYSTEMPATH\View\View.php(216): CodeIgniter\View\View->CodeIgniter\View\{closure}()
 4 SYSTEMPATH\Common.php(1184): CodeIgniter\View\View->render('ecomerce/index', [], true)
 5 APPPATH\Controllers\Ecomerce.php(20): view('ecomerce/index', [...])
 6 SYSTEMPATH\CodeIgniter.php(934): App\Controllers\Ecomerce->index()
 7 SYSTEMPATH\CodeIgniter.php(499): CodeIgniter\CodeIgniter->runController(Object(App\Controllers\Ecomerce))
 8 SYSTEMPATH\CodeIgniter.php(368): CodeIgniter\CodeIgniter->handleRequest(null, Object(Config\Cache), false)
 9 FCPATH\index.php(67): CodeIgniter\CodeIgniter->run()
