CRITICAL - 2023-07-27 00:13:36 --> Undefined variable $allSubcategorias
in APPPATH\Views\admin\inventario\subCategorias.php on line 324.
 1 APPPATH\Views\admin\inventario\subCategorias.php(324): CodeIgniter\Debug\Exceptions->errorHandler(2, 'Undefined variable $allSubcategorias', 'APPPATH\\Views\\admin\\inventario\\subCategorias.php', 324)
 2 SYSTEMPATH\View\View.php(213): include('APPPATH\\Views\\admin\\inventario\\subCategorias.php')
 3 SYSTEMPATH\View\View.php(216): CodeIgniter\View\View->CodeIgniter\View\{closure}()
 4 SYSTEMPATH\Common.php(1184): CodeIgniter\View\View->render('admin/inventario/subCategorias', [], true)
 5 APPPATH\Controllers\Admin.php(154): view('admin/inventario/subCategorias', [...])
 6 SYSTEMPATH\CodeIgniter.php(934): App\Controllers\Admin->subcategorias()
 7 SYSTEMPATH\CodeIgniter.php(499): CodeIgniter\CodeIgniter->runController(Object(App\Controllers\Admin))
 8 SYSTEMPATH\CodeIgniter.php(368): CodeIgniter\CodeIgniter->handleRequest(null, Object(Config\Cache), false)
 9 FCPATH\index.php(67): CodeIgniter\CodeIgniter->run()
CRITICAL - 2023-07-27 00:15:17 --> Undefined variable $categorias
in APPPATH\Views\admin\inventario\subCategorias.php on line 325.
 1 APPPATH\Views\admin\inventario\subCategorias.php(325): CodeIgniter\Debug\Exceptions->errorHandler(2, 'Undefined variable $categorias', 'APPPATH\\Views\\admin\\inventario\\subCategorias.php', 325)
 2 SYSTEMPATH\View\View.php(213): include('APPPATH\\Views\\admin\\inventario\\subCategorias.php')
 3 SYSTEMPATH\View\View.php(216): CodeIgniter\View\View->CodeIgniter\View\{closure}()
 4 SYSTEMPATH\Common.php(1184): CodeIgniter\View\View->render('admin/inventario/subCategorias', [], true)
 5 APPPATH\Controllers\Admin.php(156): view('admin/inventario/subCategorias', [...])
 6 SYSTEMPATH\CodeIgniter.php(934): App\Controllers\Admin->subcategorias()
 7 SYSTEMPATH\CodeIgniter.php(499): CodeIgniter\CodeIgniter->runController(Object(App\Controllers\Admin))
 8 SYSTEMPATH\CodeIgniter.php(368): CodeIgniter\CodeIgniter->handleRequest(null, Object(Config\Cache), false)
 9 FCPATH\index.php(67): CodeIgniter\CodeIgniter->run()
CRITICAL - 2023-07-27 00:18:33 --> Undefined variable $categorias
in APPPATH\Controllers\Admin.php on line 155.
 1 APPPATH\Controllers\Admin.php(155): CodeIgniter\Debug\Exceptions->errorHandler(2, 'Undefined variable $categorias', 'APPPATH\\Controllers\\Admin.php', 155)
 2 SYSTEMPATH\CodeIgniter.php(934): App\Controllers\Admin->subcategorias()
 3 SYSTEMPATH\CodeIgniter.php(499): CodeIgniter\CodeIgniter->runController(Object(App\Controllers\Admin))
 4 SYSTEMPATH\CodeIgniter.php(368): CodeIgniter\CodeIgniter->handleRequest(null, Object(Config\Cache), false)
 5 FCPATH\index.php(67): CodeIgniter\CodeIgniter->run()
CRITICAL - 2023-07-27 00:21:17 --> Undefined variable $allcategorias
in APPPATH\Views\admin\inventario\subCategorias.php on line 259.
 1 APPPATH\Views\admin\inventario\subCategorias.php(259): CodeIgniter\Debug\Exceptions->errorHandler(2, 'Undefined variable $allcategorias', 'APPPATH\\Views\\admin\\inventario\\subCategorias.php', 259)
 2 SYSTEMPATH\View\View.php(213): include('APPPATH\\Views\\admin\\inventario\\subCategorias.php')
 3 SYSTEMPATH\View\View.php(216): CodeIgniter\View\View->CodeIgniter\View\{closure}()
 4 SYSTEMPATH\Common.php(1184): CodeIgniter\View\View->render('admin/inventario/subCategorias', [], true)
 5 APPPATH\Controllers\Admin.php(156): view('admin/inventario/subCategorias', [...])
 6 SYSTEMPATH\CodeIgniter.php(934): App\Controllers\Admin->subcategorias()
 7 SYSTEMPATH\CodeIgniter.php(499): CodeIgniter\CodeIgniter->runController(Object(App\Controllers\Admin))
 8 SYSTEMPATH\CodeIgniter.php(368): CodeIgniter\CodeIgniter->handleRequest(null, Object(Config\Cache), false)
 9 FCPATH\index.php(67): CodeIgniter\CodeIgniter->run()
CRITICAL - 2023-07-27 00:21:59 --> Undefined variable $allcategorias
in APPPATH\Views\admin\inventario\subCategorias.php on line 259.
 1 APPPATH\Views\admin\inventario\subCategorias.php(259): CodeIgniter\Debug\Exceptions->errorHandler(2, 'Undefined variable $allcategorias', 'APPPATH\\Views\\admin\\inventario\\subCategorias.php', 259)
 2 SYSTEMPATH\View\View.php(213): include('APPPATH\\Views\\admin\\inventario\\subCategorias.php')
 3 SYSTEMPATH\View\View.php(216): CodeIgniter\View\View->CodeIgniter\View\{closure}()
 4 SYSTEMPATH\Common.php(1184): CodeIgniter\View\View->render('admin/inventario/subCategorias', [], true)
 5 APPPATH\Controllers\Admin.php(156): view('admin/inventario/subCategorias', [...])
 6 SYSTEMPATH\CodeIgniter.php(934): App\Controllers\Admin->subcategorias()
 7 SYSTEMPATH\CodeIgniter.php(499): CodeIgniter\CodeIgniter->runController(Object(App\Controllers\Admin))
 8 SYSTEMPATH\CodeIgniter.php(368): CodeIgniter\CodeIgniter->handleRequest(null, Object(Config\Cache), false)
 9 FCPATH\index.php(67): CodeIgniter\CodeIgniter->run()
CRITICAL - 2023-07-27 00:22:23 --> Undefined variable $allcategorias
in APPPATH\Views\admin\inventario\subCategorias.php on line 190.
 1 APPPATH\Views\admin\inventario\subCategorias.php(190): CodeIgniter\Debug\Exceptions->errorHandler(2, 'Undefined variable $allcategorias', 'APPPATH\\Views\\admin\\inventario\\subCategorias.php', 190)
 2 SYSTEMPATH\View\View.php(213): include('APPPATH\\Views\\admin\\inventario\\subCategorias.php')
 3 SYSTEMPATH\View\View.php(216): CodeIgniter\View\View->CodeIgniter\View\{closure}()
 4 SYSTEMPATH\Common.php(1184): CodeIgniter\View\View->render('admin/inventario/subCategorias', [], true)
 5 APPPATH\Controllers\Admin.php(156): view('admin/inventario/subCategorias', [...])
 6 SYSTEMPATH\CodeIgniter.php(934): App\Controllers\Admin->subcategorias()
 7 SYSTEMPATH\CodeIgniter.php(499): CodeIgniter\CodeIgniter->runController(Object(App\Controllers\Admin))
 8 SYSTEMPATH\CodeIgniter.php(368): CodeIgniter\CodeIgniter->handleRequest(null, Object(Config\Cache), false)
 9 FCPATH\index.php(67): CodeIgniter\CodeIgniter->run()
CRITICAL - 2023-07-27 00:23:55 --> Undefined variable $allcategorias
in APPPATH\Views\admin\inventario\subCategorias.php on line 164.
 1 APPPATH\Views\admin\inventario\subCategorias.php(164): CodeIgniter\Debug\Exceptions->errorHandler(2, 'Undefined variable $allcategorias', 'APPPATH\\Views\\admin\\inventario\\subCategorias.php', 164)
 2 SYSTEMPATH\View\View.php(213): include('APPPATH\\Views\\admin\\inventario\\subCategorias.php')
 3 SYSTEMPATH\View\View.php(216): CodeIgniter\View\View->CodeIgniter\View\{closure}()
 4 SYSTEMPATH\Common.php(1184): CodeIgniter\View\View->render('admin/inventario/subCategorias', [], true)
 5 APPPATH\Controllers\Admin.php(156): view('admin/inventario/subCategorias', [...])
 6 SYSTEMPATH\CodeIgniter.php(934): App\Controllers\Admin->subcategorias()
 7 SYSTEMPATH\CodeIgniter.php(499): CodeIgniter\CodeIgniter->runController(Object(App\Controllers\Admin))
 8 SYSTEMPATH\CodeIgniter.php(368): CodeIgniter\CodeIgniter->handleRequest(null, Object(Config\Cache), false)
 9 FCPATH\index.php(67): CodeIgniter\CodeIgniter->run()
CRITICAL - 2023-07-27 00:24:31 --> Undefined variable $allcategorias
in APPPATH\Views\admin\inventario\subCategorias.php on line 164.
 1 APPPATH\Views\admin\inventario\subCategorias.php(164): CodeIgniter\Debug\Exceptions->errorHandler(2, 'Undefined variable $allcategorias', 'APPPATH\\Views\\admin\\inventario\\subCategorias.php', 164)
 2 SYSTEMPATH\View\View.php(213): include('APPPATH\\Views\\admin\\inventario\\subCategorias.php')
 3 SYSTEMPATH\View\View.php(216): CodeIgniter\View\View->CodeIgniter\View\{closure}()
 4 SYSTEMPATH\Common.php(1184): CodeIgniter\View\View->render('admin/inventario/subCategorias', [], true)
 5 APPPATH\Controllers\Admin.php(156): view('admin/inventario/subCategorias', [...])
 6 SYSTEMPATH\CodeIgniter.php(934): App\Controllers\Admin->subcategorias()
 7 SYSTEMPATH\CodeIgniter.php(499): CodeIgniter\CodeIgniter->runController(Object(App\Controllers\Admin))
 8 SYSTEMPATH\CodeIgniter.php(368): CodeIgniter\CodeIgniter->handleRequest(null, Object(Config\Cache), false)
 9 FCPATH\index.php(67): CodeIgniter\CodeIgniter->run()
CRITICAL - 2023-07-27 00:24:49 --> Undefined variable $allcategorias
in APPPATH\Views\admin\inventario\subCategorias.php on line 147.
 1 APPPATH\Views\admin\inventario\subCategorias.php(147): CodeIgniter\Debug\Exceptions->errorHandler(2, 'Undefined variable $allcategorias', 'APPPATH\\Views\\admin\\inventario\\subCategorias.php', 147)
 2 SYSTEMPATH\View\View.php(213): include('APPPATH\\Views\\admin\\inventario\\subCategorias.php')
 3 SYSTEMPATH\View\View.php(216): CodeIgniter\View\View->CodeIgniter\View\{closure}()
 4 SYSTEMPATH\Common.php(1184): CodeIgniter\View\View->render('admin/inventario/subCategorias', [], true)
 5 APPPATH\Controllers\Admin.php(156): view('admin/inventario/subCategorias', [...])
 6 SYSTEMPATH\CodeIgniter.php(934): App\Controllers\Admin->subcategorias()
 7 SYSTEMPATH\CodeIgniter.php(499): CodeIgniter\CodeIgniter->runController(Object(App\Controllers\Admin))
 8 SYSTEMPATH\CodeIgniter.php(368): CodeIgniter\CodeIgniter->handleRequest(null, Object(Config\Cache), false)
 9 FCPATH\index.php(67): CodeIgniter\CodeIgniter->run()
CRITICAL - 2023-07-27 00:25:41 --> Undefined variable $allcategorias
in APPPATH\Views\admin\inventario\subCategorias.php on line 164.
 1 APPPATH\Views\admin\inventario\subCategorias.php(164): CodeIgniter\Debug\Exceptions->errorHandler(2, 'Undefined variable $allcategorias', 'APPPATH\\Views\\admin\\inventario\\subCategorias.php', 164)
 2 SYSTEMPATH\View\View.php(213): include('APPPATH\\Views\\admin\\inventario\\subCategorias.php')
 3 SYSTEMPATH\View\View.php(216): CodeIgniter\View\View->CodeIgniter\View\{closure}()
 4 SYSTEMPATH\Common.php(1184): CodeIgniter\View\View->render('admin/inventario/subCategorias', [], true)
 5 APPPATH\Controllers\Admin.php(156): view('admin/inventario/subCategorias', [...])
 6 SYSTEMPATH\CodeIgniter.php(934): App\Controllers\Admin->subcategorias()
 7 SYSTEMPATH\CodeIgniter.php(499): CodeIgniter\CodeIgniter->runController(Object(App\Controllers\Admin))
 8 SYSTEMPATH\CodeIgniter.php(368): CodeIgniter\CodeIgniter->handleRequest(null, Object(Config\Cache), false)
 9 FCPATH\index.php(67): CodeIgniter\CodeIgniter->run()
CRITICAL - 2023-07-27 00:32:27 --> Undefined variable $allSubcategorias
in APPPATH\Views\admin\inventario\subCategorias.php on line 324.
 1 APPPATH\Views\admin\inventario\subCategorias.php(324): CodeIgniter\Debug\Exceptions->errorHandler(2, 'Undefined variable $allSubcategorias', 'APPPATH\\Views\\admin\\inventario\\subCategorias.php', 324)
 2 SYSTEMPATH\View\View.php(213): include('APPPATH\\Views\\admin\\inventario\\subCategorias.php')
 3 SYSTEMPATH\View\View.php(216): CodeIgniter\View\View->CodeIgniter\View\{closure}()
 4 SYSTEMPATH\Common.php(1184): CodeIgniter\View\View->render('admin/inventario/subCategorias', [], true)
 5 APPPATH\Controllers\Admin.php(156): view('admin/inventario/subCategorias', [...])
 6 SYSTEMPATH\CodeIgniter.php(934): App\Controllers\Admin->subcategorias()
 7 SYSTEMPATH\CodeIgniter.php(499): CodeIgniter\CodeIgniter->runController(Object(App\Controllers\Admin))
 8 SYSTEMPATH\CodeIgniter.php(368): CodeIgniter\CodeIgniter->handleRequest(null, Object(Config\Cache), false)
 9 FCPATH\index.php(67): CodeIgniter\CodeIgniter->run()
CRITICAL - 2023-07-27 00:32:52 --> Undefined variable $allcategorias
in APPPATH\Views\admin\inventario\subCategorias.php on line 325.
 1 APPPATH\Views\admin\inventario\subCategorias.php(325): CodeIgniter\Debug\Exceptions->errorHandler(2, 'Undefined variable $allcategorias', 'APPPATH\\Views\\admin\\inventario\\subCategorias.php', 325)
 2 SYSTEMPATH\View\View.php(213): include('APPPATH\\Views\\admin\\inventario\\subCategorias.php')
 3 SYSTEMPATH\View\View.php(216): CodeIgniter\View\View->CodeIgniter\View\{closure}()
 4 SYSTEMPATH\Common.php(1184): CodeIgniter\View\View->render('admin/inventario/subCategorias', [], true)
 5 APPPATH\Controllers\Admin.php(156): view('admin/inventario/subCategorias', [...])
 6 SYSTEMPATH\CodeIgniter.php(934): App\Controllers\Admin->subcategorias()
 7 SYSTEMPATH\CodeIgniter.php(499): CodeIgniter\CodeIgniter->runController(Object(App\Controllers\Admin))
 8 SYSTEMPATH\CodeIgniter.php(368): CodeIgniter\CodeIgniter->handleRequest(null, Object(Config\Cache), false)
 9 FCPATH\index.php(67): CodeIgniter\CodeIgniter->run()
CRITICAL - 2023-07-27 00:34:19 --> Undefined variable $allcategorias
in APPPATH\Views\admin\inventario\subCategorias.php on line 325.
 1 APPPATH\Views\admin\inventario\subCategorias.php(325): CodeIgniter\Debug\Exceptions->errorHandler(2, 'Undefined variable $allcategorias', 'APPPATH\\Views\\admin\\inventario\\subCategorias.php', 325)
 2 SYSTEMPATH\View\View.php(213): include('APPPATH\\Views\\admin\\inventario\\subCategorias.php')
 3 SYSTEMPATH\View\View.php(216): CodeIgniter\View\View->CodeIgniter\View\{closure}()
 4 SYSTEMPATH\Common.php(1184): CodeIgniter\View\View->render('admin/inventario/subCategorias', [], true)
 5 APPPATH\Controllers\Admin.php(156): view('admin/inventario/subCategorias', [...])
 6 SYSTEMPATH\CodeIgniter.php(934): App\Controllers\Admin->subcategorias()
 7 SYSTEMPATH\CodeIgniter.php(499): CodeIgniter\CodeIgniter->runController(Object(App\Controllers\Admin))
 8 SYSTEMPATH\CodeIgniter.php(368): CodeIgniter\CodeIgniter->handleRequest(null, Object(Config\Cache), false)
 9 FCPATH\index.php(67): CodeIgniter\CodeIgniter->run()
CRITICAL - 2023-07-27 00:34:34 --> Undefined variable $allcategorias
in APPPATH\Views\admin\inventario\subCategorias.php on line 325.
 1 APPPATH\Views\admin\inventario\subCategorias.php(325): CodeIgniter\Debug\Exceptions->errorHandler(2, 'Undefined variable $allcategorias', 'APPPATH\\Views\\admin\\inventario\\subCategorias.php', 325)
 2 SYSTEMPATH\View\View.php(213): include('APPPATH\\Views\\admin\\inventario\\subCategorias.php')
 3 SYSTEMPATH\View\View.php(216): CodeIgniter\View\View->CodeIgniter\View\{closure}()
 4 SYSTEMPATH\Common.php(1184): CodeIgniter\View\View->render('admin/inventario/subCategorias', [], true)
 5 APPPATH\Controllers\Admin.php(156): view('admin/inventario/subCategorias', [...])
 6 SYSTEMPATH\CodeIgniter.php(934): App\Controllers\Admin->subcategorias()
 7 SYSTEMPATH\CodeIgniter.php(499): CodeIgniter\CodeIgniter->runController(Object(App\Controllers\Admin))
 8 SYSTEMPATH\CodeIgniter.php(368): CodeIgniter\CodeIgniter->handleRequest(null, Object(Config\Cache), false)
 9 FCPATH\index.php(67): CodeIgniter\CodeIgniter->run()
ERROR - 2023-07-27 00:57:14 --> mysqli_sql_exception: Cannot add or update a child row: a foreign key constraint fails (`acuaticos`.`subcategoria_categoria`, CONSTRAINT `fk_subcategoria_has_categoria_subcategoria1` FOREIGN KEY (`subcategoria_codigo`) REFERENCES `subcategoria` (`codigo`) ON DELETE CASCADE ON UPD) in C:\xamp\htdocs\acuaticostoscanini\system\Database\MySQLi\Connection.php:295
Stack trace:
#0 C:\xamp\htdocs\acuaticostoscanini\system\Database\MySQLi\Connection.php(295): mysqli->query('INSERT INTO `su...', 0)
#1 C:\xamp\htdocs\acuaticostoscanini\system\Database\BaseConnection.php(691): CodeIgniter\Database\MySQLi\Connection->execute('INSERT INTO `su...')
#2 C:\xamp\htdocs\acuaticostoscanini\system\Database\BaseConnection.php(605): CodeIgniter\Database\BaseConnection->simpleQuery('INSERT INTO `su...')
#3 C:\xamp\htdocs\acuaticostoscanini\system\Database\BaseBuilder.php(1801): CodeIgniter\Database\BaseConnection->query('INSERT INTO `su...', NULL, false)
#4 C:\xamp\htdocs\acuaticostoscanini\system\Database\BaseBuilder.php(2192): CodeIgniter\Database\BaseBuilder->batchExecute('_insertBatch', 100)
#5 C:\xamp\htdocs\acuaticostoscanini\app\Models\CategoriaModel.php(217): CodeIgniter\Database\BaseBuilder->insertBatch(Array)
#6 C:\xamp\htdocs\acuaticostoscanini\app\Controllers\Admin.php(485): App\Models\CategoriaModel->updateCategoria(Array, '')
#7 C:\xamp\htdocs\acuaticostoscanini\system\CodeIgniter.php(934): App\Controllers\Admin->updateCategoria()
#8 C:\xamp\htdocs\acuaticostoscanini\system\CodeIgniter.php(499): CodeIgniter\CodeIgniter->runController(Object(App\Controllers\Admin))
#9 C:\xamp\htdocs\acuaticostoscanini\system\CodeIgniter.php(368): CodeIgniter\CodeIgniter->handleRequest(NULL, Object(Config\Cache), false)
#10 C:\xamp\htdocs\acuaticostoscanini\index.php(67): CodeIgniter\CodeIgniter->run()
#11 {main}
CRITICAL - 2023-07-27 00:57:14 --> Cannot add or update a child row: a foreign key constraint fails (`acuaticos`.`subcategoria_categoria`, CONSTRAINT `fk_subcategoria_has_categoria_subcategoria1` FOREIGN KEY (`subcategoria_codigo`) REFERENCES `subcategoria` (`codigo`) ON DELETE CASCADE ON UPD)
in SYSTEMPATH\Database\BaseConnection.php on line 645.
 1 SYSTEMPATH\Database\BaseBuilder.php(1801): CodeIgniter\Database\BaseConnection->query('INSERT INTO `subcategoria_categoria` (`categoria_codigo`, `subcategoria_codigo`)
VALUES (\'2asd\',\'cat4\'), (\'2asd\',\'cat43\'), (\'2asd\',\'sf\'), (\'2asd\',\'dsq23\')', null, false)
 2 SYSTEMPATH\Database\BaseBuilder.php(2192): CodeIgniter\Database\BaseBuilder->batchExecute('_insertBatch', 100)
 3 APPPATH\Models\CategoriaModel.php(217): CodeIgniter\Database\BaseBuilder->insertBatch([...])
 4 APPPATH\Controllers\Admin.php(485): App\Models\CategoriaModel->updateCategoria([...], 'C:\\xamp\\htdocs\\acuaticostoscanini')
 5 SYSTEMPATH\CodeIgniter.php(934): App\Controllers\Admin->updateCategoria()
 6 SYSTEMPATH\CodeIgniter.php(499): CodeIgniter\CodeIgniter->runController(Object(App\Controllers\Admin))
 7 SYSTEMPATH\CodeIgniter.php(368): CodeIgniter\CodeIgniter->handleRequest(null, Object(Config\Cache), false)
 8 FCPATH\index.php(67): CodeIgniter\CodeIgniter->run()
CRITICAL - 2023-07-27 01:07:38 --> syntax error, unexpected token "public"
in APPPATH\Controllers\Admin.php on line 345.
 1 SYSTEMPATH\Autoloader\Autoloader.php(289): CodeIgniter\Autoloader\Autoloader->includeFile('APPPATH\\Controllers\\Admin.php')
 2 SYSTEMPATH\Autoloader\Autoloader.php(267): CodeIgniter\Autoloader\Autoloader->loadInNamespace('App\\Controllers\\Admin')
 3 [internal function]: CodeIgniter\Autoloader\Autoloader->loadClass('App\\Controllers\\Admin')
 4 SYSTEMPATH\CodeIgniter.php(892): class_exists('\\App\\Controllers\\Admin', true)
 5 SYSTEMPATH\CodeIgniter.php(486): CodeIgniter\CodeIgniter->startController()
 6 SYSTEMPATH\CodeIgniter.php(368): CodeIgniter\CodeIgniter->handleRequest(null, Object(Config\Cache), false)
 7 FCPATH\index.php(67): CodeIgniter\CodeIgniter->run()
CRITICAL - 2023-07-27 01:07:40 --> syntax error, unexpected token "public"
in APPPATH\Controllers\Admin.php on line 345.
 1 SYSTEMPATH\Autoloader\Autoloader.php(289): CodeIgniter\Autoloader\Autoloader->includeFile('APPPATH\\Controllers\\Admin.php')
 2 SYSTEMPATH\Autoloader\Autoloader.php(267): CodeIgniter\Autoloader\Autoloader->loadInNamespace('App\\Controllers\\Admin')
 3 [internal function]: CodeIgniter\Autoloader\Autoloader->loadClass('App\\Controllers\\Admin')
 4 SYSTEMPATH\CodeIgniter.php(892): class_exists('\\App\\Controllers\\Admin', true)
 5 SYSTEMPATH\CodeIgniter.php(486): CodeIgniter\CodeIgniter->startController()
 6 SYSTEMPATH\CodeIgniter.php(368): CodeIgniter\CodeIgniter->handleRequest(null, Object(Config\Cache), false)
 7 FCPATH\index.php(67): CodeIgniter\CodeIgniter->run()
ERROR - 2023-07-27 01:10:06 --> mysqli_sql_exception: Cannot add or update a child row: a foreign key constraint fails (`acuaticos`.`subcategoria_categoria`, CONSTRAINT `fk_subcategoria_has_categoria_subcategoria1` FOREIGN KEY (`subcategoria_codigo`) REFERENCES `subcategoria` (`codigo`) ON DELETE CASCADE ON UPD) in C:\xamp\htdocs\acuaticostoscanini\system\Database\MySQLi\Connection.php:295
Stack trace:
#0 C:\xamp\htdocs\acuaticostoscanini\system\Database\MySQLi\Connection.php(295): mysqli->query('INSERT INTO `su...', 0)
#1 C:\xamp\htdocs\acuaticostoscanini\system\Database\BaseConnection.php(691): CodeIgniter\Database\MySQLi\Connection->execute('INSERT INTO `su...')
#2 C:\xamp\htdocs\acuaticostoscanini\system\Database\BaseConnection.php(605): CodeIgniter\Database\BaseConnection->simpleQuery('INSERT INTO `su...')
#3 C:\xamp\htdocs\acuaticostoscanini\system\Database\BaseBuilder.php(1801): CodeIgniter\Database\BaseConnection->query('INSERT INTO `su...', NULL, false)
#4 C:\xamp\htdocs\acuaticostoscanini\system\Database\BaseBuilder.php(2192): CodeIgniter\Database\BaseBuilder->batchExecute('_insertBatch', 100)
#5 C:\xamp\htdocs\acuaticostoscanini\app\Models\CategoriaModel.php(228): CodeIgniter\Database\BaseBuilder->insertBatch(Array)
#6 C:\xamp\htdocs\acuaticostoscanini\app\Controllers\Admin.php(501): App\Models\CategoriaModel->updateCategoria(Array, '')
#7 C:\xamp\htdocs\acuaticostoscanini\system\CodeIgniter.php(934): App\Controllers\Admin->updateCategoria()
#8 C:\xamp\htdocs\acuaticostoscanini\system\CodeIgniter.php(499): CodeIgniter\CodeIgniter->runController(Object(App\Controllers\Admin))
#9 C:\xamp\htdocs\acuaticostoscanini\system\CodeIgniter.php(368): CodeIgniter\CodeIgniter->handleRequest(NULL, Object(Config\Cache), false)
#10 C:\xamp\htdocs\acuaticostoscanini\index.php(67): CodeIgniter\CodeIgniter->run()
#11 {main}
CRITICAL - 2023-07-27 01:10:06 --> Cannot add or update a child row: a foreign key constraint fails (`acuaticos`.`subcategoria_categoria`, CONSTRAINT `fk_subcategoria_has_categoria_subcategoria1` FOREIGN KEY (`subcategoria_codigo`) REFERENCES `subcategoria` (`codigo`) ON DELETE CASCADE ON UPD)
in SYSTEMPATH\Database\BaseConnection.php on line 645.
 1 SYSTEMPATH\Database\BaseBuilder.php(1801): CodeIgniter\Database\BaseConnection->query('INSERT INTO `subcategoria_categoria` (`categoria_codigo`, `subcategoria_codigo`)
VALUES (\'aaa1aaa\',\'cat43\')', null, false)
 2 SYSTEMPATH\Database\BaseBuilder.php(2192): CodeIgniter\Database\BaseBuilder->batchExecute('_insertBatch', 100)
 3 APPPATH\Models\CategoriaModel.php(228): CodeIgniter\Database\BaseBuilder->insertBatch([...])
 4 APPPATH\Controllers\Admin.php(501): App\Models\CategoriaModel->updateCategoria([...], 'C:\\xamp\\htdocs\\acuaticostoscanini')
 5 SYSTEMPATH\CodeIgniter.php(934): App\Controllers\Admin->updateCategoria()
 6 SYSTEMPATH\CodeIgniter.php(499): CodeIgniter\CodeIgniter->runController(Object(App\Controllers\Admin))
 7 SYSTEMPATH\CodeIgniter.php(368): CodeIgniter\CodeIgniter->handleRequest(null, Object(Config\Cache), false)
 8 FCPATH\index.php(67): CodeIgniter\CodeIgniter->run()
CRITICAL - 2023-07-27 01:15:01 --> Undefined variable $categoria
in APPPATH\Controllers\Admin.php on line 529.
 1 APPPATH\Controllers\Admin.php(529): CodeIgniter\Debug\Exceptions->errorHandler(2, 'Undefined variable $categoria', 'APPPATH\\Controllers\\Admin.php', 529)
 2 SYSTEMPATH\CodeIgniter.php(934): App\Controllers\Admin->updateSubCategoria()
 3 SYSTEMPATH\CodeIgniter.php(499): CodeIgniter\CodeIgniter->runController(Object(App\Controllers\Admin))
 4 SYSTEMPATH\CodeIgniter.php(368): CodeIgniter\CodeIgniter->handleRequest(null, Object(Config\Cache), false)
 5 FCPATH\index.php(67): CodeIgniter\CodeIgniter->run()
ERROR - 2023-07-27 01:19:26 --> mysqli_sql_exception: Foreign key constraint for table 'subcategoria', record 'adas' would lead to a duplicate entry in table 'subcategoria_categoria', key 'uc_subcategoria_categoria' in C:\xamp\htdocs\acuaticostoscanini\system\Database\MySQLi\Connection.php:295
Stack trace:
#0 C:\xamp\htdocs\acuaticostoscanini\system\Database\MySQLi\Connection.php(295): mysqli->query('UPDATE `subcate...', 0)
#1 C:\xamp\htdocs\acuaticostoscanini\system\Database\BaseConnection.php(691): CodeIgniter\Database\MySQLi\Connection->execute('UPDATE `subcate...')
#2 C:\xamp\htdocs\acuaticostoscanini\system\Database\BaseConnection.php(605): CodeIgniter\Database\BaseConnection->simpleQuery('UPDATE `subcate...')
#3 C:\xamp\htdocs\acuaticostoscanini\system\Database\BaseBuilder.php(2476): CodeIgniter\Database\BaseConnection->query('UPDATE `subcate...', Array, false)
#4 C:\xamp\htdocs\acuaticostoscanini\app\Models\CategoriaModel.php(244): CodeIgniter\Database\BaseBuilder->update(Array)
#5 C:\xamp\htdocs\acuaticostoscanini\app\Controllers\Admin.php(529): App\Models\CategoriaModel->updateSubCategoria(Array, '2nuebi')
#6 C:\xamp\htdocs\acuaticostoscanini\system\CodeIgniter.php(934): App\Controllers\Admin->updateSubCategoria()
#7 C:\xamp\htdocs\acuaticostoscanini\system\CodeIgniter.php(499): CodeIgniter\CodeIgniter->runController(Object(App\Controllers\Admin))
#8 C:\xamp\htdocs\acuaticostoscanini\system\CodeIgniter.php(368): CodeIgniter\CodeIgniter->handleRequest(NULL, Object(Config\Cache), false)
#9 C:\xamp\htdocs\acuaticostoscanini\index.php(67): CodeIgniter\CodeIgniter->run()
#10 {main}
CRITICAL - 2023-07-27 01:19:26 --> Foreign key constraint for table 'subcategoria', record 'adas' would lead to a duplicate entry in table 'subcategoria_categoria', key 'uc_subcategoria_categoria'
in SYSTEMPATH\Database\BaseConnection.php on line 645.
 1 SYSTEMPATH\Database\BaseBuilder.php(2476): CodeIgniter\Database\BaseConnection->query('UPDATE `subcategoria` SET `codigo` = :codigo.1:, `nombre` = :nombre:
WHERE `codigo` = :codigo:', [...], false)
 2 APPPATH\Models\CategoriaModel.php(244): CodeIgniter\Database\BaseBuilder->update([...])
 3 APPPATH\Controllers\Admin.php(529): App\Models\CategoriaModel->updateSubCategoria([...], '2nuebi')
 4 SYSTEMPATH\CodeIgniter.php(934): App\Controllers\Admin->updateSubCategoria()
 5 SYSTEMPATH\CodeIgniter.php(499): CodeIgniter\CodeIgniter->runController(Object(App\Controllers\Admin))
 6 SYSTEMPATH\CodeIgniter.php(368): CodeIgniter\CodeIgniter->handleRequest(null, Object(Config\Cache), false)
 7 FCPATH\index.php(67): CodeIgniter\CodeIgniter->run()
ERROR - 2023-07-27 01:21:33 --> mysqli_sql_exception: Foreign key constraint for table 'subcategoria', record 'dsd2' would lead to a duplicate entry in table 'subcategoria_categoria', key 'uc_subcategoria_categoria' in C:\xamp\htdocs\acuaticostoscanini\system\Database\MySQLi\Connection.php:295
Stack trace:
#0 C:\xamp\htdocs\acuaticostoscanini\system\Database\MySQLi\Connection.php(295): mysqli->query('UPDATE `subcate...', 0)
#1 C:\xamp\htdocs\acuaticostoscanini\system\Database\BaseConnection.php(691): CodeIgniter\Database\MySQLi\Connection->execute('UPDATE `subcate...')
#2 C:\xamp\htdocs\acuaticostoscanini\system\Database\BaseConnection.php(605): CodeIgniter\Database\BaseConnection->simpleQuery('UPDATE `subcate...')
#3 C:\xamp\htdocs\acuaticostoscanini\system\Database\BaseBuilder.php(2476): CodeIgniter\Database\BaseConnection->query('UPDATE `subcate...', Array, false)
#4 C:\xamp\htdocs\acuaticostoscanini\app\Models\CategoriaModel.php(244): CodeIgniter\Database\BaseBuilder->update(Array)
#5 C:\xamp\htdocs\acuaticostoscanini\app\Controllers\Admin.php(529): App\Models\CategoriaModel->updateSubCategoria(Array, '2nuebi2')
#6 C:\xamp\htdocs\acuaticostoscanini\system\CodeIgniter.php(934): App\Controllers\Admin->updateSubCategoria()
#7 C:\xamp\htdocs\acuaticostoscanini\system\CodeIgniter.php(499): CodeIgniter\CodeIgniter->runController(Object(App\Controllers\Admin))
#8 C:\xamp\htdocs\acuaticostoscanini\system\CodeIgniter.php(368): CodeIgniter\CodeIgniter->handleRequest(NULL, Object(Config\Cache), false)
#9 C:\xamp\htdocs\acuaticostoscanini\index.php(67): CodeIgniter\CodeIgniter->run()
#10 {main}
CRITICAL - 2023-07-27 01:21:33 --> Foreign key constraint for table 'subcategoria', record 'dsd2' would lead to a duplicate entry in table 'subcategoria_categoria', key 'uc_subcategoria_categoria'
in SYSTEMPATH\Database\BaseConnection.php on line 645.
 1 SYSTEMPATH\Database\BaseBuilder.php(2476): CodeIgniter\Database\BaseConnection->query('UPDATE `subcategoria` SET `codigo` = :codigo.1:, `nombre` = :nombre:
WHERE `codigo` = :codigo:', [...], false)
 2 APPPATH\Models\CategoriaModel.php(244): CodeIgniter\Database\BaseBuilder->update([...])
 3 APPPATH\Controllers\Admin.php(529): App\Models\CategoriaModel->updateSubCategoria([...], '2nuebi2')
 4 SYSTEMPATH\CodeIgniter.php(934): App\Controllers\Admin->updateSubCategoria()
 5 SYSTEMPATH\CodeIgniter.php(499): CodeIgniter\CodeIgniter->runController(Object(App\Controllers\Admin))
 6 SYSTEMPATH\CodeIgniter.php(368): CodeIgniter\CodeIgniter->handleRequest(null, Object(Config\Cache), false)
 7 FCPATH\index.php(67): CodeIgniter\CodeIgniter->run()
CRITICAL - 2023-07-27 22:37:52 --> Class "PDF" not found
in APPPATH\Controllers\Admin.php on line 571.
 1 SYSTEMPATH\CodeIgniter.php(934): App\Controllers\Admin->cotizacion()
 2 SYSTEMPATH\CodeIgniter.php(499): CodeIgniter\CodeIgniter->runController(Object(App\Controllers\Admin))
 3 SYSTEMPATH\CodeIgniter.php(368): CodeIgniter\CodeIgniter->handleRequest(null, Object(Config\Cache), false)
 4 FCPATH\index.php(67): CodeIgniter\CodeIgniter->run()
CRITICAL - 2023-07-27 22:38:08 --> Class "PDF" not found
in APPPATH\Controllers\Admin.php on line 571.
 1 SYSTEMPATH\CodeIgniter.php(934): App\Controllers\Admin->cotizacion()
 2 SYSTEMPATH\CodeIgniter.php(499): CodeIgniter\CodeIgniter->runController(Object(App\Controllers\Admin))
 3 SYSTEMPATH\CodeIgniter.php(368): CodeIgniter\CodeIgniter->handleRequest(null, Object(Config\Cache), false)
 4 FCPATH\index.php(67): CodeIgniter\CodeIgniter->run()
CRITICAL - 2023-07-27 22:38:11 --> Class "PDF" not found
in APPPATH\Controllers\Admin.php on line 571.
 1 SYSTEMPATH\CodeIgniter.php(934): App\Controllers\Admin->cotizacion()
 2 SYSTEMPATH\CodeIgniter.php(499): CodeIgniter\CodeIgniter->runController(Object(App\Controllers\Admin))
 3 SYSTEMPATH\CodeIgniter.php(368): CodeIgniter\CodeIgniter->handleRequest(null, Object(Config\Cache), false)
 4 FCPATH\index.php(67): CodeIgniter\CodeIgniter->run()
CRITICAL - 2023-07-27 22:38:22 --> Class "PDF" not found
in APPPATH\Controllers\Admin.php on line 571.
 1 SYSTEMPATH\CodeIgniter.php(934): App\Controllers\Admin->cotizacion()
 2 SYSTEMPATH\CodeIgniter.php(499): CodeIgniter\CodeIgniter->runController(Object(App\Controllers\Admin))
 3 SYSTEMPATH\CodeIgniter.php(368): CodeIgniter\CodeIgniter->handleRequest(null, Object(Config\Cache), false)
 4 FCPATH\index.php(67): CodeIgniter\CodeIgniter->run()
CRITICAL - 2023-07-27 22:38:25 --> Class "PDF" not found
in APPPATH\Controllers\Admin.php on line 571.
 1 SYSTEMPATH\CodeIgniter.php(934): App\Controllers\Admin->cotizacion()
 2 SYSTEMPATH\CodeIgniter.php(499): CodeIgniter\CodeIgniter->runController(Object(App\Controllers\Admin))
 3 SYSTEMPATH\CodeIgniter.php(368): CodeIgniter\CodeIgniter->handleRequest(null, Object(Config\Cache), false)
 4 FCPATH\index.php(67): CodeIgniter\CodeIgniter->run()
CRITICAL - 2023-07-27 22:38:54 --> Class "PDF" not found
in APPPATH\Controllers\Admin.php on line 571.
 1 SYSTEMPATH\CodeIgniter.php(934): App\Controllers\Admin->cotizacion()
 2 SYSTEMPATH\CodeIgniter.php(499): CodeIgniter\CodeIgniter->runController(Object(App\Controllers\Admin))
 3 SYSTEMPATH\CodeIgniter.php(368): CodeIgniter\CodeIgniter->handleRequest(null, Object(Config\Cache), false)
 4 FCPATH\index.php(67): CodeIgniter\CodeIgniter->run()
CRITICAL - 2023-07-27 23:36:32 --> Class "PDF" not found
in APPPATH\Controllers\Admin.php on line 571.
 1 SYSTEMPATH\CodeIgniter.php(934): App\Controllers\Admin->cotizacion()
 2 SYSTEMPATH\CodeIgniter.php(499): CodeIgniter\CodeIgniter->runController(Object(App\Controllers\Admin))
 3 SYSTEMPATH\CodeIgniter.php(368): CodeIgniter\CodeIgniter->handleRequest(null, Object(Config\Cache), false)
 4 FCPATH\index.php(67): CodeIgniter\CodeIgniter->run()
CRITICAL - 2023-07-27 23:37:14 --> Class "PDF" not found
in APPPATH\Controllers\Admin.php on line 570.
 1 SYSTEMPATH\CodeIgniter.php(934): App\Controllers\Admin->cotizacion()
 2 SYSTEMPATH\CodeIgniter.php(499): CodeIgniter\CodeIgniter->runController(Object(App\Controllers\Admin))
 3 SYSTEMPATH\CodeIgniter.php(368): CodeIgniter\CodeIgniter->handleRequest(null, Object(Config\Cache), false)
 4 FCPATH\index.php(67): CodeIgniter\CodeIgniter->run()
CRITICAL - 2023-07-27 23:37:19 --> Class "PDF" not found
in APPPATH\Controllers\Admin.php on line 570.
 1 SYSTEMPATH\CodeIgniter.php(934): App\Controllers\Admin->cotizacion()
 2 SYSTEMPATH\CodeIgniter.php(499): CodeIgniter\CodeIgniter->runController(Object(App\Controllers\Admin))
 3 SYSTEMPATH\CodeIgniter.php(368): CodeIgniter\CodeIgniter->handleRequest(null, Object(Config\Cache), false)
 4 FCPATH\index.php(67): CodeIgniter\CodeIgniter->run()
CRITICAL - 2023-07-27 23:37:28 --> Class "PDF" not found
in APPPATH\Controllers\Admin.php on line 570.
 1 SYSTEMPATH\CodeIgniter.php(934): App\Controllers\Admin->cotizacion()
 2 SYSTEMPATH\CodeIgniter.php(499): CodeIgniter\CodeIgniter->runController(Object(App\Controllers\Admin))
 3 SYSTEMPATH\CodeIgniter.php(368): CodeIgniter\CodeIgniter->handleRequest(null, Object(Config\Cache), false)
 4 FCPATH\index.php(67): CodeIgniter\CodeIgniter->run()
CRITICAL - 2023-07-27 23:41:33 --> Class "PDF" not found
in APPPATH\Controllers\Admin.php on line 570.
 1 SYSTEMPATH\CodeIgniter.php(934): App\Controllers\Admin->cotizacion()
 2 SYSTEMPATH\CodeIgniter.php(499): CodeIgniter\CodeIgniter->runController(Object(App\Controllers\Admin))
 3 SYSTEMPATH\CodeIgniter.php(368): CodeIgniter\CodeIgniter->handleRequest(null, Object(Config\Cache), false)
 4 FCPATH\index.php(67): CodeIgniter\CodeIgniter->run()
CRITICAL - 2023-07-27 23:47:58 --> require(../Libraries/fpdf186/fpdf.php): Failed to open stream: No such file or directory
in APPPATH\Controllers\Admin.php on line 568.
 1 APPPATH\Controllers\Admin.php(568): CodeIgniter\Debug\Exceptions->errorHandler(2, 'require(../Libraries/fpdf186/fpdf.php): Failed to open stream: No such file or directory', 'APPPATH\\Controllers\\Admin.php', 568)
 2 APPPATH\Controllers\Admin.php(568): require()
 3 SYSTEMPATH\CodeIgniter.php(934): App\Controllers\Admin->cotizacion()
 4 SYSTEMPATH\CodeIgniter.php(499): CodeIgniter\CodeIgniter->runController(Object(App\Controllers\Admin))
 5 SYSTEMPATH\CodeIgniter.php(368): CodeIgniter\CodeIgniter->handleRequest(null, Object(Config\Cache), false)
 6 FCPATH\index.php(67): CodeIgniter\CodeIgniter->run()
CRITICAL - 2023-07-27 23:48:45 --> require(../Libraries/fpdf186/fpdf.php): Failed to open stream: No such file or directory
in APPPATH\Controllers\Admin.php on line 569.
 1 APPPATH\Controllers\Admin.php(569): CodeIgniter\Debug\Exceptions->errorHandler(2, 'require(../Libraries/fpdf186/fpdf.php): Failed to open stream: No such file or directory', 'APPPATH\\Controllers\\Admin.php', 569)
 2 APPPATH\Controllers\Admin.php(569): require()
 3 SYSTEMPATH\CodeIgniter.php(934): App\Controllers\Admin->cotizacion()
 4 SYSTEMPATH\CodeIgniter.php(499): CodeIgniter\CodeIgniter->runController(Object(App\Controllers\Admin))
 5 SYSTEMPATH\CodeIgniter.php(368): CodeIgniter\CodeIgniter->handleRequest(null, Object(Config\Cache), false)
 6 FCPATH\index.php(67): CodeIgniter\CodeIgniter->run()
CRITICAL - 2023-07-27 23:48:48 --> require(../Libraries/fpdf186/fpdf.php): Failed to open stream: No such file or directory
in APPPATH\Controllers\Admin.php on line 569.
 1 APPPATH\Controllers\Admin.php(569): CodeIgniter\Debug\Exceptions->errorHandler(2, 'require(../Libraries/fpdf186/fpdf.php): Failed to open stream: No such file or directory', 'APPPATH\\Controllers\\Admin.php', 569)
 2 APPPATH\Controllers\Admin.php(569): require()
 3 SYSTEMPATH\CodeIgniter.php(934): App\Controllers\Admin->cotizacion()
 4 SYSTEMPATH\CodeIgniter.php(499): CodeIgniter\CodeIgniter->runController(Object(App\Controllers\Admin))
 5 SYSTEMPATH\CodeIgniter.php(368): CodeIgniter\CodeIgniter->handleRequest(null, Object(Config\Cache), false)
 6 FCPATH\index.php(67): CodeIgniter\CodeIgniter->run()
CRITICAL - 2023-07-27 23:49:19 --> require(../Libraries/fpdf186/fpdf.php): Failed to open stream: No such file or directory
in APPPATH\Controllers\Admin.php on line 4.
 1 APPPATH\Controllers\Admin.php(4): CodeIgniter\Debug\Exceptions->errorHandler(2, 'require(../Libraries/fpdf186/fpdf.php): Failed to open stream: No such file or directory', 'APPPATH\\Controllers\\Admin.php', 4)
 2 APPPATH\Controllers\Admin.php(4): require()
 3 SYSTEMPATH\Autoloader\Autoloader.php(312): include_once('APPPATH\\Controllers\\Admin.php')
 4 SYSTEMPATH\Autoloader\Autoloader.php(289): CodeIgniter\Autoloader\Autoloader->includeFile('APPPATH\\Controllers\\Admin.php')
 5 SYSTEMPATH\Autoloader\Autoloader.php(267): CodeIgniter\Autoloader\Autoloader->loadInNamespace('App\\Controllers\\Admin')
 6 [internal function]: CodeIgniter\Autoloader\Autoloader->loadClass('App\\Controllers\\Admin')
 7 SYSTEMPATH\CodeIgniter.php(892): class_exists('\\App\\Controllers\\Admin', true)
 8 SYSTEMPATH\CodeIgniter.php(486): CodeIgniter\CodeIgniter->startController()
 9 SYSTEMPATH\CodeIgniter.php(368): CodeIgniter\CodeIgniter->handleRequest(null, Object(Config\Cache), false)
10 FCPATH\index.php(67): CodeIgniter\CodeIgniter->run()
CRITICAL - 2023-07-27 23:49:33 --> require(../Libraries/fpdf186/fpdf.php): Failed to open stream: No such file or directory
in APPPATH\Controllers\Admin.php on line 4.
 1 APPPATH\Controllers\Admin.php(4): CodeIgniter\Debug\Exceptions->errorHandler(2, 'require(../Libraries/fpdf186/fpdf.php): Failed to open stream: No such file or directory', 'APPPATH\\Controllers\\Admin.php', 4)
 2 APPPATH\Controllers\Admin.php(4): require()
 3 SYSTEMPATH\Autoloader\Autoloader.php(312): include_once('APPPATH\\Controllers\\Admin.php')
 4 SYSTEMPATH\Autoloader\Autoloader.php(289): CodeIgniter\Autoloader\Autoloader->includeFile('APPPATH\\Controllers\\Admin.php')
 5 SYSTEMPATH\Autoloader\Autoloader.php(267): CodeIgniter\Autoloader\Autoloader->loadInNamespace('App\\Controllers\\Admin')
 6 [internal function]: CodeIgniter\Autoloader\Autoloader->loadClass('App\\Controllers\\Admin')
 7 SYSTEMPATH\CodeIgniter.php(892): class_exists('\\App\\Controllers\\Admin', true)
 8 SYSTEMPATH\CodeIgniter.php(486): CodeIgniter\CodeIgniter->startController()
 9 SYSTEMPATH\CodeIgniter.php(368): CodeIgniter\CodeIgniter->handleRequest(null, Object(Config\Cache), false)
10 FCPATH\index.php(67): CodeIgniter\CodeIgniter->run()
CRITICAL - 2023-07-27 23:49:35 --> require(../Libraries/fpdf186/fpdf.php): Failed to open stream: No such file or directory
in APPPATH\Controllers\Admin.php on line 4.
 1 APPPATH\Controllers\Admin.php(4): CodeIgniter\Debug\Exceptions->errorHandler(2, 'require(../Libraries/fpdf186/fpdf.php): Failed to open stream: No such file or directory', 'APPPATH\\Controllers\\Admin.php', 4)
 2 APPPATH\Controllers\Admin.php(4): require()
 3 SYSTEMPATH\Autoloader\Autoloader.php(312): include_once('APPPATH\\Controllers\\Admin.php')
 4 SYSTEMPATH\Autoloader\Autoloader.php(289): CodeIgniter\Autoloader\Autoloader->includeFile('APPPATH\\Controllers\\Admin.php')
 5 SYSTEMPATH\Autoloader\Autoloader.php(267): CodeIgniter\Autoloader\Autoloader->loadInNamespace('App\\Controllers\\Admin')
 6 [internal function]: CodeIgniter\Autoloader\Autoloader->loadClass('App\\Controllers\\Admin')
 7 SYSTEMPATH\CodeIgniter.php(892): class_exists('\\App\\Controllers\\Admin', true)
 8 SYSTEMPATH\CodeIgniter.php(486): CodeIgniter\CodeIgniter->startController()
 9 SYSTEMPATH\CodeIgniter.php(368): CodeIgniter\CodeIgniter->handleRequest(null, Object(Config\Cache), false)
10 FCPATH\index.php(67): CodeIgniter\CodeIgniter->run()
CRITICAL - 2023-07-27 23:49:45 --> require(../Libraries/fpdf186/fpdf.php): Failed to open stream: No such file or directory
in APPPATH\Controllers\Admin.php on line 4.
 1 APPPATH\Controllers\Admin.php(4): CodeIgniter\Debug\Exceptions->errorHandler(2, 'require(../Libraries/fpdf186/fpdf.php): Failed to open stream: No such file or directory', 'APPPATH\\Controllers\\Admin.php', 4)
 2 APPPATH\Controllers\Admin.php(4): require()
 3 SYSTEMPATH\Autoloader\Autoloader.php(312): include_once('APPPATH\\Controllers\\Admin.php')
 4 SYSTEMPATH\Autoloader\Autoloader.php(289): CodeIgniter\Autoloader\Autoloader->includeFile('APPPATH\\Controllers\\Admin.php')
 5 SYSTEMPATH\Autoloader\Autoloader.php(267): CodeIgniter\Autoloader\Autoloader->loadInNamespace('App\\Controllers\\Admin')
 6 [internal function]: CodeIgniter\Autoloader\Autoloader->loadClass('App\\Controllers\\Admin')
 7 SYSTEMPATH\CodeIgniter.php(892): class_exists('\\App\\Controllers\\Admin', true)
 8 SYSTEMPATH\CodeIgniter.php(486): CodeIgniter\CodeIgniter->startController()
 9 SYSTEMPATH\CodeIgniter.php(368): CodeIgniter\CodeIgniter->handleRequest(null, Object(Config\Cache), false)
10 FCPATH\index.php(67): CodeIgniter\CodeIgniter->run()
CRITICAL - 2023-07-27 23:56:03 --> foreach() argument must be of type array|object, string given
in APPPATH\Controllers\Admin.php on line 590.
 1 APPPATH\Controllers\Admin.php(590): CodeIgniter\Debug\Exceptions->errorHandler(2, 'foreach() argument must be of type array|object, string given', 'APPPATH\\Controllers\\Admin.php', 590)
 2 SYSTEMPATH\CodeIgniter.php(934): App\Controllers\Admin->cotizacion()
 3 SYSTEMPATH\CodeIgniter.php(499): CodeIgniter\CodeIgniter->runController(Object(App\Controllers\Admin))
 4 SYSTEMPATH\CodeIgniter.php(368): CodeIgniter\CodeIgniter->handleRequest(null, Object(Config\Cache), false)
 5 FCPATH\index.php(67): CodeIgniter\CodeIgniter->run()
