CRITICAL - 2023-03-25 00:04:49 --> Call to a member function hasPrevious() on null
in APPPATH\Views\ecomerce\productos.php on line 66.
 1 SYSTEMPATH\View\View.php(213): include()
 2 SYSTEMPATH\View\View.php(216): CodeIgniter\View\View->CodeIgniter\View\{closure}()
 3 SYSTEMPATH\Common.php(1184): CodeIgniter\View\View->render('ecomerce/productos', [], true)
 4 APPPATH\Controllers\Ecomerce.php(34): view('ecomerce/productos', [...])
 5 SYSTEMPATH\CodeIgniter.php(934): App\Controllers\Ecomerce->productos()
 6 SYSTEMPATH\CodeIgniter.php(499): CodeIgniter\CodeIgniter->runController(Object(App\Controllers\Ecomerce))
 7 SYSTEMPATH\CodeIgniter.php(368): CodeIgniter\CodeIgniter->handleRequest(null, Object(Config\Cache), false)
 8 FCPATH\index.php(67): CodeIgniter\CodeIgniter->run()
CRITICAL - 2023-03-25 00:09:57 --> Access level to App\Models\ProductoModel::$pager must be public (as in class CodeIgniter\Model)
in APPPATH\Models\ProductoModel.php on line 7.
 1 [internal function]: CodeIgniter\Debug\Exceptions->shutdownHandler()
CRITICAL - 2023-03-25 00:10:21 --> Access level to App\Models\ProductoModel::$pager must be public (as in class CodeIgniter\Model)
in APPPATH\Models\ProductoModel.php on line 7.
 1 [internal function]: CodeIgniter\Debug\Exceptions->shutdownHandler()
CRITICAL - 2023-03-25 00:12:02 --> Access level to App\Models\ProductoModel::$pager must be public (as in class CodeIgniter\Model)
in APPPATH\Models\ProductoModel.php on line 7.
 1 [internal function]: CodeIgniter\Debug\Exceptions->shutdownHandler()
CRITICAL - 2023-03-25 00:12:21 --> Access level to App\Models\ProductoModel::$pager must be public (as in class CodeIgniter\Model)
in APPPATH\Models\ProductoModel.php on line 7.
 1 [internal function]: CodeIgniter\Debug\Exceptions->shutdownHandler()
CRITICAL - 2023-03-25 00:12:32 --> Access level to App\Models\ProductoModel::$pager must be public (as in class CodeIgniter\Model)
in APPPATH\Models\ProductoModel.php on line 7.
 1 [internal function]: CodeIgniter\Debug\Exceptions->shutdownHandler()
CRITICAL - 2023-03-25 00:12:43 --> Access level to App\Models\ProductoModel::$pager must be public (as in class CodeIgniter\Model)
in APPPATH\Models\ProductoModel.php on line 7.
 1 [internal function]: CodeIgniter\Debug\Exceptions->shutdownHandler()
CRITICAL - 2023-03-25 00:31:34 --> Call to a member function makeLinks() on null
in APPPATH\Controllers\Ecomerce.php on line 31.
 1 SYSTEMPATH\CodeIgniter.php(934): App\Controllers\Ecomerce->productos()
 2 SYSTEMPATH\CodeIgniter.php(499): CodeIgniter\CodeIgniter->runController(Object(App\Controllers\Ecomerce))
 3 SYSTEMPATH\CodeIgniter.php(368): CodeIgniter\CodeIgniter->handleRequest(null, Object(Config\Cache), false)
 4 FCPATH\index.php(67): CodeIgniter\CodeIgniter->run()
CRITICAL - 2023-03-25 00:37:46 --> Call to a member function hasPrevious() on null
in APPPATH\Views\ecomerce\productos.php on line 68.
 1 SYSTEMPATH\View\View.php(213): include()
 2 SYSTEMPATH\View\View.php(216): CodeIgniter\View\View->CodeIgniter\View\{closure}()
 3 SYSTEMPATH\Common.php(1184): CodeIgniter\View\View->render('ecomerce/productos', [], true)
 4 APPPATH\Controllers\Ecomerce.php(34): view('ecomerce/productos', [...])
 5 SYSTEMPATH\CodeIgniter.php(934): App\Controllers\Ecomerce->productos()
 6 SYSTEMPATH\CodeIgniter.php(499): CodeIgniter\CodeIgniter->runController(Object(App\Controllers\Ecomerce))
 7 SYSTEMPATH\CodeIgniter.php(368): CodeIgniter\CodeIgniter->handleRequest(null, Object(Config\Cache), false)
 8 FCPATH\index.php(67): CodeIgniter\CodeIgniter->run()
CRITICAL - 2023-03-25 00:41:45 --> Call to a member function setOffset() on array
in APPPATH\Models\ProductoModel.php on line 30.
 1 APPPATH\Controllers\Ecomerce.php(25): App\Models\ProductoModel->getAllProducts(10, 0)
 2 SYSTEMPATH\CodeIgniter.php(934): App\Controllers\Ecomerce->productos()
 3 SYSTEMPATH\CodeIgniter.php(499): CodeIgniter\CodeIgniter->runController(Object(App\Controllers\Ecomerce))
 4 SYSTEMPATH\CodeIgniter.php(368): CodeIgniter\CodeIgniter->handleRequest(null, Object(Config\Cache), false)
 5 FCPATH\index.php(67): CodeIgniter\CodeIgniter->run()
CRITICAL - 2023-03-25 00:42:00 --> Call to a member function setOffset() on array
in APPPATH\Models\ProductoModel.php on line 30.
 1 APPPATH\Controllers\Ecomerce.php(25): App\Models\ProductoModel->getAllProducts(10, 0)
 2 SYSTEMPATH\CodeIgniter.php(934): App\Controllers\Ecomerce->productos()
 3 SYSTEMPATH\CodeIgniter.php(499): CodeIgniter\CodeIgniter->runController(Object(App\Controllers\Ecomerce))
 4 SYSTEMPATH\CodeIgniter.php(368): CodeIgniter\CodeIgniter->handleRequest(null, Object(Config\Cache), false)
 5 FCPATH\index.php(67): CodeIgniter\CodeIgniter->run()
CRITICAL - 2023-03-25 00:50:07 --> Call to a member function findAll() on array
in APPPATH\Models\ProductoModel.php on line 28.
 1 APPPATH\Controllers\Ecomerce.php(25): App\Models\ProductoModel->getAllProducts(10, 0)
 2 SYSTEMPATH\CodeIgniter.php(934): App\Controllers\Ecomerce->productos()
 3 SYSTEMPATH\CodeIgniter.php(499): CodeIgniter\CodeIgniter->runController(Object(App\Controllers\Ecomerce))
 4 SYSTEMPATH\CodeIgniter.php(368): CodeIgniter\CodeIgniter->handleRequest(null, Object(Config\Cache), false)
 5 FCPATH\index.php(67): CodeIgniter\CodeIgniter->run()
CRITICAL - 2023-03-25 00:50:28 --> Call to a member function findAll() on array
in APPPATH\Models\ProductoModel.php on line 28.
 1 APPPATH\Controllers\Ecomerce.php(25): App\Models\ProductoModel->getAllProducts(10, 0)
 2 SYSTEMPATH\CodeIgniter.php(934): App\Controllers\Ecomerce->productos()
 3 SYSTEMPATH\CodeIgniter.php(499): CodeIgniter\CodeIgniter->runController(Object(App\Controllers\Ecomerce))
 4 SYSTEMPATH\CodeIgniter.php(368): CodeIgniter\CodeIgniter->handleRequest(null, Object(Config\Cache), false)
 5 FCPATH\index.php(67): CodeIgniter\CodeIgniter->run()
CRITICAL - 2023-03-25 00:50:40 --> Call to a member function findAll() on array
in APPPATH\Models\ProductoModel.php on line 28.
 1 APPPATH\Controllers\Ecomerce.php(25): App\Models\ProductoModel->getAllProducts(10, 0)
 2 SYSTEMPATH\CodeIgniter.php(934): App\Controllers\Ecomerce->productos()
 3 SYSTEMPATH\CodeIgniter.php(499): CodeIgniter\CodeIgniter->runController(Object(App\Controllers\Ecomerce))
 4 SYSTEMPATH\CodeIgniter.php(368): CodeIgniter\CodeIgniter->handleRequest(null, Object(Config\Cache), false)
 5 FCPATH\index.php(67): CodeIgniter\CodeIgniter->run()
CRITICAL - 2023-03-25 00:50:46 --> Call to a member function findAll() on array
in APPPATH\Models\ProductoModel.php on line 28.
 1 APPPATH\Controllers\Ecomerce.php(25): App\Models\ProductoModel->getAllProducts(10, 0)
 2 SYSTEMPATH\CodeIgniter.php(934): App\Controllers\Ecomerce->productos()
 3 SYSTEMPATH\CodeIgniter.php(499): CodeIgniter\CodeIgniter->runController(Object(App\Controllers\Ecomerce))
 4 SYSTEMPATH\CodeIgniter.php(368): CodeIgniter\CodeIgniter->handleRequest(null, Object(Config\Cache), false)
 5 FCPATH\index.php(67): CodeIgniter\CodeIgniter->run()
CRITICAL - 2023-03-25 00:58:35 --> Call to a member function hasPrevious() on null
in APPPATH\Views\ecomerce\productos.php on line 68.
 1 SYSTEMPATH\View\View.php(213): include()
 2 SYSTEMPATH\View\View.php(216): CodeIgniter\View\View->CodeIgniter\View\{closure}()
 3 SYSTEMPATH\Common.php(1184): CodeIgniter\View\View->render('ecomerce/productos', [], true)
 4 APPPATH\Controllers\Ecomerce.php(22): view('ecomerce/productos', [...])
 5 SYSTEMPATH\CodeIgniter.php(934): App\Controllers\Ecomerce->productos()
 6 SYSTEMPATH\CodeIgniter.php(499): CodeIgniter\CodeIgniter->runController(Object(App\Controllers\Ecomerce))
 7 SYSTEMPATH\CodeIgniter.php(368): CodeIgniter\CodeIgniter->handleRequest(null, Object(Config\Cache), false)
 8 FCPATH\index.php(67): CodeIgniter\CodeIgniter->run()
CRITICAL - 2023-03-25 01:11:50 --> Argument 3 passed to CodeIgniter\BaseModel::paginate() must be of the type int or null, string given, called in C:\xampp\htdocs\acuaticostoscanini\app\Controllers\Ecomerce.php on line 21
in SYSTEMPATH\BaseModel.php on line 1177.
 1 APPPATH\Controllers\Ecomerce.php(21): CodeIgniter\BaseModel->paginate(15, 'default', '$1')
 2 SYSTEMPATH\CodeIgniter.php(934): App\Controllers\Ecomerce->productos('$1')
 3 SYSTEMPATH\CodeIgniter.php(499): CodeIgniter\CodeIgniter->runController(Object(App\Controllers\Ecomerce))
 4 SYSTEMPATH\CodeIgniter.php(368): CodeIgniter\CodeIgniter->handleRequest(null, Object(Config\Cache), false)
 5 FCPATH\index.php(67): CodeIgniter\CodeIgniter->run()
CRITICAL - 2023-03-25 01:16:29 --> Call to undefined method CodeIgniter\Pager\Pager::hasPrevious()
in APPPATH\Views\ecomerce\productos.php on line 67.
 1 SYSTEMPATH\View\View.php(213): include()
 2 SYSTEMPATH\View\View.php(216): CodeIgniter\View\View->CodeIgniter\View\{closure}()
 3 SYSTEMPATH\Common.php(1184): CodeIgniter\View\View->render('ecomerce/productos', [], true)
 4 APPPATH\Controllers\Ecomerce.php(23): view('ecomerce/productos', [...])
 5 SYSTEMPATH\CodeIgniter.php(934): App\Controllers\Ecomerce->productos('1')
 6 SYSTEMPATH\CodeIgniter.php(499): CodeIgniter\CodeIgniter->runController(Object(App\Controllers\Ecomerce))
 7 SYSTEMPATH\CodeIgniter.php(368): CodeIgniter\CodeIgniter->handleRequest(null, Object(Config\Cache), false)
 8 FCPATH\index.php(67): CodeIgniter\CodeIgniter->run()
CRITICAL - 2023-03-25 01:16:40 --> Call to undefined method CodeIgniter\Pager\Pager::hasPrevious()
in APPPATH\Views\ecomerce\productos.php on line 67.
 1 SYSTEMPATH\View\View.php(213): include()
 2 SYSTEMPATH\View\View.php(216): CodeIgniter\View\View->CodeIgniter\View\{closure}()
 3 SYSTEMPATH\Common.php(1184): CodeIgniter\View\View->render('ecomerce/productos', [], true)
 4 APPPATH\Controllers\Ecomerce.php(23): view('ecomerce/productos', [...])
 5 SYSTEMPATH\CodeIgniter.php(934): App\Controllers\Ecomerce->productos('1')
 6 SYSTEMPATH\CodeIgniter.php(499): CodeIgniter\CodeIgniter->runController(Object(App\Controllers\Ecomerce))
 7 SYSTEMPATH\CodeIgniter.php(368): CodeIgniter\CodeIgniter->handleRequest(null, Object(Config\Cache), false)
 8 FCPATH\index.php(67): CodeIgniter\CodeIgniter->run()
CRITICAL - 2023-03-25 01:17:12 --> Invalid file: "ecomerce/productos_paginados.php"
in SYSTEMPATH\Exceptions\FrameworkException.php on line 33.
 1 SYSTEMPATH\View\View.php(201): CodeIgniter\Exceptions\FrameworkException::forInvalidFile('ecomerce/productos_paginados.php')
 2 SYSTEMPATH\Common.php(1184): CodeIgniter\View\View->render('ecomerce/productos_paginados', [], true)
 3 APPPATH\Controllers\Ecomerce.php(35): view('ecomerce/productos_paginados', [...])
 4 SYSTEMPATH\CodeIgniter.php(934): App\Controllers\Ecomerce->productos('1')
 5 SYSTEMPATH\CodeIgniter.php(499): CodeIgniter\CodeIgniter->runController(Object(App\Controllers\Ecomerce))
 6 SYSTEMPATH\CodeIgniter.php(368): CodeIgniter\CodeIgniter->handleRequest(null, Object(Config\Cache), false)
 7 FCPATH\index.php(67): CodeIgniter\CodeIgniter->run()
CRITICAL - 2023-03-25 01:18:49 --> Invalid file: "ecomerce/productos_paginados.php"
in SYSTEMPATH\Exceptions\FrameworkException.php on line 33.
 1 SYSTEMPATH\View\View.php(201): CodeIgniter\Exceptions\FrameworkException::forInvalidFile('ecomerce/productos_paginados.php')
 2 SYSTEMPATH\Common.php(1184): CodeIgniter\View\View->render('ecomerce/productos_paginados', [], true)
 3 APPPATH\Controllers\Ecomerce.php(35): view('ecomerce/productos_paginados', [...])
 4 SYSTEMPATH\CodeIgniter.php(934): App\Controllers\Ecomerce->productos('1')
 5 SYSTEMPATH\CodeIgniter.php(499): CodeIgniter\CodeIgniter->runController(Object(App\Controllers\Ecomerce))
 6 SYSTEMPATH\CodeIgniter.php(368): CodeIgniter\CodeIgniter->handleRequest(null, Object(Config\Cache), false)
 7 FCPATH\index.php(67): CodeIgniter\CodeIgniter->run()
CRITICAL - 2023-03-25 01:19:11 --> Invalid file: "ecomerce/productos_paginados.php"
in SYSTEMPATH\Exceptions\FrameworkException.php on line 33.
 1 SYSTEMPATH\View\View.php(201): CodeIgniter\Exceptions\FrameworkException::forInvalidFile('ecomerce/productos_paginados.php')
 2 SYSTEMPATH\Common.php(1184): CodeIgniter\View\View->render('ecomerce/productos_paginados', [], true)
 3 APPPATH\Controllers\Ecomerce.php(35): view('ecomerce/productos_paginados', [...])
 4 SYSTEMPATH\CodeIgniter.php(934): App\Controllers\Ecomerce->productos('1')
 5 SYSTEMPATH\CodeIgniter.php(499): CodeIgniter\CodeIgniter->runController(Object(App\Controllers\Ecomerce))
 6 SYSTEMPATH\CodeIgniter.php(368): CodeIgniter\CodeIgniter->handleRequest(null, Object(Config\Cache), false)
 7 FCPATH\index.php(67): CodeIgniter\CodeIgniter->run()
CRITICAL - 2023-03-25 01:19:51 --> Invalid file: "ecomerce/productos_paginados.php"
in SYSTEMPATH\Exceptions\FrameworkException.php on line 33.
 1 SYSTEMPATH\View\View.php(201): CodeIgniter\Exceptions\FrameworkException::forInvalidFile('ecomerce/productos_paginados.php')
 2 SYSTEMPATH\Common.php(1184): CodeIgniter\View\View->render('ecomerce/productos_paginados', [], true)
 3 APPPATH\Controllers\Ecomerce.php(35): view('ecomerce/productos_paginados', [...])
 4 SYSTEMPATH\CodeIgniter.php(934): App\Controllers\Ecomerce->productos('1')
 5 SYSTEMPATH\CodeIgniter.php(499): CodeIgniter\CodeIgniter->runController(Object(App\Controllers\Ecomerce))
 6 SYSTEMPATH\CodeIgniter.php(368): CodeIgniter\CodeIgniter->handleRequest(null, Object(Config\Cache), false)
 7 FCPATH\index.php(67): CodeIgniter\CodeIgniter->run()
CRITICAL - 2023-03-25 01:20:06 --> Invalid file: "ecomerce/productos_paginados.php"
in SYSTEMPATH\Exceptions\FrameworkException.php on line 33.
 1 SYSTEMPATH\View\View.php(201): CodeIgniter\Exceptions\FrameworkException::forInvalidFile('ecomerce/productos_paginados.php')
 2 SYSTEMPATH\Common.php(1184): CodeIgniter\View\View->render('ecomerce/productos_paginados', [], true)
 3 APPPATH\Controllers\Ecomerce.php(35): view('ecomerce/productos_paginados', [...])
 4 SYSTEMPATH\CodeIgniter.php(934): App\Controllers\Ecomerce->productos('1')
 5 SYSTEMPATH\CodeIgniter.php(499): CodeIgniter\CodeIgniter->runController(Object(App\Controllers\Ecomerce))
 6 SYSTEMPATH\CodeIgniter.php(368): CodeIgniter\CodeIgniter->handleRequest(null, Object(Config\Cache), false)
 7 FCPATH\index.php(67): CodeIgniter\CodeIgniter->run()
CRITICAL - 2023-03-25 01:20:07 --> Invalid file: "ecomerce/productos_paginados.php"
in SYSTEMPATH\Exceptions\FrameworkException.php on line 33.
 1 SYSTEMPATH\View\View.php(201): CodeIgniter\Exceptions\FrameworkException::forInvalidFile('ecomerce/productos_paginados.php')
 2 SYSTEMPATH\Common.php(1184): CodeIgniter\View\View->render('ecomerce/productos_paginados', [], true)
 3 APPPATH\Controllers\Ecomerce.php(35): view('ecomerce/productos_paginados', [...])
 4 SYSTEMPATH\CodeIgniter.php(934): App\Controllers\Ecomerce->productos('1')
 5 SYSTEMPATH\CodeIgniter.php(499): CodeIgniter\CodeIgniter->runController(Object(App\Controllers\Ecomerce))
 6 SYSTEMPATH\CodeIgniter.php(368): CodeIgniter\CodeIgniter->handleRequest(null, Object(Config\Cache), false)
 7 FCPATH\index.php(67): CodeIgniter\CodeIgniter->run()
CRITICAL - 2023-03-25 01:21:20 --> Invalid file: "ecomerce/productos_paginados.php"
in SYSTEMPATH\Exceptions\FrameworkException.php on line 33.
 1 SYSTEMPATH\View\View.php(201): CodeIgniter\Exceptions\FrameworkException::forInvalidFile('ecomerce/productos_paginados.php')
 2 SYSTEMPATH\Common.php(1184): CodeIgniter\View\View->render('ecomerce/productos_paginados', [], true)
 3 APPPATH\Controllers\Ecomerce.php(30): view('ecomerce/productos_paginados', [...])
 4 SYSTEMPATH\CodeIgniter.php(934): App\Controllers\Ecomerce->productos('1')
 5 SYSTEMPATH\CodeIgniter.php(499): CodeIgniter\CodeIgniter->runController(Object(App\Controllers\Ecomerce))
 6 SYSTEMPATH\CodeIgniter.php(368): CodeIgniter\CodeIgniter->handleRequest(null, Object(Config\Cache), false)
 7 FCPATH\index.php(67): CodeIgniter\CodeIgniter->run()
CRITICAL - 2023-03-25 01:21:41 --> Call to undefined method CodeIgniter\Pager\Pager::hasPrevious()
in APPPATH\Views\ecomerce\productos.php on line 67.
 1 SYSTEMPATH\View\View.php(213): include()
 2 SYSTEMPATH\View\View.php(216): CodeIgniter\View\View->CodeIgniter\View\{closure}()
 3 SYSTEMPATH\Common.php(1184): CodeIgniter\View\View->render('ecomerce/productos', [], true)
 4 APPPATH\Controllers\Ecomerce.php(30): view('ecomerce/productos', [...])
 5 SYSTEMPATH\CodeIgniter.php(934): App\Controllers\Ecomerce->productos('1')
 6 SYSTEMPATH\CodeIgniter.php(499): CodeIgniter\CodeIgniter->runController(Object(App\Controllers\Ecomerce))
 7 SYSTEMPATH\CodeIgniter.php(368): CodeIgniter\CodeIgniter->handleRequest(null, Object(Config\Cache), false)
 8 FCPATH\index.php(67): CodeIgniter\CodeIgniter->run()
CRITICAL - 2023-03-25 01:21:42 --> Call to undefined method CodeIgniter\Pager\Pager::hasPrevious()
in APPPATH\Views\ecomerce\productos.php on line 67.
 1 SYSTEMPATH\View\View.php(213): include()
 2 SYSTEMPATH\View\View.php(216): CodeIgniter\View\View->CodeIgniter\View\{closure}()
 3 SYSTEMPATH\Common.php(1184): CodeIgniter\View\View->render('ecomerce/productos', [], true)
 4 APPPATH\Controllers\Ecomerce.php(30): view('ecomerce/productos', [...])
 5 SYSTEMPATH\CodeIgniter.php(934): App\Controllers\Ecomerce->productos('1')
 6 SYSTEMPATH\CodeIgniter.php(499): CodeIgniter\CodeIgniter->runController(Object(App\Controllers\Ecomerce))
 7 SYSTEMPATH\CodeIgniter.php(368): CodeIgniter\CodeIgniter->handleRequest(null, Object(Config\Cache), false)
 8 FCPATH\index.php(67): CodeIgniter\CodeIgniter->run()
CRITICAL - 2023-03-25 01:22:02 --> Call to undefined method CodeIgniter\Pager\Pager::hasPrevious()
in APPPATH\Views\ecomerce\productos.php on line 67.
 1 SYSTEMPATH\View\View.php(213): include()
 2 SYSTEMPATH\View\View.php(216): CodeIgniter\View\View->CodeIgniter\View\{closure}()
 3 SYSTEMPATH\Common.php(1184): CodeIgniter\View\View->render('ecomerce/productos', [], true)
 4 APPPATH\Controllers\Ecomerce.php(23): view('ecomerce/productos', [...])
 5 SYSTEMPATH\CodeIgniter.php(934): App\Controllers\Ecomerce->productos('1')
 6 SYSTEMPATH\CodeIgniter.php(499): CodeIgniter\CodeIgniter->runController(Object(App\Controllers\Ecomerce))
 7 SYSTEMPATH\CodeIgniter.php(368): CodeIgniter\CodeIgniter->handleRequest(null, Object(Config\Cache), false)
 8 FCPATH\index.php(67): CodeIgniter\CodeIgniter->run()
CRITICAL - 2023-03-25 01:22:03 --> Call to undefined method CodeIgniter\Pager\Pager::hasPrevious()
in APPPATH\Views\ecomerce\productos.php on line 67.
 1 SYSTEMPATH\View\View.php(213): include()
 2 SYSTEMPATH\View\View.php(216): CodeIgniter\View\View->CodeIgniter\View\{closure}()
 3 SYSTEMPATH\Common.php(1184): CodeIgniter\View\View->render('ecomerce/productos', [], true)
 4 APPPATH\Controllers\Ecomerce.php(23): view('ecomerce/productos', [...])
 5 SYSTEMPATH\CodeIgniter.php(934): App\Controllers\Ecomerce->productos('1')
 6 SYSTEMPATH\CodeIgniter.php(499): CodeIgniter\CodeIgniter->runController(Object(App\Controllers\Ecomerce))
 7 SYSTEMPATH\CodeIgniter.php(368): CodeIgniter\CodeIgniter->handleRequest(null, Object(Config\Cache), false)
 8 FCPATH\index.php(67): CodeIgniter\CodeIgniter->run()
CRITICAL - 2023-03-25 01:22:03 --> Call to undefined method CodeIgniter\Pager\Pager::hasPrevious()
in APPPATH\Views\ecomerce\productos.php on line 67.
 1 SYSTEMPATH\View\View.php(213): include()
 2 SYSTEMPATH\View\View.php(216): CodeIgniter\View\View->CodeIgniter\View\{closure}()
 3 SYSTEMPATH\Common.php(1184): CodeIgniter\View\View->render('ecomerce/productos', [], true)
 4 APPPATH\Controllers\Ecomerce.php(23): view('ecomerce/productos', [...])
 5 SYSTEMPATH\CodeIgniter.php(934): App\Controllers\Ecomerce->productos('1')
 6 SYSTEMPATH\CodeIgniter.php(499): CodeIgniter\CodeIgniter->runController(Object(App\Controllers\Ecomerce))
 7 SYSTEMPATH\CodeIgniter.php(368): CodeIgniter\CodeIgniter->handleRequest(null, Object(Config\Cache), false)
 8 FCPATH\index.php(67): CodeIgniter\CodeIgniter->run()
CRITICAL - 2023-03-25 01:22:52 --> Call to undefined method CodeIgniter\Pager\Pager::hasPrevious()
in APPPATH\Views\ecomerce\productos.php on line 67.
 1 SYSTEMPATH\View\View.php(213): include()
 2 SYSTEMPATH\View\View.php(216): CodeIgniter\View\View->CodeIgniter\View\{closure}()
 3 SYSTEMPATH\Common.php(1184): CodeIgniter\View\View->render('ecomerce/productos', [], true)
 4 APPPATH\Controllers\Ecomerce.php(23): view('ecomerce/productos', [...])
 5 SYSTEMPATH\CodeIgniter.php(934): App\Controllers\Ecomerce->productos('2')
 6 SYSTEMPATH\CodeIgniter.php(499): CodeIgniter\CodeIgniter->runController(Object(App\Controllers\Ecomerce))
 7 SYSTEMPATH\CodeIgniter.php(368): CodeIgniter\CodeIgniter->handleRequest(null, Object(Config\Cache), false)
 8 FCPATH\index.php(67): CodeIgniter\CodeIgniter->run()
CRITICAL - 2023-03-25 01:33:59 --> Invalid argument supplied for foreach()
in APPPATH\Views\ecomerce\productos.php on line 65.
 1 APPPATH\Views\ecomerce\productos.php(65): CodeIgniter\Debug\Exceptions->errorHandler(2, 'Invalid argument supplied for foreach()', 'APPPATH\\Views\\ecomerce\\productos.php', 65, [...])
 2 SYSTEMPATH\View\View.php(213): include('APPPATH\\Views\\ecomerce\\productos.php')
 3 SYSTEMPATH\View\View.php(216): CodeIgniter\View\View->CodeIgniter\View\{closure}()
 4 SYSTEMPATH\Common.php(1184): CodeIgniter\View\View->render('ecomerce/productos', [], true)
 5 APPPATH\Controllers\Ecomerce.php(23): view('ecomerce/productos', [...])
 6 SYSTEMPATH\CodeIgniter.php(934): App\Controllers\Ecomerce->productos('2')
 7 SYSTEMPATH\CodeIgniter.php(499): CodeIgniter\CodeIgniter->runController(Object(App\Controllers\Ecomerce))
 8 SYSTEMPATH\CodeIgniter.php(368): CodeIgniter\CodeIgniter->handleRequest(null, Object(Config\Cache), false)
 9 FCPATH\index.php(67): CodeIgniter\CodeIgniter->run()
CRITICAL - 2023-03-25 01:34:29 --> Invalid argument supplied for foreach()
in APPPATH\Views\ecomerce\productos.php on line 65.
 1 APPPATH\Views\ecomerce\productos.php(65): CodeIgniter\Debug\Exceptions->errorHandler(2, 'Invalid argument supplied for foreach()', 'APPPATH\\Views\\ecomerce\\productos.php', 65, [...])
 2 SYSTEMPATH\View\View.php(213): include('APPPATH\\Views\\ecomerce\\productos.php')
 3 SYSTEMPATH\View\View.php(216): CodeIgniter\View\View->CodeIgniter\View\{closure}()
 4 SYSTEMPATH\Common.php(1184): CodeIgniter\View\View->render('ecomerce/productos', [], true)
 5 APPPATH\Controllers\Ecomerce.php(23): view('ecomerce/productos', [...])
 6 SYSTEMPATH\CodeIgniter.php(934): App\Controllers\Ecomerce->productos('2')
 7 SYSTEMPATH\CodeIgniter.php(499): CodeIgniter\CodeIgniter->runController(Object(App\Controllers\Ecomerce))
 8 SYSTEMPATH\CodeIgniter.php(368): CodeIgniter\CodeIgniter->handleRequest(null, Object(Config\Cache), false)
 9 FCPATH\index.php(67): CodeIgniter\CodeIgniter->run()
CRITICAL - 2023-03-25 01:34:48 --> Invalid argument supplied for foreach()
in APPPATH\Views\ecomerce\productos.php on line 65.
 1 APPPATH\Views\ecomerce\productos.php(65): CodeIgniter\Debug\Exceptions->errorHandler(2, 'Invalid argument supplied for foreach()', 'APPPATH\\Views\\ecomerce\\productos.php', 65, [...])
 2 SYSTEMPATH\View\View.php(213): include('APPPATH\\Views\\ecomerce\\productos.php')
 3 SYSTEMPATH\View\View.php(216): CodeIgniter\View\View->CodeIgniter\View\{closure}()
 4 SYSTEMPATH\Common.php(1184): CodeIgniter\View\View->render('ecomerce/productos', [], true)
 5 APPPATH\Controllers\Ecomerce.php(23): view('ecomerce/productos', [...])
 6 SYSTEMPATH\CodeIgniter.php(934): App\Controllers\Ecomerce->productos('2')
 7 SYSTEMPATH\CodeIgniter.php(499): CodeIgniter\CodeIgniter->runController(Object(App\Controllers\Ecomerce))
 8 SYSTEMPATH\CodeIgniter.php(368): CodeIgniter\CodeIgniter->handleRequest(null, Object(Config\Cache), false)
 9 FCPATH\index.php(67): CodeIgniter\CodeIgniter->run()
CRITICAL - 2023-03-25 05:10:19 --> Call to a member function links() on null
in APPPATH\Views\ecomerce\productos.php on line 66.
 1 SYSTEMPATH\View\View.php(213): include()
 2 SYSTEMPATH\View\View.php(216): CodeIgniter\View\View->CodeIgniter\View\{closure}()
 3 SYSTEMPATH\Common.php(1184): CodeIgniter\View\View->render('ecomerce/productos', [], true)
 4 APPPATH\Controllers\Ecomerce.php(26): view('ecomerce/productos', [...])
 5 SYSTEMPATH\CodeIgniter.php(934): App\Controllers\Ecomerce->productos()
 6 SYSTEMPATH\CodeIgniter.php(499): CodeIgniter\CodeIgniter->runController(Object(App\Controllers\Ecomerce))
 7 SYSTEMPATH\CodeIgniter.php(368): CodeIgniter\CodeIgniter->handleRequest(null, Object(Config\Cache), false)
 8 FCPATH\index.php(67): CodeIgniter\CodeIgniter->run()
CRITICAL - 2023-03-25 05:12:11 --> Invalid argument supplied for foreach()
in APPPATH\Views\ecomerce\productos.php on line 66.
 1 APPPATH\Views\ecomerce\productos.php(66): CodeIgniter\Debug\Exceptions->errorHandler(2, 'Invalid argument supplied for foreach()', 'APPPATH\\Views\\ecomerce\\productos.php', 66, [...])
 2 SYSTEMPATH\View\View.php(213): include('APPPATH\\Views\\ecomerce\\productos.php')
 3 SYSTEMPATH\View\View.php(216): CodeIgniter\View\View->CodeIgniter\View\{closure}()
 4 SYSTEMPATH\Common.php(1184): CodeIgniter\View\View->render('ecomerce/productos', [], true)
 5 APPPATH\Controllers\Ecomerce.php(26): view('ecomerce/productos', [...])
 6 SYSTEMPATH\CodeIgniter.php(934): App\Controllers\Ecomerce->productos()
 7 SYSTEMPATH\CodeIgniter.php(499): CodeIgniter\CodeIgniter->runController(Object(App\Controllers\Ecomerce))
 8 SYSTEMPATH\CodeIgniter.php(368): CodeIgniter\CodeIgniter->handleRequest(null, Object(Config\Cache), false)
 9 FCPATH\index.php(67): CodeIgniter\CodeIgniter->run()
CRITICAL - 2023-03-25 05:13:31 --> Invalid argument supplied for foreach()
in APPPATH\Views\ecomerce\productos.php on line 66.
 1 APPPATH\Views\ecomerce\productos.php(66): CodeIgniter\Debug\Exceptions->errorHandler(2, 'Invalid argument supplied for foreach()', 'APPPATH\\Views\\ecomerce\\productos.php', 66, [...])
 2 SYSTEMPATH\View\View.php(213): include('APPPATH\\Views\\ecomerce\\productos.php')
 3 SYSTEMPATH\View\View.php(216): CodeIgniter\View\View->CodeIgniter\View\{closure}()
 4 SYSTEMPATH\Common.php(1184): CodeIgniter\View\View->render('ecomerce/productos', [], true)
 5 APPPATH\Controllers\Ecomerce.php(30): view('ecomerce/productos', [...])
 6 SYSTEMPATH\CodeIgniter.php(934): App\Controllers\Ecomerce->productos()
 7 SYSTEMPATH\CodeIgniter.php(499): CodeIgniter\CodeIgniter->runController(Object(App\Controllers\Ecomerce))
 8 SYSTEMPATH\CodeIgniter.php(368): CodeIgniter\CodeIgniter->handleRequest(null, Object(Config\Cache), false)
 9 FCPATH\index.php(67): CodeIgniter\CodeIgniter->run()
CRITICAL - 2023-03-25 05:15:09 --> Call to undefined method CodeIgniter\Pager\Pager::hasPrevious()
in APPPATH\Views\ecomerce\productos.php on line 68.
 1 SYSTEMPATH\View\View.php(213): include()
 2 SYSTEMPATH\View\View.php(216): CodeIgniter\View\View->CodeIgniter\View\{closure}()
 3 SYSTEMPATH\Common.php(1184): CodeIgniter\View\View->render('ecomerce/productos', [], true)
 4 APPPATH\Controllers\Ecomerce.php(30): view('ecomerce/productos', [...])
 5 SYSTEMPATH\CodeIgniter.php(934): App\Controllers\Ecomerce->productos()
 6 SYSTEMPATH\CodeIgniter.php(499): CodeIgniter\CodeIgniter->runController(Object(App\Controllers\Ecomerce))
 7 SYSTEMPATH\CodeIgniter.php(368): CodeIgniter\CodeIgniter->handleRequest(null, Object(Config\Cache), false)
 8 FCPATH\index.php(67): CodeIgniter\CodeIgniter->run()
CRITICAL - 2023-03-25 05:18:08 --> Call to undefined method CodeIgniter\Pager\Pager::hasPrevious()
in APPPATH\Views\ecomerce\productos.php on line 71.
 1 SYSTEMPATH\View\View.php(213): include()
 2 SYSTEMPATH\View\View.php(216): CodeIgniter\View\View->CodeIgniter\View\{closure}()
 3 SYSTEMPATH\Common.php(1184): CodeIgniter\View\View->render('ecomerce/productos', [], true)
 4 APPPATH\Controllers\Ecomerce.php(28): view('ecomerce/productos', [...])
 5 SYSTEMPATH\CodeIgniter.php(934): App\Controllers\Ecomerce->productos()
 6 SYSTEMPATH\CodeIgniter.php(499): CodeIgniter\CodeIgniter->runController(Object(App\Controllers\Ecomerce))
 7 SYSTEMPATH\CodeIgniter.php(368): CodeIgniter\CodeIgniter->handleRequest(null, Object(Config\Cache), false)
 8 FCPATH\index.php(67): CodeIgniter\CodeIgniter->run()
CRITICAL - 2023-03-25 05:18:12 --> Call to undefined method CodeIgniter\Pager\Pager::hasPrevious()
in APPPATH\Views\ecomerce\productos.php on line 71.
 1 SYSTEMPATH\View\View.php(213): include()
 2 SYSTEMPATH\View\View.php(216): CodeIgniter\View\View->CodeIgniter\View\{closure}()
 3 SYSTEMPATH\Common.php(1184): CodeIgniter\View\View->render('ecomerce/productos', [], true)
 4 APPPATH\Controllers\Ecomerce.php(28): view('ecomerce/productos', [...])
 5 SYSTEMPATH\CodeIgniter.php(934): App\Controllers\Ecomerce->productos()
 6 SYSTEMPATH\CodeIgniter.php(499): CodeIgniter\CodeIgniter->runController(Object(App\Controllers\Ecomerce))
 7 SYSTEMPATH\CodeIgniter.php(368): CodeIgniter\CodeIgniter->handleRequest(null, Object(Config\Cache), false)
 8 FCPATH\index.php(67): CodeIgniter\CodeIgniter->run()
CRITICAL - 2023-03-25 05:18:56 --> Call to undefined method CodeIgniter\Pager\Pager::hasPrevious()
in APPPATH\Views\ecomerce\productos.php on line 66.
 1 SYSTEMPATH\View\View.php(213): include()
 2 SYSTEMPATH\View\View.php(216): CodeIgniter\View\View->CodeIgniter\View\{closure}()
 3 SYSTEMPATH\Common.php(1184): CodeIgniter\View\View->render('ecomerce/productos', [], true)
 4 APPPATH\Controllers\Ecomerce.php(28): view('ecomerce/productos', [...])
 5 SYSTEMPATH\CodeIgniter.php(934): App\Controllers\Ecomerce->productos()
 6 SYSTEMPATH\CodeIgniter.php(499): CodeIgniter\CodeIgniter->runController(Object(App\Controllers\Ecomerce))
 7 SYSTEMPATH\CodeIgniter.php(368): CodeIgniter\CodeIgniter->handleRequest(null, Object(Config\Cache), false)
 8 FCPATH\index.php(67): CodeIgniter\CodeIgniter->run()
CRITICAL - 2023-03-25 05:19:07 --> Call to undefined method CodeIgniter\Pager\Pager::hasPrevious()
in APPPATH\Views\ecomerce\productos.php on line 66.
 1 SYSTEMPATH\View\View.php(213): include()
 2 SYSTEMPATH\View\View.php(216): CodeIgniter\View\View->CodeIgniter\View\{closure}()
 3 SYSTEMPATH\Common.php(1184): CodeIgniter\View\View->render('ecomerce/productos', [], true)
 4 APPPATH\Controllers\Ecomerce.php(28): view('ecomerce/productos', [...])
 5 SYSTEMPATH\CodeIgniter.php(934): App\Controllers\Ecomerce->productos()
 6 SYSTEMPATH\CodeIgniter.php(499): CodeIgniter\CodeIgniter->runController(Object(App\Controllers\Ecomerce))
 7 SYSTEMPATH\CodeIgniter.php(368): CodeIgniter\CodeIgniter->handleRequest(null, Object(Config\Cache), false)
 8 FCPATH\index.php(67): CodeIgniter\CodeIgniter->run()
CRITICAL - 2023-03-25 05:29:11 --> Call to a member function links() on string
in APPPATH\Views\ecomerce\productos.php on line 66.
 1 SYSTEMPATH\View\View.php(213): include()
 2 SYSTEMPATH\View\View.php(216): CodeIgniter\View\View->CodeIgniter\View\{closure}()
 3 SYSTEMPATH\Common.php(1184): CodeIgniter\View\View->render('ecomerce/productos', [], true)
 4 APPPATH\Controllers\Ecomerce.php(33): view('ecomerce/productos', [...])
 5 SYSTEMPATH\CodeIgniter.php(934): App\Controllers\Ecomerce->productos()
 6 SYSTEMPATH\CodeIgniter.php(499): CodeIgniter\CodeIgniter->runController(Object(App\Controllers\Ecomerce))
 7 SYSTEMPATH\CodeIgniter.php(368): CodeIgniter\CodeIgniter->handleRequest(null, Object(Config\Cache), false)
 8 FCPATH\index.php(67): CodeIgniter\CodeIgniter->run()
CRITICAL - 2023-03-25 05:37:44 --> Call to undefined method CodeIgniter\Pager\Pager::hasPrevious()
in APPPATH\Views\ecomerce\productos.php on line 71.
 1 SYSTEMPATH\View\View.php(213): include()
 2 SYSTEMPATH\View\View.php(216): CodeIgniter\View\View->CodeIgniter\View\{closure}()
 3 SYSTEMPATH\Common.php(1184): CodeIgniter\View\View->render('ecomerce/productos', [], true)
 4 APPPATH\Controllers\Ecomerce.php(31): view('ecomerce/productos', [...])
 5 SYSTEMPATH\CodeIgniter.php(934): App\Controllers\Ecomerce->productos()
 6 SYSTEMPATH\CodeIgniter.php(499): CodeIgniter\CodeIgniter->runController(Object(App\Controllers\Ecomerce))
 7 SYSTEMPATH\CodeIgniter.php(368): CodeIgniter\CodeIgniter->handleRequest(null, Object(Config\Cache), false)
 8 FCPATH\index.php(67): CodeIgniter\CodeIgniter->run()
CRITICAL - 2023-03-25 05:41:20 --> Call to undefined method CodeIgniter\Pager\Pager::hasPrevious()
in APPPATH\Views\ecomerce\productos.php on line 71.
 1 SYSTEMPATH\View\View.php(213): include()
 2 SYSTEMPATH\View\View.php(216): CodeIgniter\View\View->CodeIgniter\View\{closure}()
 3 SYSTEMPATH\Common.php(1184): CodeIgniter\View\View->render('ecomerce/productos', [], true)
 4 APPPATH\Controllers\Ecomerce.php(31): view('ecomerce/productos', [...])
 5 SYSTEMPATH\CodeIgniter.php(934): App\Controllers\Ecomerce->productos()
 6 SYSTEMPATH\CodeIgniter.php(499): CodeIgniter\CodeIgniter->runController(Object(App\Controllers\Ecomerce))
 7 SYSTEMPATH\CodeIgniter.php(368): CodeIgniter\CodeIgniter->handleRequest(null, Object(Config\Cache), false)
 8 FCPATH\index.php(67): CodeIgniter\CodeIgniter->run()
CRITICAL - 2023-03-25 05:41:22 --> Call to undefined method CodeIgniter\Pager\Pager::hasPrevious()
in APPPATH\Views\ecomerce\productos.php on line 71.
 1 SYSTEMPATH\View\View.php(213): include()
 2 SYSTEMPATH\View\View.php(216): CodeIgniter\View\View->CodeIgniter\View\{closure}()
 3 SYSTEMPATH\Common.php(1184): CodeIgniter\View\View->render('ecomerce/productos', [], true)
 4 APPPATH\Controllers\Ecomerce.php(31): view('ecomerce/productos', [...])
 5 SYSTEMPATH\CodeIgniter.php(934): App\Controllers\Ecomerce->productos()
 6 SYSTEMPATH\CodeIgniter.php(499): CodeIgniter\CodeIgniter->runController(Object(App\Controllers\Ecomerce))
 7 SYSTEMPATH\CodeIgniter.php(368): CodeIgniter\CodeIgniter->handleRequest(null, Object(Config\Cache), false)
 8 FCPATH\index.php(67): CodeIgniter\CodeIgniter->run()
CRITICAL - 2023-03-25 05:42:26 --> Call to undefined method CodeIgniter\Pager\Pager::getFirst()
in APPPATH\Views\ecomerce\productos.php on line 67.
 1 SYSTEMPATH\View\View.php(213): include()
 2 SYSTEMPATH\View\View.php(216): CodeIgniter\View\View->CodeIgniter\View\{closure}()
 3 SYSTEMPATH\Common.php(1184): CodeIgniter\View\View->render('ecomerce/productos', [], true)
 4 APPPATH\Controllers\Ecomerce.php(31): view('ecomerce/productos', [...])
 5 SYSTEMPATH\CodeIgniter.php(934): App\Controllers\Ecomerce->productos()
 6 SYSTEMPATH\CodeIgniter.php(499): CodeIgniter\CodeIgniter->runController(Object(App\Controllers\Ecomerce))
 7 SYSTEMPATH\CodeIgniter.php(368): CodeIgniter\CodeIgniter->handleRequest(null, Object(Config\Cache), false)
 8 FCPATH\index.php(67): CodeIgniter\CodeIgniter->run()
CRITICAL - 2023-03-25 05:42:51 --> Call to undefined method CodeIgniter\Pager\Pager::getFirst()
in APPPATH\Views\ecomerce\productos.php on line 67.
 1 SYSTEMPATH\View\View.php(213): include()
 2 SYSTEMPATH\View\View.php(216): CodeIgniter\View\View->CodeIgniter\View\{closure}()
 3 SYSTEMPATH\Common.php(1184): CodeIgniter\View\View->render('ecomerce/productos', [], true)
 4 APPPATH\Controllers\Ecomerce.php(31): view('ecomerce/productos', [...])
 5 SYSTEMPATH\CodeIgniter.php(934): App\Controllers\Ecomerce->productos()
 6 SYSTEMPATH\CodeIgniter.php(499): CodeIgniter\CodeIgniter->runController(Object(App\Controllers\Ecomerce))
 7 SYSTEMPATH\CodeIgniter.php(368): CodeIgniter\CodeIgniter->handleRequest(null, Object(Config\Cache), false)
 8 FCPATH\index.php(67): CodeIgniter\CodeIgniter->run()
CRITICAL - 2023-03-25 05:45:05 --> Call to undefined method CodeIgniter\Pager\Pager::getFirst()
in APPPATH\Views\ecomerce\productos.php on line 66.
 1 SYSTEMPATH\View\View.php(213): include()
 2 SYSTEMPATH\View\View.php(216): CodeIgniter\View\View->CodeIgniter\View\{closure}()
 3 SYSTEMPATH\Common.php(1184): CodeIgniter\View\View->render('ecomerce/productos', [], true)
 4 APPPATH\Controllers\Ecomerce.php(31): view('ecomerce/productos', [...])
 5 SYSTEMPATH\CodeIgniter.php(934): App\Controllers\Ecomerce->productos()
 6 SYSTEMPATH\CodeIgniter.php(499): CodeIgniter\CodeIgniter->runController(Object(App\Controllers\Ecomerce))
 7 SYSTEMPATH\CodeIgniter.php(368): CodeIgniter\CodeIgniter->handleRequest(null, Object(Config\Cache), false)
 8 FCPATH\index.php(67): CodeIgniter\CodeIgniter->run()
CRITICAL - 2023-03-25 05:59:28 --> Call to undefined method App\Models\ProductoModel::getAllCategories
in SYSTEMPATH\Model.php on line 842.
 1 APPPATH\Controllers\Ecomerce.php(25): CodeIgniter\Model->__call('getAllCategories', [])
 2 SYSTEMPATH\CodeIgniter.php(934): App\Controllers\Ecomerce->productos()
 3 SYSTEMPATH\CodeIgniter.php(499): CodeIgniter\CodeIgniter->runController(Object(App\Controllers\Ecomerce))
 4 SYSTEMPATH\CodeIgniter.php(368): CodeIgniter\CodeIgniter->handleRequest(null, Object(Config\Cache), false)
 5 FCPATH\index.php(67): CodeIgniter\CodeIgniter->run()
CRITICAL - 2023-03-25 05:59:50 --> Call to undefined method App\Models\ProductoModel::getAllCategories
in SYSTEMPATH\Model.php on line 842.
 1 APPPATH\Controllers\Ecomerce.php(25): CodeIgniter\Model->__call('getAllCategories', [])
 2 SYSTEMPATH\CodeIgniter.php(934): App\Controllers\Ecomerce->productos()
 3 SYSTEMPATH\CodeIgniter.php(499): CodeIgniter\CodeIgniter->runController(Object(App\Controllers\Ecomerce))
 4 SYSTEMPATH\CodeIgniter.php(368): CodeIgniter\CodeIgniter->handleRequest(null, Object(Config\Cache), false)
 5 FCPATH\index.php(67): CodeIgniter\CodeIgniter->run()
CRITICAL - 2023-03-25 05:59:56 --> Call to undefined method App\Models\ProductoModel::getAllCategories
in SYSTEMPATH\Model.php on line 842.
 1 APPPATH\Controllers\Ecomerce.php(25): CodeIgniter\Model->__call('getAllCategories', [])
 2 SYSTEMPATH\CodeIgniter.php(934): App\Controllers\Ecomerce->productos()
 3 SYSTEMPATH\CodeIgniter.php(499): CodeIgniter\CodeIgniter->runController(Object(App\Controllers\Ecomerce))
 4 SYSTEMPATH\CodeIgniter.php(368): CodeIgniter\CodeIgniter->handleRequest(null, Object(Config\Cache), false)
 5 FCPATH\index.php(67): CodeIgniter\CodeIgniter->run()
CRITICAL - 2023-03-25 06:14:06 --> Call to undefined method App\Models\CategoriaModel::count
in SYSTEMPATH\Model.php on line 842.
 1 APPPATH\Models\CategoriaModel.php(24): CodeIgniter\Model->__call('count', [])
 2 APPPATH\Controllers\Ecomerce.php(27): App\Models\CategoriaModel->countAllCategories()
 3 SYSTEMPATH\CodeIgniter.php(934): App\Controllers\Ecomerce->productos()
 4 SYSTEMPATH\CodeIgniter.php(499): CodeIgniter\CodeIgniter->runController(Object(App\Controllers\Ecomerce))
 5 SYSTEMPATH\CodeIgniter.php(368): CodeIgniter\CodeIgniter->handleRequest(null, Object(Config\Cache), false)
 6 FCPATH\index.php(67): CodeIgniter\CodeIgniter->run()
CRITICAL - 2023-03-25 07:10:19 --> Invalid file: "producto.php"
in SYSTEMPATH\Exceptions\FrameworkException.php on line 33.
 1 SYSTEMPATH\View\View.php(201): CodeIgniter\Exceptions\FrameworkException::forInvalidFile('producto.php')
 2 SYSTEMPATH\Common.php(1184): CodeIgniter\View\View->render('producto', [], true)
 3 APPPATH\Controllers\Ecomerce.php(51): view('producto', [...])
 4 SYSTEMPATH\CodeIgniter.php(934): App\Controllers\Ecomerce->mostrarProducto('PROD-00115')
 5 SYSTEMPATH\CodeIgniter.php(499): CodeIgniter\CodeIgniter->runController(Object(App\Controllers\Ecomerce))
 6 SYSTEMPATH\CodeIgniter.php(368): CodeIgniter\CodeIgniter->handleRequest(null, Object(Config\Cache), false)
 7 FCPATH\index.php(67): CodeIgniter\CodeIgniter->run()
CRITICAL - 2023-03-25 07:10:36 --> Invalid file: "producto.php"
in SYSTEMPATH\Exceptions\FrameworkException.php on line 33.
 1 SYSTEMPATH\View\View.php(201): CodeIgniter\Exceptions\FrameworkException::forInvalidFile('producto.php')
 2 SYSTEMPATH\Common.php(1184): CodeIgniter\View\View->render('producto', [], true)
 3 APPPATH\Controllers\Ecomerce.php(51): view('producto', [...])
 4 SYSTEMPATH\CodeIgniter.php(934): App\Controllers\Ecomerce->mostrarProducto('PROD-00115')
 5 SYSTEMPATH\CodeIgniter.php(499): CodeIgniter\CodeIgniter->runController(Object(App\Controllers\Ecomerce))
 6 SYSTEMPATH\CodeIgniter.php(368): CodeIgniter\CodeIgniter->handleRequest(null, Object(Config\Cache), false)
 7 FCPATH\index.php(67): CodeIgniter\CodeIgniter->run()
CRITICAL - 2023-03-25 07:49:47 --> Call to undefined method App\Models\ProductoModel::leftJoin
in SYSTEMPATH\Model.php on line 842.
 1 APPPATH\Models\ProductoModel.php(37): CodeIgniter\Model->__call('leftJoin', [...])
 2 APPPATH\Controllers\Ecomerce.php(48): App\Models\ProductoModel->getProductByCode('PROD-03317')
 3 SYSTEMPATH\CodeIgniter.php(934): App\Controllers\Ecomerce->mostrarProducto('PROD-03317')
 4 SYSTEMPATH\CodeIgniter.php(499): CodeIgniter\CodeIgniter->runController(Object(App\Controllers\Ecomerce))
 5 SYSTEMPATH\CodeIgniter.php(368): CodeIgniter\CodeIgniter->handleRequest(null, Object(Config\Cache), false)
 6 FCPATH\index.php(67): CodeIgniter\CodeIgniter->run()
CRITICAL - 2023-03-25 07:54:09 --> Call to undefined method App\Models\ProductoModel::leftJoin
in SYSTEMPATH\Model.php on line 842.
 1 APPPATH\Models\ProductoModel.php(37): CodeIgniter\Model->__call('leftJoin', [...])
 2 APPPATH\Controllers\Ecomerce.php(48): App\Models\ProductoModel->getProductByCode('PROD-03317')
 3 SYSTEMPATH\CodeIgniter.php(934): App\Controllers\Ecomerce->mostrarProducto('PROD-03317')
 4 SYSTEMPATH\CodeIgniter.php(499): CodeIgniter\CodeIgniter->runController(Object(App\Controllers\Ecomerce))
 5 SYSTEMPATH\CodeIgniter.php(368): CodeIgniter\CodeIgniter->handleRequest(null, Object(Config\Cache), false)
 6 FCPATH\index.php(67): CodeIgniter\CodeIgniter->run()
ERROR - 2023-03-25 07:57:44 --> mysqli_sql_exception: You have an error in your SQL syntax; check the manual that corresponds to your MariaDB server version for the right syntax to use near '.`categoria`)
WHERE `producto`.`codigo` = 'PROD-03317'
 LIMIT 1' at line 3 in C:\xampp\htdocs\acuaticostoscanini\system\Database\MySQLi\Connection.php:295
Stack trace:
#0 C:\xampp\htdocs\acuaticostoscanini\system\Database\MySQLi\Connection.php(295): mysqli->query('SELECT `product...', 0)
#1 C:\xampp\htdocs\acuaticostoscanini\system\Database\BaseConnection.php(691): CodeIgniter\Database\MySQLi\Connection->execute('SELECT `product...')
#2 C:\xampp\htdocs\acuaticostoscanini\system\Database\BaseConnection.php(605): CodeIgniter\Database\BaseConnection->simpleQuery('SELECT `product...')
#3 C:\xampp\htdocs\acuaticostoscanini\system\Database\BaseBuilder.php(1616): CodeIgniter\Database\BaseConnection->query('SELECT `product...', Array, false)
#4 C:\xampp\htdocs\acuaticostoscanini\system\Model.php(268): CodeIgniter\Database\BaseBuilder->get()
#5 C:\xampp\htdocs\acuaticostoscanini\system\BaseModel.php(656): CodeIgniter\Model->doFirst()
#6 C:\xampp\htdocs\acuaticostoscanini\app\Models\ProductoModel.php(40): CodeIgniter\BaseModel->first()
#7 C:\xampp\htdocs\acuaticostoscanini\app\Controllers\Ecomerce.php(48): App\Models\ProductoModel->getProductByCode('PROD-03317')
#8 C:\xampp\htdocs\acuaticostoscanini\system\CodeIgniter.php(934): App\Controllers\Ecomerce->mostrarProducto('PROD-03317')
#9 C:\xampp\htdocs\acuaticostoscanini\system\CodeIgniter.php(499): CodeIgniter\CodeIgniter->runController(Object(App\Controllers\Ecomerce))
#10 C:\xampp\htdocs\acuaticostoscanini\system\CodeIgniter.php(368): CodeIgniter\CodeIgniter->handleRequest(NULL, Object(Config\Cache), false)
#11 C:\xampp\htdocs\acuaticostoscanini\index.php(67): CodeIgniter\CodeIgniter->run()
#12 {main}
CRITICAL - 2023-03-25 07:57:44 --> You have an error in your SQL syntax; check the manual that corresponds to your MariaDB server version for the right syntax to use near '.`categoria`)
WHERE `producto`.`codigo` = 'PROD-03317'
 LIMIT 1' at line 3
in SYSTEMPATH\Database\BaseConnection.php on line 645.
 1 SYSTEMPATH\Database\BaseBuilder.php(1616): CodeIgniter\Database\BaseConnection->query('SELECT `producto`.*
FROM `producto`
JOIN `categoria` USING (`producto`.`categoria`)
WHERE `producto`.`codigo` = :producto.codigo:
 LIMIT 1', [...], false)
 2 SYSTEMPATH\Model.php(268): CodeIgniter\Database\BaseBuilder->get()
 3 SYSTEMPATH\BaseModel.php(656): CodeIgniter\Model->doFirst()
 4 APPPATH\Models\ProductoModel.php(40): CodeIgniter\BaseModel->first()
 5 APPPATH\Controllers\Ecomerce.php(48): App\Models\ProductoModel->getProductByCode('PROD-03317')
 6 SYSTEMPATH\CodeIgniter.php(934): App\Controllers\Ecomerce->mostrarProducto('PROD-03317')
 7 SYSTEMPATH\CodeIgniter.php(499): CodeIgniter\CodeIgniter->runController(Object(App\Controllers\Ecomerce))
 8 SYSTEMPATH\CodeIgniter.php(368): CodeIgniter\CodeIgniter->handleRequest(null, Object(Config\Cache), false)
 9 FCPATH\index.php(67): CodeIgniter\CodeIgniter->run()
CRITICAL - 2023-03-25 17:54:15 --> Invalid argument supplied for foreach()
in APPPATH\Views\ecomerce\templates\recomendados.php on line 5.
 1 APPPATH\Views\ecomerce\templates\recomendados.php(5): CodeIgniter\Debug\Exceptions->errorHandler(2, 'Invalid argument supplied for foreach()', 'APPPATH\\Views\\ecomerce\\templates\\recomendados.php', 5, [...])
 2 SYSTEMPATH\View\View.php(213): include('APPPATH\\Views\\ecomerce\\templates\\recomendados.php')
 3 SYSTEMPATH\View\View.php(216): CodeIgniter\View\View->CodeIgniter\View\{closure}()
 4 SYSTEMPATH\View\View.php(431): CodeIgniter\View\View->render('ecomerce/templates/recomendados', null, true)
 5 APPPATH\Views\ecomerce\productos.php(98): CodeIgniter\View\View->include('ecomerce/templates/recomendados')
 6 SYSTEMPATH\View\View.php(213): include('APPPATH\\Views\\ecomerce\\productos.php')
 7 SYSTEMPATH\View\View.php(216): CodeIgniter\View\View->CodeIgniter\View\{closure}()
 8 SYSTEMPATH\Common.php(1184): CodeIgniter\View\View->render('ecomerce/productos', [], true)
 9 APPPATH\Controllers\Ecomerce.php(40): view('ecomerce/productos', [...])
10 SYSTEMPATH\CodeIgniter.php(934): App\Controllers\Ecomerce->productos()
11 SYSTEMPATH\CodeIgniter.php(499): CodeIgniter\CodeIgniter->runController(Object(App\Controllers\Ecomerce))
12 SYSTEMPATH\CodeIgniter.php(368): CodeIgniter\CodeIgniter->handleRequest(null, Object(Config\Cache), false)
13 FCPATH\index.php(67): CodeIgniter\CodeIgniter->run()
