CRITICAL - 2023-07-15 02:55:35 --> Undefined variable $subcategorias
in APPPATH\Views\admin\inventario\categorias.php on line 244.
 1 APPPATH\Views\admin\inventario\categorias.php(244): CodeIgniter\Debug\Exceptions->errorHandler(2, 'Undefined variable $subcategorias', 'APPPATH\\Views\\admin\\inventario\\categorias.php', 244)
 2 SYSTEMPATH\View\View.php(213): include('APPPATH\\Views\\admin\\inventario\\categorias.php')
 3 SYSTEMPATH\View\View.php(216): CodeIgniter\View\View->CodeIgniter\View\{closure}()
 4 SYSTEMPATH\Common.php(1184): CodeIgniter\View\View->render('admin/inventario/categorias', [], true)
 5 APPPATH\Controllers\Admin.php(141): view('admin/inventario/categorias', [...])
 6 SYSTEMPATH\CodeIgniter.php(934): App\Controllers\Admin->categorias()
 7 SYSTEMPATH\CodeIgniter.php(499): CodeIgniter\CodeIgniter->runController(Object(App\Controllers\Admin))
 8 SYSTEMPATH\CodeIgniter.php(368): CodeIgniter\CodeIgniter->handleRequest(null, Object(Config\Cache), false)
 9 FCPATH\index.php(67): CodeIgniter\CodeIgniter->run()
CRITICAL - 2023-07-15 02:55:56 --> Undefined variable $subcategorias
in APPPATH\Views\admin\inventario\categorias.php on line 244.
 1 APPPATH\Views\admin\inventario\categorias.php(244): CodeIgniter\Debug\Exceptions->errorHandler(2, 'Undefined variable $subcategorias', 'APPPATH\\Views\\admin\\inventario\\categorias.php', 244)
 2 SYSTEMPATH\View\View.php(213): include('APPPATH\\Views\\admin\\inventario\\categorias.php')
 3 SYSTEMPATH\View\View.php(216): CodeIgniter\View\View->CodeIgniter\View\{closure}()
 4 SYSTEMPATH\Common.php(1184): CodeIgniter\View\View->render('admin/inventario/categorias', [], true)
 5 APPPATH\Controllers\Admin.php(141): view('admin/inventario/categorias', [...])
 6 SYSTEMPATH\CodeIgniter.php(934): App\Controllers\Admin->categorias()
 7 SYSTEMPATH\CodeIgniter.php(499): CodeIgniter\CodeIgniter->runController(Object(App\Controllers\Admin))
 8 SYSTEMPATH\CodeIgniter.php(368): CodeIgniter\CodeIgniter->handleRequest(null, Object(Config\Cache), false)
 9 FCPATH\index.php(67): CodeIgniter\CodeIgniter->run()
CRITICAL - 2023-07-15 02:56:07 --> syntax error, unexpected token "/"
in APPPATH\Controllers\Admin.php on line 140.
 1 SYSTEMPATH\Autoloader\Autoloader.php(289): CodeIgniter\Autoloader\Autoloader->includeFile('APPPATH\\Controllers\\Admin.php')
 2 SYSTEMPATH\Autoloader\Autoloader.php(267): CodeIgniter\Autoloader\Autoloader->loadInNamespace('App\\Controllers\\Admin')
 3 [internal function]: CodeIgniter\Autoloader\Autoloader->loadClass('App\\Controllers\\Admin')
 4 SYSTEMPATH\CodeIgniter.php(892): class_exists('\\App\\Controllers\\Admin', true)
 5 SYSTEMPATH\CodeIgniter.php(486): CodeIgniter\CodeIgniter->startController()
 6 SYSTEMPATH\CodeIgniter.php(368): CodeIgniter\CodeIgniter->handleRequest(null, Object(Config\Cache), false)
 7 FCPATH\index.php(67): CodeIgniter\CodeIgniter->run()
ERROR - 2023-07-15 04:13:46 --> mysqli_sql_exception: Duplicate entry '' for key 'PRIMARY' in C:\xamp\htdocs\acuaticostoscanini\system\Database\MySQLi\Connection.php:295
Stack trace:
#0 C:\xamp\htdocs\acuaticostoscanini\system\Database\MySQLi\Connection.php(295): mysqli->query('INSERT INTO `pr...', 0)
#1 C:\xamp\htdocs\acuaticostoscanini\system\Database\BaseConnection.php(691): CodeIgniter\Database\MySQLi\Connection->execute('INSERT INTO `pr...')
#2 C:\xamp\htdocs\acuaticostoscanini\system\Database\BaseConnection.php(605): CodeIgniter\Database\BaseConnection->simpleQuery('INSERT INTO `pr...')
#3 C:\xamp\htdocs\acuaticostoscanini\system\Database\BaseBuilder.php(2309): CodeIgniter\Database\BaseConnection->query('INSERT INTO `pr...', Array, false)
#4 C:\xamp\htdocs\acuaticostoscanini\app\Models\ProductoModel.php(207): CodeIgniter\Database\BaseBuilder->insert(Array)
#5 C:\xamp\htdocs\acuaticostoscanini\app\Controllers\Admin.php(257): App\Models\ProductoModel->postProducto(Array)
#6 C:\xamp\htdocs\acuaticostoscanini\system\CodeIgniter.php(934): App\Controllers\Admin->postProducto()
#7 C:\xamp\htdocs\acuaticostoscanini\system\CodeIgniter.php(499): CodeIgniter\CodeIgniter->runController(Object(App\Controllers\Admin))
#8 C:\xamp\htdocs\acuaticostoscanini\system\CodeIgniter.php(368): CodeIgniter\CodeIgniter->handleRequest(NULL, Object(Config\Cache), false)
#9 C:\xamp\htdocs\acuaticostoscanini\index.php(67): CodeIgniter\CodeIgniter->run()
#10 {main}
CRITICAL - 2023-07-15 04:13:46 --> Duplicate entry '' for key 'PRIMARY'
in SYSTEMPATH\Database\BaseConnection.php on line 645.
 1 SYSTEMPATH\Database\BaseBuilder.php(2309): CodeIgniter\Database\BaseConnection->query('INSERT INTO `producto` (`codigo`, `nombre`, `cantidad`, `precio`, `costo`, `descripcion`, `especificaciones`) VALUES (:codigo:, :nombre:, :cantidad:, :precio:, :costo:, :descripcion:, :especificaciones:)', [...], false)
 2 APPPATH\Models\ProductoModel.php(207): CodeIgniter\Database\BaseBuilder->insert([...])
 3 APPPATH\Controllers\Admin.php(257): App\Models\ProductoModel->postProducto([...])
 4 SYSTEMPATH\CodeIgniter.php(934): App\Controllers\Admin->postProducto()
 5 SYSTEMPATH\CodeIgniter.php(499): CodeIgniter\CodeIgniter->runController(Object(App\Controllers\Admin))
 6 SYSTEMPATH\CodeIgniter.php(368): CodeIgniter\CodeIgniter->handleRequest(null, Object(Config\Cache), false)
 7 FCPATH\index.php(67): CodeIgniter\CodeIgniter->run()
ERROR - 2023-07-15 04:13:54 --> mysqli_sql_exception: Duplicate entry '' for key 'PRIMARY' in C:\xamp\htdocs\acuaticostoscanini\system\Database\MySQLi\Connection.php:295
Stack trace:
#0 C:\xamp\htdocs\acuaticostoscanini\system\Database\MySQLi\Connection.php(295): mysqli->query('INSERT INTO `pr...', 0)
#1 C:\xamp\htdocs\acuaticostoscanini\system\Database\BaseConnection.php(691): CodeIgniter\Database\MySQLi\Connection->execute('INSERT INTO `pr...')
#2 C:\xamp\htdocs\acuaticostoscanini\system\Database\BaseConnection.php(605): CodeIgniter\Database\BaseConnection->simpleQuery('INSERT INTO `pr...')
#3 C:\xamp\htdocs\acuaticostoscanini\system\Database\BaseBuilder.php(2309): CodeIgniter\Database\BaseConnection->query('INSERT INTO `pr...', Array, false)
#4 C:\xamp\htdocs\acuaticostoscanini\app\Models\ProductoModel.php(207): CodeIgniter\Database\BaseBuilder->insert(Array)
#5 C:\xamp\htdocs\acuaticostoscanini\app\Controllers\Admin.php(257): App\Models\ProductoModel->postProducto(Array)
#6 C:\xamp\htdocs\acuaticostoscanini\system\CodeIgniter.php(934): App\Controllers\Admin->postProducto()
#7 C:\xamp\htdocs\acuaticostoscanini\system\CodeIgniter.php(499): CodeIgniter\CodeIgniter->runController(Object(App\Controllers\Admin))
#8 C:\xamp\htdocs\acuaticostoscanini\system\CodeIgniter.php(368): CodeIgniter\CodeIgniter->handleRequest(NULL, Object(Config\Cache), false)
#9 C:\xamp\htdocs\acuaticostoscanini\index.php(67): CodeIgniter\CodeIgniter->run()
#10 {main}
CRITICAL - 2023-07-15 04:13:54 --> Duplicate entry '' for key 'PRIMARY'
in SYSTEMPATH\Database\BaseConnection.php on line 645.
 1 SYSTEMPATH\Database\BaseBuilder.php(2309): CodeIgniter\Database\BaseConnection->query('INSERT INTO `producto` (`codigo`, `nombre`, `cantidad`, `precio`, `costo`, `descripcion`, `especificaciones`) VALUES (:codigo:, :nombre:, :cantidad:, :precio:, :costo:, :descripcion:, :especificaciones:)', [...], false)
 2 APPPATH\Models\ProductoModel.php(207): CodeIgniter\Database\BaseBuilder->insert([...])
 3 APPPATH\Controllers\Admin.php(257): App\Models\ProductoModel->postProducto([...])
 4 SYSTEMPATH\CodeIgniter.php(934): App\Controllers\Admin->postProducto()
 5 SYSTEMPATH\CodeIgniter.php(499): CodeIgniter\CodeIgniter->runController(Object(App\Controllers\Admin))
 6 SYSTEMPATH\CodeIgniter.php(368): CodeIgniter\CodeIgniter->handleRequest(null, Object(Config\Cache), false)
 7 FCPATH\index.php(67): CodeIgniter\CodeIgniter->run()
ERROR - 2023-07-15 04:14:41 --> mysqli_sql_exception: Duplicate entry '' for key 'PRIMARY' in C:\xamp\htdocs\acuaticostoscanini\system\Database\MySQLi\Connection.php:295
Stack trace:
#0 C:\xamp\htdocs\acuaticostoscanini\system\Database\MySQLi\Connection.php(295): mysqli->query('INSERT INTO `pr...', 0)
#1 C:\xamp\htdocs\acuaticostoscanini\system\Database\BaseConnection.php(691): CodeIgniter\Database\MySQLi\Connection->execute('INSERT INTO `pr...')
#2 C:\xamp\htdocs\acuaticostoscanini\system\Database\BaseConnection.php(605): CodeIgniter\Database\BaseConnection->simpleQuery('INSERT INTO `pr...')
#3 C:\xamp\htdocs\acuaticostoscanini\system\Database\BaseBuilder.php(2309): CodeIgniter\Database\BaseConnection->query('INSERT INTO `pr...', Array, false)
#4 C:\xamp\htdocs\acuaticostoscanini\app\Models\ProductoModel.php(207): CodeIgniter\Database\BaseBuilder->insert(Array)
#5 C:\xamp\htdocs\acuaticostoscanini\app\Controllers\Admin.php(257): App\Models\ProductoModel->postProducto(Array)
#6 C:\xamp\htdocs\acuaticostoscanini\system\CodeIgniter.php(934): App\Controllers\Admin->postProducto()
#7 C:\xamp\htdocs\acuaticostoscanini\system\CodeIgniter.php(499): CodeIgniter\CodeIgniter->runController(Object(App\Controllers\Admin))
#8 C:\xamp\htdocs\acuaticostoscanini\system\CodeIgniter.php(368): CodeIgniter\CodeIgniter->handleRequest(NULL, Object(Config\Cache), false)
#9 C:\xamp\htdocs\acuaticostoscanini\index.php(67): CodeIgniter\CodeIgniter->run()
#10 {main}
CRITICAL - 2023-07-15 04:14:41 --> Duplicate entry '' for key 'PRIMARY'
in SYSTEMPATH\Database\BaseConnection.php on line 645.
 1 SYSTEMPATH\Database\BaseBuilder.php(2309): CodeIgniter\Database\BaseConnection->query('INSERT INTO `producto` (`codigo`, `nombre`, `cantidad`, `precio`, `costo`, `descripcion`, `especificaciones`) VALUES (:codigo:, :nombre:, :cantidad:, :precio:, :costo:, :descripcion:, :especificaciones:)', [...], false)
 2 APPPATH\Models\ProductoModel.php(207): CodeIgniter\Database\BaseBuilder->insert([...])
 3 APPPATH\Controllers\Admin.php(257): App\Models\ProductoModel->postProducto([...])
 4 SYSTEMPATH\CodeIgniter.php(934): App\Controllers\Admin->postProducto()
 5 SYSTEMPATH\CodeIgniter.php(499): CodeIgniter\CodeIgniter->runController(Object(App\Controllers\Admin))
 6 SYSTEMPATH\CodeIgniter.php(368): CodeIgniter\CodeIgniter->handleRequest(null, Object(Config\Cache), false)
 7 FCPATH\index.php(67): CodeIgniter\CodeIgniter->run()
ERROR - 2023-07-15 04:14:56 --> mysqli_sql_exception: Duplicate entry '' for key 'PRIMARY' in C:\xamp\htdocs\acuaticostoscanini\system\Database\MySQLi\Connection.php:295
Stack trace:
#0 C:\xamp\htdocs\acuaticostoscanini\system\Database\MySQLi\Connection.php(295): mysqli->query('INSERT INTO `pr...', 0)
#1 C:\xamp\htdocs\acuaticostoscanini\system\Database\BaseConnection.php(691): CodeIgniter\Database\MySQLi\Connection->execute('INSERT INTO `pr...')
#2 C:\xamp\htdocs\acuaticostoscanini\system\Database\BaseConnection.php(605): CodeIgniter\Database\BaseConnection->simpleQuery('INSERT INTO `pr...')
#3 C:\xamp\htdocs\acuaticostoscanini\system\Database\BaseBuilder.php(2309): CodeIgniter\Database\BaseConnection->query('INSERT INTO `pr...', Array, false)
#4 C:\xamp\htdocs\acuaticostoscanini\app\Models\ProductoModel.php(207): CodeIgniter\Database\BaseBuilder->insert(Array)
#5 C:\xamp\htdocs\acuaticostoscanini\app\Controllers\Admin.php(257): App\Models\ProductoModel->postProducto(Array)
#6 C:\xamp\htdocs\acuaticostoscanini\system\CodeIgniter.php(934): App\Controllers\Admin->postProducto()
#7 C:\xamp\htdocs\acuaticostoscanini\system\CodeIgniter.php(499): CodeIgniter\CodeIgniter->runController(Object(App\Controllers\Admin))
#8 C:\xamp\htdocs\acuaticostoscanini\system\CodeIgniter.php(368): CodeIgniter\CodeIgniter->handleRequest(NULL, Object(Config\Cache), false)
#9 C:\xamp\htdocs\acuaticostoscanini\index.php(67): CodeIgniter\CodeIgniter->run()
#10 {main}
CRITICAL - 2023-07-15 04:14:56 --> Duplicate entry '' for key 'PRIMARY'
in SYSTEMPATH\Database\BaseConnection.php on line 645.
 1 SYSTEMPATH\Database\BaseBuilder.php(2309): CodeIgniter\Database\BaseConnection->query('INSERT INTO `producto` (`codigo`, `nombre`, `cantidad`, `precio`, `costo`, `descripcion`, `especificaciones`) VALUES (:codigo:, :nombre:, :cantidad:, :precio:, :costo:, :descripcion:, :especificaciones:)', [...], false)
 2 APPPATH\Models\ProductoModel.php(207): CodeIgniter\Database\BaseBuilder->insert([...])
 3 APPPATH\Controllers\Admin.php(257): App\Models\ProductoModel->postProducto([...])
 4 SYSTEMPATH\CodeIgniter.php(934): App\Controllers\Admin->postProducto()
 5 SYSTEMPATH\CodeIgniter.php(499): CodeIgniter\CodeIgniter->runController(Object(App\Controllers\Admin))
 6 SYSTEMPATH\CodeIgniter.php(368): CodeIgniter\CodeIgniter->handleRequest(null, Object(Config\Cache), false)
 7 FCPATH\index.php(67): CodeIgniter\CodeIgniter->run()
CRITICAL - 2023-07-15 04:25:07 --> Undefined variable $allSubCategorias
in APPPATH\Views\admin\inventario\categorias.php on line 251.
 1 APPPATH\Views\admin\inventario\categorias.php(251): CodeIgniter\Debug\Exceptions->errorHandler(2, 'Undefined variable $allSubCategorias', 'APPPATH\\Views\\admin\\inventario\\categorias.php', 251)
 2 SYSTEMPATH\View\View.php(213): include('APPPATH\\Views\\admin\\inventario\\categorias.php')
 3 SYSTEMPATH\View\View.php(216): CodeIgniter\View\View->CodeIgniter\View\{closure}()
 4 SYSTEMPATH\Common.php(1184): CodeIgniter\View\View->render('admin/inventario/categorias', [], true)
 5 APPPATH\Controllers\Admin.php(140): view('admin/inventario/categorias', [...])
 6 SYSTEMPATH\CodeIgniter.php(934): App\Controllers\Admin->categorias()
 7 SYSTEMPATH\CodeIgniter.php(499): CodeIgniter\CodeIgniter->runController(Object(App\Controllers\Admin))
 8 SYSTEMPATH\CodeIgniter.php(368): CodeIgniter\CodeIgniter->handleRequest(null, Object(Config\Cache), false)
 9 FCPATH\index.php(67): CodeIgniter\CodeIgniter->run()
CRITICAL - 2023-07-15 04:25:56 --> Undefined variable $allSubCategorias
in APPPATH\Views\admin\inventario\categorias.php on line 251.
 1 APPPATH\Views\admin\inventario\categorias.php(251): CodeIgniter\Debug\Exceptions->errorHandler(2, 'Undefined variable $allSubCategorias', 'APPPATH\\Views\\admin\\inventario\\categorias.php', 251)
 2 SYSTEMPATH\View\View.php(213): include('APPPATH\\Views\\admin\\inventario\\categorias.php')
 3 SYSTEMPATH\View\View.php(216): CodeIgniter\View\View->CodeIgniter\View\{closure}()
 4 SYSTEMPATH\Common.php(1184): CodeIgniter\View\View->render('admin/inventario/categorias', [], true)
 5 APPPATH\Controllers\Admin.php(140): view('admin/inventario/categorias', [...])
 6 SYSTEMPATH\CodeIgniter.php(934): App\Controllers\Admin->categorias()
 7 SYSTEMPATH\CodeIgniter.php(499): CodeIgniter\CodeIgniter->runController(Object(App\Controllers\Admin))
 8 SYSTEMPATH\CodeIgniter.php(368): CodeIgniter\CodeIgniter->handleRequest(null, Object(Config\Cache), false)
 9 FCPATH\index.php(67): CodeIgniter\CodeIgniter->run()
CRITICAL - 2023-07-15 04:26:08 --> Undefined variable $allSubCategorias
in APPPATH\Views\admin\inventario\categorias.php on line 251.
 1 APPPATH\Views\admin\inventario\categorias.php(251): CodeIgniter\Debug\Exceptions->errorHandler(2, 'Undefined variable $allSubCategorias', 'APPPATH\\Views\\admin\\inventario\\categorias.php', 251)
 2 SYSTEMPATH\View\View.php(213): include('APPPATH\\Views\\admin\\inventario\\categorias.php')
 3 SYSTEMPATH\View\View.php(216): CodeIgniter\View\View->CodeIgniter\View\{closure}()
 4 SYSTEMPATH\Common.php(1184): CodeIgniter\View\View->render('admin/inventario/categorias', [], true)
 5 APPPATH\Controllers\Admin.php(140): view('admin/inventario/categorias', [...])
 6 SYSTEMPATH\CodeIgniter.php(934): App\Controllers\Admin->categorias()
 7 SYSTEMPATH\CodeIgniter.php(499): CodeIgniter\CodeIgniter->runController(Object(App\Controllers\Admin))
 8 SYSTEMPATH\CodeIgniter.php(368): CodeIgniter\CodeIgniter->handleRequest(null, Object(Config\Cache), false)
 9 FCPATH\index.php(67): CodeIgniter\CodeIgniter->run()
CRITICAL - 2023-07-15 04:26:58 --> Undefined variable $allSubCategorias
in APPPATH\Views\admin\inventario\categorias.php on line 254.
 1 APPPATH\Views\admin\inventario\categorias.php(254): CodeIgniter\Debug\Exceptions->errorHandler(2, 'Undefined variable $allSubCategorias', 'APPPATH\\Views\\admin\\inventario\\categorias.php', 254)
 2 SYSTEMPATH\View\View.php(213): include('APPPATH\\Views\\admin\\inventario\\categorias.php')
 3 SYSTEMPATH\View\View.php(216): CodeIgniter\View\View->CodeIgniter\View\{closure}()
 4 SYSTEMPATH\Common.php(1184): CodeIgniter\View\View->render('admin/inventario/categorias', [], true)
 5 APPPATH\Controllers\Admin.php(140): view('admin/inventario/categorias', [...])
 6 SYSTEMPATH\CodeIgniter.php(934): App\Controllers\Admin->categorias()
 7 SYSTEMPATH\CodeIgniter.php(499): CodeIgniter\CodeIgniter->runController(Object(App\Controllers\Admin))
 8 SYSTEMPATH\CodeIgniter.php(368): CodeIgniter\CodeIgniter->handleRequest(null, Object(Config\Cache), false)
 9 FCPATH\index.php(67): CodeIgniter\CodeIgniter->run()
CRITICAL - 2023-07-15 04:27:33 --> Undefined variable $allSubCategorias
in APPPATH\Views\admin\inventario\categorias.php on line 254.
 1 APPPATH\Views\admin\inventario\categorias.php(254): CodeIgniter\Debug\Exceptions->errorHandler(2, 'Undefined variable $allSubCategorias', 'APPPATH\\Views\\admin\\inventario\\categorias.php', 254)
 2 SYSTEMPATH\View\View.php(213): include('APPPATH\\Views\\admin\\inventario\\categorias.php')
 3 SYSTEMPATH\View\View.php(216): CodeIgniter\View\View->CodeIgniter\View\{closure}()
 4 SYSTEMPATH\Common.php(1184): CodeIgniter\View\View->render('admin/inventario/categorias', [], true)
 5 APPPATH\Controllers\Admin.php(140): view('admin/inventario/categorias', [...])
 6 SYSTEMPATH\CodeIgniter.php(934): App\Controllers\Admin->categorias()
 7 SYSTEMPATH\CodeIgniter.php(499): CodeIgniter\CodeIgniter->runController(Object(App\Controllers\Admin))
 8 SYSTEMPATH\CodeIgniter.php(368): CodeIgniter\CodeIgniter->handleRequest(null, Object(Config\Cache), false)
 9 FCPATH\index.php(67): CodeIgniter\CodeIgniter->run()
CRITICAL - 2023-07-15 04:28:15 --> Undefined variable $allSubCategorias
in APPPATH\Views\admin\inventario\categorias.php on line 254.
 1 APPPATH\Views\admin\inventario\categorias.php(254): CodeIgniter\Debug\Exceptions->errorHandler(2, 'Undefined variable $allSubCategorias', 'APPPATH\\Views\\admin\\inventario\\categorias.php', 254)
 2 SYSTEMPATH\View\View.php(213): include('APPPATH\\Views\\admin\\inventario\\categorias.php')
 3 SYSTEMPATH\View\View.php(216): CodeIgniter\View\View->CodeIgniter\View\{closure}()
 4 SYSTEMPATH\Common.php(1184): CodeIgniter\View\View->render('admin/inventario/categorias', [], true)
 5 APPPATH\Controllers\Admin.php(140): view('admin/inventario/categorias', [...])
 6 SYSTEMPATH\CodeIgniter.php(934): App\Controllers\Admin->categorias()
 7 SYSTEMPATH\CodeIgniter.php(499): CodeIgniter\CodeIgniter->runController(Object(App\Controllers\Admin))
 8 SYSTEMPATH\CodeIgniter.php(368): CodeIgniter\CodeIgniter->handleRequest(null, Object(Config\Cache), false)
 9 FCPATH\index.php(67): CodeIgniter\CodeIgniter->run()
CRITICAL - 2023-07-15 04:28:31 --> Undefined variable $allSubCategorias
in APPPATH\Views\admin\inventario\categorias.php on line 254.
 1 APPPATH\Views\admin\inventario\categorias.php(254): CodeIgniter\Debug\Exceptions->errorHandler(2, 'Undefined variable $allSubCategorias', 'APPPATH\\Views\\admin\\inventario\\categorias.php', 254)
 2 SYSTEMPATH\View\View.php(213): include('APPPATH\\Views\\admin\\inventario\\categorias.php')
 3 SYSTEMPATH\View\View.php(216): CodeIgniter\View\View->CodeIgniter\View\{closure}()
 4 SYSTEMPATH\Common.php(1184): CodeIgniter\View\View->render('admin/inventario/categorias', [], true)
 5 APPPATH\Controllers\Admin.php(140): view('admin/inventario/categorias', [...])
 6 SYSTEMPATH\CodeIgniter.php(934): App\Controllers\Admin->categorias()
 7 SYSTEMPATH\CodeIgniter.php(499): CodeIgniter\CodeIgniter->runController(Object(App\Controllers\Admin))
 8 SYSTEMPATH\CodeIgniter.php(368): CodeIgniter\CodeIgniter->handleRequest(null, Object(Config\Cache), false)
 9 FCPATH\index.php(67): CodeIgniter\CodeIgniter->run()
CRITICAL - 2023-07-15 04:28:56 --> Undefined variable $allSubCategorias
in APPPATH\Views\admin\inventario\categorias.php on line 254.
 1 APPPATH\Views\admin\inventario\categorias.php(254): CodeIgniter\Debug\Exceptions->errorHandler(2, 'Undefined variable $allSubCategorias', 'APPPATH\\Views\\admin\\inventario\\categorias.php', 254)
 2 SYSTEMPATH\View\View.php(213): include('APPPATH\\Views\\admin\\inventario\\categorias.php')
 3 SYSTEMPATH\View\View.php(216): CodeIgniter\View\View->CodeIgniter\View\{closure}()
 4 SYSTEMPATH\Common.php(1184): CodeIgniter\View\View->render('admin/inventario/categorias', [], true)
 5 APPPATH\Controllers\Admin.php(140): view('admin/inventario/categorias', [...])
 6 SYSTEMPATH\CodeIgniter.php(934): App\Controllers\Admin->categorias()
 7 SYSTEMPATH\CodeIgniter.php(499): CodeIgniter\CodeIgniter->runController(Object(App\Controllers\Admin))
 8 SYSTEMPATH\CodeIgniter.php(368): CodeIgniter\CodeIgniter->handleRequest(null, Object(Config\Cache), false)
 9 FCPATH\index.php(67): CodeIgniter\CodeIgniter->run()
CRITICAL - 2023-07-15 04:29:07 --> Undefined variable $allSubCategorias
in APPPATH\Views\admin\inventario\categorias.php on line 251.
 1 APPPATH\Views\admin\inventario\categorias.php(251): CodeIgniter\Debug\Exceptions->errorHandler(2, 'Undefined variable $allSubCategorias', 'APPPATH\\Views\\admin\\inventario\\categorias.php', 251)
 2 SYSTEMPATH\View\View.php(213): include('APPPATH\\Views\\admin\\inventario\\categorias.php')
 3 SYSTEMPATH\View\View.php(216): CodeIgniter\View\View->CodeIgniter\View\{closure}()
 4 SYSTEMPATH\Common.php(1184): CodeIgniter\View\View->render('admin/inventario/categorias', [], true)
 5 APPPATH\Controllers\Admin.php(140): view('admin/inventario/categorias', [...])
 6 SYSTEMPATH\CodeIgniter.php(934): App\Controllers\Admin->categorias()
 7 SYSTEMPATH\CodeIgniter.php(499): CodeIgniter\CodeIgniter->runController(Object(App\Controllers\Admin))
 8 SYSTEMPATH\CodeIgniter.php(368): CodeIgniter\CodeIgniter->handleRequest(null, Object(Config\Cache), false)
 9 FCPATH\index.php(67): CodeIgniter\CodeIgniter->run()
CRITICAL - 2023-07-15 04:29:12 --> Undefined variable $allSubCategorias
in APPPATH\Views\admin\inventario\categorias.php on line 251.
 1 APPPATH\Views\admin\inventario\categorias.php(251): CodeIgniter\Debug\Exceptions->errorHandler(2, 'Undefined variable $allSubCategorias', 'APPPATH\\Views\\admin\\inventario\\categorias.php', 251)
 2 SYSTEMPATH\View\View.php(213): include('APPPATH\\Views\\admin\\inventario\\categorias.php')
 3 SYSTEMPATH\View\View.php(216): CodeIgniter\View\View->CodeIgniter\View\{closure}()
 4 SYSTEMPATH\Common.php(1184): CodeIgniter\View\View->render('admin/inventario/categorias', [], true)
 5 APPPATH\Controllers\Admin.php(140): view('admin/inventario/categorias', [...])
 6 SYSTEMPATH\CodeIgniter.php(934): App\Controllers\Admin->categorias()
 7 SYSTEMPATH\CodeIgniter.php(499): CodeIgniter\CodeIgniter->runController(Object(App\Controllers\Admin))
 8 SYSTEMPATH\CodeIgniter.php(368): CodeIgniter\CodeIgniter->handleRequest(null, Object(Config\Cache), false)
 9 FCPATH\index.php(67): CodeIgniter\CodeIgniter->run()
CRITICAL - 2023-07-15 04:43:05 --> Undefined variable $subcategorias
in APPPATH\Views\admin\inventario\categorias.php on line 290.
 1 APPPATH\Views\admin\inventario\categorias.php(290): CodeIgniter\Debug\Exceptions->errorHandler(2, 'Undefined variable $subcategorias', 'APPPATH\\Views\\admin\\inventario\\categorias.php', 290)
 2 SYSTEMPATH\View\View.php(213): include('APPPATH\\Views\\admin\\inventario\\categorias.php')
 3 SYSTEMPATH\View\View.php(216): CodeIgniter\View\View->CodeIgniter\View\{closure}()
 4 SYSTEMPATH\Common.php(1184): CodeIgniter\View\View->render('admin/inventario/categorias', [], true)
 5 APPPATH\Controllers\Admin.php(140): view('admin/inventario/categorias', [...])
 6 SYSTEMPATH\CodeIgniter.php(934): App\Controllers\Admin->categorias()
 7 SYSTEMPATH\CodeIgniter.php(499): CodeIgniter\CodeIgniter->runController(Object(App\Controllers\Admin))
 8 SYSTEMPATH\CodeIgniter.php(368): CodeIgniter\CodeIgniter->handleRequest(null, Object(Config\Cache), false)
 9 FCPATH\index.php(67): CodeIgniter\CodeIgniter->run()
CRITICAL - 2023-07-15 04:45:39 --> Undefined variable $subcategorias
in APPPATH\Views\admin\inventario\categorias.php on line 290.
 1 APPPATH\Views\admin\inventario\categorias.php(290): CodeIgniter\Debug\Exceptions->errorHandler(2, 'Undefined variable $subcategorias', 'APPPATH\\Views\\admin\\inventario\\categorias.php', 290)
 2 SYSTEMPATH\View\View.php(213): include('APPPATH\\Views\\admin\\inventario\\categorias.php')
 3 SYSTEMPATH\View\View.php(216): CodeIgniter\View\View->CodeIgniter\View\{closure}()
 4 SYSTEMPATH\Common.php(1184): CodeIgniter\View\View->render('admin/inventario/categorias', [], true)
 5 APPPATH\Controllers\Admin.php(140): view('admin/inventario/categorias', [...])
 6 SYSTEMPATH\CodeIgniter.php(934): App\Controllers\Admin->categorias()
 7 SYSTEMPATH\CodeIgniter.php(499): CodeIgniter\CodeIgniter->runController(Object(App\Controllers\Admin))
 8 SYSTEMPATH\CodeIgniter.php(368): CodeIgniter\CodeIgniter->handleRequest(null, Object(Config\Cache), false)
 9 FCPATH\index.php(67): CodeIgniter\CodeIgniter->run()
CRITICAL - 2023-07-15 04:47:28 --> Undefined variable $subcategorias
in APPPATH\Views\admin\inventario\categorias.php on line 284.
 1 APPPATH\Views\admin\inventario\categorias.php(284): CodeIgniter\Debug\Exceptions->errorHandler(2, 'Undefined variable $subcategorias', 'APPPATH\\Views\\admin\\inventario\\categorias.php', 284)
 2 SYSTEMPATH\View\View.php(213): include('APPPATH\\Views\\admin\\inventario\\categorias.php')
 3 SYSTEMPATH\View\View.php(216): CodeIgniter\View\View->CodeIgniter\View\{closure}()
 4 SYSTEMPATH\Common.php(1184): CodeIgniter\View\View->render('admin/inventario/categorias', [], true)
 5 APPPATH\Controllers\Admin.php(140): view('admin/inventario/categorias', [...])
 6 SYSTEMPATH\CodeIgniter.php(934): App\Controllers\Admin->categorias()
 7 SYSTEMPATH\CodeIgniter.php(499): CodeIgniter\CodeIgniter->runController(Object(App\Controllers\Admin))
 8 SYSTEMPATH\CodeIgniter.php(368): CodeIgniter\CodeIgniter->handleRequest(null, Object(Config\Cache), false)
 9 FCPATH\index.php(67): CodeIgniter\CodeIgniter->run()
CRITICAL - 2023-07-15 04:49:04 --> Undefined variable $allSubCategorias
in APPPATH\Views\admin\inventario\categorias.php on line 286.
 1 APPPATH\Views\admin\inventario\categorias.php(286): CodeIgniter\Debug\Exceptions->errorHandler(2, 'Undefined variable $allSubCategorias', 'APPPATH\\Views\\admin\\inventario\\categorias.php', 286)
 2 SYSTEMPATH\View\View.php(213): include('APPPATH\\Views\\admin\\inventario\\categorias.php')
 3 SYSTEMPATH\View\View.php(216): CodeIgniter\View\View->CodeIgniter\View\{closure}()
 4 SYSTEMPATH\Common.php(1184): CodeIgniter\View\View->render('admin/inventario/categorias', [], true)
 5 APPPATH\Controllers\Admin.php(140): view('admin/inventario/categorias', [...])
 6 SYSTEMPATH\CodeIgniter.php(934): App\Controllers\Admin->categorias()
 7 SYSTEMPATH\CodeIgniter.php(499): CodeIgniter\CodeIgniter->runController(Object(App\Controllers\Admin))
 8 SYSTEMPATH\CodeIgniter.php(368): CodeIgniter\CodeIgniter->handleRequest(null, Object(Config\Cache), false)
 9 FCPATH\index.php(67): CodeIgniter\CodeIgniter->run()
CRITICAL - 2023-07-15 04:49:23 --> Undefined variable $allSubCategorias
in APPPATH\Views\admin\inventario\categorias.php on line 286.
 1 APPPATH\Views\admin\inventario\categorias.php(286): CodeIgniter\Debug\Exceptions->errorHandler(2, 'Undefined variable $allSubCategorias', 'APPPATH\\Views\\admin\\inventario\\categorias.php', 286)
 2 SYSTEMPATH\View\View.php(213): include('APPPATH\\Views\\admin\\inventario\\categorias.php')
 3 SYSTEMPATH\View\View.php(216): CodeIgniter\View\View->CodeIgniter\View\{closure}()
 4 SYSTEMPATH\Common.php(1184): CodeIgniter\View\View->render('admin/inventario/categorias', [], true)
 5 APPPATH\Controllers\Admin.php(140): view('admin/inventario/categorias', [...])
 6 SYSTEMPATH\CodeIgniter.php(934): App\Controllers\Admin->categorias()
 7 SYSTEMPATH\CodeIgniter.php(499): CodeIgniter\CodeIgniter->runController(Object(App\Controllers\Admin))
 8 SYSTEMPATH\CodeIgniter.php(368): CodeIgniter\CodeIgniter->handleRequest(null, Object(Config\Cache), false)
 9 FCPATH\index.php(67): CodeIgniter\CodeIgniter->run()
CRITICAL - 2023-07-15 04:52:22 --> Undefined variable $allSubCategorias
in APPPATH\Views\admin\inventario\categorias.php on line 287.
 1 APPPATH\Views\admin\inventario\categorias.php(287): CodeIgniter\Debug\Exceptions->errorHandler(2, 'Undefined variable $allSubCategorias', 'APPPATH\\Views\\admin\\inventario\\categorias.php', 287)
 2 SYSTEMPATH\View\View.php(213): include('APPPATH\\Views\\admin\\inventario\\categorias.php')
 3 SYSTEMPATH\View\View.php(216): CodeIgniter\View\View->CodeIgniter\View\{closure}()
 4 SYSTEMPATH\Common.php(1184): CodeIgniter\View\View->render('admin/inventario/categorias', [], true)
 5 APPPATH\Controllers\Admin.php(140): view('admin/inventario/categorias', [...])
 6 SYSTEMPATH\CodeIgniter.php(934): App\Controllers\Admin->categorias()
 7 SYSTEMPATH\CodeIgniter.php(499): CodeIgniter\CodeIgniter->runController(Object(App\Controllers\Admin))
 8 SYSTEMPATH\CodeIgniter.php(368): CodeIgniter\CodeIgniter->handleRequest(null, Object(Config\Cache), false)
 9 FCPATH\index.php(67): CodeIgniter\CodeIgniter->run()
CRITICAL - 2023-07-15 04:55:51 --> Undefined variable $allSubCategorias
in APPPATH\Views\admin\inventario\categorias.php on line 256.
 1 APPPATH\Views\admin\inventario\categorias.php(256): CodeIgniter\Debug\Exceptions->errorHandler(2, 'Undefined variable $allSubCategorias', 'APPPATH\\Views\\admin\\inventario\\categorias.php', 256)
 2 SYSTEMPATH\View\View.php(213): include('APPPATH\\Views\\admin\\inventario\\categorias.php')
 3 SYSTEMPATH\View\View.php(216): CodeIgniter\View\View->CodeIgniter\View\{closure}()
 4 SYSTEMPATH\Common.php(1184): CodeIgniter\View\View->render('admin/inventario/categorias', [], true)
 5 APPPATH\Controllers\Admin.php(140): view('admin/inventario/categorias', [...])
 6 SYSTEMPATH\CodeIgniter.php(934): App\Controllers\Admin->categorias()
 7 SYSTEMPATH\CodeIgniter.php(499): CodeIgniter\CodeIgniter->runController(Object(App\Controllers\Admin))
 8 SYSTEMPATH\CodeIgniter.php(368): CodeIgniter\CodeIgniter->handleRequest(null, Object(Config\Cache), false)
 9 FCPATH\index.php(67): CodeIgniter\CodeIgniter->run()
CRITICAL - 2023-07-15 05:28:31 --> Undefined variable $allSubCategorias
in APPPATH\Views\admin\inventario\categorias.php on line 259.
 1 APPPATH\Views\admin\inventario\categorias.php(259): CodeIgniter\Debug\Exceptions->errorHandler(2, 'Undefined variable $allSubCategorias', 'APPPATH\\Views\\admin\\inventario\\categorias.php', 259)
 2 SYSTEMPATH\View\View.php(213): include('APPPATH\\Views\\admin\\inventario\\categorias.php')
 3 SYSTEMPATH\View\View.php(216): CodeIgniter\View\View->CodeIgniter\View\{closure}()
 4 SYSTEMPATH\Common.php(1184): CodeIgniter\View\View->render('admin/inventario/categorias', [], true)
 5 APPPATH\Controllers\Admin.php(141): view('admin/inventario/categorias', [...])
 6 SYSTEMPATH\CodeIgniter.php(934): App\Controllers\Admin->categorias()
 7 SYSTEMPATH\CodeIgniter.php(499): CodeIgniter\CodeIgniter->runController(Object(App\Controllers\Admin))
 8 SYSTEMPATH\CodeIgniter.php(368): CodeIgniter\CodeIgniter->handleRequest(null, Object(Config\Cache), false)
 9 FCPATH\index.php(67): CodeIgniter\CodeIgniter->run()
CRITICAL - 2023-07-15 05:30:22 --> Undefined variable $allSubCategorias
in APPPATH\Views\admin\inventario\categorias.php on line 259.
 1 APPPATH\Views\admin\inventario\categorias.php(259): CodeIgniter\Debug\Exceptions->errorHandler(2, 'Undefined variable $allSubCategorias', 'APPPATH\\Views\\admin\\inventario\\categorias.php', 259)
 2 SYSTEMPATH\View\View.php(213): include('APPPATH\\Views\\admin\\inventario\\categorias.php')
 3 SYSTEMPATH\View\View.php(216): CodeIgniter\View\View->CodeIgniter\View\{closure}()
 4 SYSTEMPATH\Common.php(1184): CodeIgniter\View\View->render('admin/inventario/categorias', [], true)
 5 APPPATH\Controllers\Admin.php(141): view('admin/inventario/categorias', [...])
 6 SYSTEMPATH\CodeIgniter.php(934): App\Controllers\Admin->categorias()
 7 SYSTEMPATH\CodeIgniter.php(499): CodeIgniter\CodeIgniter->runController(Object(App\Controllers\Admin))
 8 SYSTEMPATH\CodeIgniter.php(368): CodeIgniter\CodeIgniter->handleRequest(null, Object(Config\Cache), false)
 9 FCPATH\index.php(67): CodeIgniter\CodeIgniter->run()
CRITICAL - 2023-07-15 05:31:17 --> Undefined variable $allSubCategorias
in APPPATH\Views\admin\inventario\categorias.php on line 259.
 1 APPPATH\Views\admin\inventario\categorias.php(259): CodeIgniter\Debug\Exceptions->errorHandler(2, 'Undefined variable $allSubCategorias', 'APPPATH\\Views\\admin\\inventario\\categorias.php', 259)
 2 SYSTEMPATH\View\View.php(213): include('APPPATH\\Views\\admin\\inventario\\categorias.php')
 3 SYSTEMPATH\View\View.php(216): CodeIgniter\View\View->CodeIgniter\View\{closure}()
 4 SYSTEMPATH\Common.php(1184): CodeIgniter\View\View->render('admin/inventario/categorias', [], true)
 5 APPPATH\Controllers\Admin.php(141): view('admin/inventario/categorias', [...])
 6 SYSTEMPATH\CodeIgniter.php(934): App\Controllers\Admin->categorias()
 7 SYSTEMPATH\CodeIgniter.php(499): CodeIgniter\CodeIgniter->runController(Object(App\Controllers\Admin))
 8 SYSTEMPATH\CodeIgniter.php(368): CodeIgniter\CodeIgniter->handleRequest(null, Object(Config\Cache), false)
 9 FCPATH\index.php(67): CodeIgniter\CodeIgniter->run()
CRITICAL - 2023-07-15 05:31:31 --> Undefined variable $allSubCategorias
in APPPATH\Views\admin\inventario\categorias.php on line 259.
 1 APPPATH\Views\admin\inventario\categorias.php(259): CodeIgniter\Debug\Exceptions->errorHandler(2, 'Undefined variable $allSubCategorias', 'APPPATH\\Views\\admin\\inventario\\categorias.php', 259)
 2 SYSTEMPATH\View\View.php(213): include('APPPATH\\Views\\admin\\inventario\\categorias.php')
 3 SYSTEMPATH\View\View.php(216): CodeIgniter\View\View->CodeIgniter\View\{closure}()
 4 SYSTEMPATH\Common.php(1184): CodeIgniter\View\View->render('admin/inventario/categorias', [], true)
 5 APPPATH\Controllers\Admin.php(139): view('admin/inventario/categorias', [...])
 6 SYSTEMPATH\CodeIgniter.php(934): App\Controllers\Admin->categorias()
 7 SYSTEMPATH\CodeIgniter.php(499): CodeIgniter\CodeIgniter->runController(Object(App\Controllers\Admin))
 8 SYSTEMPATH\CodeIgniter.php(368): CodeIgniter\CodeIgniter->handleRequest(null, Object(Config\Cache), false)
 9 FCPATH\index.php(67): CodeIgniter\CodeIgniter->run()
CRITICAL - 2023-07-15 05:31:51 --> Undefined variable $allSubcategorias
in APPPATH\Views\admin\inventario\categorias.php on line 257.
 1 APPPATH\Views\admin\inventario\categorias.php(257): CodeIgniter\Debug\Exceptions->errorHandler(2, 'Undefined variable $allSubcategorias', 'APPPATH\\Views\\admin\\inventario\\categorias.php', 257)
 2 SYSTEMPATH\View\View.php(213): include('APPPATH\\Views\\admin\\inventario\\categorias.php')
 3 SYSTEMPATH\View\View.php(216): CodeIgniter\View\View->CodeIgniter\View\{closure}()
 4 SYSTEMPATH\Common.php(1184): CodeIgniter\View\View->render('admin/inventario/categorias', [], true)
 5 APPPATH\Controllers\Admin.php(139): view('admin/inventario/categorias', [...])
 6 SYSTEMPATH\CodeIgniter.php(934): App\Controllers\Admin->categorias()
 7 SYSTEMPATH\CodeIgniter.php(499): CodeIgniter\CodeIgniter->runController(Object(App\Controllers\Admin))
 8 SYSTEMPATH\CodeIgniter.php(368): CodeIgniter\CodeIgniter->handleRequest(null, Object(Config\Cache), false)
 9 FCPATH\index.php(67): CodeIgniter\CodeIgniter->run()
